INFO - 2024-04-20 01:13:10 --> Session: Class initialized using 'CodeIgniter\Session\Handlers\FileHandler' driver.
INFO - 2024-04-20 01:13:15 --> Session: Class initialized using 'CodeIgniter\Session\Handlers\FileHandler' driver.
INFO - 2024-04-20 01:13:15 --> Session: Class initialized using 'CodeIgniter\Session\Handlers\FileHandler' driver.
INFO - 2024-04-20 01:13:18 --> Session: Class initialized using 'CodeIgniter\Session\Handlers\FileHandler' driver.
INFO - 2024-04-20 01:13:26 --> Session: Class initialized using 'CodeIgniter\Session\Handlers\FileHandler' driver.
INFO - 2024-04-20 01:13:27 --> Session: Class initialized using 'CodeIgniter\Session\Handlers\FileHandler' driver.
INFO - 2024-04-20 01:14:06 --> Session: Class initialized using 'CodeIgniter\Session\Handlers\FileHandler' driver.
INFO - 2024-04-20 01:14:08 --> Session: Class initialized using 'CodeIgniter\Session\Handlers\FileHandler' driver.
INFO - 2024-04-20 01:22:58 --> Session: Class initialized using 'CodeIgniter\Session\Handlers\FileHandler' driver.
INFO - 2024-04-20 01:23:02 --> Session: Class initialized using 'CodeIgniter\Session\Handlers\FileHandler' driver.
INFO - 2024-04-20 01:23:31 --> Session: Class initialized using 'CodeIgniter\Session\Handlers\FileHandler' driver.
INFO - 2024-04-20 01:23:33 --> Session: Class initialized using 'CodeIgniter\Session\Handlers\FileHandler' driver.
CRITICAL - 2024-04-20 01:23:36 --> Undefined variable $danhmuc
in APPPATH\Views\Admin\Submenu.php on line 79.
 1 APPPATH\Views\Admin\Submenu.php(79): CodeIgniter\Debug\Exceptions->errorHandler(2, 'Undefined variable $danhmuc', 'C:\\Users\\ADMIN\\Desktop\\dakdrinh\\app\\Views\\Admin\\Submenu.php', 79)
 2 SYSTEMPATH\View\View.php(228): include('C:\\Users\\ADMIN\\Desktop\\dakdrinh\\app\\Views\\Admin\\Submenu.php')
 3 SYSTEMPATH\View\View.php(231): CodeIgniter\View\View->CodeIgniter\View\{closure}()
 4 SYSTEMPATH\Common.php(1190): CodeIgniter\View\View->render('Admin/Submenu', [], true)
 5 APPPATH\Controllers\Admin\CSubmenu.php(15): view('Admin/Submenu', [...])
 6 SYSTEMPATH\CodeIgniter.php(942): App\Controllers\Admin\CSubmenu->index('1')
 7 SYSTEMPATH\CodeIgniter.php(502): CodeIgniter\CodeIgniter->runController(Object(App\Controllers\Admin\CSubmenu))
 8 SYSTEMPATH\CodeIgniter.php(361): CodeIgniter\CodeIgniter->handleRequest(null, Object(Config\Cache), false)
 9 FCPATH\index.php(79): CodeIgniter\CodeIgniter->run()
10 SYSTEMPATH\Commands\Server\rewrite.php(47): require_once('C:\\Users\\ADMIN\\Desktop\\dakdrinh\\public\\index.php')
INFO - 2024-04-20 01:24:20 --> Session: Class initialized using 'CodeIgniter\Session\Handlers\FileHandler' driver.
INFO - 2024-04-20 01:24:22 --> Session: Class initialized using 'CodeIgniter\Session\Handlers\FileHandler' driver.
INFO - 2024-04-20 01:24:27 --> Session: Class initialized using 'CodeIgniter\Session\Handlers\FileHandler' driver.
INFO - 2024-04-20 01:24:28 --> Session: Class initialized using 'CodeIgniter\Session\Handlers\FileHandler' driver.
INFO - 2024-04-20 01:24:34 --> Session: Class initialized using 'CodeIgniter\Session\Handlers\FileHandler' driver.
INFO - 2024-04-20 01:24:35 --> Session: Class initialized using 'CodeIgniter\Session\Handlers\FileHandler' driver.
INFO - 2024-04-20 01:59:45 --> Session: Class initialized using 'CodeIgniter\Session\Handlers\FileHandler' driver.
INFO - 2024-04-20 01:59:47 --> Session: Class initialized using 'CodeIgniter\Session\Handlers\FileHandler' driver.
INFO - 2024-04-20 01:59:48 --> Session: Class initialized using 'CodeIgniter\Session\Handlers\FileHandler' driver.
INFO - 2024-04-20 01:59:50 --> Session: Class initialized using 'CodeIgniter\Session\Handlers\FileHandler' driver.
INFO - 2024-04-20 01:59:51 --> Session: Class initialized using 'CodeIgniter\Session\Handlers\FileHandler' driver.
INFO - 2024-04-20 01:59:56 --> Session: Class initialized using 'CodeIgniter\Session\Handlers\FileHandler' driver.
INFO - 2024-04-20 02:00:19 --> Session: Class initialized using 'CodeIgniter\Session\Handlers\FileHandler' driver.
INFO - 2024-04-20 02:00:21 --> Session: Class initialized using 'CodeIgniter\Session\Handlers\FileHandler' driver.
INFO - 2024-04-20 02:00:28 --> Session: Class initialized using 'CodeIgniter\Session\Handlers\FileHandler' driver.
INFO - 2024-04-20 02:00:30 --> Session: Class initialized using 'CodeIgniter\Session\Handlers\FileHandler' driver.
INFO - 2024-04-20 02:04:45 --> Session: Class initialized using 'CodeIgniter\Session\Handlers\FileHandler' driver.
INFO - 2024-04-20 02:04:47 --> Session: Class initialized using 'CodeIgniter\Session\Handlers\FileHandler' driver.
INFO - 2024-04-20 02:12:10 --> Session: Class initialized using 'CodeIgniter\Session\Handlers\FileHandler' driver.
INFO - 2024-04-20 02:12:14 --> Session: Class initialized using 'CodeIgniter\Session\Handlers\FileHandler' driver.
INFO - 2024-04-20 02:18:35 --> Session: Class initialized using 'CodeIgniter\Session\Handlers\FileHandler' driver.
INFO - 2024-04-20 02:18:38 --> Session: Class initialized using 'CodeIgniter\Session\Handlers\FileHandler' driver.
INFO - 2024-04-20 02:18:42 --> Session: Class initialized using 'CodeIgniter\Session\Handlers\FileHandler' driver.
INFO - 2024-04-20 02:18:44 --> Session: Class initialized using 'CodeIgniter\Session\Handlers\FileHandler' driver.
INFO - 2024-04-20 02:18:47 --> Session: Class initialized using 'CodeIgniter\Session\Handlers\FileHandler' driver.
INFO - 2024-04-20 02:18:49 --> Session: Class initialized using 'CodeIgniter\Session\Handlers\FileHandler' driver.
INFO - 2024-04-20 02:29:12 --> Session: Class initialized using 'CodeIgniter\Session\Handlers\FileHandler' driver.
INFO - 2024-04-20 02:29:14 --> Session: Class initialized using 'CodeIgniter\Session\Handlers\FileHandler' driver.
INFO - 2024-04-20 02:29:15 --> Session: Class initialized using 'CodeIgniter\Session\Handlers\FileHandler' driver.
INFO - 2024-04-20 02:29:17 --> Session: Class initialized using 'CodeIgniter\Session\Handlers\FileHandler' driver.
INFO - 2024-04-20 02:32:12 --> Session: Class initialized using 'CodeIgniter\Session\Handlers\FileHandler' driver.
INFO - 2024-04-20 02:32:14 --> Session: Class initialized using 'CodeIgniter\Session\Handlers\FileHandler' driver.
INFO - 2024-04-20 02:34:35 --> Session: Class initialized using 'CodeIgniter\Session\Handlers\FileHandler' driver.
INFO - 2024-04-20 02:34:40 --> Session: Class initialized using 'CodeIgniter\Session\Handlers\FileHandler' driver.
INFO - 2024-04-20 02:40:35 --> Session: Class initialized using 'CodeIgniter\Session\Handlers\FileHandler' driver.
INFO - 2024-04-20 02:40:37 --> Session: Class initialized using 'CodeIgniter\Session\Handlers\FileHandler' driver.
INFO - 2024-04-20 02:46:35 --> Session: Class initialized using 'CodeIgniter\Session\Handlers\FileHandler' driver.
INFO - 2024-04-20 02:46:37 --> Session: Class initialized using 'CodeIgniter\Session\Handlers\FileHandler' driver.
INFO - 2024-04-20 02:46:51 --> Session: Class initialized using 'CodeIgniter\Session\Handlers\FileHandler' driver.
INFO - 2024-04-20 02:46:52 --> Session: Class initialized using 'CodeIgniter\Session\Handlers\FileHandler' driver.
INFO - 2024-04-20 02:49:44 --> Session: Class initialized using 'CodeIgniter\Session\Handlers\FileHandler' driver.
INFO - 2024-04-20 02:49:45 --> Session: Class initialized using 'CodeIgniter\Session\Handlers\FileHandler' driver.
INFO - 2024-04-20 02:57:02 --> Session: Class initialized using 'CodeIgniter\Session\Handlers\FileHandler' driver.
INFO - 2024-04-20 02:57:03 --> Session: Class initialized using 'CodeIgniter\Session\Handlers\FileHandler' driver.
INFO - 2024-04-20 06:58:13 --> Session: Class initialized using 'CodeIgniter\Session\Handlers\FileHandler' driver.
INFO - 2024-04-20 06:58:13 --> Session: Class initialized using 'CodeIgniter\Session\Handlers\FileHandler' driver.
INFO - 2024-04-20 06:58:20 --> Session: Class initialized using 'CodeIgniter\Session\Handlers\FileHandler' driver.
INFO - 2024-04-20 06:58:21 --> Session: Class initialized using 'CodeIgniter\Session\Handlers\FileHandler' driver.
INFO - 2024-04-20 06:58:24 --> Session: Class initialized using 'CodeIgniter\Session\Handlers\FileHandler' driver.
INFO - 2024-04-20 06:58:26 --> Session: Class initialized using 'CodeIgniter\Session\Handlers\FileHandler' driver.
INFO - 2024-04-20 06:58:27 --> Session: Class initialized using 'CodeIgniter\Session\Handlers\FileHandler' driver.
INFO - 2024-04-20 07:44:30 --> Session: Class initialized using 'CodeIgniter\Session\Handlers\FileHandler' driver.
INFO - 2024-04-20 07:44:34 --> Session: Class initialized using 'CodeIgniter\Session\Handlers\FileHandler' driver.
CRITICAL - 2024-04-20 07:44:34 --> Object of class App\Controllers\Admin\CDangTin could not be converted to string
in APPPATH\Controllers\Admin\CDangTin.php on line 110.
 1 SYSTEMPATH\CodeIgniter.php(942): App\Controllers\Admin\CDangTin->getMenu()
 2 SYSTEMPATH\CodeIgniter.php(502): CodeIgniter\CodeIgniter->runController(Object(App\Controllers\Admin\CDangTin))
 3 SYSTEMPATH\CodeIgniter.php(361): CodeIgniter\CodeIgniter->handleRequest(null, Object(Config\Cache), false)
 4 FCPATH\index.php(79): CodeIgniter\CodeIgniter->run()
 5 SYSTEMPATH\Commands\Server\rewrite.php(47): require_once('C:\\Users\\ADMIN\\Desktop\\dakdrinh\\public\\index.php')
CRITICAL - 2024-04-20 07:44:37 --> Object of class App\Controllers\Admin\CDangTin could not be converted to string
in APPPATH\Controllers\Admin\CDangTin.php on line 110.
 1 SYSTEMPATH\CodeIgniter.php(942): App\Controllers\Admin\CDangTin->getMenu()
 2 SYSTEMPATH\CodeIgniter.php(502): CodeIgniter\CodeIgniter->runController(Object(App\Controllers\Admin\CDangTin))
 3 SYSTEMPATH\CodeIgniter.php(361): CodeIgniter\CodeIgniter->handleRequest(null, Object(Config\Cache), false)
 4 FCPATH\index.php(79): CodeIgniter\CodeIgniter->run()
 5 SYSTEMPATH\Commands\Server\rewrite.php(47): require_once('C:\\Users\\ADMIN\\Desktop\\dakdrinh\\public\\index.php')
INFO - 2024-04-20 07:44:39 --> Session: Class initialized using 'CodeIgniter\Session\Handlers\FileHandler' driver.
INFO - 2024-04-20 07:44:40 --> Session: Class initialized using 'CodeIgniter\Session\Handlers\FileHandler' driver.
CRITICAL - 2024-04-20 07:44:40 --> Object of class App\Controllers\Admin\CDangTin could not be converted to string
in APPPATH\Controllers\Admin\CDangTin.php on line 110.
 1 SYSTEMPATH\CodeIgniter.php(942): App\Controllers\Admin\CDangTin->getMenu()
 2 SYSTEMPATH\CodeIgniter.php(502): CodeIgniter\CodeIgniter->runController(Object(App\Controllers\Admin\CDangTin))
 3 SYSTEMPATH\CodeIgniter.php(361): CodeIgniter\CodeIgniter->handleRequest(null, Object(Config\Cache), false)
 4 FCPATH\index.php(79): CodeIgniter\CodeIgniter->run()
 5 SYSTEMPATH\Commands\Server\rewrite.php(47): require_once('C:\\Users\\ADMIN\\Desktop\\dakdrinh\\public\\index.php')
INFO - 2024-04-20 07:45:31 --> Session: Class initialized using 'CodeIgniter\Session\Handlers\FileHandler' driver.
INFO - 2024-04-20 07:45:32 --> Session: Class initialized using 'CodeIgniter\Session\Handlers\FileHandler' driver.
CRITICAL - 2024-04-20 07:45:33 --> Object of class App\Controllers\Admin\CDangTin could not be converted to string
in APPPATH\Controllers\Admin\CDangTin.php on line 110.
 1 SYSTEMPATH\CodeIgniter.php(942): App\Controllers\Admin\CDangTin->getMenu()
 2 SYSTEMPATH\CodeIgniter.php(502): CodeIgniter\CodeIgniter->runController(Object(App\Controllers\Admin\CDangTin))
 3 SYSTEMPATH\CodeIgniter.php(361): CodeIgniter\CodeIgniter->handleRequest(null, Object(Config\Cache), false)
 4 FCPATH\index.php(79): CodeIgniter\CodeIgniter->run()
 5 SYSTEMPATH\Commands\Server\rewrite.php(47): require_once('C:\\Users\\ADMIN\\Desktop\\dakdrinh\\public\\index.php')
INFO - 2024-04-20 07:46:46 --> Session: Class initialized using 'CodeIgniter\Session\Handlers\FileHandler' driver.
INFO - 2024-04-20 07:46:48 --> Session: Class initialized using 'CodeIgniter\Session\Handlers\FileHandler' driver.
INFO - 2024-04-20 07:47:31 --> Session: Class initialized using 'CodeIgniter\Session\Handlers\FileHandler' driver.
INFO - 2024-04-20 07:47:33 --> Session: Class initialized using 'CodeIgniter\Session\Handlers\FileHandler' driver.
INFO - 2024-04-20 07:50:43 --> Session: Class initialized using 'CodeIgniter\Session\Handlers\FileHandler' driver.
INFO - 2024-04-20 07:50:45 --> Session: Class initialized using 'CodeIgniter\Session\Handlers\FileHandler' driver.
INFO - 2024-04-20 07:52:46 --> Session: Class initialized using 'CodeIgniter\Session\Handlers\FileHandler' driver.
INFO - 2024-04-20 07:52:50 --> Session: Class initialized using 'CodeIgniter\Session\Handlers\FileHandler' driver.
INFO - 2024-04-20 07:52:54 --> Session: Class initialized using 'CodeIgniter\Session\Handlers\FileHandler' driver.
INFO - 2024-04-20 07:52:55 --> Session: Class initialized using 'CodeIgniter\Session\Handlers\FileHandler' driver.
INFO - 2024-04-20 07:55:30 --> Session: Class initialized using 'CodeIgniter\Session\Handlers\FileHandler' driver.
INFO - 2024-04-20 07:55:32 --> Session: Class initialized using 'CodeIgniter\Session\Handlers\FileHandler' driver.
INFO - 2024-04-20 07:55:55 --> Session: Class initialized using 'CodeIgniter\Session\Handlers\FileHandler' driver.
INFO - 2024-04-20 07:55:57 --> Session: Class initialized using 'CodeIgniter\Session\Handlers\FileHandler' driver.
INFO - 2024-04-20 08:01:57 --> Session: Class initialized using 'CodeIgniter\Session\Handlers\FileHandler' driver.
INFO - 2024-04-20 08:02:00 --> Session: Class initialized using 'CodeIgniter\Session\Handlers\FileHandler' driver.
INFO - 2024-04-20 08:02:35 --> Session: Class initialized using 'CodeIgniter\Session\Handlers\FileHandler' driver.
INFO - 2024-04-20 08:02:42 --> Session: Class initialized using 'CodeIgniter\Session\Handlers\FileHandler' driver.
ERROR - 2024-04-20 08:03:02 --> mysqli_sql_exception: Unknown column 'created_at' in 'field list' in C:\Users\ADMIN\Desktop\dakdrinh\system\Database\MySQLi\Connection.php:306
Stack trace:
#0 C:\Users\ADMIN\Desktop\dakdrinh\system\Database\MySQLi\Connection.php(306): mysqli->query('INSERT INTO `tb...', 0)
#1 C:\Users\ADMIN\Desktop\dakdrinh\system\Database\BaseConnection.php(693): CodeIgniter\Database\MySQLi\Connection->execute('INSERT INTO `tb...')
#2 C:\Users\ADMIN\Desktop\dakdrinh\system\Database\BaseConnection.php(607): CodeIgniter\Database\BaseConnection->simpleQuery('INSERT INTO `tb...')
#3 C:\Users\ADMIN\Desktop\dakdrinh\system\Database\BaseBuilder.php(2308): CodeIgniter\Database\BaseConnection->query('INSERT INTO `tb...', Array, false)
#4 C:\Users\ADMIN\Desktop\dakdrinh\system\Model.php(319): CodeIgniter\Database\BaseBuilder->insert()
#5 C:\Users\ADMIN\Desktop\dakdrinh\system\BaseModel.php(788): CodeIgniter\Model->doInsert(Array)
#6 C:\Users\ADMIN\Desktop\dakdrinh\system\Model.php(715): CodeIgniter\BaseModel->insert(Array, true)
#7 C:\Users\ADMIN\Desktop\dakdrinh\app\Models\Mdanhmuc.php(79): CodeIgniter\Model->insert(Array)
#8 C:\Users\ADMIN\Desktop\dakdrinh\app\Controllers\Admin\CSubmenu.php(32): App\Models\Mdanhmuc->addDanhmuc(Array)
#9 C:\Users\ADMIN\Desktop\dakdrinh\system\CodeIgniter.php(942): App\Controllers\Admin\CSubmenu->AddDanhMuc()
#10 C:\Users\ADMIN\Desktop\dakdrinh\system\CodeIgniter.php(502): CodeIgniter\CodeIgniter->runController(Object(App\Controllers\Admin\CSubmenu))
#11 C:\Users\ADMIN\Desktop\dakdrinh\system\CodeIgniter.php(361): CodeIgniter\CodeIgniter->handleRequest(NULL, Object(Config\Cache), false)
#12 C:\Users\ADMIN\Desktop\dakdrinh\public\index.php(79): CodeIgniter\CodeIgniter->run()
#13 C:\Users\ADMIN\Desktop\dakdrinh\system\Commands\Server\rewrite.php(47): require_once('C:\\Users\\ADMIN\\...')
#14 {main}
CRITICAL - 2024-04-20 08:03:02 --> Unknown column 'created_at' in 'field list'
in SYSTEMPATH\Database\BaseConnection.php on line 647.
 1 SYSTEMPATH\Database\BaseBuilder.php(2308): CodeIgniter\Database\BaseConnection->query('INSERT INTO `tbdanhmuc` (`idmenu`, `tendanhmuc`, `created_at`, `updated_at`) VALUES (:idmenu:, :tendanhmuc:, :created_at:, :updated_at:)', [...], false)
 2 SYSTEMPATH\Model.php(319): CodeIgniter\Database\BaseBuilder->insert()
 3 SYSTEMPATH\BaseModel.php(788): CodeIgniter\Model->doInsert([...])
 4 SYSTEMPATH\Model.php(715): CodeIgniter\BaseModel->insert([...], true)
 5 APPPATH\Models\Mdanhmuc.php(79): CodeIgniter\Model->insert([...])
 6 APPPATH\Controllers\Admin\CSubmenu.php(32): App\Models\Mdanhmuc->addDanhmuc([...])
 7 SYSTEMPATH\CodeIgniter.php(942): App\Controllers\Admin\CSubmenu->AddDanhMuc()
 8 SYSTEMPATH\CodeIgniter.php(502): CodeIgniter\CodeIgniter->runController(Object(App\Controllers\Admin\CSubmenu))
 9 SYSTEMPATH\CodeIgniter.php(361): CodeIgniter\CodeIgniter->handleRequest(null, Object(Config\Cache), false)
10 FCPATH\index.php(79): CodeIgniter\CodeIgniter->run()
11 SYSTEMPATH\Commands\Server\rewrite.php(47): require_once('C:\\Users\\ADMIN\\Desktop\\dakdrinh\\public\\index.php')
INFO - 2024-04-20 08:04:07 --> Session: Class initialized using 'CodeIgniter\Session\Handlers\FileHandler' driver.
INFO - 2024-04-20 08:04:10 --> Session: Class initialized using 'CodeIgniter\Session\Handlers\FileHandler' driver.
ERROR - 2024-04-20 08:04:20 --> mysqli_sql_exception: Unknown column 'created_at' in 'field list' in C:\Users\ADMIN\Desktop\dakdrinh\system\Database\MySQLi\Connection.php:306
Stack trace:
#0 C:\Users\ADMIN\Desktop\dakdrinh\system\Database\MySQLi\Connection.php(306): mysqli->query('INSERT INTO `tb...', 0)
#1 C:\Users\ADMIN\Desktop\dakdrinh\system\Database\BaseConnection.php(693): CodeIgniter\Database\MySQLi\Connection->execute('INSERT INTO `tb...')
#2 C:\Users\ADMIN\Desktop\dakdrinh\system\Database\BaseConnection.php(607): CodeIgniter\Database\BaseConnection->simpleQuery('INSERT INTO `tb...')
#3 C:\Users\ADMIN\Desktop\dakdrinh\system\Database\BaseBuilder.php(2308): CodeIgniter\Database\BaseConnection->query('INSERT INTO `tb...', Array, false)
#4 C:\Users\ADMIN\Desktop\dakdrinh\system\Model.php(319): CodeIgniter\Database\BaseBuilder->insert()
#5 C:\Users\ADMIN\Desktop\dakdrinh\system\BaseModel.php(788): CodeIgniter\Model->doInsert(Array)
#6 C:\Users\ADMIN\Desktop\dakdrinh\system\Model.php(715): CodeIgniter\BaseModel->insert(Array, true)
#7 C:\Users\ADMIN\Desktop\dakdrinh\app\Models\Mdanhmuc.php(79): CodeIgniter\Model->insert(Array)
#8 C:\Users\ADMIN\Desktop\dakdrinh\app\Controllers\Admin\CSubmenu.php(32): App\Models\Mdanhmuc->addDanhmuc(Array)
#9 C:\Users\ADMIN\Desktop\dakdrinh\system\CodeIgniter.php(942): App\Controllers\Admin\CSubmenu->AddDanhMuc()
#10 C:\Users\ADMIN\Desktop\dakdrinh\system\CodeIgniter.php(502): CodeIgniter\CodeIgniter->runController(Object(App\Controllers\Admin\CSubmenu))
#11 C:\Users\ADMIN\Desktop\dakdrinh\system\CodeIgniter.php(361): CodeIgniter\CodeIgniter->handleRequest(NULL, Object(Config\Cache), false)
#12 C:\Users\ADMIN\Desktop\dakdrinh\public\index.php(79): CodeIgniter\CodeIgniter->run()
#13 C:\Users\ADMIN\Desktop\dakdrinh\system\Commands\Server\rewrite.php(47): require_once('C:\\Users\\ADMIN\\...')
#14 {main}
CRITICAL - 2024-04-20 08:04:20 --> Unknown column 'created_at' in 'field list'
in SYSTEMPATH\Database\BaseConnection.php on line 647.
 1 SYSTEMPATH\Database\BaseBuilder.php(2308): CodeIgniter\Database\BaseConnection->query('INSERT INTO `tbdanhmuc` (`idmenu`, `tendanhmuc`, `created_at`, `updated_at`) VALUES (:idmenu:, :tendanhmuc:, :created_at:, :updated_at:)', [...], false)
 2 SYSTEMPATH\Model.php(319): CodeIgniter\Database\BaseBuilder->insert()
 3 SYSTEMPATH\BaseModel.php(788): CodeIgniter\Model->doInsert([...])
 4 SYSTEMPATH\Model.php(715): CodeIgniter\BaseModel->insert([...], true)
 5 APPPATH\Models\Mdanhmuc.php(79): CodeIgniter\Model->insert([...])
 6 APPPATH\Controllers\Admin\CSubmenu.php(32): App\Models\Mdanhmuc->addDanhmuc([...])
 7 SYSTEMPATH\CodeIgniter.php(942): App\Controllers\Admin\CSubmenu->AddDanhMuc()
 8 SYSTEMPATH\CodeIgniter.php(502): CodeIgniter\CodeIgniter->runController(Object(App\Controllers\Admin\CSubmenu))
 9 SYSTEMPATH\CodeIgniter.php(361): CodeIgniter\CodeIgniter->handleRequest(null, Object(Config\Cache), false)
10 FCPATH\index.php(79): CodeIgniter\CodeIgniter->run()
11 SYSTEMPATH\Commands\Server\rewrite.php(47): require_once('C:\\Users\\ADMIN\\Desktop\\dakdrinh\\public\\index.php')
INFO - 2024-04-20 08:06:52 --> Session: Class initialized using 'CodeIgniter\Session\Handlers\FileHandler' driver.
INFO - 2024-04-20 08:06:55 --> Session: Class initialized using 'CodeIgniter\Session\Handlers\FileHandler' driver.
INFO - 2024-04-20 08:07:10 --> Session: Class initialized using 'CodeIgniter\Session\Handlers\FileHandler' driver.
INFO - 2024-04-20 08:07:17 --> Session: Class initialized using 'CodeIgniter\Session\Handlers\FileHandler' driver.
INFO - 2024-04-20 08:11:06 --> Session: Class initialized using 'CodeIgniter\Session\Handlers\FileHandler' driver.
INFO - 2024-04-20 08:11:08 --> Session: Class initialized using 'CodeIgniter\Session\Handlers\FileHandler' driver.
INFO - 2024-04-20 08:11:13 --> Session: Class initialized using 'CodeIgniter\Session\Handlers\FileHandler' driver.
INFO - 2024-04-20 08:11:14 --> Session: Class initialized using 'CodeIgniter\Session\Handlers\FileHandler' driver.
INFO - 2024-04-20 08:11:25 --> Session: Class initialized using 'CodeIgniter\Session\Handlers\FileHandler' driver.
INFO - 2024-04-20 08:11:31 --> Session: Class initialized using 'CodeIgniter\Session\Handlers\FileHandler' driver.
INFO - 2024-04-20 08:12:51 --> Session: Class initialized using 'CodeIgniter\Session\Handlers\FileHandler' driver.
INFO - 2024-04-20 08:12:52 --> Session: Class initialized using 'CodeIgniter\Session\Handlers\FileHandler' driver.
INFO - 2024-04-20 08:13:06 --> Session: Class initialized using 'CodeIgniter\Session\Handlers\FileHandler' driver.
INFO - 2024-04-20 08:13:07 --> Session: Class initialized using 'CodeIgniter\Session\Handlers\FileHandler' driver.
INFO - 2024-04-20 08:14:07 --> Session: Class initialized using 'CodeIgniter\Session\Handlers\FileHandler' driver.
INFO - 2024-04-20 08:14:10 --> Session: Class initialized using 'CodeIgniter\Session\Handlers\FileHandler' driver.
INFO - 2024-04-20 08:19:24 --> Session: Class initialized using 'CodeIgniter\Session\Handlers\FileHandler' driver.
INFO - 2024-04-20 08:19:26 --> Session: Class initialized using 'CodeIgniter\Session\Handlers\FileHandler' driver.
INFO - 2024-04-20 08:20:06 --> Session: Class initialized using 'CodeIgniter\Session\Handlers\FileHandler' driver.
INFO - 2024-04-20 08:20:09 --> Session: Class initialized using 'CodeIgniter\Session\Handlers\FileHandler' driver.
INFO - 2024-04-20 08:20:57 --> Session: Class initialized using 'CodeIgniter\Session\Handlers\FileHandler' driver.
INFO - 2024-04-20 08:21:04 --> Session: Class initialized using 'CodeIgniter\Session\Handlers\FileHandler' driver.
INFO - 2024-04-20 08:21:17 --> Session: Class initialized using 'CodeIgniter\Session\Handlers\FileHandler' driver.
INFO - 2024-04-20 08:21:22 --> Session: Class initialized using 'CodeIgniter\Session\Handlers\FileHandler' driver.
INFO - 2024-04-20 08:22:16 --> Session: Class initialized using 'CodeIgniter\Session\Handlers\FileHandler' driver.
INFO - 2024-04-20 08:22:19 --> Session: Class initialized using 'CodeIgniter\Session\Handlers\FileHandler' driver.
INFO - 2024-04-20 08:22:31 --> Session: Class initialized using 'CodeIgniter\Session\Handlers\FileHandler' driver.
INFO - 2024-04-20 08:22:37 --> Session: Class initialized using 'CodeIgniter\Session\Handlers\FileHandler' driver.
INFO - 2024-04-20 08:23:35 --> Session: Class initialized using 'CodeIgniter\Session\Handlers\FileHandler' driver.
INFO - 2024-04-20 08:23:38 --> Session: Class initialized using 'CodeIgniter\Session\Handlers\FileHandler' driver.
INFO - 2024-04-20 08:24:04 --> Session: Class initialized using 'CodeIgniter\Session\Handlers\FileHandler' driver.
INFO - 2024-04-20 08:24:10 --> Session: Class initialized using 'CodeIgniter\Session\Handlers\FileHandler' driver.
INFO - 2024-04-20 08:24:46 --> Session: Class initialized using 'CodeIgniter\Session\Handlers\FileHandler' driver.
INFO - 2024-04-20 08:24:50 --> Session: Class initialized using 'CodeIgniter\Session\Handlers\FileHandler' driver.
INFO - 2024-04-20 08:25:16 --> Session: Class initialized using 'CodeIgniter\Session\Handlers\FileHandler' driver.
INFO - 2024-04-20 08:25:18 --> Session: Class initialized using 'CodeIgniter\Session\Handlers\FileHandler' driver.
INFO - 2024-04-20 08:26:06 --> Session: Class initialized using 'CodeIgniter\Session\Handlers\FileHandler' driver.
INFO - 2024-04-20 08:26:08 --> Session: Class initialized using 'CodeIgniter\Session\Handlers\FileHandler' driver.
INFO - 2024-04-20 08:26:57 --> Session: Class initialized using 'CodeIgniter\Session\Handlers\FileHandler' driver.
INFO - 2024-04-20 08:27:05 --> Session: Class initialized using 'CodeIgniter\Session\Handlers\FileHandler' driver.
CRITICAL - 2024-04-20 08:27:09 --> Cannot access offset of type string on string
in APPPATH\Models\Mdanhmuc.php on line 50.
 1 APPPATH\Controllers\Admin\CSubmenu.php(27): App\Models\Mdanhmuc->generateIdDanhmuc('1')
 2 SYSTEMPATH\CodeIgniter.php(942): App\Controllers\Admin\CSubmenu->AddDanhMuc()
 3 SYSTEMPATH\CodeIgniter.php(502): CodeIgniter\CodeIgniter->runController(Object(App\Controllers\Admin\CSubmenu))
 4 SYSTEMPATH\CodeIgniter.php(361): CodeIgniter\CodeIgniter->handleRequest(null, Object(Config\Cache), false)
 5 FCPATH\index.php(79): CodeIgniter\CodeIgniter->run()
 6 SYSTEMPATH\Commands\Server\rewrite.php(47): require_once('C:\\Users\\ADMIN\\Desktop\\dakdrinh\\public\\index.php')
INFO - 2024-04-20 08:27:46 --> Session: Class initialized using 'CodeIgniter\Session\Handlers\FileHandler' driver.
INFO - 2024-04-20 08:27:49 --> Session: Class initialized using 'CodeIgniter\Session\Handlers\FileHandler' driver.
INFO - 2024-04-20 08:28:09 --> Session: Class initialized using 'CodeIgniter\Session\Handlers\FileHandler' driver.
INFO - 2024-04-20 08:28:17 --> Session: Class initialized using 'CodeIgniter\Session\Handlers\FileHandler' driver.
INFO - 2024-04-20 08:29:55 --> Session: Class initialized using 'CodeIgniter\Session\Handlers\FileHandler' driver.
INFO - 2024-04-20 08:30:00 --> Session: Class initialized using 'CodeIgniter\Session\Handlers\FileHandler' driver.
INFO - 2024-04-20 08:30:44 --> Session: Class initialized using 'CodeIgniter\Session\Handlers\FileHandler' driver.
INFO - 2024-04-20 08:30:46 --> Session: Class initialized using 'CodeIgniter\Session\Handlers\FileHandler' driver.
INFO - 2024-04-20 08:31:14 --> Session: Class initialized using 'CodeIgniter\Session\Handlers\FileHandler' driver.
INFO - 2024-04-20 08:31:20 --> Session: Class initialized using 'CodeIgniter\Session\Handlers\FileHandler' driver.
INFO - 2024-04-20 08:32:45 --> Session: Class initialized using 'CodeIgniter\Session\Handlers\FileHandler' driver.
INFO - 2024-04-20 08:32:48 --> Session: Class initialized using 'CodeIgniter\Session\Handlers\FileHandler' driver.
INFO - 2024-04-20 08:33:11 --> Session: Class initialized using 'CodeIgniter\Session\Handlers\FileHandler' driver.
INFO - 2024-04-20 08:33:13 --> Session: Class initialized using 'CodeIgniter\Session\Handlers\FileHandler' driver.
INFO - 2024-04-20 08:33:40 --> Session: Class initialized using 'CodeIgniter\Session\Handlers\FileHandler' driver.
INFO - 2024-04-20 08:33:42 --> Session: Class initialized using 'CodeIgniter\Session\Handlers\FileHandler' driver.
INFO - 2024-04-20 08:34:43 --> Session: Class initialized using 'CodeIgniter\Session\Handlers\FileHandler' driver.
INFO - 2024-04-20 08:34:46 --> Session: Class initialized using 'CodeIgniter\Session\Handlers\FileHandler' driver.
INFO - 2024-04-20 08:34:50 --> Session: Class initialized using 'CodeIgniter\Session\Handlers\FileHandler' driver.
INFO - 2024-04-20 08:34:51 --> Session: Class initialized using 'CodeIgniter\Session\Handlers\FileHandler' driver.
INFO - 2024-04-20 08:35:09 --> Session: Class initialized using 'CodeIgniter\Session\Handlers\FileHandler' driver.
INFO - 2024-04-20 08:35:13 --> Session: Class initialized using 'CodeIgniter\Session\Handlers\FileHandler' driver.
INFO - 2024-04-20 08:35:32 --> Session: Class initialized using 'CodeIgniter\Session\Handlers\FileHandler' driver.
INFO - 2024-04-20 08:35:33 --> Session: Class initialized using 'CodeIgniter\Session\Handlers\FileHandler' driver.
INFO - 2024-04-20 08:35:53 --> Session: Class initialized using 'CodeIgniter\Session\Handlers\FileHandler' driver.
INFO - 2024-04-20 08:35:54 --> Session: Class initialized using 'CodeIgniter\Session\Handlers\FileHandler' driver.
INFO - 2024-04-20 08:36:08 --> Session: Class initialized using 'CodeIgniter\Session\Handlers\FileHandler' driver.
INFO - 2024-04-20 08:36:09 --> Session: Class initialized using 'CodeIgniter\Session\Handlers\FileHandler' driver.
INFO - 2024-04-20 08:37:05 --> Session: Class initialized using 'CodeIgniter\Session\Handlers\FileHandler' driver.
INFO - 2024-04-20 08:37:07 --> Session: Class initialized using 'CodeIgniter\Session\Handlers\FileHandler' driver.
INFO - 2024-04-20 08:38:45 --> Session: Class initialized using 'CodeIgniter\Session\Handlers\FileHandler' driver.
INFO - 2024-04-20 08:38:47 --> Session: Class initialized using 'CodeIgniter\Session\Handlers\FileHandler' driver.
INFO - 2024-04-20 08:40:04 --> Session: Class initialized using 'CodeIgniter\Session\Handlers\FileHandler' driver.
INFO - 2024-04-20 08:40:06 --> Session: Class initialized using 'CodeIgniter\Session\Handlers\FileHandler' driver.
INFO - 2024-04-20 08:42:54 --> Session: Class initialized using 'CodeIgniter\Session\Handlers\FileHandler' driver.
INFO - 2024-04-20 08:42:59 --> Session: Class initialized using 'CodeIgniter\Session\Handlers\FileHandler' driver.
INFO - 2024-04-20 08:43:49 --> Session: Class initialized using 'CodeIgniter\Session\Handlers\FileHandler' driver.
INFO - 2024-04-20 08:43:52 --> Session: Class initialized using 'CodeIgniter\Session\Handlers\FileHandler' driver.
INFO - 2024-04-20 08:44:51 --> Session: Class initialized using 'CodeIgniter\Session\Handlers\FileHandler' driver.
INFO - 2024-04-20 08:44:54 --> Session: Class initialized using 'CodeIgniter\Session\Handlers\FileHandler' driver.
INFO - 2024-04-20 08:52:34 --> Session: Class initialized using 'CodeIgniter\Session\Handlers\FileHandler' driver.
INFO - 2024-04-20 08:52:37 --> Session: Class initialized using 'CodeIgniter\Session\Handlers\FileHandler' driver.
INFO - 2024-04-20 08:54:00 --> Session: Class initialized using 'CodeIgniter\Session\Handlers\FileHandler' driver.
INFO - 2024-04-20 08:54:02 --> Session: Class initialized using 'CodeIgniter\Session\Handlers\FileHandler' driver.
INFO - 2024-04-20 08:54:27 --> Session: Class initialized using 'CodeIgniter\Session\Handlers\FileHandler' driver.
INFO - 2024-04-20 08:54:29 --> Session: Class initialized using 'CodeIgniter\Session\Handlers\FileHandler' driver.
INFO - 2024-04-20 08:55:35 --> Session: Class initialized using 'CodeIgniter\Session\Handlers\FileHandler' driver.
INFO - 2024-04-20 08:55:38 --> Session: Class initialized using 'CodeIgniter\Session\Handlers\FileHandler' driver.
INFO - 2024-04-20 08:56:45 --> Session: Class initialized using 'CodeIgniter\Session\Handlers\FileHandler' driver.
INFO - 2024-04-20 08:56:47 --> Session: Class initialized using 'CodeIgniter\Session\Handlers\FileHandler' driver.
INFO - 2024-04-20 08:57:46 --> Session: Class initialized using 'CodeIgniter\Session\Handlers\FileHandler' driver.
INFO - 2024-04-20 08:57:47 --> Session: Class initialized using 'CodeIgniter\Session\Handlers\FileHandler' driver.
INFO - 2024-04-20 08:58:28 --> Session: Class initialized using 'CodeIgniter\Session\Handlers\FileHandler' driver.
INFO - 2024-04-20 08:58:31 --> Session: Class initialized using 'CodeIgniter\Session\Handlers\FileHandler' driver.
INFO - 2024-04-20 09:01:22 --> Session: Class initialized using 'CodeIgniter\Session\Handlers\FileHandler' driver.
INFO - 2024-04-20 09:01:25 --> Session: Class initialized using 'CodeIgniter\Session\Handlers\FileHandler' driver.
ERROR - 2024-04-20 09:01:27 --> mysqli_sql_exception: Duplicate entry '0' for key 'PRIMARY' in C:\Users\ADMIN\Desktop\dakdrinh\system\Database\MySQLi\Connection.php:306
Stack trace:
#0 C:\Users\ADMIN\Desktop\dakdrinh\system\Database\MySQLi\Connection.php(306): mysqli->query('INSERT INTO `tb...', 0)
#1 C:\Users\ADMIN\Desktop\dakdrinh\system\Database\BaseConnection.php(693): CodeIgniter\Database\MySQLi\Connection->execute('INSERT INTO `tb...')
#2 C:\Users\ADMIN\Desktop\dakdrinh\system\Database\BaseConnection.php(607): CodeIgniter\Database\BaseConnection->simpleQuery('INSERT INTO `tb...')
#3 C:\Users\ADMIN\Desktop\dakdrinh\system\Database\BaseBuilder.php(2308): CodeIgniter\Database\BaseConnection->query('INSERT INTO `tb...', Array, false)
#4 C:\Users\ADMIN\Desktop\dakdrinh\system\Model.php(319): CodeIgniter\Database\BaseBuilder->insert()
#5 C:\Users\ADMIN\Desktop\dakdrinh\system\BaseModel.php(788): CodeIgniter\Model->doInsert(Array)
#6 C:\Users\ADMIN\Desktop\dakdrinh\system\Model.php(715): CodeIgniter\BaseModel->insert(Array, true)
#7 C:\Users\ADMIN\Desktop\dakdrinh\app\Models\Mdanhmuc.php(78): CodeIgniter\Model->insert(Array)
#8 C:\Users\ADMIN\Desktop\dakdrinh\app\Controllers\Admin\CSubmenu.php(35): App\Models\Mdanhmuc->addDanhmuc(Array)
#9 C:\Users\ADMIN\Desktop\dakdrinh\system\CodeIgniter.php(942): App\Controllers\Admin\CSubmenu->AddDanhMuc()
#10 C:\Users\ADMIN\Desktop\dakdrinh\system\CodeIgniter.php(502): CodeIgniter\CodeIgniter->runController(Object(App\Controllers\Admin\CSubmenu))
#11 C:\Users\ADMIN\Desktop\dakdrinh\system\CodeIgniter.php(361): CodeIgniter\CodeIgniter->handleRequest(NULL, Object(Config\Cache), false)
#12 C:\Users\ADMIN\Desktop\dakdrinh\public\index.php(79): CodeIgniter\CodeIgniter->run()
#13 C:\Users\ADMIN\Desktop\dakdrinh\system\Commands\Server\rewrite.php(47): require_once('C:\\Users\\ADMIN\\...')
#14 {main}
CRITICAL - 2024-04-20 09:01:27 --> Duplicate entry '0' for key 'PRIMARY'
in SYSTEMPATH\Database\BaseConnection.php on line 647.
 1 SYSTEMPATH\Database\BaseBuilder.php(2308): CodeIgniter\Database\BaseConnection->query('INSERT INTO `tbdanhmuc` (`idmenu`) VALUES (:idmenu:)', [...], false)
 2 SYSTEMPATH\Model.php(319): CodeIgniter\Database\BaseBuilder->insert()
 3 SYSTEMPATH\BaseModel.php(788): CodeIgniter\Model->doInsert([...])
 4 SYSTEMPATH\Model.php(715): CodeIgniter\BaseModel->insert([...], true)
 5 APPPATH\Models\Mdanhmuc.php(78): CodeIgniter\Model->insert([...])
 6 APPPATH\Controllers\Admin\CSubmenu.php(35): App\Models\Mdanhmuc->addDanhmuc([...])
 7 SYSTEMPATH\CodeIgniter.php(942): App\Controllers\Admin\CSubmenu->AddDanhMuc()
 8 SYSTEMPATH\CodeIgniter.php(502): CodeIgniter\CodeIgniter->runController(Object(App\Controllers\Admin\CSubmenu))
 9 SYSTEMPATH\CodeIgniter.php(361): CodeIgniter\CodeIgniter->handleRequest(null, Object(Config\Cache), false)
10 FCPATH\index.php(79): CodeIgniter\CodeIgniter->run()
11 SYSTEMPATH\Commands\Server\rewrite.php(47): require_once('C:\\Users\\ADMIN\\Desktop\\dakdrinh\\public\\index.php')
INFO - 2024-04-20 09:02:08 --> Session: Class initialized using 'CodeIgniter\Session\Handlers\FileHandler' driver.
INFO - 2024-04-20 09:02:11 --> Session: Class initialized using 'CodeIgniter\Session\Handlers\FileHandler' driver.
INFO - 2024-04-20 09:04:45 --> Session: Class initialized using 'CodeIgniter\Session\Handlers\FileHandler' driver.
INFO - 2024-04-20 09:04:47 --> Session: Class initialized using 'CodeIgniter\Session\Handlers\FileHandler' driver.
ERROR - 2024-04-20 09:04:50 --> mysqli_sql_exception: Duplicate entry '0' for key 'PRIMARY' in C:\Users\ADMIN\Desktop\dakdrinh\system\Database\MySQLi\Connection.php:306
Stack trace:
#0 C:\Users\ADMIN\Desktop\dakdrinh\system\Database\MySQLi\Connection.php(306): mysqli->query('INSERT INTO `tb...', 0)
#1 C:\Users\ADMIN\Desktop\dakdrinh\system\Database\BaseConnection.php(693): CodeIgniter\Database\MySQLi\Connection->execute('INSERT INTO `tb...')
#2 C:\Users\ADMIN\Desktop\dakdrinh\system\Database\BaseConnection.php(607): CodeIgniter\Database\BaseConnection->simpleQuery('INSERT INTO `tb...')
#3 C:\Users\ADMIN\Desktop\dakdrinh\system\Database\BaseBuilder.php(2308): CodeIgniter\Database\BaseConnection->query('INSERT INTO `tb...', Array, false)
#4 C:\Users\ADMIN\Desktop\dakdrinh\system\Model.php(319): CodeIgniter\Database\BaseBuilder->insert()
#5 C:\Users\ADMIN\Desktop\dakdrinh\system\BaseModel.php(788): CodeIgniter\Model->doInsert(Array)
#6 C:\Users\ADMIN\Desktop\dakdrinh\system\Model.php(715): CodeIgniter\BaseModel->insert(Array, true)
#7 C:\Users\ADMIN\Desktop\dakdrinh\app\Models\Mdanhmuc.php(78): CodeIgniter\Model->insert(Array)
#8 C:\Users\ADMIN\Desktop\dakdrinh\app\Controllers\Admin\CSubmenu.php(37): App\Models\Mdanhmuc->addDanhmuc(Array)
#9 C:\Users\ADMIN\Desktop\dakdrinh\system\CodeIgniter.php(942): App\Controllers\Admin\CSubmenu->AddDanhMuc()
#10 C:\Users\ADMIN\Desktop\dakdrinh\system\CodeIgniter.php(502): CodeIgniter\CodeIgniter->runController(Object(App\Controllers\Admin\CSubmenu))
#11 C:\Users\ADMIN\Desktop\dakdrinh\system\CodeIgniter.php(361): CodeIgniter\CodeIgniter->handleRequest(NULL, Object(Config\Cache), false)
#12 C:\Users\ADMIN\Desktop\dakdrinh\public\index.php(79): CodeIgniter\CodeIgniter->run()
#13 C:\Users\ADMIN\Desktop\dakdrinh\system\Commands\Server\rewrite.php(47): require_once('C:\\Users\\ADMIN\\...')
#14 {main}
CRITICAL - 2024-04-20 09:04:50 --> Duplicate entry '0' for key 'PRIMARY'
in SYSTEMPATH\Database\BaseConnection.php on line 647.
 1 SYSTEMPATH\Database\BaseBuilder.php(2308): CodeIgniter\Database\BaseConnection->query('INSERT INTO `tbdanhmuc` (`idmenu`) VALUES (:idmenu:)', [...], false)
 2 SYSTEMPATH\Model.php(319): CodeIgniter\Database\BaseBuilder->insert()
 3 SYSTEMPATH\BaseModel.php(788): CodeIgniter\Model->doInsert([...])
 4 SYSTEMPATH\Model.php(715): CodeIgniter\BaseModel->insert([...], true)
 5 APPPATH\Models\Mdanhmuc.php(78): CodeIgniter\Model->insert([...])
 6 APPPATH\Controllers\Admin\CSubmenu.php(37): App\Models\Mdanhmuc->addDanhmuc([...])
 7 SYSTEMPATH\CodeIgniter.php(942): App\Controllers\Admin\CSubmenu->AddDanhMuc()
 8 SYSTEMPATH\CodeIgniter.php(502): CodeIgniter\CodeIgniter->runController(Object(App\Controllers\Admin\CSubmenu))
 9 SYSTEMPATH\CodeIgniter.php(361): CodeIgniter\CodeIgniter->handleRequest(null, Object(Config\Cache), false)
10 FCPATH\index.php(79): CodeIgniter\CodeIgniter->run()
11 SYSTEMPATH\Commands\Server\rewrite.php(47): require_once('C:\\Users\\ADMIN\\Desktop\\dakdrinh\\public\\index.php')
INFO - 2024-04-20 09:16:33 --> Session: Class initialized using 'CodeIgniter\Session\Handlers\FileHandler' driver.
INFO - 2024-04-20 09:16:36 --> Session: Class initialized using 'CodeIgniter\Session\Handlers\FileHandler' driver.
ERROR - 2024-04-20 09:16:43 --> mysqli_sql_exception: You have an error in your SQL syntax; check the manual that corresponds to your MariaDB server version for the right syntax to use near ':iddanhmuc, :tendanhmuc, :ghichu,:idmenu)' at line 1 in C:\Users\ADMIN\Desktop\dakdrinh\system\Database\MySQLi\Connection.php:306
Stack trace:
#0 C:\Users\ADMIN\Desktop\dakdrinh\system\Database\MySQLi\Connection.php(306): mysqli->query('INSERT INTO tbd...', 0)
#1 C:\Users\ADMIN\Desktop\dakdrinh\system\Database\BaseConnection.php(693): CodeIgniter\Database\MySQLi\Connection->execute('INSERT INTO tbd...')
#2 C:\Users\ADMIN\Desktop\dakdrinh\system\Database\BaseConnection.php(607): CodeIgniter\Database\BaseConnection->simpleQuery('INSERT INTO tbd...')
#3 C:\Users\ADMIN\Desktop\dakdrinh\app\Models\Mdanhmuc.php(79): CodeIgniter\Database\BaseConnection->query('INSERT INTO tbd...', Array)
#4 C:\Users\ADMIN\Desktop\dakdrinh\app\Controllers\Admin\CSubmenu.php(36): App\Models\Mdanhmuc->addDanhmuc(Array)
#5 C:\Users\ADMIN\Desktop\dakdrinh\system\CodeIgniter.php(942): App\Controllers\Admin\CSubmenu->AddDanhMuc()
#6 C:\Users\ADMIN\Desktop\dakdrinh\system\CodeIgniter.php(502): CodeIgniter\CodeIgniter->runController(Object(App\Controllers\Admin\CSubmenu))
#7 C:\Users\ADMIN\Desktop\dakdrinh\system\CodeIgniter.php(361): CodeIgniter\CodeIgniter->handleRequest(NULL, Object(Config\Cache), false)
#8 C:\Users\ADMIN\Desktop\dakdrinh\public\index.php(79): CodeIgniter\CodeIgniter->run()
#9 C:\Users\ADMIN\Desktop\dakdrinh\system\Commands\Server\rewrite.php(47): require_once('C:\\Users\\ADMIN\\...')
#10 {main}
CRITICAL - 2024-04-20 09:16:43 --> You have an error in your SQL syntax; check the manual that corresponds to your MariaDB server version for the right syntax to use near ':iddanhmuc, :tendanhmuc, :ghichu,:idmenu)' at line 1
in SYSTEMPATH\Database\BaseConnection.php on line 647.
 1 APPPATH\Models\Mdanhmuc.php(79): CodeIgniter\Database\BaseConnection->query('INSERT INTO tbdanhmuc (iddanhmuc, tendanhmuc, ghichu,idmenu) VALUES (:iddanhmuc, :tendanhmuc, :ghichu,:idmenu)', [...])
 2 APPPATH\Controllers\Admin\CSubmenu.php(36): App\Models\Mdanhmuc->addDanhmuc([...])
 3 SYSTEMPATH\CodeIgniter.php(942): App\Controllers\Admin\CSubmenu->AddDanhMuc()
 4 SYSTEMPATH\CodeIgniter.php(502): CodeIgniter\CodeIgniter->runController(Object(App\Controllers\Admin\CSubmenu))
 5 SYSTEMPATH\CodeIgniter.php(361): CodeIgniter\CodeIgniter->handleRequest(null, Object(Config\Cache), false)
 6 FCPATH\index.php(79): CodeIgniter\CodeIgniter->run()
 7 SYSTEMPATH\Commands\Server\rewrite.php(47): require_once('C:\\Users\\ADMIN\\Desktop\\dakdrinh\\public\\index.php')
INFO - 2024-04-20 09:17:47 --> Session: Class initialized using 'CodeIgniter\Session\Handlers\FileHandler' driver.
INFO - 2024-04-20 09:17:52 --> Session: Class initialized using 'CodeIgniter\Session\Handlers\FileHandler' driver.
ERROR - 2024-04-20 09:17:57 --> mysqli_sql_exception: You have an error in your SQL syntax; check the manual that corresponds to your MariaDB server version for the right syntax to use near ':iddanhmuc, :tendanhmuc, :ghichu,:idmenu)' at line 1 in C:\Users\ADMIN\Desktop\dakdrinh\system\Database\MySQLi\Connection.php:306
Stack trace:
#0 C:\Users\ADMIN\Desktop\dakdrinh\system\Database\MySQLi\Connection.php(306): mysqli->query('INSERT INTO tbd...', 0)
#1 C:\Users\ADMIN\Desktop\dakdrinh\system\Database\BaseConnection.php(693): CodeIgniter\Database\MySQLi\Connection->execute('INSERT INTO tbd...')
#2 C:\Users\ADMIN\Desktop\dakdrinh\system\Database\BaseConnection.php(607): CodeIgniter\Database\BaseConnection->simpleQuery('INSERT INTO tbd...')
#3 C:\Users\ADMIN\Desktop\dakdrinh\app\Models\Mdanhmuc.php(79): CodeIgniter\Database\BaseConnection->query('INSERT INTO tbd...', Array)
#4 C:\Users\ADMIN\Desktop\dakdrinh\app\Controllers\Admin\CSubmenu.php(36): App\Models\Mdanhmuc->addDanhmuc(Array)
#5 C:\Users\ADMIN\Desktop\dakdrinh\system\CodeIgniter.php(942): App\Controllers\Admin\CSubmenu->AddDanhMuc()
#6 C:\Users\ADMIN\Desktop\dakdrinh\system\CodeIgniter.php(502): CodeIgniter\CodeIgniter->runController(Object(App\Controllers\Admin\CSubmenu))
#7 C:\Users\ADMIN\Desktop\dakdrinh\system\CodeIgniter.php(361): CodeIgniter\CodeIgniter->handleRequest(NULL, Object(Config\Cache), false)
#8 C:\Users\ADMIN\Desktop\dakdrinh\public\index.php(79): CodeIgniter\CodeIgniter->run()
#9 C:\Users\ADMIN\Desktop\dakdrinh\system\Commands\Server\rewrite.php(47): require_once('C:\\Users\\ADMIN\\...')
#10 {main}
CRITICAL - 2024-04-20 09:17:57 --> You have an error in your SQL syntax; check the manual that corresponds to your MariaDB server version for the right syntax to use near ':iddanhmuc, :tendanhmuc, :ghichu,:idmenu)' at line 1
in SYSTEMPATH\Database\BaseConnection.php on line 647.
 1 APPPATH\Models\Mdanhmuc.php(79): CodeIgniter\Database\BaseConnection->query('INSERT INTO tbdanhmuc (iddanhmuc, tendanhmuc, ghichu,idmenu) VALUES (:iddanhmuc, :tendanhmuc, :ghichu,:idmenu)', [...])
 2 APPPATH\Controllers\Admin\CSubmenu.php(36): App\Models\Mdanhmuc->addDanhmuc([...])
 3 SYSTEMPATH\CodeIgniter.php(942): App\Controllers\Admin\CSubmenu->AddDanhMuc()
 4 SYSTEMPATH\CodeIgniter.php(502): CodeIgniter\CodeIgniter->runController(Object(App\Controllers\Admin\CSubmenu))
 5 SYSTEMPATH\CodeIgniter.php(361): CodeIgniter\CodeIgniter->handleRequest(null, Object(Config\Cache), false)
 6 FCPATH\index.php(79): CodeIgniter\CodeIgniter->run()
 7 SYSTEMPATH\Commands\Server\rewrite.php(47): require_once('C:\\Users\\ADMIN\\Desktop\\dakdrinh\\public\\index.php')
ERROR - 2024-04-20 09:30:11 --> mysqli_sql_exception: Unknown column 'idmenu' in 'where clause' in C:\Users\ADMIN\Desktop\dakdrinh\system\Database\MySQLi\Connection.php:306
Stack trace:
#0 C:\Users\ADMIN\Desktop\dakdrinh\system\Database\MySQLi\Connection.php(306): mysqli->query('SELECT *\nFROM `...', 0)
#1 C:\Users\ADMIN\Desktop\dakdrinh\system\Database\BaseConnection.php(693): CodeIgniter\Database\MySQLi\Connection->execute('SELECT *\nFROM `...')
#2 C:\Users\ADMIN\Desktop\dakdrinh\system\Database\BaseConnection.php(607): CodeIgniter\Database\BaseConnection->simpleQuery('SELECT *\nFROM `...')
#3 C:\Users\ADMIN\Desktop\dakdrinh\system\Database\BaseBuilder.php(1615): CodeIgniter\Database\BaseConnection->query('SELECT *\nFROM `...', Array, false)
#4 C:\Users\ADMIN\Desktop\dakdrinh\system\Model.php(237): CodeIgniter\Database\BaseBuilder->get()
#5 C:\Users\ADMIN\Desktop\dakdrinh\system\BaseModel.php(624): CodeIgniter\Model->doFindAll(0, 0)
#6 C:\Users\ADMIN\Desktop\dakdrinh\app\Models\Mbaiviet.php(34): CodeIgniter\BaseModel->findAll()
#7 C:\Users\ADMIN\Desktop\dakdrinh\app\Controllers\Client\CHome.php(20): App\Models\Mbaiviet->getbaivietByMenu(2)
#8 C:\Users\ADMIN\Desktop\dakdrinh\system\CodeIgniter.php(942): App\Controllers\Client\CHome->index()
#9 C:\Users\ADMIN\Desktop\dakdrinh\system\CodeIgniter.php(502): CodeIgniter\CodeIgniter->runController(Object(App\Controllers\Client\CHome))
#10 C:\Users\ADMIN\Desktop\dakdrinh\system\CodeIgniter.php(361): CodeIgniter\CodeIgniter->handleRequest(NULL, Object(Config\Cache), false)
#11 C:\Users\ADMIN\Desktop\dakdrinh\public\index.php(79): CodeIgniter\CodeIgniter->run()
#12 C:\Users\ADMIN\Desktop\dakdrinh\system\Commands\Server\rewrite.php(47): require_once('C:\\Users\\ADMIN\\...')
#13 {main}
CRITICAL - 2024-04-20 09:30:11 --> Unknown column 'idmenu' in 'where clause'
in SYSTEMPATH\Database\BaseConnection.php on line 647.
 1 SYSTEMPATH\Database\BaseBuilder.php(1615): CodeIgniter\Database\BaseConnection->query('SELECT *
FROM `tbbaiviet`
WHERE `idmenu` = :idmenu:
ORDER BY `idbaiviet` DESC', [...], false)
 2 SYSTEMPATH\Model.php(237): CodeIgniter\Database\BaseBuilder->get()
 3 SYSTEMPATH\BaseModel.php(624): CodeIgniter\Model->doFindAll(0, 0)
 4 APPPATH\Models\Mbaiviet.php(34): CodeIgniter\BaseModel->findAll()
 5 APPPATH\Controllers\Client\CHome.php(20): App\Models\Mbaiviet->getbaivietByMenu(2)
 6 SYSTEMPATH\CodeIgniter.php(942): App\Controllers\Client\CHome->index()
 7 SYSTEMPATH\CodeIgniter.php(502): CodeIgniter\CodeIgniter->runController(Object(App\Controllers\Client\CHome))
 8 SYSTEMPATH\CodeIgniter.php(361): CodeIgniter\CodeIgniter->handleRequest(null, Object(Config\Cache), false)
 9 FCPATH\index.php(79): CodeIgniter\CodeIgniter->run()
10 SYSTEMPATH\Commands\Server\rewrite.php(47): require_once('C:\\Users\\ADMIN\\Desktop\\dakdrinh\\public\\index.php')
ERROR - 2024-04-20 09:32:11 --> mysqli_sql_exception: Unknown column 'idmenu' in 'where clause' in C:\Users\ADMIN\Desktop\dakdrinh\system\Database\MySQLi\Connection.php:306
Stack trace:
#0 C:\Users\ADMIN\Desktop\dakdrinh\system\Database\MySQLi\Connection.php(306): mysqli->query('SELECT *\nFROM `...', 0)
#1 C:\Users\ADMIN\Desktop\dakdrinh\system\Database\BaseConnection.php(693): CodeIgniter\Database\MySQLi\Connection->execute('SELECT *\nFROM `...')
#2 C:\Users\ADMIN\Desktop\dakdrinh\system\Database\BaseConnection.php(607): CodeIgniter\Database\BaseConnection->simpleQuery('SELECT *\nFROM `...')
#3 C:\Users\ADMIN\Desktop\dakdrinh\system\Database\BaseBuilder.php(1615): CodeIgniter\Database\BaseConnection->query('SELECT *\nFROM `...', Array, false)
#4 C:\Users\ADMIN\Desktop\dakdrinh\system\Model.php(237): CodeIgniter\Database\BaseBuilder->get()
#5 C:\Users\ADMIN\Desktop\dakdrinh\system\BaseModel.php(624): CodeIgniter\Model->doFindAll(0, 0)
#6 C:\Users\ADMIN\Desktop\dakdrinh\app\Models\Mbaiviet.php(34): CodeIgniter\BaseModel->findAll()
#7 C:\Users\ADMIN\Desktop\dakdrinh\app\Controllers\Client\CHome.php(20): App\Models\Mbaiviet->getbaivietByMenu(2)
#8 C:\Users\ADMIN\Desktop\dakdrinh\system\CodeIgniter.php(942): App\Controllers\Client\CHome->index()
#9 C:\Users\ADMIN\Desktop\dakdrinh\system\CodeIgniter.php(502): CodeIgniter\CodeIgniter->runController(Object(App\Controllers\Client\CHome))
#10 C:\Users\ADMIN\Desktop\dakdrinh\system\CodeIgniter.php(361): CodeIgniter\CodeIgniter->handleRequest(NULL, Object(Config\Cache), false)
#11 C:\Users\ADMIN\Desktop\dakdrinh\public\index.php(79): CodeIgniter\CodeIgniter->run()
#12 C:\Users\ADMIN\Desktop\dakdrinh\system\Commands\Server\rewrite.php(47): require_once('C:\\Users\\ADMIN\\...')
#13 {main}
CRITICAL - 2024-04-20 09:32:11 --> Unknown column 'idmenu' in 'where clause'
in SYSTEMPATH\Database\BaseConnection.php on line 647.
 1 SYSTEMPATH\Database\BaseBuilder.php(1615): CodeIgniter\Database\BaseConnection->query('SELECT *
FROM `tbbaiviet`
WHERE `idmenu` = :idmenu:
ORDER BY `idbaiviet` DESC', [...], false)
 2 SYSTEMPATH\Model.php(237): CodeIgniter\Database\BaseBuilder->get()
 3 SYSTEMPATH\BaseModel.php(624): CodeIgniter\Model->doFindAll(0, 0)
 4 APPPATH\Models\Mbaiviet.php(34): CodeIgniter\BaseModel->findAll()
 5 APPPATH\Controllers\Client\CHome.php(20): App\Models\Mbaiviet->getbaivietByMenu(2)
 6 SYSTEMPATH\CodeIgniter.php(942): App\Controllers\Client\CHome->index()
 7 SYSTEMPATH\CodeIgniter.php(502): CodeIgniter\CodeIgniter->runController(Object(App\Controllers\Client\CHome))
 8 SYSTEMPATH\CodeIgniter.php(361): CodeIgniter\CodeIgniter->handleRequest(null, Object(Config\Cache), false)
 9 FCPATH\index.php(79): CodeIgniter\CodeIgniter->run()
10 SYSTEMPATH\Commands\Server\rewrite.php(47): require_once('C:\\Users\\ADMIN\\Desktop\\dakdrinh\\public\\index.php')
INFO - 2024-04-20 09:36:15 --> Session: Class initialized using 'CodeIgniter\Session\Handlers\FileHandler' driver.
INFO - 2024-04-20 09:36:18 --> Session: Class initialized using 'CodeIgniter\Session\Handlers\FileHandler' driver.
INFO - 2024-04-20 09:37:39 --> Session: Class initialized using 'CodeIgniter\Session\Handlers\FileHandler' driver.
INFO - 2024-04-20 09:37:42 --> Session: Class initialized using 'CodeIgniter\Session\Handlers\FileHandler' driver.
INFO - 2024-04-20 09:47:11 --> Session: Class initialized using 'CodeIgniter\Session\Handlers\FileHandler' driver.
INFO - 2024-04-20 09:47:14 --> Session: Class initialized using 'CodeIgniter\Session\Handlers\FileHandler' driver.
INFO - 2024-04-20 09:51:58 --> Session: Class initialized using 'CodeIgniter\Session\Handlers\FileHandler' driver.
INFO - 2024-04-20 09:52:01 --> Session: Class initialized using 'CodeIgniter\Session\Handlers\FileHandler' driver.
INFO - 2024-04-20 09:53:20 --> Session: Class initialized using 'CodeIgniter\Session\Handlers\FileHandler' driver.
INFO - 2024-04-20 09:53:22 --> Session: Class initialized using 'CodeIgniter\Session\Handlers\FileHandler' driver.
INFO - 2024-04-20 09:54:24 --> Session: Class initialized using 'CodeIgniter\Session\Handlers\FileHandler' driver.
INFO - 2024-04-20 09:54:27 --> Session: Class initialized using 'CodeIgniter\Session\Handlers\FileHandler' driver.
INFO - 2024-04-20 09:54:49 --> Session: Class initialized using 'CodeIgniter\Session\Handlers\FileHandler' driver.
INFO - 2024-04-20 09:54:51 --> Session: Class initialized using 'CodeIgniter\Session\Handlers\FileHandler' driver.
INFO - 2024-04-20 09:55:19 --> Session: Class initialized using 'CodeIgniter\Session\Handlers\FileHandler' driver.
INFO - 2024-04-20 09:55:27 --> Session: Class initialized using 'CodeIgniter\Session\Handlers\FileHandler' driver.
INFO - 2024-04-20 09:55:28 --> Session: Class initialized using 'CodeIgniter\Session\Handlers\FileHandler' driver.
INFO - 2024-04-20 09:58:05 --> Session: Class initialized using 'CodeIgniter\Session\Handlers\FileHandler' driver.
INFO - 2024-04-20 09:58:08 --> Session: Class initialized using 'CodeIgniter\Session\Handlers\FileHandler' driver.
INFO - 2024-04-20 10:06:17 --> Session: Class initialized using 'CodeIgniter\Session\Handlers\FileHandler' driver.
INFO - 2024-04-20 10:06:20 --> Session: Class initialized using 'CodeIgniter\Session\Handlers\FileHandler' driver.
INFO - 2024-04-20 12:30:18 --> Session: Class initialized using 'CodeIgniter\Session\Handlers\FileHandler' driver.
INFO - 2024-04-20 12:30:18 --> Session: Class initialized using 'CodeIgniter\Session\Handlers\FileHandler' driver.
INFO - 2024-04-20 12:30:27 --> Session: Class initialized using 'CodeIgniter\Session\Handlers\FileHandler' driver.
INFO - 2024-04-20 12:30:28 --> Session: Class initialized using 'CodeIgniter\Session\Handlers\FileHandler' driver.
INFO - 2024-04-20 12:30:31 --> Session: Class initialized using 'CodeIgniter\Session\Handlers\FileHandler' driver.
INFO - 2024-04-20 12:30:32 --> Session: Class initialized using 'CodeIgniter\Session\Handlers\FileHandler' driver.
INFO - 2024-04-20 12:30:33 --> Session: Class initialized using 'CodeIgniter\Session\Handlers\FileHandler' driver.
INFO - 2024-04-20 12:30:46 --> Session: Class initialized using 'CodeIgniter\Session\Handlers\FileHandler' driver.
INFO - 2024-04-20 12:30:47 --> Session: Class initialized using 'CodeIgniter\Session\Handlers\FileHandler' driver.
INFO - 2024-04-20 12:31:38 --> Session: Class initialized using 'CodeIgniter\Session\Handlers\FileHandler' driver.
INFO - 2024-04-20 12:31:45 --> Session: Class initialized using 'CodeIgniter\Session\Handlers\FileHandler' driver.
INFO - 2024-04-20 12:31:53 --> Session: Class initialized using 'CodeIgniter\Session\Handlers\FileHandler' driver.
INFO - 2024-04-20 12:31:55 --> Session: Class initialized using 'CodeIgniter\Session\Handlers\FileHandler' driver.
INFO - 2024-04-20 12:32:02 --> Session: Class initialized using 'CodeIgniter\Session\Handlers\FileHandler' driver.
INFO - 2024-04-20 12:32:06 --> Session: Class initialized using 'CodeIgniter\Session\Handlers\FileHandler' driver.
CRITICAL - 2024-04-20 12:32:21 --> Trying to access array offset on value of type null
in APPPATH\Models\Mdanhmuc.php on line 46.
 1 APPPATH\Models\Mdanhmuc.php(46): CodeIgniter\Debug\Exceptions->errorHandler(2, 'Trying to access array offset on value of type null', 'C:\\Users\\ADMIN\\Desktop\\dakdrinh\\app\\Models\\Mdanhmuc.php', 46)
 2 APPPATH\Controllers\Admin\CSubmenu.php(32): App\Models\Mdanhmuc->generateIdDanhmuc('8')
 3 SYSTEMPATH\CodeIgniter.php(942): App\Controllers\Admin\CSubmenu->AddDanhMuc()
 4 SYSTEMPATH\CodeIgniter.php(502): CodeIgniter\CodeIgniter->runController(Object(App\Controllers\Admin\CSubmenu))
 5 SYSTEMPATH\CodeIgniter.php(361): CodeIgniter\CodeIgniter->handleRequest(null, Object(Config\Cache), false)
 6 FCPATH\index.php(79): CodeIgniter\CodeIgniter->run()
 7 SYSTEMPATH\Commands\Server\rewrite.php(47): require_once('C:\\Users\\ADMIN\\Desktop\\dakdrinh\\public\\index.php')
INFO - 2024-04-20 12:34:22 --> Session: Class initialized using 'CodeIgniter\Session\Handlers\FileHandler' driver.
INFO - 2024-04-20 12:34:26 --> Session: Class initialized using 'CodeIgniter\Session\Handlers\FileHandler' driver.
CRITICAL - 2024-04-20 12:34:34 --> Trying to access array offset on value of type null
in APPPATH\Models\Mdanhmuc.php on line 46.
 1 APPPATH\Models\Mdanhmuc.php(46): CodeIgniter\Debug\Exceptions->errorHandler(2, 'Trying to access array offset on value of type null', 'C:\\Users\\ADMIN\\Desktop\\dakdrinh\\app\\Models\\Mdanhmuc.php', 46)
 2 APPPATH\Controllers\Admin\CSubmenu.php(32): App\Models\Mdanhmuc->generateIdDanhmuc('8')
 3 SYSTEMPATH\CodeIgniter.php(942): App\Controllers\Admin\CSubmenu->AddDanhMuc()
 4 SYSTEMPATH\CodeIgniter.php(502): CodeIgniter\CodeIgniter->runController(Object(App\Controllers\Admin\CSubmenu))
 5 SYSTEMPATH\CodeIgniter.php(361): CodeIgniter\CodeIgniter->handleRequest(null, Object(Config\Cache), false)
 6 FCPATH\index.php(79): CodeIgniter\CodeIgniter->run()
 7 SYSTEMPATH\Commands\Server\rewrite.php(47): require_once('C:\\Users\\ADMIN\\Desktop\\dakdrinh\\public\\index.php')
INFO - 2024-04-20 12:36:08 --> Session: Class initialized using 'CodeIgniter\Session\Handlers\FileHandler' driver.
INFO - 2024-04-20 12:36:11 --> Session: Class initialized using 'CodeIgniter\Session\Handlers\FileHandler' driver.
INFO - 2024-04-20 12:37:27 --> Session: Class initialized using 'CodeIgniter\Session\Handlers\FileHandler' driver.
INFO - 2024-04-20 12:37:30 --> Session: Class initialized using 'CodeIgniter\Session\Handlers\FileHandler' driver.
INFO - 2024-04-20 12:37:51 --> Session: Class initialized using 'CodeIgniter\Session\Handlers\FileHandler' driver.
INFO - 2024-04-20 12:37:53 --> Session: Class initialized using 'CodeIgniter\Session\Handlers\FileHandler' driver.
INFO - 2024-04-20 12:38:45 --> Session: Class initialized using 'CodeIgniter\Session\Handlers\FileHandler' driver.
INFO - 2024-04-20 12:38:48 --> Session: Class initialized using 'CodeIgniter\Session\Handlers\FileHandler' driver.
INFO - 2024-04-20 12:39:50 --> Session: Class initialized using 'CodeIgniter\Session\Handlers\FileHandler' driver.
INFO - 2024-04-20 12:39:53 --> Session: Class initialized using 'CodeIgniter\Session\Handlers\FileHandler' driver.
INFO - 2024-04-20 12:41:13 --> Session: Class initialized using 'CodeIgniter\Session\Handlers\FileHandler' driver.
INFO - 2024-04-20 12:41:16 --> Session: Class initialized using 'CodeIgniter\Session\Handlers\FileHandler' driver.
INFO - 2024-04-20 12:46:31 --> Session: Class initialized using 'CodeIgniter\Session\Handlers\FileHandler' driver.
INFO - 2024-04-20 12:46:37 --> Session: Class initialized using 'CodeIgniter\Session\Handlers\FileHandler' driver.
INFO - 2024-04-20 12:48:39 --> Session: Class initialized using 'CodeIgniter\Session\Handlers\FileHandler' driver.
INFO - 2024-04-20 12:48:42 --> Session: Class initialized using 'CodeIgniter\Session\Handlers\FileHandler' driver.
INFO - 2024-04-20 12:52:01 --> Session: Class initialized using 'CodeIgniter\Session\Handlers\FileHandler' driver.
INFO - 2024-04-20 12:52:04 --> Session: Class initialized using 'CodeIgniter\Session\Handlers\FileHandler' driver.
INFO - 2024-04-20 12:53:28 --> Session: Class initialized using 'CodeIgniter\Session\Handlers\FileHandler' driver.
INFO - 2024-04-20 12:53:29 --> Session: Class initialized using 'CodeIgniter\Session\Handlers\FileHandler' driver.
INFO - 2024-04-20 12:54:25 --> Session: Class initialized using 'CodeIgniter\Session\Handlers\FileHandler' driver.
INFO - 2024-04-20 12:54:27 --> Session: Class initialized using 'CodeIgniter\Session\Handlers\FileHandler' driver.
INFO - 2024-04-20 12:54:40 --> Session: Class initialized using 'CodeIgniter\Session\Handlers\FileHandler' driver.
INFO - 2024-04-20 12:54:41 --> Session: Class initialized using 'CodeIgniter\Session\Handlers\FileHandler' driver.
INFO - 2024-04-20 12:54:59 --> Session: Class initialized using 'CodeIgniter\Session\Handlers\FileHandler' driver.
INFO - 2024-04-20 12:55:00 --> Session: Class initialized using 'CodeIgniter\Session\Handlers\FileHandler' driver.
INFO - 2024-04-20 12:55:13 --> Session: Class initialized using 'CodeIgniter\Session\Handlers\FileHandler' driver.
INFO - 2024-04-20 12:55:15 --> Session: Class initialized using 'CodeIgniter\Session\Handlers\FileHandler' driver.
INFO - 2024-04-20 12:55:18 --> Session: Class initialized using 'CodeIgniter\Session\Handlers\FileHandler' driver.
INFO - 2024-04-20 12:55:19 --> Session: Class initialized using 'CodeIgniter\Session\Handlers\FileHandler' driver.
INFO - 2024-04-20 13:14:01 --> Session: Class initialized using 'CodeIgniter\Session\Handlers\FileHandler' driver.
INFO - 2024-04-20 13:14:04 --> Session: Class initialized using 'CodeIgniter\Session\Handlers\FileHandler' driver.
