CRITICAL - 2024-02-24 15:12:19 --> whereIn() expects $values to be of type array or closure
in SYSTEMPATH\Database\BaseBuilder.php on line 939.
 1 SYSTEMPATH\Database\BaseBuilder.php(826): CodeIgniter\Database\BaseBuilder->_whereIn('iddanhmuc', 401, false, 'AND ', null)
 2 SYSTEMPATH\Model.php(871): CodeIgniter\Database\BaseBuilder->whereIn('iddanhmuc', 401)
 3 APPPATH\Models\Mbaiviet.php(44): CodeIgniter\Model->__call('whereIn', [...])
 4 APPPATH\Controllers\Client\ThongBao\CThongBaoDauThau.php(17): App\Models\Mbaiviet->getBaivietByDanhMucsPagianted(401, 1, 4)
 5 SYSTEMPATH\CodeIgniter.php(942): App\Controllers\Client\ThongBao\CThongBaoDauThau->index()
 6 SYSTEMPATH\CodeIgniter.php(502): CodeIgniter\CodeIgniter->runController(Object(App\Controllers\Client\ThongBao\CThongBaoDauThau))
 7 SYSTEMPATH\CodeIgniter.php(361): CodeIgniter\CodeIgniter->handleRequest(null, Object(Config\Cache), false)
 8 FCPATH\index.php(79): CodeIgniter\CodeIgniter->run()
 9 SYSTEMPATH\Commands\Server\rewrite.php(47): require_once('C:\\Users\\ADMIN\\Desktop\\dakdrinh\\public\\index.php')
CRITICAL - 2024-02-24 15:12:54 --> whereIn() expects $values to be of type array or closure
in SYSTEMPATH\Database\BaseBuilder.php on line 939.
 1 SYSTEMPATH\Database\BaseBuilder.php(826): CodeIgniter\Database\BaseBuilder->_whereIn('iddanhmuc', 401, false, 'AND ', null)
 2 SYSTEMPATH\Model.php(871): CodeIgniter\Database\BaseBuilder->whereIn('iddanhmuc', 401)
 3 APPPATH\Models\Mbaiviet.php(44): CodeIgniter\Model->__call('whereIn', [...])
 4 APPPATH\Controllers\Client\ThongBao\CThongBaoDauThau.php(17): App\Models\Mbaiviet->getBaivietByDanhMucsPagianted(401, 1, 4)
 5 SYSTEMPATH\CodeIgniter.php(942): App\Controllers\Client\ThongBao\CThongBaoDauThau->index()
 6 SYSTEMPATH\CodeIgniter.php(502): CodeIgniter\CodeIgniter->runController(Object(App\Controllers\Client\ThongBao\CThongBaoDauThau))
 7 SYSTEMPATH\CodeIgniter.php(361): CodeIgniter\CodeIgniter->handleRequest(null, Object(Config\Cache), false)
 8 FCPATH\index.php(79): CodeIgniter\CodeIgniter->run()
 9 SYSTEMPATH\Commands\Server\rewrite.php(47): require_once('C:\\Users\\ADMIN\\Desktop\\dakdrinh\\public\\index.php')
CRITICAL - 2024-02-24 15:16:31 --> whereIn() expects $values to be of type array or closure
in SYSTEMPATH\Database\BaseBuilder.php on line 939.
 1 SYSTEMPATH\Database\BaseBuilder.php(826): CodeIgniter\Database\BaseBuilder->_whereIn('iddanhmuc', 401, false, 'AND ', null)
 2 SYSTEMPATH\Model.php(871): CodeIgniter\Database\BaseBuilder->whereIn('iddanhmuc', 401)
 3 APPPATH\Models\Mbaiviet.php(44): CodeIgniter\Model->__call('whereIn', [...])
 4 APPPATH\Controllers\Client\ThongBao\CThongBaoDauThau.php(17): App\Models\Mbaiviet->getBaivietByDanhMucsPagianted(401, 1, 4)
 5 SYSTEMPATH\CodeIgniter.php(942): App\Controllers\Client\ThongBao\CThongBaoDauThau->index()
 6 SYSTEMPATH\CodeIgniter.php(502): CodeIgniter\CodeIgniter->runController(Object(App\Controllers\Client\ThongBao\CThongBaoDauThau))
 7 SYSTEMPATH\CodeIgniter.php(361): CodeIgniter\CodeIgniter->handleRequest(null, Object(Config\Cache), false)
 8 FCPATH\index.php(79): CodeIgniter\CodeIgniter->run()
 9 SYSTEMPATH\Commands\Server\rewrite.php(47): require_once('C:\\Users\\ADMIN\\Desktop\\dakdrinh\\public\\index.php')
CRITICAL - 2024-02-24 15:17:36 --> whereIn() expects $values to be of type array or closure
in SYSTEMPATH\Database\BaseBuilder.php on line 939.
 1 SYSTEMPATH\Database\BaseBuilder.php(826): CodeIgniter\Database\BaseBuilder->_whereIn('iddanhmuc', 401, false, 'AND ', null)
 2 SYSTEMPATH\Model.php(871): CodeIgniter\Database\BaseBuilder->whereIn('iddanhmuc', 401)
 3 APPPATH\Models\Mbaiviet.php(44): CodeIgniter\Model->__call('whereIn', [...])
 4 APPPATH\Controllers\Client\ThongBao\CThongBaoDauThau.php(17): App\Models\Mbaiviet->getBaivietByDanhMucsPagianted(401, 1, 4)
 5 SYSTEMPATH\CodeIgniter.php(942): App\Controllers\Client\ThongBao\CThongBaoDauThau->index()
 6 SYSTEMPATH\CodeIgniter.php(502): CodeIgniter\CodeIgniter->runController(Object(App\Controllers\Client\ThongBao\CThongBaoDauThau))
 7 SYSTEMPATH\CodeIgniter.php(361): CodeIgniter\CodeIgniter->handleRequest(null, Object(Config\Cache), false)
 8 FCPATH\index.php(79): CodeIgniter\CodeIgniter->run()
 9 SYSTEMPATH\Commands\Server\rewrite.php(47): require_once('C:\\Users\\ADMIN\\Desktop\\dakdrinh\\public\\index.php')
CRITICAL - 2024-02-24 15:18:02 --> whereIn() expects $values to be of type array or closure
in SYSTEMPATH\Database\BaseBuilder.php on line 939.
 1 SYSTEMPATH\Database\BaseBuilder.php(826): CodeIgniter\Database\BaseBuilder->_whereIn('iddanhmuc', 401, false, 'AND ', null)
 2 SYSTEMPATH\Model.php(871): CodeIgniter\Database\BaseBuilder->whereIn('iddanhmuc', 401)
 3 APPPATH\Models\Mbaiviet.php(44): CodeIgniter\Model->__call('whereIn', [...])
 4 APPPATH\Controllers\Client\ThongBao\CThongBaoDauThau.php(17): App\Models\Mbaiviet->getBaivietByDanhMucsPagianted(401, 1, 4)
 5 SYSTEMPATH\CodeIgniter.php(942): App\Controllers\Client\ThongBao\CThongBaoDauThau->index()
 6 SYSTEMPATH\CodeIgniter.php(502): CodeIgniter\CodeIgniter->runController(Object(App\Controllers\Client\ThongBao\CThongBaoDauThau))
 7 SYSTEMPATH\CodeIgniter.php(361): CodeIgniter\CodeIgniter->handleRequest(null, Object(Config\Cache), false)
 8 FCPATH\index.php(79): CodeIgniter\CodeIgniter->run()
 9 SYSTEMPATH\Commands\Server\rewrite.php(47): require_once('C:\\Users\\ADMIN\\Desktop\\dakdrinh\\public\\index.php')
CRITICAL - 2024-02-24 15:19:20 --> Undefined variable $data
in APPPATH\Views\Client\TinTucSuKien\HoatDongCongDong.php on line 3.
 1 APPPATH\Views\Client\TinTucSuKien\HoatDongCongDong.php(3): CodeIgniter\Debug\Exceptions->errorHandler(2, 'Undefined variable $data', 'C:\\Users\\ADMIN\\Desktop\\dakdrinh\\app\\Views\\Client\\TinTucSuKien\\HoatDongCongDong.php', 3)
 2 SYSTEMPATH\View\View.php(228): include('C:\\Users\\ADMIN\\Desktop\\dakdrinh\\app\\Views\\Client\\TinTucSuKien\\HoatDongCongDong.php')
 3 SYSTEMPATH\View\View.php(231): CodeIgniter\View\View->CodeIgniter\View\{closure}()
 4 SYSTEMPATH\Common.php(1190): CodeIgniter\View\View->render('Client/TinTucSuKien/HoatDongCongDong', [], true)
 5 APPPATH\Controllers\Client\TinTucSuKien\CHoatDongCongDong.php(23): view('Client/TinTucSuKien/HoatDongCongDong', [...])
 6 SYSTEMPATH\CodeIgniter.php(942): App\Controllers\Client\TinTucSuKien\CHoatDongCongDong->index()
 7 SYSTEMPATH\CodeIgniter.php(502): CodeIgniter\CodeIgniter->runController(Object(App\Controllers\Client\TinTucSuKien\CHoatDongCongDong))
 8 SYSTEMPATH\CodeIgniter.php(361): CodeIgniter\CodeIgniter->handleRequest(null, Object(Config\Cache), false)
 9 FCPATH\index.php(79): CodeIgniter\CodeIgniter->run()
10 SYSTEMPATH\Commands\Server\rewrite.php(47): require_once('C:\\Users\\ADMIN\\Desktop\\dakdrinh\\public\\index.php')
CRITICAL - 2024-02-24 15:19:28 --> Undefined variable $data
in APPPATH\Views\Client\TinTucSuKien\HoatDongCongDong.php on line 3.
 1 APPPATH\Views\Client\TinTucSuKien\HoatDongCongDong.php(3): CodeIgniter\Debug\Exceptions->errorHandler(2, 'Undefined variable $data', 'C:\\Users\\ADMIN\\Desktop\\dakdrinh\\app\\Views\\Client\\TinTucSuKien\\HoatDongCongDong.php', 3)
 2 SYSTEMPATH\View\View.php(228): include('C:\\Users\\ADMIN\\Desktop\\dakdrinh\\app\\Views\\Client\\TinTucSuKien\\HoatDongCongDong.php')
 3 SYSTEMPATH\View\View.php(231): CodeIgniter\View\View->CodeIgniter\View\{closure}()
 4 SYSTEMPATH\Common.php(1190): CodeIgniter\View\View->render('Client/TinTucSuKien/HoatDongCongDong', [], true)
 5 APPPATH\Controllers\Client\TinTucSuKien\CHoatDongCongDong.php(23): view('Client/TinTucSuKien/HoatDongCongDong', [...])
 6 SYSTEMPATH\CodeIgniter.php(942): App\Controllers\Client\TinTucSuKien\CHoatDongCongDong->index()
 7 SYSTEMPATH\CodeIgniter.php(502): CodeIgniter\CodeIgniter->runController(Object(App\Controllers\Client\TinTucSuKien\CHoatDongCongDong))
 8 SYSTEMPATH\CodeIgniter.php(361): CodeIgniter\CodeIgniter->handleRequest(null, Object(Config\Cache), false)
 9 FCPATH\index.php(79): CodeIgniter\CodeIgniter->run()
10 SYSTEMPATH\Commands\Server\rewrite.php(47): require_once('C:\\Users\\ADMIN\\Desktop\\dakdrinh\\public\\index.php')
CRITICAL - 2024-02-24 15:21:55 --> whereIn() expects $values to be of type array or closure
in SYSTEMPATH\Database\BaseBuilder.php on line 939.
 1 SYSTEMPATH\Database\BaseBuilder.php(826): CodeIgniter\Database\BaseBuilder->_whereIn('iddanhmuc', 401, false, 'AND ', null)
 2 SYSTEMPATH\Model.php(871): CodeIgniter\Database\BaseBuilder->whereIn('iddanhmuc', 401)
 3 APPPATH\Models\Mbaiviet.php(44): CodeIgniter\Model->__call('whereIn', [...])
 4 APPPATH\Controllers\Client\ThongBao\CThongBaoDauThau.php(17): App\Models\Mbaiviet->getBaivietByDanhMucsPagianted(401, 1, 4)
 5 SYSTEMPATH\CodeIgniter.php(942): App\Controllers\Client\ThongBao\CThongBaoDauThau->index()
 6 SYSTEMPATH\CodeIgniter.php(502): CodeIgniter\CodeIgniter->runController(Object(App\Controllers\Client\ThongBao\CThongBaoDauThau))
 7 SYSTEMPATH\CodeIgniter.php(361): CodeIgniter\CodeIgniter->handleRequest(null, Object(Config\Cache), false)
 8 FCPATH\index.php(79): CodeIgniter\CodeIgniter->run()
 9 SYSTEMPATH\Commands\Server\rewrite.php(47): require_once('C:\\Users\\ADMIN\\Desktop\\dakdrinh\\public\\index.php')
CRITICAL - 2024-02-24 15:24:13 --> whereIn() expects $values to be of type array or closure
in SYSTEMPATH\Database\BaseBuilder.php on line 939.
 1 SYSTEMPATH\Database\BaseBuilder.php(826): CodeIgniter\Database\BaseBuilder->_whereIn('iddanhmuc', 401, false, 'AND ', null)
 2 SYSTEMPATH\Model.php(871): CodeIgniter\Database\BaseBuilder->whereIn('iddanhmuc', 401)
 3 APPPATH\Models\Mbaiviet.php(44): CodeIgniter\Model->__call('whereIn', [...])
 4 APPPATH\Controllers\Client\ThongBao\CThongBaoDauThau.php(17): App\Models\Mbaiviet->getBaivietByDanhMucsPagianted(401, 1, 4)
 5 SYSTEMPATH\CodeIgniter.php(942): App\Controllers\Client\ThongBao\CThongBaoDauThau->index()
 6 SYSTEMPATH\CodeIgniter.php(502): CodeIgniter\CodeIgniter->runController(Object(App\Controllers\Client\ThongBao\CThongBaoDauThau))
 7 SYSTEMPATH\CodeIgniter.php(361): CodeIgniter\CodeIgniter->handleRequest(null, Object(Config\Cache), false)
 8 FCPATH\index.php(79): CodeIgniter\CodeIgniter->run()
 9 SYSTEMPATH\Commands\Server\rewrite.php(47): require_once('C:\\Users\\ADMIN\\Desktop\\dakdrinh\\public\\index.php')
CRITICAL - 2024-02-24 15:24:57 --> Call to undefined method App\Models\Mbaiviet::getBaivietByDanhMucPagianted
in SYSTEMPATH\Model.php on line 873.
 1 APPPATH\Controllers\Client\ThongBao\CThongBaoDauThau.php(17): CodeIgniter\Model->__call('getBaivietByDanhMucPagianted', [...])
 2 SYSTEMPATH\CodeIgniter.php(942): App\Controllers\Client\ThongBao\CThongBaoDauThau->index()
 3 SYSTEMPATH\CodeIgniter.php(502): CodeIgniter\CodeIgniter->runController(Object(App\Controllers\Client\ThongBao\CThongBaoDauThau))
 4 SYSTEMPATH\CodeIgniter.php(361): CodeIgniter\CodeIgniter->handleRequest(null, Object(Config\Cache), false)
 5 FCPATH\index.php(79): CodeIgniter\CodeIgniter->run()
 6 SYSTEMPATH\Commands\Server\rewrite.php(47): require_once('C:\\Users\\ADMIN\\Desktop\\dakdrinh\\public\\index.php')
CRITICAL - 2024-02-24 15:25:45 --> whereIn() expects $values to be of type array or closure
in SYSTEMPATH\Database\BaseBuilder.php on line 939.
 1 SYSTEMPATH\Database\BaseBuilder.php(826): CodeIgniter\Database\BaseBuilder->_whereIn('iddanhmuc', 401, false, 'AND ', null)
 2 SYSTEMPATH\Model.php(871): CodeIgniter\Database\BaseBuilder->whereIn('iddanhmuc', 401)
 3 APPPATH\Controllers\Client\ThongBao\CThongBaoDauThau.php(18): CodeIgniter\Model->__call('whereIn', [...])
 4 SYSTEMPATH\CodeIgniter.php(942): App\Controllers\Client\ThongBao\CThongBaoDauThau->index()
 5 SYSTEMPATH\CodeIgniter.php(502): CodeIgniter\CodeIgniter->runController(Object(App\Controllers\Client\ThongBao\CThongBaoDauThau))
 6 SYSTEMPATH\CodeIgniter.php(361): CodeIgniter\CodeIgniter->handleRequest(null, Object(Config\Cache), false)
 7 FCPATH\index.php(79): CodeIgniter\CodeIgniter->run()
 8 SYSTEMPATH\Commands\Server\rewrite.php(47): require_once('C:\\Users\\ADMIN\\Desktop\\dakdrinh\\public\\index.php')
INFO - 2024-02-24 15:38:32 --> Session: Class initialized using 'CodeIgniter\Session\Handlers\FileHandler' driver.
CRITICAL - 2024-02-24 15:38:55 --> Undefined variable $data
in APPPATH\Views\Client\TinTucSuKien\HoatDongCongDong.php on line 3.
 1 APPPATH\Views\Client\TinTucSuKien\HoatDongCongDong.php(3): CodeIgniter\Debug\Exceptions->errorHandler(2, 'Undefined variable $data', 'C:\\Users\\ADMIN\\Desktop\\dakdrinh\\app\\Views\\Client\\TinTucSuKien\\HoatDongCongDong.php', 3)
 2 SYSTEMPATH\View\View.php(228): include('C:\\Users\\ADMIN\\Desktop\\dakdrinh\\app\\Views\\Client\\TinTucSuKien\\HoatDongCongDong.php')
 3 SYSTEMPATH\View\View.php(231): CodeIgniter\View\View->CodeIgniter\View\{closure}()
 4 SYSTEMPATH\Common.php(1190): CodeIgniter\View\View->render('Client/TinTucSuKien/HoatDongCongDong', [], true)
 5 APPPATH\Controllers\Client\TinTucSuKien\CHoatDongCongDong.php(23): view('Client/TinTucSuKien/HoatDongCongDong', [...])
 6 SYSTEMPATH\CodeIgniter.php(942): App\Controllers\Client\TinTucSuKien\CHoatDongCongDong->index()
 7 SYSTEMPATH\CodeIgniter.php(502): CodeIgniter\CodeIgniter->runController(Object(App\Controllers\Client\TinTucSuKien\CHoatDongCongDong))
 8 SYSTEMPATH\CodeIgniter.php(361): CodeIgniter\CodeIgniter->handleRequest(null, Object(Config\Cache), false)
 9 FCPATH\index.php(79): CodeIgniter\CodeIgniter->run()
10 SYSTEMPATH\Commands\Server\rewrite.php(47): require_once('C:\\Users\\ADMIN\\Desktop\\dakdrinh\\public\\index.php')
CRITICAL - 2024-02-24 15:39:02 --> Undefined variable $data
in APPPATH\Views\Client\TinTucSuKien\HoatDongCongDong.php on line 3.
 1 APPPATH\Views\Client\TinTucSuKien\HoatDongCongDong.php(3): CodeIgniter\Debug\Exceptions->errorHandler(2, 'Undefined variable $data', 'C:\\Users\\ADMIN\\Desktop\\dakdrinh\\app\\Views\\Client\\TinTucSuKien\\HoatDongCongDong.php', 3)
 2 SYSTEMPATH\View\View.php(228): include('C:\\Users\\ADMIN\\Desktop\\dakdrinh\\app\\Views\\Client\\TinTucSuKien\\HoatDongCongDong.php')
 3 SYSTEMPATH\View\View.php(231): CodeIgniter\View\View->CodeIgniter\View\{closure}()
 4 SYSTEMPATH\Common.php(1190): CodeIgniter\View\View->render('Client/TinTucSuKien/HoatDongCongDong', [], true)
 5 APPPATH\Controllers\Client\TinTucSuKien\CHoatDongCongDong.php(23): view('Client/TinTucSuKien/HoatDongCongDong', [...])
 6 SYSTEMPATH\CodeIgniter.php(942): App\Controllers\Client\TinTucSuKien\CHoatDongCongDong->index()
 7 SYSTEMPATH\CodeIgniter.php(502): CodeIgniter\CodeIgniter->runController(Object(App\Controllers\Client\TinTucSuKien\CHoatDongCongDong))
 8 SYSTEMPATH\CodeIgniter.php(361): CodeIgniter\CodeIgniter->handleRequest(null, Object(Config\Cache), false)
 9 FCPATH\index.php(79): CodeIgniter\CodeIgniter->run()
10 SYSTEMPATH\Commands\Server\rewrite.php(47): require_once('C:\\Users\\ADMIN\\Desktop\\dakdrinh\\public\\index.php')
