CRITICAL - 2024-01-05 02:30:25 --> Invalid file: "home.php"
in SYSTEMPATH\Exceptions\FrameworkException.php on line 39.
 1 SYSTEMPATH\View\View.php(216): CodeIgniter\Exceptions\FrameworkException::forInvalidFile('home.php')
 2 SYSTEMPATH\Common.php(1190): CodeIgniter\View\View->render('home', [], true)
 3 APPPATH\Controllers\Home.php(9): view('home')
 4 SYSTEMPATH\CodeIgniter.php(942): App\Controllers\Home->index()
 5 SYSTEMPATH\CodeIgniter.php(502): CodeIgniter\CodeIgniter->runController(Object(App\Controllers\Home))
 6 SYSTEMPATH\CodeIgniter.php(361): CodeIgniter\CodeIgniter->handleRequest(null, Object(Config\Cache), false)
 7 FCPATH\index.php(79): CodeIgniter\CodeIgniter->run()
 8 SYSTEMPATH\Commands\Server\rewrite.php(47): require_once('C:\\Users\\ADMIN\\Desktop\\dakdrinh\\public\\index.php')
CRITICAL - 2024-01-05 02:31:55 --> Invalid file: "home.php"
in SYSTEMPATH\Exceptions\FrameworkException.php on line 39.
 1 SYSTEMPATH\View\View.php(216): CodeIgniter\Exceptions\FrameworkException::forInvalidFile('home.php')
 2 SYSTEMPATH\Common.php(1190): CodeIgniter\View\View->render('home', [], true)
 3 APPPATH\Controllers\Home.php(9): view('home')
 4 SYSTEMPATH\CodeIgniter.php(942): App\Controllers\Home->index()
 5 SYSTEMPATH\CodeIgniter.php(502): CodeIgniter\CodeIgniter->runController(Object(App\Controllers\Home))
 6 SYSTEMPATH\CodeIgniter.php(361): CodeIgniter\CodeIgniter->handleRequest(null, Object(Config\Cache), false)
 7 FCPATH\index.php(79): CodeIgniter\CodeIgniter->run()
 8 SYSTEMPATH\Commands\Server\rewrite.php(47): require_once('C:\\Users\\ADMIN\\Desktop\\dakdrinh\\public\\index.php')
CRITICAL - 2024-01-05 02:37:08 --> The namespace delimiter is a backslash (\), not a slash (/). Route handler: "\App\Controllers\Client/Home::index"
in SYSTEMPATH\Router\Router.php on line 479.
 1 SYSTEMPATH\Router\Router.php(479): CodeIgniter\Router\Exceptions\RouterException::forInvalidControllerName('\\App\\Controllers\\Client/Home::index')
 2 SYSTEMPATH\Router\Router.php(186): CodeIgniter\Router\Router->checkRoutes('/')
 3 SYSTEMPATH\CodeIgniter.php(823): CodeIgniter\Router\Router->handle('/')
 4 SYSTEMPATH\CodeIgniter.php(450): CodeIgniter\CodeIgniter->tryToRouteIt(Object(CodeIgniter\Router\RouteCollection))
 5 SYSTEMPATH\CodeIgniter.php(361): CodeIgniter\CodeIgniter->handleRequest(null, Object(Config\Cache), false)
 6 FCPATH\index.php(79): CodeIgniter\CodeIgniter->run()
 7 SYSTEMPATH\Commands\Server\rewrite.php(47): require_once('C:\\Users\\ADMIN\\Desktop\\dakdrinh\\public\\index.php')
CRITICAL - 2024-01-05 04:08:14 --> Invalid file: "Client/Layouts/Base.php"
in SYSTEMPATH\Exceptions\FrameworkException.php on line 39.
 1 SYSTEMPATH\View\View.php(216): CodeIgniter\Exceptions\FrameworkException::forInvalidFile('Client/Layouts/Base.php')
 2 SYSTEMPATH\View\View.php(244): CodeIgniter\View\View->render('Client/Layouts/Base', [], true)
 3 SYSTEMPATH\Common.php(1190): CodeIgniter\View\View->render('Client/TinTucSuKien/HoatDongCongDong', [], true)
 4 APPPATH\Controllers\Client\TinTucSuKien\CHoatDongCongDong.php(8): view('Client/TinTucSuKien/HoatDongCongDong')
 5 SYSTEMPATH\CodeIgniter.php(942): App\Controllers\Client\TinTucSuKien\CHoatDongCongDong->index()
 6 SYSTEMPATH\CodeIgniter.php(502): CodeIgniter\CodeIgniter->runController(Object(App\Controllers\Client\TinTucSuKien\CHoatDongCongDong))
 7 SYSTEMPATH\CodeIgniter.php(361): CodeIgniter\CodeIgniter->handleRequest(null, Object(Config\Cache), false)
 8 FCPATH\index.php(79): CodeIgniter\CodeIgniter->run()
 9 SYSTEMPATH\Commands\Server\rewrite.php(47): require_once('C:\\Users\\ADMIN\\Desktop\\dakdrinh\\public\\index.php')
CRITICAL - 2024-01-05 04:11:16 --> Invalid file: "Client/Layouts/Base.php"
in SYSTEMPATH\Exceptions\FrameworkException.php on line 39.
 1 SYSTEMPATH\View\View.php(216): CodeIgniter\Exceptions\FrameworkException::forInvalidFile('Client/Layouts/Base.php')
 2 SYSTEMPATH\View\View.php(244): CodeIgniter\View\View->render('Client/Layouts/Base', [], true)
 3 SYSTEMPATH\Common.php(1190): CodeIgniter\View\View->render('Client/TinTucSuKien/HoatDongNganhDien', [], true)
 4 APPPATH\Controllers\Client\TinTucSuKien\CHoatDongNganhDien.php(8): view('Client/TinTucSuKien/HoatDongNganhDien')
 5 SYSTEMPATH\CodeIgniter.php(942): App\Controllers\Client\TinTucSuKien\CHoatDongNganhDien->index()
 6 SYSTEMPATH\CodeIgniter.php(502): CodeIgniter\CodeIgniter->runController(Object(App\Controllers\Client\TinTucSuKien\CHoatDongNganhDien))
 7 SYSTEMPATH\CodeIgniter.php(361): CodeIgniter\CodeIgniter->handleRequest(null, Object(Config\Cache), false)
 8 FCPATH\index.php(79): CodeIgniter\CodeIgniter->run()
 9 SYSTEMPATH\Commands\Server\rewrite.php(47): require_once('C:\\Users\\ADMIN\\Desktop\\dakdrinh\\public\\index.php')
CRITICAL - 2024-01-05 04:14:36 --> Invalid file: "Client/TinTucSuKien/TinTucPVPowerDHC.php"
in SYSTEMPATH\Exceptions\FrameworkException.php on line 39.
 1 SYSTEMPATH\View\View.php(216): CodeIgniter\Exceptions\FrameworkException::forInvalidFile('Client/TinTucSuKien/TinTucPVPowerDHC.php')
 2 SYSTEMPATH\Common.php(1190): CodeIgniter\View\View->render('Client/TinTucSuKien/TinTucPVPowerDHC', [], true)
 3 APPPATH\Controllers\Client\TinTucSuKien\CTinTucPVPowerDHC.php(8): view('Client/TinTucSuKien/TinTucPVPowerDHC')
 4 SYSTEMPATH\CodeIgniter.php(942): App\Controllers\Client\TinTucSuKien\CTinTucPVPowerDHC->index()
 5 SYSTEMPATH\CodeIgniter.php(502): CodeIgniter\CodeIgniter->runController(Object(App\Controllers\Client\TinTucSuKien\CTinTucPVPowerDHC))
 6 SYSTEMPATH\CodeIgniter.php(361): CodeIgniter\CodeIgniter->handleRequest(null, Object(Config\Cache), false)
 7 FCPATH\index.php(79): CodeIgniter\CodeIgniter->run()
 8 SYSTEMPATH\Commands\Server\rewrite.php(47): require_once('C:\\Users\\ADMIN\\Desktop\\dakdrinh\\public\\index.php')
