ERROR - 2024-02-27 00:57:20 --> Error connecting to the database: mysqli_sql_exception: No connection could be made because the target machine actively refused it in C:\Users\ADMIN\Desktop\dakdrinh\system\Database\MySQLi\Connection.php:184
Stack trace:
#0 C:\Users\ADMIN\Desktop\dakdrinh\system\Database\MySQLi\Connection.php(184): mysqli->real_connect('localhost', 'root', Object(SensitiveParameterValue), 'dakdrinh', 3306, '', 0)
#1 C:\Users\ADMIN\Desktop\dakdrinh\system\Database\BaseConnection.php(392): CodeIgniter\Database\MySQLi\Connection->connect(false)
#2 C:\Users\ADMIN\Desktop\dakdrinh\system\Database\BaseConnection.php(575): CodeIgniter\Database\BaseConnection->initialize()
#3 C:\Users\ADMIN\Desktop\dakdrinh\system\Database\BaseBuilder.php(1615): CodeIgniter\Database\BaseConnection->query('SELECT *\nFROM `...', Array, false)
#4 C:\Users\ADMIN\Desktop\dakdrinh\system\Model.php(264): CodeIgniter\Database\BaseBuilder->get()
#5 C:\Users\ADMIN\Desktop\dakdrinh\system\BaseModel.php(662): CodeIgniter\Model->doFirst()
#6 C:\Users\ADMIN\Desktop\dakdrinh\app\Controllers\Admin\CBieuDo.php(57): CodeIgniter\BaseModel->first()
#7 C:\Users\ADMIN\Desktop\dakdrinh\system\CodeIgniter.php(942): App\Controllers\Admin\CBieuDo->getdata()
#8 C:\Users\ADMIN\Desktop\dakdrinh\system\CodeIgniter.php(502): CodeIgniter\CodeIgniter->runController(Object(App\Controllers\Admin\CBieuDo))
#9 C:\Users\ADMIN\Desktop\dakdrinh\system\CodeIgniter.php(361): CodeIgniter\CodeIgniter->handleRequest(NULL, Object(Config\Cache), false)
#10 C:\Users\ADMIN\Desktop\dakdrinh\public\index.php(79): CodeIgniter\CodeIgniter->run()
#11 C:\Users\ADMIN\Desktop\dakdrinh\system\Commands\Server\rewrite.php(47): require_once('C:\\Users\\ADMIN\\...')
#12 {main}

Next CodeIgniter\Database\Exceptions\DatabaseException: No connection could be made because the target machine actively refused it in C:\Users\ADMIN\Desktop\dakdrinh\system\Database\MySQLi\Connection.php:229
Stack trace:
#0 C:\Users\ADMIN\Desktop\dakdrinh\system\Database\BaseConnection.php(392): CodeIgniter\Database\MySQLi\Connection->connect(false)
#1 C:\Users\ADMIN\Desktop\dakdrinh\system\Database\BaseConnection.php(575): CodeIgniter\Database\BaseConnection->initialize()
#2 C:\Users\ADMIN\Desktop\dakdrinh\system\Database\BaseBuilder.php(1615): CodeIgniter\Database\BaseConnection->query('SELECT *\nFROM `...', Array, false)
#3 C:\Users\ADMIN\Desktop\dakdrinh\system\Model.php(264): CodeIgniter\Database\BaseBuilder->get()
#4 C:\Users\ADMIN\Desktop\dakdrinh\system\BaseModel.php(662): CodeIgniter\Model->doFirst()
#5 C:\Users\ADMIN\Desktop\dakdrinh\app\Controllers\Admin\CBieuDo.php(57): CodeIgniter\BaseModel->first()
#6 C:\Users\ADMIN\Desktop\dakdrinh\system\CodeIgniter.php(942): App\Controllers\Admin\CBieuDo->getdata()
#7 C:\Users\ADMIN\Desktop\dakdrinh\system\CodeIgniter.php(502): CodeIgniter\CodeIgniter->runController(Object(App\Controllers\Admin\CBieuDo))
#8 C:\Users\ADMIN\Desktop\dakdrinh\system\CodeIgniter.php(361): CodeIgniter\CodeIgniter->handleRequest(NULL, Object(Config\Cache), false)
#9 C:\Users\ADMIN\Desktop\dakdrinh\public\index.php(79): CodeIgniter\CodeIgniter->run()
#10 C:\Users\ADMIN\Desktop\dakdrinh\system\Commands\Server\rewrite.php(47): require_once('C:\\Users\\ADMIN\\...')
#11 {main}
CRITICAL - 2024-02-27 00:57:20 --> Unable to connect to the database.
Main connection [MySQLi]: No connection could be made because the target machine actively refused it
in SYSTEMPATH\Database\BaseConnection.php on line 428.
 1 SYSTEMPATH\Database\BaseConnection.php(575): CodeIgniter\Database\BaseConnection->initialize()
 2 SYSTEMPATH\Database\BaseBuilder.php(1615): CodeIgniter\Database\BaseConnection->query('SELECT *
FROM `tbbieudothuydien`
ORDER BY `idbieudothuydien` DESC
 LIMIT 1', [], false)
 3 SYSTEMPATH\Model.php(264): CodeIgniter\Database\BaseBuilder->get()
 4 SYSTEMPATH\BaseModel.php(662): CodeIgniter\Model->doFirst()
 5 APPPATH\Controllers\Admin\CBieuDo.php(57): CodeIgniter\BaseModel->first()
 6 SYSTEMPATH\CodeIgniter.php(942): App\Controllers\Admin\CBieuDo->getdata()
 7 SYSTEMPATH\CodeIgniter.php(502): CodeIgniter\CodeIgniter->runController(Object(App\Controllers\Admin\CBieuDo))
 8 SYSTEMPATH\CodeIgniter.php(361): CodeIgniter\CodeIgniter->handleRequest(null, Object(Config\Cache), false)
 9 FCPATH\index.php(79): CodeIgniter\CodeIgniter->run()
10 SYSTEMPATH\Commands\Server\rewrite.php(47): require_once('C:\\Users\\ADMIN\\Desktop\\dakdrinh\\public\\index.php')
ERROR - 2024-02-27 00:59:06 --> Error connecting to the database: mysqli_sql_exception: No connection could be made because the target machine actively refused it in C:\Users\ADMIN\Desktop\dakdrinh\system\Database\MySQLi\Connection.php:184
Stack trace:
#0 C:\Users\ADMIN\Desktop\dakdrinh\system\Database\MySQLi\Connection.php(184): mysqli->real_connect('localhost', 'root', Object(SensitiveParameterValue), 'dakdrinh', 3306, '', 0)
#1 C:\Users\ADMIN\Desktop\dakdrinh\system\Database\BaseConnection.php(392): CodeIgniter\Database\MySQLi\Connection->connect(false)
#2 C:\Users\ADMIN\Desktop\dakdrinh\system\Database\BaseConnection.php(575): CodeIgniter\Database\BaseConnection->initialize()
#3 C:\Users\ADMIN\Desktop\dakdrinh\system\Database\BaseBuilder.php(1615): CodeIgniter\Database\BaseConnection->query('SELECT *\nFROM `...', Array, false)
#4 C:\Users\ADMIN\Desktop\dakdrinh\system\Model.php(264): CodeIgniter\Database\BaseBuilder->get()
#5 C:\Users\ADMIN\Desktop\dakdrinh\system\BaseModel.php(662): CodeIgniter\Model->doFirst()
#6 C:\Users\ADMIN\Desktop\dakdrinh\app\Controllers\Admin\CBieuDo.php(57): CodeIgniter\BaseModel->first()
#7 C:\Users\ADMIN\Desktop\dakdrinh\system\CodeIgniter.php(942): App\Controllers\Admin\CBieuDo->getdata()
#8 C:\Users\ADMIN\Desktop\dakdrinh\system\CodeIgniter.php(502): CodeIgniter\CodeIgniter->runController(Object(App\Controllers\Admin\CBieuDo))
#9 C:\Users\ADMIN\Desktop\dakdrinh\system\CodeIgniter.php(361): CodeIgniter\CodeIgniter->handleRequest(NULL, Object(Config\Cache), false)
#10 C:\Users\ADMIN\Desktop\dakdrinh\public\index.php(79): CodeIgniter\CodeIgniter->run()
#11 C:\Users\ADMIN\Desktop\dakdrinh\system\Commands\Server\rewrite.php(47): require_once('C:\\Users\\ADMIN\\...')
#12 {main}

Next CodeIgniter\Database\Exceptions\DatabaseException: No connection could be made because the target machine actively refused it in C:\Users\ADMIN\Desktop\dakdrinh\system\Database\MySQLi\Connection.php:229
Stack trace:
#0 C:\Users\ADMIN\Desktop\dakdrinh\system\Database\BaseConnection.php(392): CodeIgniter\Database\MySQLi\Connection->connect(false)
#1 C:\Users\ADMIN\Desktop\dakdrinh\system\Database\BaseConnection.php(575): CodeIgniter\Database\BaseConnection->initialize()
#2 C:\Users\ADMIN\Desktop\dakdrinh\system\Database\BaseBuilder.php(1615): CodeIgniter\Database\BaseConnection->query('SELECT *\nFROM `...', Array, false)
#3 C:\Users\ADMIN\Desktop\dakdrinh\system\Model.php(264): CodeIgniter\Database\BaseBuilder->get()
#4 C:\Users\ADMIN\Desktop\dakdrinh\system\BaseModel.php(662): CodeIgniter\Model->doFirst()
#5 C:\Users\ADMIN\Desktop\dakdrinh\app\Controllers\Admin\CBieuDo.php(57): CodeIgniter\BaseModel->first()
#6 C:\Users\ADMIN\Desktop\dakdrinh\system\CodeIgniter.php(942): App\Controllers\Admin\CBieuDo->getdata()
#7 C:\Users\ADMIN\Desktop\dakdrinh\system\CodeIgniter.php(502): CodeIgniter\CodeIgniter->runController(Object(App\Controllers\Admin\CBieuDo))
#8 C:\Users\ADMIN\Desktop\dakdrinh\system\CodeIgniter.php(361): CodeIgniter\CodeIgniter->handleRequest(NULL, Object(Config\Cache), false)
#9 C:\Users\ADMIN\Desktop\dakdrinh\public\index.php(79): CodeIgniter\CodeIgniter->run()
#10 C:\Users\ADMIN\Desktop\dakdrinh\system\Commands\Server\rewrite.php(47): require_once('C:\\Users\\ADMIN\\...')
#11 {main}
CRITICAL - 2024-02-27 00:59:06 --> Unable to connect to the database.
Main connection [MySQLi]: No connection could be made because the target machine actively refused it
in SYSTEMPATH\Database\BaseConnection.php on line 428.
 1 SYSTEMPATH\Database\BaseConnection.php(575): CodeIgniter\Database\BaseConnection->initialize()
 2 SYSTEMPATH\Database\BaseBuilder.php(1615): CodeIgniter\Database\BaseConnection->query('SELECT *
FROM `tbbieudothuydien`
ORDER BY `idbieudothuydien` DESC
 LIMIT 1', [], false)
 3 SYSTEMPATH\Model.php(264): CodeIgniter\Database\BaseBuilder->get()
 4 SYSTEMPATH\BaseModel.php(662): CodeIgniter\Model->doFirst()
 5 APPPATH\Controllers\Admin\CBieuDo.php(57): CodeIgniter\BaseModel->first()
 6 SYSTEMPATH\CodeIgniter.php(942): App\Controllers\Admin\CBieuDo->getdata()
 7 SYSTEMPATH\CodeIgniter.php(502): CodeIgniter\CodeIgniter->runController(Object(App\Controllers\Admin\CBieuDo))
 8 SYSTEMPATH\CodeIgniter.php(361): CodeIgniter\CodeIgniter->handleRequest(null, Object(Config\Cache), false)
 9 FCPATH\index.php(79): CodeIgniter\CodeIgniter->run()
10 SYSTEMPATH\Commands\Server\rewrite.php(47): require_once('C:\\Users\\ADMIN\\Desktop\\dakdrinh\\public\\index.php')
ERROR - 2024-02-27 00:59:57 --> Error connecting to the database: mysqli_sql_exception: No connection could be made because the target machine actively refused it in C:\Users\ADMIN\Desktop\dakdrinh\system\Database\MySQLi\Connection.php:184
Stack trace:
#0 C:\Users\ADMIN\Desktop\dakdrinh\system\Database\MySQLi\Connection.php(184): mysqli->real_connect('localhost', 'root', Object(SensitiveParameterValue), 'dakdrinh', 3306, '', 0)
#1 C:\Users\ADMIN\Desktop\dakdrinh\system\Database\BaseConnection.php(392): CodeIgniter\Database\MySQLi\Connection->connect(false)
#2 C:\Users\ADMIN\Desktop\dakdrinh\system\Database\BaseConnection.php(575): CodeIgniter\Database\BaseConnection->initialize()
#3 C:\Users\ADMIN\Desktop\dakdrinh\system\Database\BaseBuilder.php(1615): CodeIgniter\Database\BaseConnection->query('SELECT *\nFROM `...', Array, false)
#4 C:\Users\ADMIN\Desktop\dakdrinh\system\Model.php(264): CodeIgniter\Database\BaseBuilder->get()
#5 C:\Users\ADMIN\Desktop\dakdrinh\system\BaseModel.php(662): CodeIgniter\Model->doFirst()
#6 C:\Users\ADMIN\Desktop\dakdrinh\app\Controllers\Admin\CBieuDo.php(57): CodeIgniter\BaseModel->first()
#7 C:\Users\ADMIN\Desktop\dakdrinh\system\CodeIgniter.php(942): App\Controllers\Admin\CBieuDo->getdata()
#8 C:\Users\ADMIN\Desktop\dakdrinh\system\CodeIgniter.php(502): CodeIgniter\CodeIgniter->runController(Object(App\Controllers\Admin\CBieuDo))
#9 C:\Users\ADMIN\Desktop\dakdrinh\system\CodeIgniter.php(361): CodeIgniter\CodeIgniter->handleRequest(NULL, Object(Config\Cache), false)
#10 C:\Users\ADMIN\Desktop\dakdrinh\public\index.php(79): CodeIgniter\CodeIgniter->run()
#11 C:\Users\ADMIN\Desktop\dakdrinh\system\Commands\Server\rewrite.php(47): require_once('C:\\Users\\ADMIN\\...')
#12 {main}

Next CodeIgniter\Database\Exceptions\DatabaseException: No connection could be made because the target machine actively refused it in C:\Users\ADMIN\Desktop\dakdrinh\system\Database\MySQLi\Connection.php:229
Stack trace:
#0 C:\Users\ADMIN\Desktop\dakdrinh\system\Database\BaseConnection.php(392): CodeIgniter\Database\MySQLi\Connection->connect(false)
#1 C:\Users\ADMIN\Desktop\dakdrinh\system\Database\BaseConnection.php(575): CodeIgniter\Database\BaseConnection->initialize()
#2 C:\Users\ADMIN\Desktop\dakdrinh\system\Database\BaseBuilder.php(1615): CodeIgniter\Database\BaseConnection->query('SELECT *\nFROM `...', Array, false)
#3 C:\Users\ADMIN\Desktop\dakdrinh\system\Model.php(264): CodeIgniter\Database\BaseBuilder->get()
#4 C:\Users\ADMIN\Desktop\dakdrinh\system\BaseModel.php(662): CodeIgniter\Model->doFirst()
#5 C:\Users\ADMIN\Desktop\dakdrinh\app\Controllers\Admin\CBieuDo.php(57): CodeIgniter\BaseModel->first()
#6 C:\Users\ADMIN\Desktop\dakdrinh\system\CodeIgniter.php(942): App\Controllers\Admin\CBieuDo->getdata()
#7 C:\Users\ADMIN\Desktop\dakdrinh\system\CodeIgniter.php(502): CodeIgniter\CodeIgniter->runController(Object(App\Controllers\Admin\CBieuDo))
#8 C:\Users\ADMIN\Desktop\dakdrinh\system\CodeIgniter.php(361): CodeIgniter\CodeIgniter->handleRequest(NULL, Object(Config\Cache), false)
#9 C:\Users\ADMIN\Desktop\dakdrinh\public\index.php(79): CodeIgniter\CodeIgniter->run()
#10 C:\Users\ADMIN\Desktop\dakdrinh\system\Commands\Server\rewrite.php(47): require_once('C:\\Users\\ADMIN\\...')
#11 {main}
CRITICAL - 2024-02-27 00:59:57 --> Unable to connect to the database.
Main connection [MySQLi]: No connection could be made because the target machine actively refused it
in SYSTEMPATH\Database\BaseConnection.php on line 428.
 1 SYSTEMPATH\Database\BaseConnection.php(575): CodeIgniter\Database\BaseConnection->initialize()
 2 SYSTEMPATH\Database\BaseBuilder.php(1615): CodeIgniter\Database\BaseConnection->query('SELECT *
FROM `tbbieudothuydien`
ORDER BY `idbieudothuydien` DESC
 LIMIT 1', [], false)
 3 SYSTEMPATH\Model.php(264): CodeIgniter\Database\BaseBuilder->get()
 4 SYSTEMPATH\BaseModel.php(662): CodeIgniter\Model->doFirst()
 5 APPPATH\Controllers\Admin\CBieuDo.php(57): CodeIgniter\BaseModel->first()
 6 SYSTEMPATH\CodeIgniter.php(942): App\Controllers\Admin\CBieuDo->getdata()
 7 SYSTEMPATH\CodeIgniter.php(502): CodeIgniter\CodeIgniter->runController(Object(App\Controllers\Admin\CBieuDo))
 8 SYSTEMPATH\CodeIgniter.php(361): CodeIgniter\CodeIgniter->handleRequest(null, Object(Config\Cache), false)
 9 FCPATH\index.php(79): CodeIgniter\CodeIgniter->run()
10 SYSTEMPATH\Commands\Server\rewrite.php(47): require_once('C:\\Users\\ADMIN\\Desktop\\dakdrinh\\public\\index.php')
ERROR - 2024-02-27 01:00:06 --> Error connecting to the database: mysqli_sql_exception: No connection could be made because the target machine actively refused it in C:\Users\ADMIN\Desktop\dakdrinh\system\Database\MySQLi\Connection.php:184
Stack trace:
#0 C:\Users\ADMIN\Desktop\dakdrinh\system\Database\MySQLi\Connection.php(184): mysqli->real_connect('localhost', 'root', Object(SensitiveParameterValue), 'dakdrinh', 3306, '', 0)
#1 C:\Users\ADMIN\Desktop\dakdrinh\system\Database\BaseConnection.php(392): CodeIgniter\Database\MySQLi\Connection->connect(false)
#2 C:\Users\ADMIN\Desktop\dakdrinh\system\Database\BaseConnection.php(575): CodeIgniter\Database\BaseConnection->initialize()
#3 C:\Users\ADMIN\Desktop\dakdrinh\system\Database\BaseBuilder.php(1615): CodeIgniter\Database\BaseConnection->query('SELECT *\nFROM `...', Array, false)
#4 C:\Users\ADMIN\Desktop\dakdrinh\system\Model.php(264): CodeIgniter\Database\BaseBuilder->get()
#5 C:\Users\ADMIN\Desktop\dakdrinh\system\BaseModel.php(662): CodeIgniter\Model->doFirst()
#6 C:\Users\ADMIN\Desktop\dakdrinh\app\Controllers\Admin\CBieuDo.php(57): CodeIgniter\BaseModel->first()
#7 C:\Users\ADMIN\Desktop\dakdrinh\system\CodeIgniter.php(942): App\Controllers\Admin\CBieuDo->getdata()
#8 C:\Users\ADMIN\Desktop\dakdrinh\system\CodeIgniter.php(502): CodeIgniter\CodeIgniter->runController(Object(App\Controllers\Admin\CBieuDo))
#9 C:\Users\ADMIN\Desktop\dakdrinh\system\CodeIgniter.php(361): CodeIgniter\CodeIgniter->handleRequest(NULL, Object(Config\Cache), false)
#10 C:\Users\ADMIN\Desktop\dakdrinh\public\index.php(79): CodeIgniter\CodeIgniter->run()
#11 C:\Users\ADMIN\Desktop\dakdrinh\system\Commands\Server\rewrite.php(47): require_once('C:\\Users\\ADMIN\\...')
#12 {main}

Next CodeIgniter\Database\Exceptions\DatabaseException: No connection could be made because the target machine actively refused it in C:\Users\ADMIN\Desktop\dakdrinh\system\Database\MySQLi\Connection.php:229
Stack trace:
#0 C:\Users\ADMIN\Desktop\dakdrinh\system\Database\BaseConnection.php(392): CodeIgniter\Database\MySQLi\Connection->connect(false)
#1 C:\Users\ADMIN\Desktop\dakdrinh\system\Database\BaseConnection.php(575): CodeIgniter\Database\BaseConnection->initialize()
#2 C:\Users\ADMIN\Desktop\dakdrinh\system\Database\BaseBuilder.php(1615): CodeIgniter\Database\BaseConnection->query('SELECT *\nFROM `...', Array, false)
#3 C:\Users\ADMIN\Desktop\dakdrinh\system\Model.php(264): CodeIgniter\Database\BaseBuilder->get()
#4 C:\Users\ADMIN\Desktop\dakdrinh\system\BaseModel.php(662): CodeIgniter\Model->doFirst()
#5 C:\Users\ADMIN\Desktop\dakdrinh\app\Controllers\Admin\CBieuDo.php(57): CodeIgniter\BaseModel->first()
#6 C:\Users\ADMIN\Desktop\dakdrinh\system\CodeIgniter.php(942): App\Controllers\Admin\CBieuDo->getdata()
#7 C:\Users\ADMIN\Desktop\dakdrinh\system\CodeIgniter.php(502): CodeIgniter\CodeIgniter->runController(Object(App\Controllers\Admin\CBieuDo))
#8 C:\Users\ADMIN\Desktop\dakdrinh\system\CodeIgniter.php(361): CodeIgniter\CodeIgniter->handleRequest(NULL, Object(Config\Cache), false)
#9 C:\Users\ADMIN\Desktop\dakdrinh\public\index.php(79): CodeIgniter\CodeIgniter->run()
#10 C:\Users\ADMIN\Desktop\dakdrinh\system\Commands\Server\rewrite.php(47): require_once('C:\\Users\\ADMIN\\...')
#11 {main}
CRITICAL - 2024-02-27 01:00:06 --> Unable to connect to the database.
Main connection [MySQLi]: No connection could be made because the target machine actively refused it
in SYSTEMPATH\Database\BaseConnection.php on line 428.
 1 SYSTEMPATH\Database\BaseConnection.php(575): CodeIgniter\Database\BaseConnection->initialize()
 2 SYSTEMPATH\Database\BaseBuilder.php(1615): CodeIgniter\Database\BaseConnection->query('SELECT *
FROM `tbbieudothuydien`
ORDER BY `idbieudothuydien` DESC
 LIMIT 1', [], false)
 3 SYSTEMPATH\Model.php(264): CodeIgniter\Database\BaseBuilder->get()
 4 SYSTEMPATH\BaseModel.php(662): CodeIgniter\Model->doFirst()
 5 APPPATH\Controllers\Admin\CBieuDo.php(57): CodeIgniter\BaseModel->first()
 6 SYSTEMPATH\CodeIgniter.php(942): App\Controllers\Admin\CBieuDo->getdata()
 7 SYSTEMPATH\CodeIgniter.php(502): CodeIgniter\CodeIgniter->runController(Object(App\Controllers\Admin\CBieuDo))
 8 SYSTEMPATH\CodeIgniter.php(361): CodeIgniter\CodeIgniter->handleRequest(null, Object(Config\Cache), false)
 9 FCPATH\index.php(79): CodeIgniter\CodeIgniter->run()
10 SYSTEMPATH\Commands\Server\rewrite.php(47): require_once('C:\\Users\\ADMIN\\Desktop\\dakdrinh\\public\\index.php')
ERROR - 2024-02-27 01:00:40 --> Error connecting to the database: mysqli_sql_exception: No connection could be made because the target machine actively refused it in C:\Users\ADMIN\Desktop\dakdrinh\system\Database\MySQLi\Connection.php:184
Stack trace:
#0 C:\Users\ADMIN\Desktop\dakdrinh\system\Database\MySQLi\Connection.php(184): mysqli->real_connect('localhost', 'root', Object(SensitiveParameterValue), 'dakdrinh', 3306, '', 0)
#1 C:\Users\ADMIN\Desktop\dakdrinh\system\Database\BaseConnection.php(392): CodeIgniter\Database\MySQLi\Connection->connect(false)
#2 C:\Users\ADMIN\Desktop\dakdrinh\system\Database\BaseConnection.php(575): CodeIgniter\Database\BaseConnection->initialize()
#3 C:\Users\ADMIN\Desktop\dakdrinh\system\Database\BaseBuilder.php(1615): CodeIgniter\Database\BaseConnection->query('SELECT *\nFROM `...', Array, false)
#4 C:\Users\ADMIN\Desktop\dakdrinh\system\Model.php(264): CodeIgniter\Database\BaseBuilder->get()
#5 C:\Users\ADMIN\Desktop\dakdrinh\system\BaseModel.php(662): CodeIgniter\Model->doFirst()
#6 C:\Users\ADMIN\Desktop\dakdrinh\app\Controllers\Admin\CBieuDo.php(57): CodeIgniter\BaseModel->first()
#7 C:\Users\ADMIN\Desktop\dakdrinh\system\CodeIgniter.php(942): App\Controllers\Admin\CBieuDo->getdata()
#8 C:\Users\ADMIN\Desktop\dakdrinh\system\CodeIgniter.php(502): CodeIgniter\CodeIgniter->runController(Object(App\Controllers\Admin\CBieuDo))
#9 C:\Users\ADMIN\Desktop\dakdrinh\system\CodeIgniter.php(361): CodeIgniter\CodeIgniter->handleRequest(NULL, Object(Config\Cache), false)
#10 C:\Users\ADMIN\Desktop\dakdrinh\public\index.php(79): CodeIgniter\CodeIgniter->run()
#11 C:\Users\ADMIN\Desktop\dakdrinh\system\Commands\Server\rewrite.php(47): require_once('C:\\Users\\ADMIN\\...')
#12 {main}

Next CodeIgniter\Database\Exceptions\DatabaseException: No connection could be made because the target machine actively refused it in C:\Users\ADMIN\Desktop\dakdrinh\system\Database\MySQLi\Connection.php:229
Stack trace:
#0 C:\Users\ADMIN\Desktop\dakdrinh\system\Database\BaseConnection.php(392): CodeIgniter\Database\MySQLi\Connection->connect(false)
#1 C:\Users\ADMIN\Desktop\dakdrinh\system\Database\BaseConnection.php(575): CodeIgniter\Database\BaseConnection->initialize()
#2 C:\Users\ADMIN\Desktop\dakdrinh\system\Database\BaseBuilder.php(1615): CodeIgniter\Database\BaseConnection->query('SELECT *\nFROM `...', Array, false)
#3 C:\Users\ADMIN\Desktop\dakdrinh\system\Model.php(264): CodeIgniter\Database\BaseBuilder->get()
#4 C:\Users\ADMIN\Desktop\dakdrinh\system\BaseModel.php(662): CodeIgniter\Model->doFirst()
#5 C:\Users\ADMIN\Desktop\dakdrinh\app\Controllers\Admin\CBieuDo.php(57): CodeIgniter\BaseModel->first()
#6 C:\Users\ADMIN\Desktop\dakdrinh\system\CodeIgniter.php(942): App\Controllers\Admin\CBieuDo->getdata()
#7 C:\Users\ADMIN\Desktop\dakdrinh\system\CodeIgniter.php(502): CodeIgniter\CodeIgniter->runController(Object(App\Controllers\Admin\CBieuDo))
#8 C:\Users\ADMIN\Desktop\dakdrinh\system\CodeIgniter.php(361): CodeIgniter\CodeIgniter->handleRequest(NULL, Object(Config\Cache), false)
#9 C:\Users\ADMIN\Desktop\dakdrinh\public\index.php(79): CodeIgniter\CodeIgniter->run()
#10 C:\Users\ADMIN\Desktop\dakdrinh\system\Commands\Server\rewrite.php(47): require_once('C:\\Users\\ADMIN\\...')
#11 {main}
CRITICAL - 2024-02-27 01:00:40 --> Unable to connect to the database.
Main connection [MySQLi]: No connection could be made because the target machine actively refused it
in SYSTEMPATH\Database\BaseConnection.php on line 428.
 1 SYSTEMPATH\Database\BaseConnection.php(575): CodeIgniter\Database\BaseConnection->initialize()
 2 SYSTEMPATH\Database\BaseBuilder.php(1615): CodeIgniter\Database\BaseConnection->query('SELECT *
FROM `tbbieudothuydien`
ORDER BY `idbieudothuydien` DESC
 LIMIT 1', [], false)
 3 SYSTEMPATH\Model.php(264): CodeIgniter\Database\BaseBuilder->get()
 4 SYSTEMPATH\BaseModel.php(662): CodeIgniter\Model->doFirst()
 5 APPPATH\Controllers\Admin\CBieuDo.php(57): CodeIgniter\BaseModel->first()
 6 SYSTEMPATH\CodeIgniter.php(942): App\Controllers\Admin\CBieuDo->getdata()
 7 SYSTEMPATH\CodeIgniter.php(502): CodeIgniter\CodeIgniter->runController(Object(App\Controllers\Admin\CBieuDo))
 8 SYSTEMPATH\CodeIgniter.php(361): CodeIgniter\CodeIgniter->handleRequest(null, Object(Config\Cache), false)
 9 FCPATH\index.php(79): CodeIgniter\CodeIgniter->run()
10 SYSTEMPATH\Commands\Server\rewrite.php(47): require_once('C:\\Users\\ADMIN\\Desktop\\dakdrinh\\public\\index.php')
ERROR - 2024-02-27 01:06:17 --> Error connecting to the database: mysqli_sql_exception: No connection could be made because the target machine actively refused it in C:\Users\ADMIN\Desktop\dakdrinh\system\Database\MySQLi\Connection.php:184
Stack trace:
#0 C:\Users\ADMIN\Desktop\dakdrinh\system\Database\MySQLi\Connection.php(184): mysqli->real_connect('localhost', 'root', Object(SensitiveParameterValue), 'dakdrinh', 3306, '', 0)
#1 C:\Users\ADMIN\Desktop\dakdrinh\system\Database\BaseConnection.php(392): CodeIgniter\Database\MySQLi\Connection->connect(false)
#2 C:\Users\ADMIN\Desktop\dakdrinh\system\Database\BaseConnection.php(575): CodeIgniter\Database\BaseConnection->initialize()
#3 C:\Users\ADMIN\Desktop\dakdrinh\system\Database\BaseBuilder.php(1615): CodeIgniter\Database\BaseConnection->query('SELECT *\nFROM `...', Array, false)
#4 C:\Users\ADMIN\Desktop\dakdrinh\system\Model.php(264): CodeIgniter\Database\BaseBuilder->get()
#5 C:\Users\ADMIN\Desktop\dakdrinh\system\BaseModel.php(662): CodeIgniter\Model->doFirst()
#6 C:\Users\ADMIN\Desktop\dakdrinh\app\Controllers\Admin\CBieuDo.php(57): CodeIgniter\BaseModel->first()
#7 C:\Users\ADMIN\Desktop\dakdrinh\system\CodeIgniter.php(942): App\Controllers\Admin\CBieuDo->getdata()
#8 C:\Users\ADMIN\Desktop\dakdrinh\system\CodeIgniter.php(502): CodeIgniter\CodeIgniter->runController(Object(App\Controllers\Admin\CBieuDo))
#9 C:\Users\ADMIN\Desktop\dakdrinh\system\CodeIgniter.php(361): CodeIgniter\CodeIgniter->handleRequest(NULL, Object(Config\Cache), false)
#10 C:\Users\ADMIN\Desktop\dakdrinh\public\index.php(79): CodeIgniter\CodeIgniter->run()
#11 C:\Users\ADMIN\Desktop\dakdrinh\system\Commands\Server\rewrite.php(47): require_once('C:\\Users\\ADMIN\\...')
#12 {main}

Next CodeIgniter\Database\Exceptions\DatabaseException: No connection could be made because the target machine actively refused it in C:\Users\ADMIN\Desktop\dakdrinh\system\Database\MySQLi\Connection.php:229
Stack trace:
#0 C:\Users\ADMIN\Desktop\dakdrinh\system\Database\BaseConnection.php(392): CodeIgniter\Database\MySQLi\Connection->connect(false)
#1 C:\Users\ADMIN\Desktop\dakdrinh\system\Database\BaseConnection.php(575): CodeIgniter\Database\BaseConnection->initialize()
#2 C:\Users\ADMIN\Desktop\dakdrinh\system\Database\BaseBuilder.php(1615): CodeIgniter\Database\BaseConnection->query('SELECT *\nFROM `...', Array, false)
#3 C:\Users\ADMIN\Desktop\dakdrinh\system\Model.php(264): CodeIgniter\Database\BaseBuilder->get()
#4 C:\Users\ADMIN\Desktop\dakdrinh\system\BaseModel.php(662): CodeIgniter\Model->doFirst()
#5 C:\Users\ADMIN\Desktop\dakdrinh\app\Controllers\Admin\CBieuDo.php(57): CodeIgniter\BaseModel->first()
#6 C:\Users\ADMIN\Desktop\dakdrinh\system\CodeIgniter.php(942): App\Controllers\Admin\CBieuDo->getdata()
#7 C:\Users\ADMIN\Desktop\dakdrinh\system\CodeIgniter.php(502): CodeIgniter\CodeIgniter->runController(Object(App\Controllers\Admin\CBieuDo))
#8 C:\Users\ADMIN\Desktop\dakdrinh\system\CodeIgniter.php(361): CodeIgniter\CodeIgniter->handleRequest(NULL, Object(Config\Cache), false)
#9 C:\Users\ADMIN\Desktop\dakdrinh\public\index.php(79): CodeIgniter\CodeIgniter->run()
#10 C:\Users\ADMIN\Desktop\dakdrinh\system\Commands\Server\rewrite.php(47): require_once('C:\\Users\\ADMIN\\...')
#11 {main}
CRITICAL - 2024-02-27 01:06:17 --> Unable to connect to the database.
Main connection [MySQLi]: No connection could be made because the target machine actively refused it
in SYSTEMPATH\Database\BaseConnection.php on line 428.
 1 SYSTEMPATH\Database\BaseConnection.php(575): CodeIgniter\Database\BaseConnection->initialize()
 2 SYSTEMPATH\Database\BaseBuilder.php(1615): CodeIgniter\Database\BaseConnection->query('SELECT *
FROM `tbbieudothuydien`
ORDER BY `idbieudothuydien` DESC
 LIMIT 1', [], false)
 3 SYSTEMPATH\Model.php(264): CodeIgniter\Database\BaseBuilder->get()
 4 SYSTEMPATH\BaseModel.php(662): CodeIgniter\Model->doFirst()
 5 APPPATH\Controllers\Admin\CBieuDo.php(57): CodeIgniter\BaseModel->first()
 6 SYSTEMPATH\CodeIgniter.php(942): App\Controllers\Admin\CBieuDo->getdata()
 7 SYSTEMPATH\CodeIgniter.php(502): CodeIgniter\CodeIgniter->runController(Object(App\Controllers\Admin\CBieuDo))
 8 SYSTEMPATH\CodeIgniter.php(361): CodeIgniter\CodeIgniter->handleRequest(null, Object(Config\Cache), false)
 9 FCPATH\index.php(79): CodeIgniter\CodeIgniter->run()
10 SYSTEMPATH\Commands\Server\rewrite.php(47): require_once('C:\\Users\\ADMIN\\Desktop\\dakdrinh\\public\\index.php')
INFO - 2024-02-27 01:18:35 --> Session: Class initialized using 'CodeIgniter\Session\Handlers\FileHandler' driver.
INFO - 2024-02-27 01:18:35 --> Session: Class initialized using 'CodeIgniter\Session\Handlers\FileHandler' driver.
INFO - 2024-02-27 01:18:36 --> Session: Class initialized using 'CodeIgniter\Session\Handlers\FileHandler' driver.
INFO - 2024-02-27 01:18:38 --> Session: Class initialized using 'CodeIgniter\Session\Handlers\FileHandler' driver.
INFO - 2024-02-27 01:18:43 --> Session: Class initialized using 'CodeIgniter\Session\Handlers\FileHandler' driver.
INFO - 2024-02-27 01:18:43 --> Session: Class initialized using 'CodeIgniter\Session\Handlers\FileHandler' driver.
INFO - 2024-02-27 01:18:45 --> Session: Class initialized using 'CodeIgniter\Session\Handlers\FileHandler' driver.
INFO - 2024-02-27 01:18:46 --> Session: Class initialized using 'CodeIgniter\Session\Handlers\FileHandler' driver.
INFO - 2024-02-27 01:18:47 --> Session: Class initialized using 'CodeIgniter\Session\Handlers\FileHandler' driver.
INFO - 2024-02-27 01:18:50 --> Session: Class initialized using 'CodeIgniter\Session\Handlers\FileHandler' driver.
INFO - 2024-02-27 01:18:52 --> Session: Class initialized using 'CodeIgniter\Session\Handlers\FileHandler' driver.
INFO - 2024-02-27 01:18:56 --> Session: Class initialized using 'CodeIgniter\Session\Handlers\FileHandler' driver.
INFO - 2024-02-27 01:18:57 --> Session: Class initialized using 'CodeIgniter\Session\Handlers\FileHandler' driver.
INFO - 2024-02-27 01:19:01 --> Session: Class initialized using 'CodeIgniter\Session\Handlers\FileHandler' driver.
INFO - 2024-02-27 01:19:02 --> Session: Class initialized using 'CodeIgniter\Session\Handlers\FileHandler' driver.
INFO - 2024-02-27 01:19:44 --> Session: Class initialized using 'CodeIgniter\Session\Handlers\FileHandler' driver.
INFO - 2024-02-27 01:19:44 --> Session: Class initialized using 'CodeIgniter\Session\Handlers\FileHandler' driver.
INFO - 2024-02-27 01:19:52 --> Session: Class initialized using 'CodeIgniter\Session\Handlers\FileHandler' driver.
INFO - 2024-02-27 01:19:52 --> Session: Class initialized using 'CodeIgniter\Session\Handlers\FileHandler' driver.
INFO - 2024-02-27 01:20:01 --> Session: Class initialized using 'CodeIgniter\Session\Handlers\FileHandler' driver.
INFO - 2024-02-27 01:20:01 --> Session: Class initialized using 'CodeIgniter\Session\Handlers\FileHandler' driver.
INFO - 2024-02-27 01:20:38 --> Session: Class initialized using 'CodeIgniter\Session\Handlers\FileHandler' driver.
INFO - 2024-02-27 01:20:38 --> Session: Class initialized using 'CodeIgniter\Session\Handlers\FileHandler' driver.
INFO - 2024-02-27 13:06:55 --> Session: Class initialized using 'CodeIgniter\Session\Handlers\FileHandler' driver.
INFO - 2024-02-27 13:06:55 --> Session: Class initialized using 'CodeIgniter\Session\Handlers\FileHandler' driver.
INFO - 2024-02-27 13:07:08 --> Session: Class initialized using 'CodeIgniter\Session\Handlers\FileHandler' driver.
INFO - 2024-02-27 13:07:11 --> Session: Class initialized using 'CodeIgniter\Session\Handlers\FileHandler' driver.
INFO - 2024-02-27 13:07:18 --> Session: Class initialized using 'CodeIgniter\Session\Handlers\FileHandler' driver.
INFO - 2024-02-27 13:07:19 --> Session: Class initialized using 'CodeIgniter\Session\Handlers\FileHandler' driver.
INFO - 2024-02-27 13:07:20 --> Session: Class initialized using 'CodeIgniter\Session\Handlers\FileHandler' driver.
INFO - 2024-02-27 13:07:23 --> Session: Class initialized using 'CodeIgniter\Session\Handlers\FileHandler' driver.
INFO - 2024-02-27 13:07:26 --> Session: Class initialized using 'CodeIgniter\Session\Handlers\FileHandler' driver.
INFO - 2024-02-27 13:08:00 --> Session: Class initialized using 'CodeIgniter\Session\Handlers\FileHandler' driver.
INFO - 2024-02-27 13:12:28 --> Session: Class initialized using 'CodeIgniter\Session\Handlers\FileHandler' driver.
INFO - 2024-02-27 13:14:54 --> Session: Class initialized using 'CodeIgniter\Session\Handlers\FileHandler' driver.
INFO - 2024-02-27 13:17:09 --> Session: Class initialized using 'CodeIgniter\Session\Handlers\FileHandler' driver.
