INFO - 2024-04-27 01:16:09 --> Session: Class initialized using 'CodeIgniter\Session\Handlers\FileHandler' driver.
WARNING - 2024-04-27 01:16:09 --> Session: Sessions is enabled, and one exists. Please don't $session->start();
ERROR - 2024-04-27 01:16:13 --> Error connecting to the database: mysqli_sql_exception: No connection could be made because the target machine actively refused it in C:\Users\ADMIN\Desktop\dakdrinh\system\Database\MySQLi\Connection.php:184
Stack trace:
#0 C:\Users\ADMIN\Desktop\dakdrinh\system\Database\MySQLi\Connection.php(184): mysqli->real_connect('localhost', 'root', Object(SensitiveParameterValue), 'dakdrinh', 3306, '', 0)
#1 C:\Users\ADMIN\Desktop\dakdrinh\system\Database\BaseConnection.php(392): CodeIgniter\Database\MySQLi\Connection->connect(false)
#2 C:\Users\ADMIN\Desktop\dakdrinh\system\Database\BaseConnection.php(575): CodeIgniter\Database\BaseConnection->initialize()
#3 C:\Users\ADMIN\Desktop\dakdrinh\system\Database\BaseBuilder.php(1615): CodeIgniter\Database\BaseConnection->query('SELECT `truycap...', Array, false)
#4 C:\Users\ADMIN\Desktop\dakdrinh\system\Model.php(871): CodeIgniter\Database\BaseBuilder->get()
#5 C:\Users\ADMIN\Desktop\dakdrinh\app\Models\Mtruycap.php(106): CodeIgniter\Model->__call('get', Array)
#6 C:\Users\ADMIN\Desktop\dakdrinh\app\Models\Mtruycap.php(47): App\Models\Mtruycap->getTruycapngayByNgay('2024-04-27')
#7 C:\Users\ADMIN\Desktop\dakdrinh\app\Controllers\Client\CHome.php(24): App\Models\Mtruycap->increaseCurrentAccess()
#8 C:\Users\ADMIN\Desktop\dakdrinh\system\CodeIgniter.php(942): App\Controllers\Client\CHome->index()
#9 C:\Users\ADMIN\Desktop\dakdrinh\system\CodeIgniter.php(502): CodeIgniter\CodeIgniter->runController(Object(App\Controllers\Client\CHome))
#10 C:\Users\ADMIN\Desktop\dakdrinh\system\CodeIgniter.php(361): CodeIgniter\CodeIgniter->handleRequest(NULL, Object(Config\Cache), false)
#11 C:\Users\ADMIN\Desktop\dakdrinh\public\index.php(79): CodeIgniter\CodeIgniter->run()
#12 C:\Users\ADMIN\Desktop\dakdrinh\system\Commands\Server\rewrite.php(47): require_once('C:\\Users\\ADMIN\\...')
#13 {main}

Next CodeIgniter\Database\Exceptions\DatabaseException: No connection could be made because the target machine actively refused it in C:\Users\ADMIN\Desktop\dakdrinh\system\Database\MySQLi\Connection.php:229
Stack trace:
#0 C:\Users\ADMIN\Desktop\dakdrinh\system\Database\BaseConnection.php(392): CodeIgniter\Database\MySQLi\Connection->connect(false)
#1 C:\Users\ADMIN\Desktop\dakdrinh\system\Database\BaseConnection.php(575): CodeIgniter\Database\BaseConnection->initialize()
#2 C:\Users\ADMIN\Desktop\dakdrinh\system\Database\BaseBuilder.php(1615): CodeIgniter\Database\BaseConnection->query('SELECT `truycap...', Array, false)
#3 C:\Users\ADMIN\Desktop\dakdrinh\system\Model.php(871): CodeIgniter\Database\BaseBuilder->get()
#4 C:\Users\ADMIN\Desktop\dakdrinh\app\Models\Mtruycap.php(106): CodeIgniter\Model->__call('get', Array)
#5 C:\Users\ADMIN\Desktop\dakdrinh\app\Models\Mtruycap.php(47): App\Models\Mtruycap->getTruycapngayByNgay('2024-04-27')
#6 C:\Users\ADMIN\Desktop\dakdrinh\app\Controllers\Client\CHome.php(24): App\Models\Mtruycap->increaseCurrentAccess()
#7 C:\Users\ADMIN\Desktop\dakdrinh\system\CodeIgniter.php(942): App\Controllers\Client\CHome->index()
#8 C:\Users\ADMIN\Desktop\dakdrinh\system\CodeIgniter.php(502): CodeIgniter\CodeIgniter->runController(Object(App\Controllers\Client\CHome))
#9 C:\Users\ADMIN\Desktop\dakdrinh\system\CodeIgniter.php(361): CodeIgniter\CodeIgniter->handleRequest(NULL, Object(Config\Cache), false)
#10 C:\Users\ADMIN\Desktop\dakdrinh\public\index.php(79): CodeIgniter\CodeIgniter->run()
#11 C:\Users\ADMIN\Desktop\dakdrinh\system\Commands\Server\rewrite.php(47): require_once('C:\\Users\\ADMIN\\...')
#12 {main}
CRITICAL - 2024-04-27 01:16:13 --> Unable to connect to the database.
Main connection [MySQLi]: No connection could be made because the target machine actively refused it
in SYSTEMPATH\Database\BaseConnection.php on line 428.
 1 SYSTEMPATH\Database\BaseConnection.php(575): CodeIgniter\Database\BaseConnection->initialize()
 2 SYSTEMPATH\Database\BaseBuilder.php(1615): CodeIgniter\Database\BaseConnection->query('SELECT `truycapngay`
FROM `tbtruycap`
WHERE `ngay` = :ngay:', [...], false)
 3 SYSTEMPATH\Model.php(871): CodeIgniter\Database\BaseBuilder->get()
 4 APPPATH\Models\Mtruycap.php(106): CodeIgniter\Model->__call('get', [])
 5 APPPATH\Models\Mtruycap.php(47): App\Models\Mtruycap->getTruycapngayByNgay('2024-04-27')
 6 APPPATH\Controllers\Client\CHome.php(24): App\Models\Mtruycap->increaseCurrentAccess()
 7 SYSTEMPATH\CodeIgniter.php(942): App\Controllers\Client\CHome->index()
 8 SYSTEMPATH\CodeIgniter.php(502): CodeIgniter\CodeIgniter->runController(Object(App\Controllers\Client\CHome))
 9 SYSTEMPATH\CodeIgniter.php(361): CodeIgniter\CodeIgniter->handleRequest(null, Object(Config\Cache), false)
10 FCPATH\index.php(79): CodeIgniter\CodeIgniter->run()
11 SYSTEMPATH\Commands\Server\rewrite.php(47): require_once('C:\\Users\\ADMIN\\Desktop\\dakdrinh\\public\\index.php')
INFO - 2024-04-27 01:18:24 --> Session: Class initialized using 'CodeIgniter\Session\Handlers\FileHandler' driver.
WARNING - 2024-04-27 01:18:24 --> Session: Sessions is enabled, and one exists. Please don't $session->start();
ERROR - 2024-04-27 01:18:25 --> Error connecting to the database: mysqli_sql_exception: Unknown database 'dakdrinh' in C:\Users\ADMIN\Desktop\dakdrinh\system\Database\MySQLi\Connection.php:184
Stack trace:
#0 C:\Users\ADMIN\Desktop\dakdrinh\system\Database\MySQLi\Connection.php(184): mysqli->real_connect('localhost', 'root', Object(SensitiveParameterValue), 'dakdrinh', 3306, '', 0)
#1 C:\Users\ADMIN\Desktop\dakdrinh\system\Database\BaseConnection.php(392): CodeIgniter\Database\MySQLi\Connection->connect(false)
#2 C:\Users\ADMIN\Desktop\dakdrinh\system\Database\BaseConnection.php(575): CodeIgniter\Database\BaseConnection->initialize()
#3 C:\Users\ADMIN\Desktop\dakdrinh\system\Database\BaseBuilder.php(1615): CodeIgniter\Database\BaseConnection->query('SELECT `truycap...', Array, false)
#4 C:\Users\ADMIN\Desktop\dakdrinh\system\Model.php(871): CodeIgniter\Database\BaseBuilder->get()
#5 C:\Users\ADMIN\Desktop\dakdrinh\app\Models\Mtruycap.php(106): CodeIgniter\Model->__call('get', Array)
#6 C:\Users\ADMIN\Desktop\dakdrinh\app\Models\Mtruycap.php(47): App\Models\Mtruycap->getTruycapngayByNgay('2024-04-27')
#7 C:\Users\ADMIN\Desktop\dakdrinh\app\Controllers\Client\CHome.php(24): App\Models\Mtruycap->increaseCurrentAccess()
#8 C:\Users\ADMIN\Desktop\dakdrinh\system\CodeIgniter.php(942): App\Controllers\Client\CHome->index()
#9 C:\Users\ADMIN\Desktop\dakdrinh\system\CodeIgniter.php(502): CodeIgniter\CodeIgniter->runController(Object(App\Controllers\Client\CHome))
#10 C:\Users\ADMIN\Desktop\dakdrinh\system\CodeIgniter.php(361): CodeIgniter\CodeIgniter->handleRequest(NULL, Object(Config\Cache), false)
#11 C:\Users\ADMIN\Desktop\dakdrinh\public\index.php(79): CodeIgniter\CodeIgniter->run()
#12 C:\Users\ADMIN\Desktop\dakdrinh\system\Commands\Server\rewrite.php(47): require_once('C:\\Users\\ADMIN\\...')
#13 {main}

Next CodeIgniter\Database\Exceptions\DatabaseException: Unknown database 'dakdrinh' in C:\Users\ADMIN\Desktop\dakdrinh\system\Database\MySQLi\Connection.php:229
Stack trace:
#0 C:\Users\ADMIN\Desktop\dakdrinh\system\Database\BaseConnection.php(392): CodeIgniter\Database\MySQLi\Connection->connect(false)
#1 C:\Users\ADMIN\Desktop\dakdrinh\system\Database\BaseConnection.php(575): CodeIgniter\Database\BaseConnection->initialize()
#2 C:\Users\ADMIN\Desktop\dakdrinh\system\Database\BaseBuilder.php(1615): CodeIgniter\Database\BaseConnection->query('SELECT `truycap...', Array, false)
#3 C:\Users\ADMIN\Desktop\dakdrinh\system\Model.php(871): CodeIgniter\Database\BaseBuilder->get()
#4 C:\Users\ADMIN\Desktop\dakdrinh\app\Models\Mtruycap.php(106): CodeIgniter\Model->__call('get', Array)
#5 C:\Users\ADMIN\Desktop\dakdrinh\app\Models\Mtruycap.php(47): App\Models\Mtruycap->getTruycapngayByNgay('2024-04-27')
#6 C:\Users\ADMIN\Desktop\dakdrinh\app\Controllers\Client\CHome.php(24): App\Models\Mtruycap->increaseCurrentAccess()
#7 C:\Users\ADMIN\Desktop\dakdrinh\system\CodeIgniter.php(942): App\Controllers\Client\CHome->index()
#8 C:\Users\ADMIN\Desktop\dakdrinh\system\CodeIgniter.php(502): CodeIgniter\CodeIgniter->runController(Object(App\Controllers\Client\CHome))
#9 C:\Users\ADMIN\Desktop\dakdrinh\system\CodeIgniter.php(361): CodeIgniter\CodeIgniter->handleRequest(NULL, Object(Config\Cache), false)
#10 C:\Users\ADMIN\Desktop\dakdrinh\public\index.php(79): CodeIgniter\CodeIgniter->run()
#11 C:\Users\ADMIN\Desktop\dakdrinh\system\Commands\Server\rewrite.php(47): require_once('C:\\Users\\ADMIN\\...')
#12 {main}
CRITICAL - 2024-04-27 01:18:25 --> Unable to connect to the database.
Main connection [MySQLi]: Unknown database 'dakdrinh'
in SYSTEMPATH\Database\BaseConnection.php on line 428.
 1 SYSTEMPATH\Database\BaseConnection.php(575): CodeIgniter\Database\BaseConnection->initialize()
 2 SYSTEMPATH\Database\BaseBuilder.php(1615): CodeIgniter\Database\BaseConnection->query('SELECT `truycapngay`
FROM `tbtruycap`
WHERE `ngay` = :ngay:', [...], false)
 3 SYSTEMPATH\Model.php(871): CodeIgniter\Database\BaseBuilder->get()
 4 APPPATH\Models\Mtruycap.php(106): CodeIgniter\Model->__call('get', [])
 5 APPPATH\Models\Mtruycap.php(47): App\Models\Mtruycap->getTruycapngayByNgay('2024-04-27')
 6 APPPATH\Controllers\Client\CHome.php(24): App\Models\Mtruycap->increaseCurrentAccess()
 7 SYSTEMPATH\CodeIgniter.php(942): App\Controllers\Client\CHome->index()
 8 SYSTEMPATH\CodeIgniter.php(502): CodeIgniter\CodeIgniter->runController(Object(App\Controllers\Client\CHome))
 9 SYSTEMPATH\CodeIgniter.php(361): CodeIgniter\CodeIgniter->handleRequest(null, Object(Config\Cache), false)
10 FCPATH\index.php(79): CodeIgniter\CodeIgniter->run()
11 SYSTEMPATH\Commands\Server\rewrite.php(47): require_once('C:\\Users\\ADMIN\\Desktop\\dakdrinh\\public\\index.php')
INFO - 2024-04-27 01:18:49 --> Session: Class initialized using 'CodeIgniter\Session\Handlers\FileHandler' driver.
WARNING - 2024-04-27 01:18:49 --> Session: Sessions is enabled, and one exists. Please don't $session->start();
ERROR - 2024-04-27 01:18:49 --> mysqli_sql_exception: Got error 194 "Tablespace is missing for a table" from storage engine InnoDB in C:\Users\ADMIN\Desktop\dakdrinh\system\Database\MySQLi\Connection.php:306
Stack trace:
#0 C:\Users\ADMIN\Desktop\dakdrinh\system\Database\MySQLi\Connection.php(306): mysqli->query('SELECT `truycap...', 0)
#1 C:\Users\ADMIN\Desktop\dakdrinh\system\Database\BaseConnection.php(693): CodeIgniter\Database\MySQLi\Connection->execute('SELECT `truycap...')
#2 C:\Users\ADMIN\Desktop\dakdrinh\system\Database\BaseConnection.php(607): CodeIgniter\Database\BaseConnection->simpleQuery('SELECT `truycap...')
#3 C:\Users\ADMIN\Desktop\dakdrinh\system\Database\BaseBuilder.php(1615): CodeIgniter\Database\BaseConnection->query('SELECT `truycap...', Array, false)
#4 C:\Users\ADMIN\Desktop\dakdrinh\system\Model.php(871): CodeIgniter\Database\BaseBuilder->get()
#5 C:\Users\ADMIN\Desktop\dakdrinh\app\Models\Mtruycap.php(106): CodeIgniter\Model->__call('get', Array)
#6 C:\Users\ADMIN\Desktop\dakdrinh\app\Models\Mtruycap.php(47): App\Models\Mtruycap->getTruycapngayByNgay('2024-04-27')
#7 C:\Users\ADMIN\Desktop\dakdrinh\app\Controllers\Client\CHome.php(24): App\Models\Mtruycap->increaseCurrentAccess()
#8 C:\Users\ADMIN\Desktop\dakdrinh\system\CodeIgniter.php(942): App\Controllers\Client\CHome->index()
#9 C:\Users\ADMIN\Desktop\dakdrinh\system\CodeIgniter.php(502): CodeIgniter\CodeIgniter->runController(Object(App\Controllers\Client\CHome))
#10 C:\Users\ADMIN\Desktop\dakdrinh\system\CodeIgniter.php(361): CodeIgniter\CodeIgniter->handleRequest(NULL, Object(Config\Cache), false)
#11 C:\Users\ADMIN\Desktop\dakdrinh\public\index.php(79): CodeIgniter\CodeIgniter->run()
#12 C:\Users\ADMIN\Desktop\dakdrinh\system\Commands\Server\rewrite.php(47): require_once('C:\\Users\\ADMIN\\...')
#13 {main}
CRITICAL - 2024-04-27 01:18:49 --> Got error 194 "Tablespace is missing for a table" from storage engine InnoDB
in SYSTEMPATH\Database\BaseConnection.php on line 647.
 1 SYSTEMPATH\Database\BaseBuilder.php(1615): CodeIgniter\Database\BaseConnection->query('SELECT `truycapngay`
FROM `tbtruycap`
WHERE `ngay` = :ngay:', [...], false)
 2 SYSTEMPATH\Model.php(871): CodeIgniter\Database\BaseBuilder->get()
 3 APPPATH\Models\Mtruycap.php(106): CodeIgniter\Model->__call('get', [])
 4 APPPATH\Models\Mtruycap.php(47): App\Models\Mtruycap->getTruycapngayByNgay('2024-04-27')
 5 APPPATH\Controllers\Client\CHome.php(24): App\Models\Mtruycap->increaseCurrentAccess()
 6 SYSTEMPATH\CodeIgniter.php(942): App\Controllers\Client\CHome->index()
 7 SYSTEMPATH\CodeIgniter.php(502): CodeIgniter\CodeIgniter->runController(Object(App\Controllers\Client\CHome))
 8 SYSTEMPATH\CodeIgniter.php(361): CodeIgniter\CodeIgniter->handleRequest(null, Object(Config\Cache), false)
 9 FCPATH\index.php(79): CodeIgniter\CodeIgniter->run()
10 SYSTEMPATH\Commands\Server\rewrite.php(47): require_once('C:\\Users\\ADMIN\\Desktop\\dakdrinh\\public\\index.php')
INFO - 2024-04-27 01:18:56 --> Session: Class initialized using 'CodeIgniter\Session\Handlers\FileHandler' driver.
WARNING - 2024-04-27 01:18:56 --> Session: Sessions is enabled, and one exists. Please don't $session->start();
ERROR - 2024-04-27 01:18:56 --> mysqli_sql_exception: Got error 194 "Tablespace is missing for a table" from storage engine InnoDB in C:\Users\ADMIN\Desktop\dakdrinh\system\Database\MySQLi\Connection.php:306
Stack trace:
#0 C:\Users\ADMIN\Desktop\dakdrinh\system\Database\MySQLi\Connection.php(306): mysqli->query('SELECT `truycap...', 0)
#1 C:\Users\ADMIN\Desktop\dakdrinh\system\Database\BaseConnection.php(693): CodeIgniter\Database\MySQLi\Connection->execute('SELECT `truycap...')
#2 C:\Users\ADMIN\Desktop\dakdrinh\system\Database\BaseConnection.php(607): CodeIgniter\Database\BaseConnection->simpleQuery('SELECT `truycap...')
#3 C:\Users\ADMIN\Desktop\dakdrinh\system\Database\BaseBuilder.php(1615): CodeIgniter\Database\BaseConnection->query('SELECT `truycap...', Array, false)
#4 C:\Users\ADMIN\Desktop\dakdrinh\system\Model.php(871): CodeIgniter\Database\BaseBuilder->get()
#5 C:\Users\ADMIN\Desktop\dakdrinh\app\Models\Mtruycap.php(106): CodeIgniter\Model->__call('get', Array)
#6 C:\Users\ADMIN\Desktop\dakdrinh\app\Models\Mtruycap.php(47): App\Models\Mtruycap->getTruycapngayByNgay('2024-04-27')
#7 C:\Users\ADMIN\Desktop\dakdrinh\app\Controllers\Client\CHome.php(24): App\Models\Mtruycap->increaseCurrentAccess()
#8 C:\Users\ADMIN\Desktop\dakdrinh\system\CodeIgniter.php(942): App\Controllers\Client\CHome->index()
#9 C:\Users\ADMIN\Desktop\dakdrinh\system\CodeIgniter.php(502): CodeIgniter\CodeIgniter->runController(Object(App\Controllers\Client\CHome))
#10 C:\Users\ADMIN\Desktop\dakdrinh\system\CodeIgniter.php(361): CodeIgniter\CodeIgniter->handleRequest(NULL, Object(Config\Cache), false)
#11 C:\Users\ADMIN\Desktop\dakdrinh\public\index.php(79): CodeIgniter\CodeIgniter->run()
#12 C:\Users\ADMIN\Desktop\dakdrinh\system\Commands\Server\rewrite.php(47): require_once('C:\\Users\\ADMIN\\...')
#13 {main}
CRITICAL - 2024-04-27 01:18:56 --> Got error 194 "Tablespace is missing for a table" from storage engine InnoDB
in SYSTEMPATH\Database\BaseConnection.php on line 647.
 1 SYSTEMPATH\Database\BaseBuilder.php(1615): CodeIgniter\Database\BaseConnection->query('SELECT `truycapngay`
FROM `tbtruycap`
WHERE `ngay` = :ngay:', [...], false)
 2 SYSTEMPATH\Model.php(871): CodeIgniter\Database\BaseBuilder->get()
 3 APPPATH\Models\Mtruycap.php(106): CodeIgniter\Model->__call('get', [])
 4 APPPATH\Models\Mtruycap.php(47): App\Models\Mtruycap->getTruycapngayByNgay('2024-04-27')
 5 APPPATH\Controllers\Client\CHome.php(24): App\Models\Mtruycap->increaseCurrentAccess()
 6 SYSTEMPATH\CodeIgniter.php(942): App\Controllers\Client\CHome->index()
 7 SYSTEMPATH\CodeIgniter.php(502): CodeIgniter\CodeIgniter->runController(Object(App\Controllers\Client\CHome))
 8 SYSTEMPATH\CodeIgniter.php(361): CodeIgniter\CodeIgniter->handleRequest(null, Object(Config\Cache), false)
 9 FCPATH\index.php(79): CodeIgniter\CodeIgniter->run()
10 SYSTEMPATH\Commands\Server\rewrite.php(47): require_once('C:\\Users\\ADMIN\\Desktop\\dakdrinh\\public\\index.php')
INFO - 2024-04-27 01:19:07 --> Session: Class initialized using 'CodeIgniter\Session\Handlers\FileHandler' driver.
WARNING - 2024-04-27 01:19:07 --> Session: Sessions is enabled, and one exists. Please don't $session->start();
INFO - 2024-04-27 01:40:54 --> Session: Class initialized using 'CodeIgniter\Session\Handlers\FileHandler' driver.
WARNING - 2024-04-27 01:40:54 --> Session: Sessions is enabled, and one exists. Please don't $session->start();
INFO - 2024-04-27 01:40:59 --> Session: Class initialized using 'CodeIgniter\Session\Handlers\FileHandler' driver.
WARNING - 2024-04-27 01:40:59 --> Session: Sessions is enabled, and one exists. Please don't $session->start();
INFO - 2024-04-27 01:41:54 --> Session: Class initialized using 'CodeIgniter\Session\Handlers\FileHandler' driver.
WARNING - 2024-04-27 01:41:54 --> Session: Sessions is enabled, and one exists. Please don't $session->start();
INFO - 2024-04-27 02:03:31 --> Session: Class initialized using 'CodeIgniter\Session\Handlers\FileHandler' driver.
WARNING - 2024-04-27 02:03:31 --> Session: Sessions is enabled, and one exists. Please don't $session->start();
INFO - 2024-04-27 02:03:57 --> Session: Class initialized using 'CodeIgniter\Session\Handlers\FileHandler' driver.
WARNING - 2024-04-27 02:03:57 --> Session: Sessions is enabled, and one exists. Please don't $session->start();
CRITICAL - 2024-04-27 02:03:58 --> Object of class stdClass could not be converted to string
in APPPATH\Views\Client\Layout\Footer.php on line 40.
 1 SYSTEMPATH\View\View.php(228): include()
 2 SYSTEMPATH\View\View.php(231): CodeIgniter\View\View->CodeIgniter\View\{closure}()
 3 SYSTEMPATH\View\View.php(469): CodeIgniter\View\View->render('Client/Layout/Footer', null, true)
 4 APPPATH\Views\Client\Layout\Base.php(67): CodeIgniter\View\View->include('Client/Layout/Footer')
 5 SYSTEMPATH\View\View.php(228): include('C:\\Users\\ADMIN\\Desktop\\dakdrinh\\app\\Views\\Client\\Layout\\Base.php')
 6 SYSTEMPATH\View\View.php(231): CodeIgniter\View\View->CodeIgniter\View\{closure}()
 7 SYSTEMPATH\View\View.php(244): CodeIgniter\View\View->render('Client/Layout/Base', [], true)
 8 SYSTEMPATH\Common.php(1190): CodeIgniter\View\View->render('Client/home', [], true)
 9 APPPATH\Controllers\Client\CHome.php(77): view('Client/home', [...])
10 SYSTEMPATH\CodeIgniter.php(942): App\Controllers\Client\CHome->index()
11 SYSTEMPATH\CodeIgniter.php(502): CodeIgniter\CodeIgniter->runController(Object(App\Controllers\Client\CHome))
12 SYSTEMPATH\CodeIgniter.php(361): CodeIgniter\CodeIgniter->handleRequest(null, Object(Config\Cache), false)
13 FCPATH\index.php(79): CodeIgniter\CodeIgniter->run()
14 SYSTEMPATH\Commands\Server\rewrite.php(47): require_once('C:\\Users\\ADMIN\\Desktop\\dakdrinh\\public\\index.php')
INFO - 2024-04-27 02:06:39 --> Session: Class initialized using 'CodeIgniter\Session\Handlers\FileHandler' driver.
WARNING - 2024-04-27 02:06:39 --> Session: Sessions is enabled, and one exists. Please don't $session->start();
CRITICAL - 2024-04-27 02:06:39 --> Object of class stdClass could not be converted to string
in APPPATH\Views\Client\Layout\Footer.php on line 40.
 1 SYSTEMPATH\View\View.php(228): include()
 2 SYSTEMPATH\View\View.php(231): CodeIgniter\View\View->CodeIgniter\View\{closure}()
 3 SYSTEMPATH\View\View.php(469): CodeIgniter\View\View->render('Client/Layout/Footer', null, true)
 4 APPPATH\Views\Client\Layout\Base.php(67): CodeIgniter\View\View->include('Client/Layout/Footer')
 5 SYSTEMPATH\View\View.php(228): include('C:\\Users\\ADMIN\\Desktop\\dakdrinh\\app\\Views\\Client\\Layout\\Base.php')
 6 SYSTEMPATH\View\View.php(231): CodeIgniter\View\View->CodeIgniter\View\{closure}()
 7 SYSTEMPATH\View\View.php(244): CodeIgniter\View\View->render('Client/Layout/Base', [], true)
 8 SYSTEMPATH\Common.php(1190): CodeIgniter\View\View->render('Client/home', [], true)
 9 APPPATH\Controllers\Client\CHome.php(77): view('Client/home', [...])
10 SYSTEMPATH\CodeIgniter.php(942): App\Controllers\Client\CHome->index()
11 SYSTEMPATH\CodeIgniter.php(502): CodeIgniter\CodeIgniter->runController(Object(App\Controllers\Client\CHome))
12 SYSTEMPATH\CodeIgniter.php(361): CodeIgniter\CodeIgniter->handleRequest(null, Object(Config\Cache), false)
13 FCPATH\index.php(79): CodeIgniter\CodeIgniter->run()
14 SYSTEMPATH\Commands\Server\rewrite.php(47): require_once('C:\\Users\\ADMIN\\Desktop\\dakdrinh\\public\\index.php')
INFO - 2024-04-27 02:07:18 --> Session: Class initialized using 'CodeIgniter\Session\Handlers\FileHandler' driver.
WARNING - 2024-04-27 02:07:18 --> Session: Sessions is enabled, and one exists. Please don't $session->start();
CRITICAL - 2024-04-27 02:11:59 --> Undefined variable $online
in APPPATH\Views\Client\Layout\Footer.php on line 26.
 1 APPPATH\Views\Client\Layout\Footer.php(26): CodeIgniter\Debug\Exceptions->errorHandler(2, 'Undefined variable $online', 'C:\\Users\\ADMIN\\Desktop\\dakdrinh\\app\\Views\\Client\\Layout\\Footer.php', 26)
 2 SYSTEMPATH\View\View.php(228): include('C:\\Users\\ADMIN\\Desktop\\dakdrinh\\app\\Views\\Client\\Layout\\Footer.php')
 3 SYSTEMPATH\View\View.php(231): CodeIgniter\View\View->CodeIgniter\View\{closure}()
 4 SYSTEMPATH\View\View.php(469): CodeIgniter\View\View->render('Client/Layout/Footer', null, true)
 5 APPPATH\Views\Client\Layout\Base.php(67): CodeIgniter\View\View->include('Client/Layout/Footer')
 6 SYSTEMPATH\View\View.php(228): include('C:\\Users\\ADMIN\\Desktop\\dakdrinh\\app\\Views\\Client\\Layout\\Base.php')
 7 SYSTEMPATH\View\View.php(231): CodeIgniter\View\View->CodeIgniter\View\{closure}()
 8 SYSTEMPATH\View\View.php(244): CodeIgniter\View\View->render('Client/Layout/Base', [], true)
 9 SYSTEMPATH\Common.php(1190): CodeIgniter\View\View->render('Client/DanhMuc', [], true)
10 APPPATH\Controllers\Client\CDanhMuc.php(39): view('Client/DanhMuc', [...])
11 SYSTEMPATH\CodeIgniter.php(942): App\Controllers\Client\CDanhMuc->index('101')
12 SYSTEMPATH\CodeIgniter.php(502): CodeIgniter\CodeIgniter->runController(Object(App\Controllers\Client\CDanhMuc))
13 SYSTEMPATH\CodeIgniter.php(361): CodeIgniter\CodeIgniter->handleRequest(null, Object(Config\Cache), false)
14 FCPATH\index.php(79): CodeIgniter\CodeIgniter->run()
15 SYSTEMPATH\Commands\Server\rewrite.php(47): require_once('C:\\Users\\ADMIN\\Desktop\\dakdrinh\\public\\index.php')
INFO - 2024-04-27 02:14:41 --> Session: Class initialized using 'CodeIgniter\Session\Handlers\FileHandler' driver.
WARNING - 2024-04-27 02:14:41 --> Session: Sessions is enabled, and one exists. Please don't $session->start();
CRITICAL - 2024-04-27 02:14:41 --> Undefined variable $online
in APPPATH\Views\Client\Layout\Footer.php on line 26.
 1 APPPATH\Views\Client\Layout\Footer.php(26): CodeIgniter\Debug\Exceptions->errorHandler(2, 'Undefined variable $online', 'C:\\Users\\ADMIN\\Desktop\\dakdrinh\\app\\Views\\Client\\Layout\\Footer.php', 26)
 2 SYSTEMPATH\View\View.php(228): include('C:\\Users\\ADMIN\\Desktop\\dakdrinh\\app\\Views\\Client\\Layout\\Footer.php')
 3 SYSTEMPATH\View\View.php(231): CodeIgniter\View\View->CodeIgniter\View\{closure}()
 4 SYSTEMPATH\View\View.php(469): CodeIgniter\View\View->render('Client/Layout/Footer', null, true)
 5 APPPATH\Views\Client\Layout\Base.php(67): CodeIgniter\View\View->include('Client/Layout/Footer')
 6 SYSTEMPATH\View\View.php(228): include('C:\\Users\\ADMIN\\Desktop\\dakdrinh\\app\\Views\\Client\\Layout\\Base.php')
 7 SYSTEMPATH\View\View.php(231): CodeIgniter\View\View->CodeIgniter\View\{closure}()
 8 SYSTEMPATH\View\View.php(244): CodeIgniter\View\View->render('Client/Layout/Base', [], true)
 9 SYSTEMPATH\Common.php(1190): CodeIgniter\View\View->render('Client/DanhMuc', [], true)
10 APPPATH\Controllers\Client\CDanhMuc.php(58): view('Client/DanhMuc', [...])
11 SYSTEMPATH\CodeIgniter.php(942): App\Controllers\Client\CDanhMuc->index('101')
12 SYSTEMPATH\CodeIgniter.php(502): CodeIgniter\CodeIgniter->runController(Object(App\Controllers\Client\CDanhMuc))
13 SYSTEMPATH\CodeIgniter.php(361): CodeIgniter\CodeIgniter->handleRequest(null, Object(Config\Cache), false)
14 FCPATH\index.php(79): CodeIgniter\CodeIgniter->run()
15 SYSTEMPATH\Commands\Server\rewrite.php(47): require_once('C:\\Users\\ADMIN\\Desktop\\dakdrinh\\public\\index.php')
INFO - 2024-04-27 02:15:09 --> Session: Class initialized using 'CodeIgniter\Session\Handlers\FileHandler' driver.
WARNING - 2024-04-27 02:15:09 --> Session: Sessions is enabled, and one exists. Please don't $session->start();
CRITICAL - 2024-04-27 02:15:09 --> Undefined variable $online
in APPPATH\Views\Client\Layout\Footer.php on line 26.
 1 APPPATH\Views\Client\Layout\Footer.php(26): CodeIgniter\Debug\Exceptions->errorHandler(2, 'Undefined variable $online', 'C:\\Users\\ADMIN\\Desktop\\dakdrinh\\app\\Views\\Client\\Layout\\Footer.php', 26)
 2 SYSTEMPATH\View\View.php(228): include('C:\\Users\\ADMIN\\Desktop\\dakdrinh\\app\\Views\\Client\\Layout\\Footer.php')
 3 SYSTEMPATH\View\View.php(231): CodeIgniter\View\View->CodeIgniter\View\{closure}()
 4 SYSTEMPATH\View\View.php(469): CodeIgniter\View\View->render('Client/Layout/Footer', null, true)
 5 APPPATH\Views\Client\Layout\Base.php(67): CodeIgniter\View\View->include('Client/Layout/Footer')
 6 SYSTEMPATH\View\View.php(228): include('C:\\Users\\ADMIN\\Desktop\\dakdrinh\\app\\Views\\Client\\Layout\\Base.php')
 7 SYSTEMPATH\View\View.php(231): CodeIgniter\View\View->CodeIgniter\View\{closure}()
 8 SYSTEMPATH\View\View.php(244): CodeIgniter\View\View->render('Client/Layout/Base', [], true)
 9 SYSTEMPATH\Common.php(1190): CodeIgniter\View\View->render('Client/DanhMuc', [], true)
10 APPPATH\Controllers\Client\CDanhMuc.php(58): view('Client/DanhMuc', [...])
11 SYSTEMPATH\CodeIgniter.php(942): App\Controllers\Client\CDanhMuc->index('101')
12 SYSTEMPATH\CodeIgniter.php(502): CodeIgniter\CodeIgniter->runController(Object(App\Controllers\Client\CDanhMuc))
13 SYSTEMPATH\CodeIgniter.php(361): CodeIgniter\CodeIgniter->handleRequest(null, Object(Config\Cache), false)
14 FCPATH\index.php(79): CodeIgniter\CodeIgniter->run()
15 SYSTEMPATH\Commands\Server\rewrite.php(47): require_once('C:\\Users\\ADMIN\\Desktop\\dakdrinh\\public\\index.php')
INFO - 2024-04-27 02:16:21 --> Session: Class initialized using 'CodeIgniter\Session\Handlers\FileHandler' driver.
WARNING - 2024-04-27 02:16:21 --> Session: Sessions is enabled, and one exists. Please don't $session->start();
CRITICAL - 2024-04-27 02:16:21 --> Undefined variable $online
in APPPATH\Views\Client\Layout\Footer.php on line 26.
 1 APPPATH\Views\Client\Layout\Footer.php(26): CodeIgniter\Debug\Exceptions->errorHandler(2, 'Undefined variable $online', 'C:\\Users\\ADMIN\\Desktop\\dakdrinh\\app\\Views\\Client\\Layout\\Footer.php', 26)
 2 SYSTEMPATH\View\View.php(228): include('C:\\Users\\ADMIN\\Desktop\\dakdrinh\\app\\Views\\Client\\Layout\\Footer.php')
 3 SYSTEMPATH\View\View.php(231): CodeIgniter\View\View->CodeIgniter\View\{closure}()
 4 SYSTEMPATH\View\View.php(469): CodeIgniter\View\View->render('Client/Layout/Footer', null, true)
 5 APPPATH\Views\Client\Layout\Base.php(67): CodeIgniter\View\View->include('Client/Layout/Footer')
 6 SYSTEMPATH\View\View.php(228): include('C:\\Users\\ADMIN\\Desktop\\dakdrinh\\app\\Views\\Client\\Layout\\Base.php')
 7 SYSTEMPATH\View\View.php(231): CodeIgniter\View\View->CodeIgniter\View\{closure}()
 8 SYSTEMPATH\View\View.php(244): CodeIgniter\View\View->render('Client/Layout/Base', [], true)
 9 SYSTEMPATH\Common.php(1190): CodeIgniter\View\View->render('Client/DanhMuc', [], true)
10 APPPATH\Controllers\Client\CDanhMuc.php(58): view('Client/DanhMuc', [...])
11 SYSTEMPATH\CodeIgniter.php(942): App\Controllers\Client\CDanhMuc->index('102')
12 SYSTEMPATH\CodeIgniter.php(502): CodeIgniter\CodeIgniter->runController(Object(App\Controllers\Client\CDanhMuc))
13 SYSTEMPATH\CodeIgniter.php(361): CodeIgniter\CodeIgniter->handleRequest(null, Object(Config\Cache), false)
14 FCPATH\index.php(79): CodeIgniter\CodeIgniter->run()
15 SYSTEMPATH\Commands\Server\rewrite.php(47): require_once('C:\\Users\\ADMIN\\Desktop\\dakdrinh\\public\\index.php')
INFO - 2024-04-27 02:16:29 --> Session: Class initialized using 'CodeIgniter\Session\Handlers\FileHandler' driver.
WARNING - 2024-04-27 02:16:29 --> Session: Sessions is enabled, and one exists. Please don't $session->start();
CRITICAL - 2024-04-27 02:16:29 --> Undefined variable $online
in APPPATH\Views\Client\Layout\Footer.php on line 26.
 1 APPPATH\Views\Client\Layout\Footer.php(26): CodeIgniter\Debug\Exceptions->errorHandler(2, 'Undefined variable $online', 'C:\\Users\\ADMIN\\Desktop\\dakdrinh\\app\\Views\\Client\\Layout\\Footer.php', 26)
 2 SYSTEMPATH\View\View.php(228): include('C:\\Users\\ADMIN\\Desktop\\dakdrinh\\app\\Views\\Client\\Layout\\Footer.php')
 3 SYSTEMPATH\View\View.php(231): CodeIgniter\View\View->CodeIgniter\View\{closure}()
 4 SYSTEMPATH\View\View.php(469): CodeIgniter\View\View->render('Client/Layout/Footer', null, true)
 5 APPPATH\Views\Client\Layout\Base.php(67): CodeIgniter\View\View->include('Client/Layout/Footer')
 6 SYSTEMPATH\View\View.php(228): include('C:\\Users\\ADMIN\\Desktop\\dakdrinh\\app\\Views\\Client\\Layout\\Base.php')
 7 SYSTEMPATH\View\View.php(231): CodeIgniter\View\View->CodeIgniter\View\{closure}()
 8 SYSTEMPATH\View\View.php(244): CodeIgniter\View\View->render('Client/Layout/Base', [], true)
 9 SYSTEMPATH\Common.php(1190): CodeIgniter\View\View->render('Client/DanhMuc', [], true)
10 APPPATH\Controllers\Client\CDanhMuc.php(58): view('Client/DanhMuc', [...])
11 SYSTEMPATH\CodeIgniter.php(942): App\Controllers\Client\CDanhMuc->index('201')
12 SYSTEMPATH\CodeIgniter.php(502): CodeIgniter\CodeIgniter->runController(Object(App\Controllers\Client\CDanhMuc))
13 SYSTEMPATH\CodeIgniter.php(361): CodeIgniter\CodeIgniter->handleRequest(null, Object(Config\Cache), false)
14 FCPATH\index.php(79): CodeIgniter\CodeIgniter->run()
15 SYSTEMPATH\Commands\Server\rewrite.php(47): require_once('C:\\Users\\ADMIN\\Desktop\\dakdrinh\\public\\index.php')
INFO - 2024-04-27 02:17:03 --> Session: Class initialized using 'CodeIgniter\Session\Handlers\FileHandler' driver.
WARNING - 2024-04-27 02:17:03 --> Session: Sessions is enabled, and one exists. Please don't $session->start();
CRITICAL - 2024-04-27 02:17:03 --> Undefined variable $online
in APPPATH\Views\Client\Layout\Footer.php on line 26.
 1 APPPATH\Views\Client\Layout\Footer.php(26): CodeIgniter\Debug\Exceptions->errorHandler(2, 'Undefined variable $online', 'C:\\Users\\ADMIN\\Desktop\\dakdrinh\\app\\Views\\Client\\Layout\\Footer.php', 26)
 2 SYSTEMPATH\View\View.php(228): include('C:\\Users\\ADMIN\\Desktop\\dakdrinh\\app\\Views\\Client\\Layout\\Footer.php')
 3 SYSTEMPATH\View\View.php(231): CodeIgniter\View\View->CodeIgniter\View\{closure}()
 4 SYSTEMPATH\View\View.php(469): CodeIgniter\View\View->render('Client/Layout/Footer', null, true)
 5 APPPATH\Views\Client\Layout\Base.php(67): CodeIgniter\View\View->include('Client/Layout/Footer')
 6 SYSTEMPATH\View\View.php(228): include('C:\\Users\\ADMIN\\Desktop\\dakdrinh\\app\\Views\\Client\\Layout\\Base.php')
 7 SYSTEMPATH\View\View.php(231): CodeIgniter\View\View->CodeIgniter\View\{closure}()
 8 SYSTEMPATH\View\View.php(244): CodeIgniter\View\View->render('Client/Layout/Base', [], true)
 9 SYSTEMPATH\Common.php(1190): CodeIgniter\View\View->render('Client/DanhMuc', [], true)
10 APPPATH\Controllers\Client\CDanhMuc.php(58): view('Client/DanhMuc', [...])
11 SYSTEMPATH\CodeIgniter.php(942): App\Controllers\Client\CDanhMuc->index('801')
12 SYSTEMPATH\CodeIgniter.php(502): CodeIgniter\CodeIgniter->runController(Object(App\Controllers\Client\CDanhMuc))
13 SYSTEMPATH\CodeIgniter.php(361): CodeIgniter\CodeIgniter->handleRequest(null, Object(Config\Cache), false)
14 FCPATH\index.php(79): CodeIgniter\CodeIgniter->run()
15 SYSTEMPATH\Commands\Server\rewrite.php(47): require_once('C:\\Users\\ADMIN\\Desktop\\dakdrinh\\public\\index.php')
INFO - 2024-04-27 02:18:28 --> Session: Class initialized using 'CodeIgniter\Session\Handlers\FileHandler' driver.
WARNING - 2024-04-27 02:18:28 --> Session: Sessions is enabled, and one exists. Please don't $session->start();
CRITICAL - 2024-04-27 02:18:28 --> Undefined variable $online
in APPPATH\Views\Client\Layout\Footer.php on line 26.
 1 APPPATH\Views\Client\Layout\Footer.php(26): CodeIgniter\Debug\Exceptions->errorHandler(2, 'Undefined variable $online', 'C:\\Users\\ADMIN\\Desktop\\dakdrinh\\app\\Views\\Client\\Layout\\Footer.php', 26)
 2 SYSTEMPATH\View\View.php(228): include('C:\\Users\\ADMIN\\Desktop\\dakdrinh\\app\\Views\\Client\\Layout\\Footer.php')
 3 SYSTEMPATH\View\View.php(231): CodeIgniter\View\View->CodeIgniter\View\{closure}()
 4 SYSTEMPATH\View\View.php(469): CodeIgniter\View\View->render('Client/Layout/Footer', null, true)
 5 APPPATH\Views\Client\Layout\Base.php(67): CodeIgniter\View\View->include('Client/Layout/Footer')
 6 SYSTEMPATH\View\View.php(228): include('C:\\Users\\ADMIN\\Desktop\\dakdrinh\\app\\Views\\Client\\Layout\\Base.php')
 7 SYSTEMPATH\View\View.php(231): CodeIgniter\View\View->CodeIgniter\View\{closure}()
 8 SYSTEMPATH\View\View.php(244): CodeIgniter\View\View->render('Client/Layout/Base', [], true)
 9 SYSTEMPATH\Common.php(1190): CodeIgniter\View\View->render('Client/DanhMuc', [], true)
10 APPPATH\Controllers\Client\CDanhMuc.php(58): view('Client/DanhMuc', [...])
11 SYSTEMPATH\CodeIgniter.php(942): App\Controllers\Client\CDanhMuc->index('801')
12 SYSTEMPATH\CodeIgniter.php(502): CodeIgniter\CodeIgniter->runController(Object(App\Controllers\Client\CDanhMuc))
13 SYSTEMPATH\CodeIgniter.php(361): CodeIgniter\CodeIgniter->handleRequest(null, Object(Config\Cache), false)
14 FCPATH\index.php(79): CodeIgniter\CodeIgniter->run()
15 SYSTEMPATH\Commands\Server\rewrite.php(47): require_once('C:\\Users\\ADMIN\\Desktop\\dakdrinh\\public\\index.php')
INFO - 2024-04-27 02:18:34 --> Session: Class initialized using 'CodeIgniter\Session\Handlers\FileHandler' driver.
WARNING - 2024-04-27 02:18:34 --> Session: Sessions is enabled, and one exists. Please don't $session->start();
INFO - 2024-04-27 02:20:32 --> Session: Class initialized using 'CodeIgniter\Session\Handlers\FileHandler' driver.
WARNING - 2024-04-27 02:20:32 --> Session: Sessions is enabled, and one exists. Please don't $session->start();
CRITICAL - 2024-04-27 02:20:32 --> Undefined variable $online
in APPPATH\Views\Client\Layout\Footer.php on line 26.
 1 APPPATH\Views\Client\Layout\Footer.php(26): CodeIgniter\Debug\Exceptions->errorHandler(2, 'Undefined variable $online', 'C:\\Users\\ADMIN\\Desktop\\dakdrinh\\app\\Views\\Client\\Layout\\Footer.php', 26)
 2 SYSTEMPATH\View\View.php(228): include('C:\\Users\\ADMIN\\Desktop\\dakdrinh\\app\\Views\\Client\\Layout\\Footer.php')
 3 SYSTEMPATH\View\View.php(231): CodeIgniter\View\View->CodeIgniter\View\{closure}()
 4 SYSTEMPATH\View\View.php(469): CodeIgniter\View\View->render('Client/Layout/Footer', null, true)
 5 APPPATH\Views\Client\Layout\Base.php(67): CodeIgniter\View\View->include('Client/Layout/Footer')
 6 SYSTEMPATH\View\View.php(228): include('C:\\Users\\ADMIN\\Desktop\\dakdrinh\\app\\Views\\Client\\Layout\\Base.php')
 7 SYSTEMPATH\View\View.php(231): CodeIgniter\View\View->CodeIgniter\View\{closure}()
 8 SYSTEMPATH\View\View.php(244): CodeIgniter\View\View->render('Client/Layout/Base', [], true)
 9 SYSTEMPATH\Common.php(1190): CodeIgniter\View\View->render('Client/DanhMuc', [], true)
10 APPPATH\Controllers\Client\CDanhMuc.php(58): view('Client/DanhMuc', [...])
11 SYSTEMPATH\CodeIgniter.php(942): App\Controllers\Client\CDanhMuc->index('105')
12 SYSTEMPATH\CodeIgniter.php(502): CodeIgniter\CodeIgniter->runController(Object(App\Controllers\Client\CDanhMuc))
13 SYSTEMPATH\CodeIgniter.php(361): CodeIgniter\CodeIgniter->handleRequest(null, Object(Config\Cache), false)
14 FCPATH\index.php(79): CodeIgniter\CodeIgniter->run()
15 SYSTEMPATH\Commands\Server\rewrite.php(47): require_once('C:\\Users\\ADMIN\\Desktop\\dakdrinh\\public\\index.php')
INFO - 2024-04-27 02:21:57 --> Session: Class initialized using 'CodeIgniter\Session\Handlers\FileHandler' driver.
WARNING - 2024-04-27 02:21:57 --> Session: Sessions is enabled, and one exists. Please don't $session->start();
CRITICAL - 2024-04-27 02:21:57 --> Undefined variable $currentDay
in APPPATH\Views\Client\Layout\Footer.php on line 26.
 1 APPPATH\Views\Client\Layout\Footer.php(26): CodeIgniter\Debug\Exceptions->errorHandler(2, 'Undefined variable $currentDay', 'C:\\Users\\ADMIN\\Desktop\\dakdrinh\\app\\Views\\Client\\Layout\\Footer.php', 26)
 2 SYSTEMPATH\View\View.php(228): include('C:\\Users\\ADMIN\\Desktop\\dakdrinh\\app\\Views\\Client\\Layout\\Footer.php')
 3 SYSTEMPATH\View\View.php(231): CodeIgniter\View\View->CodeIgniter\View\{closure}()
 4 SYSTEMPATH\View\View.php(469): CodeIgniter\View\View->render('Client/Layout/Footer', null, true)
 5 APPPATH\Views\Client\Layout\Base.php(67): CodeIgniter\View\View->include('Client/Layout/Footer')
 6 SYSTEMPATH\View\View.php(228): include('C:\\Users\\ADMIN\\Desktop\\dakdrinh\\app\\Views\\Client\\Layout\\Base.php')
 7 SYSTEMPATH\View\View.php(231): CodeIgniter\View\View->CodeIgniter\View\{closure}()
 8 SYSTEMPATH\View\View.php(244): CodeIgniter\View\View->render('Client/Layout/Base', [], true)
 9 SYSTEMPATH\Common.php(1190): CodeIgniter\View\View->render('Client/DanhMuc', [], true)
10 APPPATH\Controllers\Client\CDanhMuc.php(58): view('Client/DanhMuc', [...])
11 SYSTEMPATH\CodeIgniter.php(942): App\Controllers\Client\CDanhMuc->index('105')
12 SYSTEMPATH\CodeIgniter.php(502): CodeIgniter\CodeIgniter->runController(Object(App\Controllers\Client\CDanhMuc))
13 SYSTEMPATH\CodeIgniter.php(361): CodeIgniter\CodeIgniter->handleRequest(null, Object(Config\Cache), false)
14 FCPATH\index.php(79): CodeIgniter\CodeIgniter->run()
15 SYSTEMPATH\Commands\Server\rewrite.php(47): require_once('C:\\Users\\ADMIN\\Desktop\\dakdrinh\\public\\index.php')
INFO - 2024-04-27 02:22:04 --> Session: Class initialized using 'CodeIgniter\Session\Handlers\FileHandler' driver.
WARNING - 2024-04-27 02:22:04 --> Session: Sessions is enabled, and one exists. Please don't $session->start();
CRITICAL - 2024-04-27 02:22:04 --> Undefined variable $currentDay
in APPPATH\Views\Client\Layout\Footer.php on line 26.
 1 APPPATH\Views\Client\Layout\Footer.php(26): CodeIgniter\Debug\Exceptions->errorHandler(2, 'Undefined variable $currentDay', 'C:\\Users\\ADMIN\\Desktop\\dakdrinh\\app\\Views\\Client\\Layout\\Footer.php', 26)
 2 SYSTEMPATH\View\View.php(228): include('C:\\Users\\ADMIN\\Desktop\\dakdrinh\\app\\Views\\Client\\Layout\\Footer.php')
 3 SYSTEMPATH\View\View.php(231): CodeIgniter\View\View->CodeIgniter\View\{closure}()
 4 SYSTEMPATH\View\View.php(469): CodeIgniter\View\View->render('Client/Layout/Footer', null, true)
 5 APPPATH\Views\Client\Layout\Base.php(67): CodeIgniter\View\View->include('Client/Layout/Footer')
 6 SYSTEMPATH\View\View.php(228): include('C:\\Users\\ADMIN\\Desktop\\dakdrinh\\app\\Views\\Client\\Layout\\Base.php')
 7 SYSTEMPATH\View\View.php(231): CodeIgniter\View\View->CodeIgniter\View\{closure}()
 8 SYSTEMPATH\View\View.php(244): CodeIgniter\View\View->render('Client/Layout/Base', [], true)
 9 SYSTEMPATH\Common.php(1190): CodeIgniter\View\View->render('Client/DanhMuc', [], true)
10 APPPATH\Controllers\Client\CDanhMuc.php(58): view('Client/DanhMuc', [...])
11 SYSTEMPATH\CodeIgniter.php(942): App\Controllers\Client\CDanhMuc->index('801')
12 SYSTEMPATH\CodeIgniter.php(502): CodeIgniter\CodeIgniter->runController(Object(App\Controllers\Client\CDanhMuc))
13 SYSTEMPATH\CodeIgniter.php(361): CodeIgniter\CodeIgniter->handleRequest(null, Object(Config\Cache), false)
14 FCPATH\index.php(79): CodeIgniter\CodeIgniter->run()
15 SYSTEMPATH\Commands\Server\rewrite.php(47): require_once('C:\\Users\\ADMIN\\Desktop\\dakdrinh\\public\\index.php')
INFO - 2024-04-27 02:23:15 --> Session: Class initialized using 'CodeIgniter\Session\Handlers\FileHandler' driver.
WARNING - 2024-04-27 02:23:15 --> Session: Sessions is enabled, and one exists. Please don't $session->start();
INFO - 2024-04-27 02:23:40 --> Session: Class initialized using 'CodeIgniter\Session\Handlers\FileHandler' driver.
WARNING - 2024-04-27 02:23:40 --> Session: Sessions is enabled, and one exists. Please don't $session->start();
INFO - 2024-04-27 02:25:01 --> Session: Class initialized using 'CodeIgniter\Session\Handlers\FileHandler' driver.
WARNING - 2024-04-27 02:25:01 --> Session: Sessions is enabled, and one exists. Please don't $session->start();
INFO - 2024-04-27 02:25:16 --> Session: Class initialized using 'CodeIgniter\Session\Handlers\FileHandler' driver.
WARNING - 2024-04-27 02:25:16 --> Session: Sessions is enabled, and one exists. Please don't $session->start();
INFO - 2024-04-27 02:25:45 --> Session: Class initialized using 'CodeIgniter\Session\Handlers\FileHandler' driver.
WARNING - 2024-04-27 02:25:45 --> Session: Sessions is enabled, and one exists. Please don't $session->start();
INFO - 2024-04-27 02:26:36 --> Session: Class initialized using 'CodeIgniter\Session\Handlers\FileHandler' driver.
WARNING - 2024-04-27 02:26:36 --> Session: Sessions is enabled, and one exists. Please don't $session->start();
INFO - 2024-04-27 02:27:09 --> Session: Class initialized using 'CodeIgniter\Session\Handlers\FileHandler' driver.
WARNING - 2024-04-27 02:27:09 --> Session: Sessions is enabled, and one exists. Please don't $session->start();
INFO - 2024-04-27 02:27:19 --> Session: Class initialized using 'CodeIgniter\Session\Handlers\FileHandler' driver.
WARNING - 2024-04-27 02:27:19 --> Session: Sessions is enabled, and one exists. Please don't $session->start();
CRITICAL - 2024-04-27 02:27:19 --> Undefined variable $online
in APPPATH\Views\Client\Layout\Footer.php on line 26.
 1 APPPATH\Views\Client\Layout\Footer.php(26): CodeIgniter\Debug\Exceptions->errorHandler(2, 'Undefined variable $online', 'C:\\Users\\ADMIN\\Desktop\\dakdrinh\\app\\Views\\Client\\Layout\\Footer.php', 26)
 2 SYSTEMPATH\View\View.php(228): include('C:\\Users\\ADMIN\\Desktop\\dakdrinh\\app\\Views\\Client\\Layout\\Footer.php')
 3 SYSTEMPATH\View\View.php(231): CodeIgniter\View\View->CodeIgniter\View\{closure}()
 4 SYSTEMPATH\View\View.php(469): CodeIgniter\View\View->render('Client/Layout/Footer', null, true)
 5 APPPATH\Views\Client\Layout\Base.php(67): CodeIgniter\View\View->include('Client/Layout/Footer')
 6 SYSTEMPATH\View\View.php(228): include('C:\\Users\\ADMIN\\Desktop\\dakdrinh\\app\\Views\\Client\\Layout\\Base.php')
 7 SYSTEMPATH\View\View.php(231): CodeIgniter\View\View->CodeIgniter\View\{closure}()
 8 SYSTEMPATH\View\View.php(244): CodeIgniter\View\View->render('Client/Layout/Base', [], true)
 9 SYSTEMPATH\Common.php(1190): CodeIgniter\View\View->render('Client/DanhMuc', [], true)
10 APPPATH\Controllers\Client\CDanhMuc.php(58): view('Client/DanhMuc', [...])
11 SYSTEMPATH\CodeIgniter.php(942): App\Controllers\Client\CDanhMuc->index('201')
12 SYSTEMPATH\CodeIgniter.php(502): CodeIgniter\CodeIgniter->runController(Object(App\Controllers\Client\CDanhMuc))
13 SYSTEMPATH\CodeIgniter.php(361): CodeIgniter\CodeIgniter->handleRequest(null, Object(Config\Cache), false)
14 FCPATH\index.php(79): CodeIgniter\CodeIgniter->run()
15 SYSTEMPATH\Commands\Server\rewrite.php(47): require_once('C:\\Users\\ADMIN\\Desktop\\dakdrinh\\public\\index.php')
INFO - 2024-04-27 02:27:21 --> Session: Class initialized using 'CodeIgniter\Session\Handlers\FileHandler' driver.
WARNING - 2024-04-27 02:27:21 --> Session: Sessions is enabled, and one exists. Please don't $session->start();
CRITICAL - 2024-04-27 02:27:21 --> Undefined variable $online
in APPPATH\Views\Client\Layout\Footer.php on line 26.
 1 APPPATH\Views\Client\Layout\Footer.php(26): CodeIgniter\Debug\Exceptions->errorHandler(2, 'Undefined variable $online', 'C:\\Users\\ADMIN\\Desktop\\dakdrinh\\app\\Views\\Client\\Layout\\Footer.php', 26)
 2 SYSTEMPATH\View\View.php(228): include('C:\\Users\\ADMIN\\Desktop\\dakdrinh\\app\\Views\\Client\\Layout\\Footer.php')
 3 SYSTEMPATH\View\View.php(231): CodeIgniter\View\View->CodeIgniter\View\{closure}()
 4 SYSTEMPATH\View\View.php(469): CodeIgniter\View\View->render('Client/Layout/Footer', null, true)
 5 APPPATH\Views\Client\Layout\Base.php(67): CodeIgniter\View\View->include('Client/Layout/Footer')
 6 SYSTEMPATH\View\View.php(228): include('C:\\Users\\ADMIN\\Desktop\\dakdrinh\\app\\Views\\Client\\Layout\\Base.php')
 7 SYSTEMPATH\View\View.php(231): CodeIgniter\View\View->CodeIgniter\View\{closure}()
 8 SYSTEMPATH\View\View.php(244): CodeIgniter\View\View->render('Client/Layout/Base', [], true)
 9 SYSTEMPATH\Common.php(1190): CodeIgniter\View\View->render('Client/DanhMuc', [], true)
10 APPPATH\Controllers\Client\CDanhMuc.php(58): view('Client/DanhMuc', [...])
11 SYSTEMPATH\CodeIgniter.php(942): App\Controllers\Client\CDanhMuc->index('201')
12 SYSTEMPATH\CodeIgniter.php(502): CodeIgniter\CodeIgniter->runController(Object(App\Controllers\Client\CDanhMuc))
13 SYSTEMPATH\CodeIgniter.php(361): CodeIgniter\CodeIgniter->handleRequest(null, Object(Config\Cache), false)
14 FCPATH\index.php(79): CodeIgniter\CodeIgniter->run()
15 SYSTEMPATH\Commands\Server\rewrite.php(47): require_once('C:\\Users\\ADMIN\\Desktop\\dakdrinh\\public\\index.php')
INFO - 2024-04-27 02:27:31 --> Session: Class initialized using 'CodeIgniter\Session\Handlers\FileHandler' driver.
WARNING - 2024-04-27 02:27:31 --> Session: Sessions is enabled, and one exists. Please don't $session->start();
CRITICAL - 2024-04-27 02:27:31 --> Undefined variable $online
in APPPATH\Views\Client\Layout\Footer.php on line 26.
 1 APPPATH\Views\Client\Layout\Footer.php(26): CodeIgniter\Debug\Exceptions->errorHandler(2, 'Undefined variable $online', 'C:\\Users\\ADMIN\\Desktop\\dakdrinh\\app\\Views\\Client\\Layout\\Footer.php', 26)
 2 SYSTEMPATH\View\View.php(228): include('C:\\Users\\ADMIN\\Desktop\\dakdrinh\\app\\Views\\Client\\Layout\\Footer.php')
 3 SYSTEMPATH\View\View.php(231): CodeIgniter\View\View->CodeIgniter\View\{closure}()
 4 SYSTEMPATH\View\View.php(469): CodeIgniter\View\View->render('Client/Layout/Footer', null, true)
 5 APPPATH\Views\Client\Layout\Base.php(67): CodeIgniter\View\View->include('Client/Layout/Footer')
 6 SYSTEMPATH\View\View.php(228): include('C:\\Users\\ADMIN\\Desktop\\dakdrinh\\app\\Views\\Client\\Layout\\Base.php')
 7 SYSTEMPATH\View\View.php(231): CodeIgniter\View\View->CodeIgniter\View\{closure}()
 8 SYSTEMPATH\View\View.php(244): CodeIgniter\View\View->render('Client/Layout/Base', [], true)
 9 SYSTEMPATH\Common.php(1190): CodeIgniter\View\View->render('Client/DanhMuc', [], true)
10 APPPATH\Controllers\Client\CDanhMuc.php(58): view('Client/DanhMuc', [...])
11 SYSTEMPATH\CodeIgniter.php(942): App\Controllers\Client\CDanhMuc->index('201')
12 SYSTEMPATH\CodeIgniter.php(502): CodeIgniter\CodeIgniter->runController(Object(App\Controllers\Client\CDanhMuc))
13 SYSTEMPATH\CodeIgniter.php(361): CodeIgniter\CodeIgniter->handleRequest(null, Object(Config\Cache), false)
14 FCPATH\index.php(79): CodeIgniter\CodeIgniter->run()
15 SYSTEMPATH\Commands\Server\rewrite.php(47): require_once('C:\\Users\\ADMIN\\Desktop\\dakdrinh\\public\\index.php')
INFO - 2024-04-27 02:27:56 --> Session: Class initialized using 'CodeIgniter\Session\Handlers\FileHandler' driver.
WARNING - 2024-04-27 02:27:56 --> Session: Sessions is enabled, and one exists. Please don't $session->start();
CRITICAL - 2024-04-27 02:27:56 --> Undefined variable $online
in APPPATH\Views\Client\Layout\Footer.php on line 26.
 1 APPPATH\Views\Client\Layout\Footer.php(26): CodeIgniter\Debug\Exceptions->errorHandler(2, 'Undefined variable $online', 'C:\\Users\\ADMIN\\Desktop\\dakdrinh\\app\\Views\\Client\\Layout\\Footer.php', 26)
 2 SYSTEMPATH\View\View.php(228): include('C:\\Users\\ADMIN\\Desktop\\dakdrinh\\app\\Views\\Client\\Layout\\Footer.php')
 3 SYSTEMPATH\View\View.php(231): CodeIgniter\View\View->CodeIgniter\View\{closure}()
 4 SYSTEMPATH\View\View.php(469): CodeIgniter\View\View->render('Client/Layout/Footer', null, true)
 5 APPPATH\Views\Client\Layout\Base.php(67): CodeIgniter\View\View->include('Client/Layout/Footer')
 6 SYSTEMPATH\View\View.php(228): include('C:\\Users\\ADMIN\\Desktop\\dakdrinh\\app\\Views\\Client\\Layout\\Base.php')
 7 SYSTEMPATH\View\View.php(231): CodeIgniter\View\View->CodeIgniter\View\{closure}()
 8 SYSTEMPATH\View\View.php(244): CodeIgniter\View\View->render('Client/Layout/Base', [], true)
 9 SYSTEMPATH\Common.php(1190): CodeIgniter\View\View->render('Client/DanhMuc', [], true)
10 APPPATH\Controllers\Client\CDanhMuc.php(58): view('Client/DanhMuc', [...])
11 SYSTEMPATH\CodeIgniter.php(942): App\Controllers\Client\CDanhMuc->index('201')
12 SYSTEMPATH\CodeIgniter.php(502): CodeIgniter\CodeIgniter->runController(Object(App\Controllers\Client\CDanhMuc))
13 SYSTEMPATH\CodeIgniter.php(361): CodeIgniter\CodeIgniter->handleRequest(null, Object(Config\Cache), false)
14 FCPATH\index.php(79): CodeIgniter\CodeIgniter->run()
15 SYSTEMPATH\Commands\Server\rewrite.php(47): require_once('C:\\Users\\ADMIN\\Desktop\\dakdrinh\\public\\index.php')
INFO - 2024-04-27 02:28:44 --> Session: Class initialized using 'CodeIgniter\Session\Handlers\FileHandler' driver.
WARNING - 2024-04-27 02:28:44 --> Session: Sessions is enabled, and one exists. Please don't $session->start();
CRITICAL - 2024-04-27 02:28:44 --> Undefined variable $online
in APPPATH\Views\Client\Layout\Footer.php on line 26.
 1 APPPATH\Views\Client\Layout\Footer.php(26): CodeIgniter\Debug\Exceptions->errorHandler(2, 'Undefined variable $online', 'C:\\Users\\ADMIN\\Desktop\\dakdrinh\\app\\Views\\Client\\Layout\\Footer.php', 26)
 2 SYSTEMPATH\View\View.php(228): include('C:\\Users\\ADMIN\\Desktop\\dakdrinh\\app\\Views\\Client\\Layout\\Footer.php')
 3 SYSTEMPATH\View\View.php(231): CodeIgniter\View\View->CodeIgniter\View\{closure}()
 4 SYSTEMPATH\View\View.php(469): CodeIgniter\View\View->render('Client/Layout/Footer', null, true)
 5 APPPATH\Views\Client\Layout\Base.php(67): CodeIgniter\View\View->include('Client/Layout/Footer')
 6 SYSTEMPATH\View\View.php(228): include('C:\\Users\\ADMIN\\Desktop\\dakdrinh\\app\\Views\\Client\\Layout\\Base.php')
 7 SYSTEMPATH\View\View.php(231): CodeIgniter\View\View->CodeIgniter\View\{closure}()
 8 SYSTEMPATH\View\View.php(244): CodeIgniter\View\View->render('Client/Layout/Base', [], true)
 9 SYSTEMPATH\Common.php(1190): CodeIgniter\View\View->render('Client/DanhMuc', [], true)
10 APPPATH\Controllers\Client\CDanhMuc.php(58): view('Client/DanhMuc', [...])
11 SYSTEMPATH\CodeIgniter.php(942): App\Controllers\Client\CDanhMuc->index('201')
12 SYSTEMPATH\CodeIgniter.php(502): CodeIgniter\CodeIgniter->runController(Object(App\Controllers\Client\CDanhMuc))
13 SYSTEMPATH\CodeIgniter.php(361): CodeIgniter\CodeIgniter->handleRequest(null, Object(Config\Cache), false)
14 FCPATH\index.php(79): CodeIgniter\CodeIgniter->run()
15 SYSTEMPATH\Commands\Server\rewrite.php(47): require_once('C:\\Users\\ADMIN\\Desktop\\dakdrinh\\public\\index.php')
INFO - 2024-04-27 02:29:33 --> Session: Class initialized using 'CodeIgniter\Session\Handlers\FileHandler' driver.
WARNING - 2024-04-27 02:29:33 --> Session: Sessions is enabled, and one exists. Please don't $session->start();
CRITICAL - 2024-04-27 02:29:33 --> Undefined variable $online
in APPPATH\Views\Client\Layout\Footer.php on line 26.
 1 APPPATH\Views\Client\Layout\Footer.php(26): CodeIgniter\Debug\Exceptions->errorHandler(2, 'Undefined variable $online', 'C:\\Users\\ADMIN\\Desktop\\dakdrinh\\app\\Views\\Client\\Layout\\Footer.php', 26)
 2 SYSTEMPATH\View\View.php(228): include('C:\\Users\\ADMIN\\Desktop\\dakdrinh\\app\\Views\\Client\\Layout\\Footer.php')
 3 SYSTEMPATH\View\View.php(231): CodeIgniter\View\View->CodeIgniter\View\{closure}()
 4 SYSTEMPATH\View\View.php(469): CodeIgniter\View\View->render('Client/Layout/Footer', null, true)
 5 APPPATH\Views\Client\Layout\Base.php(67): CodeIgniter\View\View->include('Client/Layout/Footer')
 6 SYSTEMPATH\View\View.php(228): include('C:\\Users\\ADMIN\\Desktop\\dakdrinh\\app\\Views\\Client\\Layout\\Base.php')
 7 SYSTEMPATH\View\View.php(231): CodeIgniter\View\View->CodeIgniter\View\{closure}()
 8 SYSTEMPATH\View\View.php(244): CodeIgniter\View\View->render('Client/Layout/Base', [], true)
 9 SYSTEMPATH\Common.php(1190): CodeIgniter\View\View->render('Client/DanhMuc', [], true)
10 APPPATH\Controllers\Client\CDanhMuc.php(58): view('Client/DanhMuc', [...])
11 SYSTEMPATH\CodeIgniter.php(942): App\Controllers\Client\CDanhMuc->index('201')
12 SYSTEMPATH\CodeIgniter.php(502): CodeIgniter\CodeIgniter->runController(Object(App\Controllers\Client\CDanhMuc))
13 SYSTEMPATH\CodeIgniter.php(361): CodeIgniter\CodeIgniter->handleRequest(null, Object(Config\Cache), false)
14 FCPATH\index.php(79): CodeIgniter\CodeIgniter->run()
15 SYSTEMPATH\Commands\Server\rewrite.php(47): require_once('C:\\Users\\ADMIN\\Desktop\\dakdrinh\\public\\index.php')
INFO - 2024-04-27 02:30:21 --> Session: Class initialized using 'CodeIgniter\Session\Handlers\FileHandler' driver.
WARNING - 2024-04-27 02:30:21 --> Session: Sessions is enabled, and one exists. Please don't $session->start();
INFO - 2024-04-27 02:30:32 --> Session: Class initialized using 'CodeIgniter\Session\Handlers\FileHandler' driver.
WARNING - 2024-04-27 02:30:32 --> Session: Sessions is enabled, and one exists. Please don't $session->start();
INFO - 2024-04-27 02:30:51 --> Session: Class initialized using 'CodeIgniter\Session\Handlers\FileHandler' driver.
WARNING - 2024-04-27 02:30:51 --> Session: Sessions is enabled, and one exists. Please don't $session->start();
INFO - 2024-04-27 02:31:47 --> Session: Class initialized using 'CodeIgniter\Session\Handlers\FileHandler' driver.
WARNING - 2024-04-27 02:31:47 --> Session: Sessions is enabled, and one exists. Please don't $session->start();
CRITICAL - 2024-04-27 02:31:47 --> Undefined variable $online
in APPPATH\Views\Client\DanhMuc.php on line 3.
 1 APPPATH\Views\Client\DanhMuc.php(3): CodeIgniter\Debug\Exceptions->errorHandler(2, 'Undefined variable $online', 'C:\\Users\\ADMIN\\Desktop\\dakdrinh\\app\\Views\\Client\\DanhMuc.php', 3)
 2 SYSTEMPATH\View\View.php(228): include('C:\\Users\\ADMIN\\Desktop\\dakdrinh\\app\\Views\\Client\\DanhMuc.php')
 3 SYSTEMPATH\View\View.php(231): CodeIgniter\View\View->CodeIgniter\View\{closure}()
 4 SYSTEMPATH\Common.php(1190): CodeIgniter\View\View->render('Client/DanhMuc', [], true)
 5 APPPATH\Controllers\Client\CDanhMuc.php(58): view('Client/DanhMuc', [...])
 6 SYSTEMPATH\CodeIgniter.php(942): App\Controllers\Client\CDanhMuc->index('201')
 7 SYSTEMPATH\CodeIgniter.php(502): CodeIgniter\CodeIgniter->runController(Object(App\Controllers\Client\CDanhMuc))
 8 SYSTEMPATH\CodeIgniter.php(361): CodeIgniter\CodeIgniter->handleRequest(null, Object(Config\Cache), false)
 9 FCPATH\index.php(79): CodeIgniter\CodeIgniter->run()
10 SYSTEMPATH\Commands\Server\rewrite.php(47): require_once('C:\\Users\\ADMIN\\Desktop\\dakdrinh\\public\\index.php')
INFO - 2024-04-27 02:32:17 --> Session: Class initialized using 'CodeIgniter\Session\Handlers\FileHandler' driver.
CRITICAL - 2024-04-27 02:32:17 --> Undefined variable $online
in APPPATH\Views\Client\DanhMuc.php on line 3.
 1 APPPATH\Views\Client\DanhMuc.php(3): CodeIgniter\Debug\Exceptions->errorHandler(2, 'Undefined variable $online', 'C:\\Users\\ADMIN\\Desktop\\dakdrinh\\app\\Views\\Client\\DanhMuc.php', 3)
 2 SYSTEMPATH\View\View.php(228): include('C:\\Users\\ADMIN\\Desktop\\dakdrinh\\app\\Views\\Client\\DanhMuc.php')
 3 SYSTEMPATH\View\View.php(231): CodeIgniter\View\View->CodeIgniter\View\{closure}()
 4 SYSTEMPATH\Common.php(1190): CodeIgniter\View\View->render('Client/DanhMuc', [], true)
 5 APPPATH\Controllers\Client\CDanhMuc.php(57): view('Client/DanhMuc', [...])
 6 SYSTEMPATH\CodeIgniter.php(942): App\Controllers\Client\CDanhMuc->index('201')
 7 SYSTEMPATH\CodeIgniter.php(502): CodeIgniter\CodeIgniter->runController(Object(App\Controllers\Client\CDanhMuc))
 8 SYSTEMPATH\CodeIgniter.php(361): CodeIgniter\CodeIgniter->handleRequest(null, Object(Config\Cache), false)
 9 FCPATH\index.php(79): CodeIgniter\CodeIgniter->run()
10 SYSTEMPATH\Commands\Server\rewrite.php(47): require_once('C:\\Users\\ADMIN\\Desktop\\dakdrinh\\public\\index.php')
INFO - 2024-04-27 02:34:00 --> Session: Class initialized using 'CodeIgniter\Session\Handlers\FileHandler' driver.
CRITICAL - 2024-04-27 02:34:00 --> Undefined variable $currentAccess
in APPPATH\Views\Client\DanhMuc.php on line 3.
 1 APPPATH\Views\Client\DanhMuc.php(3): CodeIgniter\Debug\Exceptions->errorHandler(2, 'Undefined variable $currentAccess', 'C:\\Users\\ADMIN\\Desktop\\dakdrinh\\app\\Views\\Client\\DanhMuc.php', 3)
 2 SYSTEMPATH\View\View.php(228): include('C:\\Users\\ADMIN\\Desktop\\dakdrinh\\app\\Views\\Client\\DanhMuc.php')
 3 SYSTEMPATH\View\View.php(231): CodeIgniter\View\View->CodeIgniter\View\{closure}()
 4 SYSTEMPATH\Common.php(1190): CodeIgniter\View\View->render('Client/DanhMuc', [], true)
 5 APPPATH\Controllers\Client\CDanhMuc.php(57): view('Client/DanhMuc', [...])
 6 SYSTEMPATH\CodeIgniter.php(942): App\Controllers\Client\CDanhMuc->index('201')
 7 SYSTEMPATH\CodeIgniter.php(502): CodeIgniter\CodeIgniter->runController(Object(App\Controllers\Client\CDanhMuc))
 8 SYSTEMPATH\CodeIgniter.php(361): CodeIgniter\CodeIgniter->handleRequest(null, Object(Config\Cache), false)
 9 FCPATH\index.php(79): CodeIgniter\CodeIgniter->run()
10 SYSTEMPATH\Commands\Server\rewrite.php(47): require_once('C:\\Users\\ADMIN\\Desktop\\dakdrinh\\public\\index.php')
INFO - 2024-04-27 02:41:00 --> Session: Class initialized using 'CodeIgniter\Session\Handlers\FileHandler' driver.
WARNING - 2024-04-27 02:41:00 --> Session: Sessions is enabled, and one exists. Please don't $session->start();
INFO - 2024-04-27 02:41:14 --> Session: Class initialized using 'CodeIgniter\Session\Handlers\FileHandler' driver.
WARNING - 2024-04-27 02:41:14 --> Session: Sessions is enabled, and one exists. Please don't $session->start();
INFO - 2024-04-27 02:41:24 --> Session: Class initialized using 'CodeIgniter\Session\Handlers\FileHandler' driver.
WARNING - 2024-04-27 02:41:24 --> Session: Sessions is enabled, and one exists. Please don't $session->start();
INFO - 2024-04-27 02:41:41 --> Session: Class initialized using 'CodeIgniter\Session\Handlers\FileHandler' driver.
WARNING - 2024-04-27 02:41:41 --> Session: Sessions is enabled, and one exists. Please don't $session->start();
CRITICAL - 2024-04-27 02:41:41 --> Undefined variable $currentAccess
in APPPATH\Views\Client\DanhMuc.php on line 3.
 1 APPPATH\Views\Client\DanhMuc.php(3): CodeIgniter\Debug\Exceptions->errorHandler(2, 'Undefined variable $currentAccess', 'C:\\Users\\ADMIN\\Desktop\\dakdrinh\\app\\Views\\Client\\DanhMuc.php', 3)
 2 SYSTEMPATH\View\View.php(228): include('C:\\Users\\ADMIN\\Desktop\\dakdrinh\\app\\Views\\Client\\DanhMuc.php')
 3 SYSTEMPATH\View\View.php(231): CodeIgniter\View\View->CodeIgniter\View\{closure}()
 4 SYSTEMPATH\Common.php(1190): CodeIgniter\View\View->render('Client/DanhMuc', [], true)
 5 APPPATH\Controllers\Client\CDanhMuc.php(61): view('Client/DanhMuc', [...])
 6 SYSTEMPATH\CodeIgniter.php(942): App\Controllers\Client\CDanhMuc->index('201')
 7 SYSTEMPATH\CodeIgniter.php(502): CodeIgniter\CodeIgniter->runController(Object(App\Controllers\Client\CDanhMuc))
 8 SYSTEMPATH\CodeIgniter.php(361): CodeIgniter\CodeIgniter->handleRequest(null, Object(Config\Cache), false)
 9 FCPATH\index.php(79): CodeIgniter\CodeIgniter->run()
10 SYSTEMPATH\Commands\Server\rewrite.php(47): require_once('C:\\Users\\ADMIN\\Desktop\\dakdrinh\\public\\index.php')
INFO - 2024-04-27 02:46:39 --> Session: Class initialized using 'CodeIgniter\Session\Handlers\FileHandler' driver.
WARNING - 2024-04-27 02:46:39 --> Session: Sessions is enabled, and one exists. Please don't $session->start();
INFO - 2024-04-27 02:47:46 --> Session: Class initialized using 'CodeIgniter\Session\Handlers\FileHandler' driver.
WARNING - 2024-04-27 02:47:46 --> Session: Sessions is enabled, and one exists. Please don't $session->start();
INFO - 2024-04-27 02:47:47 --> Session: Class initialized using 'CodeIgniter\Session\Handlers\FileHandler' driver.
WARNING - 2024-04-27 02:47:47 --> Session: Sessions is enabled, and one exists. Please don't $session->start();
INFO - 2024-04-27 02:47:47 --> Session: Class initialized using 'CodeIgniter\Session\Handlers\FileHandler' driver.
WARNING - 2024-04-27 02:47:47 --> Session: Sessions is enabled, and one exists. Please don't $session->start();
INFO - 2024-04-27 02:47:47 --> Session: Class initialized using 'CodeIgniter\Session\Handlers\FileHandler' driver.
WARNING - 2024-04-27 02:47:47 --> Session: Sessions is enabled, and one exists. Please don't $session->start();
INFO - 2024-04-27 02:47:48 --> Session: Class initialized using 'CodeIgniter\Session\Handlers\FileHandler' driver.
WARNING - 2024-04-27 02:47:48 --> Session: Sessions is enabled, and one exists. Please don't $session->start();
INFO - 2024-04-27 02:47:49 --> Session: Class initialized using 'CodeIgniter\Session\Handlers\FileHandler' driver.
WARNING - 2024-04-27 02:47:49 --> Session: Sessions is enabled, and one exists. Please don't $session->start();
INFO - 2024-04-27 02:47:53 --> Session: Class initialized using 'CodeIgniter\Session\Handlers\FileHandler' driver.
WARNING - 2024-04-27 02:47:53 --> Session: Sessions is enabled, and one exists. Please don't $session->start();
INFO - 2024-04-27 02:48:01 --> Session: Class initialized using 'CodeIgniter\Session\Handlers\FileHandler' driver.
WARNING - 2024-04-27 02:48:01 --> Session: Sessions is enabled, and one exists. Please don't $session->start();
INFO - 2024-04-27 02:48:14 --> Session: Class initialized using 'CodeIgniter\Session\Handlers\FileHandler' driver.
WARNING - 2024-04-27 02:48:14 --> Session: Sessions is enabled, and one exists. Please don't $session->start();
INFO - 2024-04-27 02:48:29 --> Session: Class initialized using 'CodeIgniter\Session\Handlers\FileHandler' driver.
WARNING - 2024-04-27 02:48:29 --> Session: Sessions is enabled, and one exists. Please don't $session->start();
INFO - 2024-04-27 02:48:43 --> Session: Class initialized using 'CodeIgniter\Session\Handlers\FileHandler' driver.
WARNING - 2024-04-27 02:48:43 --> Session: Sessions is enabled, and one exists. Please don't $session->start();
