CRITICAL - 2024-04-07 07:50:15 --> Undefined variable $cauhinhweb
in APPPATH\Views\Client\Layout\Base.php on line 6.
 1 APPPATH\Views\Client\Layout\Base.php(6): CodeIgniter\Debug\Exceptions->errorHandler(2, 'Undefined variable $cauhinhweb', 'C:\\Users\\ADMIN\\Desktop\\dakdrinh\\app\\Views\\Client\\Layout\\Base.php', 6)
 2 SYSTEMPATH\View\View.php(228): include('C:\\Users\\ADMIN\\Desktop\\dakdrinh\\app\\Views\\Client\\Layout\\Base.php')
 3 SYSTEMPATH\View\View.php(231): CodeIgniter\View\View->CodeIgniter\View\{closure}()
 4 SYSTEMPATH\View\View.php(244): CodeIgniter\View\View->render('Client/Layout/Base', [], true)
 5 SYSTEMPATH\Common.php(1190): CodeIgniter\View\View->render('Client/GioiThieu/GioiThieuChung', [], true)
 6 APPPATH\Controllers\Client\GioiThieu\CGioiThieuChung.php(11): view('Client/GioiThieu/GioiThieuChung')
 7 SYSTEMPATH\CodeIgniter.php(942): App\Controllers\Client\GioiThieu\CGioiThieuChung->index()
 8 SYSTEMPATH\CodeIgniter.php(502): CodeIgniter\CodeIgniter->runController(Object(App\Controllers\Client\GioiThieu\CGioiThieuChung))
 9 SYSTEMPATH\CodeIgniter.php(361): CodeIgniter\CodeIgniter->handleRequest(null, Object(Config\Cache), false)
10 FCPATH\index.php(79): CodeIgniter\CodeIgniter->run()
11 SYSTEMPATH\Commands\Server\rewrite.php(47): require_once('C:\\Users\\ADMIN\\Desktop\\dakdrinh\\public\\index.php')
CRITICAL - 2024-04-07 08:27:12 --> Call to undefined method App\Models\Mthuvienanh::getAllthuvienanh
in SYSTEMPATH\Model.php on line 873.
 1 APPPATH\Controllers\Client\CHome.php(43): CodeIgniter\Model->__call('getAllthuvienanh', [])
 2 SYSTEMPATH\CodeIgniter.php(942): App\Controllers\Client\CHome->index()
 3 SYSTEMPATH\CodeIgniter.php(502): CodeIgniter\CodeIgniter->runController(Object(App\Controllers\Client\CHome))
 4 SYSTEMPATH\CodeIgniter.php(361): CodeIgniter\CodeIgniter->handleRequest(null, Object(Config\Cache), false)
 5 FCPATH\index.php(79): CodeIgniter\CodeIgniter->run()
 6 SYSTEMPATH\Commands\Server\rewrite.php(47): require_once('C:\\Users\\ADMIN\\Desktop\\dakdrinh\\public\\index.php')
CRITICAL - 2024-04-07 08:27:13 --> Call to undefined method App\Models\Mthuvienanh::getAllthuvienanh
in SYSTEMPATH\Model.php on line 873.
 1 APPPATH\Controllers\Client\CHome.php(43): CodeIgniter\Model->__call('getAllthuvienanh', [])
 2 SYSTEMPATH\CodeIgniter.php(942): App\Controllers\Client\CHome->index()
 3 SYSTEMPATH\CodeIgniter.php(502): CodeIgniter\CodeIgniter->runController(Object(App\Controllers\Client\CHome))
 4 SYSTEMPATH\CodeIgniter.php(361): CodeIgniter\CodeIgniter->handleRequest(null, Object(Config\Cache), false)
 5 FCPATH\index.php(79): CodeIgniter\CodeIgniter->run()
 6 SYSTEMPATH\Commands\Server\rewrite.php(47): require_once('C:\\Users\\ADMIN\\Desktop\\dakdrinh\\public\\index.php')
CRITICAL - 2024-04-07 08:28:19 --> Undefined array key "id"
in APPPATH\Views\Client\home.php on line 591.
 1 APPPATH\Views\Client\home.php(591): CodeIgniter\Debug\Exceptions->errorHandler(2, 'Undefined array key "id"', 'C:\\Users\\ADMIN\\Desktop\\dakdrinh\\app\\Views\\Client\\home.php', 591)
 2 SYSTEMPATH\View\View.php(228): include('C:\\Users\\ADMIN\\Desktop\\dakdrinh\\app\\Views\\Client\\home.php')
 3 SYSTEMPATH\View\View.php(231): CodeIgniter\View\View->CodeIgniter\View\{closure}()
 4 SYSTEMPATH\Common.php(1190): CodeIgniter\View\View->render('Client/home', [], true)
 5 APPPATH\Controllers\Client\CHome.php(47): view('Client/home', [...])
 6 SYSTEMPATH\CodeIgniter.php(942): App\Controllers\Client\CHome->index()
 7 SYSTEMPATH\CodeIgniter.php(502): CodeIgniter\CodeIgniter->runController(Object(App\Controllers\Client\CHome))
 8 SYSTEMPATH\CodeIgniter.php(361): CodeIgniter\CodeIgniter->handleRequest(null, Object(Config\Cache), false)
 9 FCPATH\index.php(79): CodeIgniter\CodeIgniter->run()
10 SYSTEMPATH\Commands\Server\rewrite.php(47): require_once('C:\\Users\\ADMIN\\Desktop\\dakdrinh\\public\\index.php')
CRITICAL - 2024-04-07 08:30:47 --> Undefined array key "id"
in APPPATH\Views\Client\home.php on line 635.
 1 APPPATH\Views\Client\home.php(635): CodeIgniter\Debug\Exceptions->errorHandler(2, 'Undefined array key "id"', 'C:\\Users\\ADMIN\\Desktop\\dakdrinh\\app\\Views\\Client\\home.php', 635)
 2 SYSTEMPATH\View\View.php(228): include('C:\\Users\\ADMIN\\Desktop\\dakdrinh\\app\\Views\\Client\\home.php')
 3 SYSTEMPATH\View\View.php(231): CodeIgniter\View\View->CodeIgniter\View\{closure}()
 4 SYSTEMPATH\Common.php(1190): CodeIgniter\View\View->render('Client/home', [], true)
 5 APPPATH\Controllers\Client\CHome.php(47): view('Client/home', [...])
 6 SYSTEMPATH\CodeIgniter.php(942): App\Controllers\Client\CHome->index()
 7 SYSTEMPATH\CodeIgniter.php(502): CodeIgniter\CodeIgniter->runController(Object(App\Controllers\Client\CHome))
 8 SYSTEMPATH\CodeIgniter.php(361): CodeIgniter\CodeIgniter->handleRequest(null, Object(Config\Cache), false)
 9 FCPATH\index.php(79): CodeIgniter\CodeIgniter->run()
10 SYSTEMPATH\Commands\Server\rewrite.php(47): require_once('C:\\Users\\ADMIN\\Desktop\\dakdrinh\\public\\index.php')
CRITICAL - 2024-04-07 08:31:10 --> Cannot access offset of type string on string
in APPPATH\Views\Client\home.php on line 635.
 1 SYSTEMPATH\View\View.php(228): include()
 2 SYSTEMPATH\View\View.php(231): CodeIgniter\View\View->CodeIgniter\View\{closure}()
 3 SYSTEMPATH\Common.php(1190): CodeIgniter\View\View->render('Client/home', [], true)
 4 APPPATH\Controllers\Client\CHome.php(47): view('Client/home', [...])
 5 SYSTEMPATH\CodeIgniter.php(942): App\Controllers\Client\CHome->index()
 6 SYSTEMPATH\CodeIgniter.php(502): CodeIgniter\CodeIgniter->runController(Object(App\Controllers\Client\CHome))
 7 SYSTEMPATH\CodeIgniter.php(361): CodeIgniter\CodeIgniter->handleRequest(null, Object(Config\Cache), false)
 8 FCPATH\index.php(79): CodeIgniter\CodeIgniter->run()
 9 SYSTEMPATH\Commands\Server\rewrite.php(47): require_once('C:\\Users\\ADMIN\\Desktop\\dakdrinh\\public\\index.php')
CRITICAL - 2024-04-07 08:32:08 --> Cannot access offset of type string on string
in APPPATH\Views\Client\home.php on line 636.
 1 SYSTEMPATH\View\View.php(228): include()
 2 SYSTEMPATH\View\View.php(231): CodeIgniter\View\View->CodeIgniter\View\{closure}()
 3 SYSTEMPATH\Common.php(1190): CodeIgniter\View\View->render('Client/home', [], true)
 4 APPPATH\Controllers\Client\CHome.php(47): view('Client/home', [...])
 5 SYSTEMPATH\CodeIgniter.php(942): App\Controllers\Client\CHome->index()
 6 SYSTEMPATH\CodeIgniter.php(502): CodeIgniter\CodeIgniter->runController(Object(App\Controllers\Client\CHome))
 7 SYSTEMPATH\CodeIgniter.php(361): CodeIgniter\CodeIgniter->handleRequest(null, Object(Config\Cache), false)
 8 FCPATH\index.php(79): CodeIgniter\CodeIgniter->run()
 9 SYSTEMPATH\Commands\Server\rewrite.php(47): require_once('C:\\Users\\ADMIN\\Desktop\\dakdrinh\\public\\index.php')
