INFO - 2024-04-26 07:13:08 --> Session: Class initialized using 'CodeIgniter\Session\Handlers\FileHandler' driver.
WARNING - 2024-04-26 07:13:08 --> Session: Sessions is enabled, and one exists. Please don't $session->start();
INFO - 2024-04-26 07:13:22 --> Session: Class initialized using 'CodeIgniter\Session\Handlers\FileHandler' driver.
INFO - 2024-04-26 07:13:28 --> Session: Class initialized using 'CodeIgniter\Session\Handlers\FileHandler' driver.
INFO - 2024-04-26 07:13:28 --> Session: Class initialized using 'CodeIgniter\Session\Handlers\FileHandler' driver.
INFO - 2024-04-26 07:13:31 --> Session: Class initialized using 'CodeIgniter\Session\Handlers\FileHandler' driver.
INFO - 2024-04-26 07:13:34 --> Session: Class initialized using 'CodeIgniter\Session\Handlers\FileHandler' driver.
INFO - 2024-04-26 07:13:36 --> Session: Class initialized using 'CodeIgniter\Session\Handlers\FileHandler' driver.
INFO - 2024-04-26 07:13:42 --> Session: Class initialized using 'CodeIgniter\Session\Handlers\FileHandler' driver.
WARNING - 2024-04-26 07:13:42 --> Session: Sessions is enabled, and one exists. Please don't $session->start();
INFO - 2024-04-26 07:34:42 --> Session: Class initialized using 'CodeIgniter\Session\Handlers\FileHandler' driver.
INFO - 2024-04-26 07:34:45 --> Session: Class initialized using 'CodeIgniter\Session\Handlers\FileHandler' driver.
WARNING - 2024-04-26 07:34:45 --> Session: Sessions is enabled, and one exists. Please don't $session->start();
CRITICAL - 2024-04-26 07:34:45 --> Call to undefined method App\Models\Mtruycap::getCurrentAccess
in SYSTEMPATH\Model.php on line 873.
 1 APPPATH\Controllers\Client\CHome.php(28): CodeIgniter\Model->__call('getCurrentAccess', [])
 2 SYSTEMPATH\CodeIgniter.php(942): App\Controllers\Client\CHome->index()
 3 SYSTEMPATH\CodeIgniter.php(502): CodeIgniter\CodeIgniter->runController(Object(App\Controllers\Client\CHome))
 4 SYSTEMPATH\CodeIgniter.php(361): CodeIgniter\CodeIgniter->handleRequest(null, Object(Config\Cache), false)
 5 FCPATH\index.php(79): CodeIgniter\CodeIgniter->run()
 6 SYSTEMPATH\Commands\Server\rewrite.php(47): require_once('C:\\Users\\ADMIN\\Desktop\\dakdrinh\\public\\index.php')
INFO - 2024-04-26 07:34:46 --> Session: Class initialized using 'CodeIgniter\Session\Handlers\FileHandler' driver.
INFO - 2024-04-26 07:35:27 --> Session: Class initialized using 'CodeIgniter\Session\Handlers\FileHandler' driver.
WARNING - 2024-04-26 07:35:27 --> Session: Sessions is enabled, and one exists. Please don't $session->start();
CRITICAL - 2024-04-26 07:35:27 --> Call to undefined method App\Models\Mtruycap::getCurrentAccess
in SYSTEMPATH\Model.php on line 873.
 1 APPPATH\Controllers\Client\CHome.php(28): CodeIgniter\Model->__call('getCurrentAccess', [])
 2 SYSTEMPATH\CodeIgniter.php(942): App\Controllers\Client\CHome->index()
 3 SYSTEMPATH\CodeIgniter.php(502): CodeIgniter\CodeIgniter->runController(Object(App\Controllers\Client\CHome))
 4 SYSTEMPATH\CodeIgniter.php(361): CodeIgniter\CodeIgniter->handleRequest(null, Object(Config\Cache), false)
 5 FCPATH\index.php(79): CodeIgniter\CodeIgniter->run()
 6 SYSTEMPATH\Commands\Server\rewrite.php(47): require_once('C:\\Users\\ADMIN\\Desktop\\dakdrinh\\public\\index.php')
INFO - 2024-04-26 07:37:45 --> Session: Class initialized using 'CodeIgniter\Session\Handlers\FileHandler' driver.
WARNING - 2024-04-26 07:37:45 --> Session: Sessions is enabled, and one exists. Please don't $session->start();
INFO - 2024-04-26 07:37:54 --> Session: Class initialized using 'CodeIgniter\Session\Handlers\FileHandler' driver.
WARNING - 2024-04-26 07:37:54 --> Session: Sessions is enabled, and one exists. Please don't $session->start();
INFO - 2024-04-26 07:38:01 --> Session: Class initialized using 'CodeIgniter\Session\Handlers\FileHandler' driver.
WARNING - 2024-04-26 07:38:01 --> Session: Sessions is enabled, and one exists. Please don't $session->start();
INFO - 2024-04-26 07:39:42 --> Session: Class initialized using 'CodeIgniter\Session\Handlers\FileHandler' driver.
WARNING - 2024-04-26 07:39:42 --> Session: Sessions is enabled, and one exists. Please don't $session->start();
INFO - 2024-04-26 07:41:50 --> Session: Class initialized using 'CodeIgniter\Session\Handlers\FileHandler' driver.
WARNING - 2024-04-26 07:41:50 --> Session: Sessions is enabled, and one exists. Please don't $session->start();
INFO - 2024-04-26 07:42:05 --> Session: Class initialized using 'CodeIgniter\Session\Handlers\FileHandler' driver.
WARNING - 2024-04-26 07:42:05 --> Session: Sessions is enabled, and one exists. Please don't $session->start();
INFO - 2024-04-26 07:42:11 --> Session: Class initialized using 'CodeIgniter\Session\Handlers\FileHandler' driver.
WARNING - 2024-04-26 07:42:11 --> Session: Sessions is enabled, and one exists. Please don't $session->start();
INFO - 2024-04-26 07:42:58 --> Session: Class initialized using 'CodeIgniter\Session\Handlers\FileHandler' driver.
WARNING - 2024-04-26 07:42:58 --> Session: Sessions is enabled, and one exists. Please don't $session->start();
INFO - 2024-04-26 07:43:09 --> Session: Class initialized using 'CodeIgniter\Session\Handlers\FileHandler' driver.
WARNING - 2024-04-26 07:43:09 --> Session: Sessions is enabled, and one exists. Please don't $session->start();
INFO - 2024-04-26 07:43:14 --> Session: Class initialized using 'CodeIgniter\Session\Handlers\FileHandler' driver.
WARNING - 2024-04-26 07:43:14 --> Session: Sessions is enabled, and one exists. Please don't $session->start();
INFO - 2024-04-26 07:43:20 --> Session: Class initialized using 'CodeIgniter\Session\Handlers\FileHandler' driver.
WARNING - 2024-04-26 07:43:20 --> Session: Sessions is enabled, and one exists. Please don't $session->start();
INFO - 2024-04-26 07:44:06 --> Session: Class initialized using 'CodeIgniter\Session\Handlers\FileHandler' driver.
WARNING - 2024-04-26 07:44:06 --> Session: Sessions is enabled, and one exists. Please don't $session->start();
INFO - 2024-04-26 07:48:39 --> Session: Class initialized using 'CodeIgniter\Session\Handlers\FileHandler' driver.
WARNING - 2024-04-26 07:48:39 --> Session: Sessions is enabled, and one exists. Please don't $session->start();
CRITICAL - 2024-04-26 07:48:39 --> Undefined array key "previous_date"
in APPPATH\Models\Mtruycap.php on line 59.
 1 APPPATH\Models\Mtruycap.php(59): CodeIgniter\Debug\Exceptions->errorHandler(2, 'Undefined array key "previous_date"', 'C:\\Users\\ADMIN\\Desktop\\dakdrinh\\app\\Models\\Mtruycap.php', 59)
 2 APPPATH\Controllers\Client\CHome.php(25): App\Models\Mtruycap->calculatePreviousDayAccess()
 3 SYSTEMPATH\CodeIgniter.php(942): App\Controllers\Client\CHome->index()
 4 SYSTEMPATH\CodeIgniter.php(502): CodeIgniter\CodeIgniter->runController(Object(App\Controllers\Client\CHome))
 5 SYSTEMPATH\CodeIgniter.php(361): CodeIgniter\CodeIgniter->handleRequest(null, Object(Config\Cache), false)
 6 FCPATH\index.php(79): CodeIgniter\CodeIgniter->run()
 7 SYSTEMPATH\Commands\Server\rewrite.php(47): require_once('C:\\Users\\ADMIN\\Desktop\\dakdrinh\\public\\index.php')
INFO - 2024-04-26 07:49:02 --> Session: Class initialized using 'CodeIgniter\Session\Handlers\FileHandler' driver.
WARNING - 2024-04-26 07:49:02 --> Session: Sessions is enabled, and one exists. Please don't $session->start();
INFO - 2024-04-26 07:49:14 --> Session: Class initialized using 'CodeIgniter\Session\Handlers\FileHandler' driver.
WARNING - 2024-04-26 07:49:14 --> Session: Sessions is enabled, and one exists. Please don't $session->start();
INFO - 2024-04-26 07:49:28 --> Session: Class initialized using 'CodeIgniter\Session\Handlers\FileHandler' driver.
WARNING - 2024-04-26 07:49:28 --> Session: Sessions is enabled, and one exists. Please don't $session->start();
INFO - 2024-04-26 07:49:37 --> Session: Class initialized using 'CodeIgniter\Session\Handlers\FileHandler' driver.
WARNING - 2024-04-26 07:49:37 --> Session: Sessions is enabled, and one exists. Please don't $session->start();
CRITICAL - 2024-04-26 07:49:37 --> Undefined array key "previous_date"
in APPPATH\Models\Mtruycap.php on line 59.
 1 APPPATH\Models\Mtruycap.php(59): CodeIgniter\Debug\Exceptions->errorHandler(2, 'Undefined array key "previous_date"', 'C:\\Users\\ADMIN\\Desktop\\dakdrinh\\app\\Models\\Mtruycap.php', 59)
 2 APPPATH\Controllers\Client\CHome.php(25): App\Models\Mtruycap->calculatePreviousDayAccess()
 3 SYSTEMPATH\CodeIgniter.php(942): App\Controllers\Client\CHome->index()
 4 SYSTEMPATH\CodeIgniter.php(502): CodeIgniter\CodeIgniter->runController(Object(App\Controllers\Client\CHome))
 5 SYSTEMPATH\CodeIgniter.php(361): CodeIgniter\CodeIgniter->handleRequest(null, Object(Config\Cache), false)
 6 FCPATH\index.php(79): CodeIgniter\CodeIgniter->run()
 7 SYSTEMPATH\Commands\Server\rewrite.php(47): require_once('C:\\Users\\ADMIN\\Desktop\\dakdrinh\\public\\index.php')
INFO - 2024-04-26 07:49:39 --> Session: Class initialized using 'CodeIgniter\Session\Handlers\FileHandler' driver.
INFO - 2024-04-26 07:49:42 --> Session: Class initialized using 'CodeIgniter\Session\Handlers\FileHandler' driver.
WARNING - 2024-04-26 07:49:42 --> Session: Sessions is enabled, and one exists. Please don't $session->start();
INFO - 2024-04-26 07:50:29 --> Session: Class initialized using 'CodeIgniter\Session\Handlers\FileHandler' driver.
WARNING - 2024-04-26 07:50:29 --> Session: Sessions is enabled, and one exists. Please don't $session->start();
CRITICAL - 2024-04-26 07:50:29 --> Too few arguments to function cookie(), 0 passed in C:\Users\ADMIN\Desktop\dakdrinh\app\Models\Mtruycap.php on line 78 and at least 1 expected
in SYSTEMPATH\Common.php on line 231.
 1 APPPATH\Models\Mtruycap.php(78): cookie()
 2 APPPATH\Controllers\Client\CHome.php(28): App\Models\Mtruycap->getCurrentAccess()
 3 SYSTEMPATH\CodeIgniter.php(942): App\Controllers\Client\CHome->index()
 4 SYSTEMPATH\CodeIgniter.php(502): CodeIgniter\CodeIgniter->runController(Object(App\Controllers\Client\CHome))
 5 SYSTEMPATH\CodeIgniter.php(361): CodeIgniter\CodeIgniter->handleRequest(null, Object(Config\Cache), false)
 6 FCPATH\index.php(79): CodeIgniter\CodeIgniter->run()
 7 SYSTEMPATH\Commands\Server\rewrite.php(47): require_once('C:\\Users\\ADMIN\\Desktop\\dakdrinh\\public\\index.php')
INFO - 2024-04-26 07:52:03 --> Session: Class initialized using 'CodeIgniter\Session\Handlers\FileHandler' driver.
WARNING - 2024-04-26 07:52:03 --> Session: Sessions is enabled, and one exists. Please don't $session->start();
INFO - 2024-04-26 07:52:13 --> Session: Class initialized using 'CodeIgniter\Session\Handlers\FileHandler' driver.
WARNING - 2024-04-26 07:52:13 --> Session: Sessions is enabled, and one exists. Please don't $session->start();
INFO - 2024-04-26 07:52:27 --> Session: Class initialized using 'CodeIgniter\Session\Handlers\FileHandler' driver.
WARNING - 2024-04-26 07:52:27 --> Session: Sessions is enabled, and one exists. Please don't $session->start();
INFO - 2024-04-26 07:52:48 --> Session: Class initialized using 'CodeIgniter\Session\Handlers\FileHandler' driver.
WARNING - 2024-04-26 07:52:48 --> Session: Sessions is enabled, and one exists. Please don't $session->start();
CRITICAL - 2024-04-26 07:52:48 --> Undefined array key "previous_date"
in APPPATH\Models\Mtruycap.php on line 59.
 1 APPPATH\Models\Mtruycap.php(59): CodeIgniter\Debug\Exceptions->errorHandler(2, 'Undefined array key "previous_date"', 'C:\\Users\\ADMIN\\Desktop\\dakdrinh\\app\\Models\\Mtruycap.php', 59)
 2 APPPATH\Controllers\Client\CHome.php(25): App\Models\Mtruycap->calculatePreviousDayAccess()
 3 SYSTEMPATH\CodeIgniter.php(942): App\Controllers\Client\CHome->index()
 4 SYSTEMPATH\CodeIgniter.php(502): CodeIgniter\CodeIgniter->runController(Object(App\Controllers\Client\CHome))
 5 SYSTEMPATH\CodeIgniter.php(361): CodeIgniter\CodeIgniter->handleRequest(null, Object(Config\Cache), false)
 6 FCPATH\index.php(79): CodeIgniter\CodeIgniter->run()
 7 SYSTEMPATH\Commands\Server\rewrite.php(47): require_once('C:\\Users\\ADMIN\\Desktop\\dakdrinh\\public\\index.php')
INFO - 2024-04-26 07:56:20 --> Session: Class initialized using 'CodeIgniter\Session\Handlers\FileHandler' driver.
WARNING - 2024-04-26 07:56:20 --> Session: Sessions is enabled, and one exists. Please don't $session->start();
INFO - 2024-04-26 07:56:40 --> Session: Class initialized using 'CodeIgniter\Session\Handlers\FileHandler' driver.
WARNING - 2024-04-26 07:56:40 --> Session: Sessions is enabled, and one exists. Please don't $session->start();
INFO - 2024-04-26 07:57:00 --> Session: Class initialized using 'CodeIgniter\Session\Handlers\FileHandler' driver.
WARNING - 2024-04-26 07:57:00 --> Session: Sessions is enabled, and one exists. Please don't $session->start();
CRITICAL - 2024-04-26 07:57:00 --> Undefined array key "previous_date"
in APPPATH\Models\Mtruycap.php on line 64.
 1 APPPATH\Models\Mtruycap.php(64): CodeIgniter\Debug\Exceptions->errorHandler(2, 'Undefined array key "previous_date"', 'C:\\Users\\ADMIN\\Desktop\\dakdrinh\\app\\Models\\Mtruycap.php', 64)
 2 APPPATH\Controllers\Client\CHome.php(25): App\Models\Mtruycap->calculatePreviousDayAccess()
 3 SYSTEMPATH\CodeIgniter.php(942): App\Controllers\Client\CHome->index()
 4 SYSTEMPATH\CodeIgniter.php(502): CodeIgniter\CodeIgniter->runController(Object(App\Controllers\Client\CHome))
 5 SYSTEMPATH\CodeIgniter.php(361): CodeIgniter\CodeIgniter->handleRequest(null, Object(Config\Cache), false)
 6 FCPATH\index.php(79): CodeIgniter\CodeIgniter->run()
 7 SYSTEMPATH\Commands\Server\rewrite.php(47): require_once('C:\\Users\\ADMIN\\Desktop\\dakdrinh\\public\\index.php')
INFO - 2024-04-26 08:01:15 --> Session: Class initialized using 'CodeIgniter\Session\Handlers\FileHandler' driver.
WARNING - 2024-04-26 08:01:15 --> Session: Sessions is enabled, and one exists. Please don't $session->start();
INFO - 2024-04-26 08:04:27 --> Session: Class initialized using 'CodeIgniter\Session\Handlers\FileHandler' driver.
WARNING - 2024-04-26 08:04:27 --> Session: Sessions is enabled, and one exists. Please don't $session->start();
INFO - 2024-04-26 08:04:50 --> Session: Class initialized using 'CodeIgniter\Session\Handlers\FileHandler' driver.
WARNING - 2024-04-26 08:04:50 --> Session: Sessions is enabled, and one exists. Please don't $session->start();
INFO - 2024-04-26 08:09:43 --> Session: Class initialized using 'CodeIgniter\Session\Handlers\FileHandler' driver.
WARNING - 2024-04-26 08:09:43 --> Session: Sessions is enabled, and one exists. Please don't $session->start();
INFO - 2024-04-26 08:09:58 --> Session: Class initialized using 'CodeIgniter\Session\Handlers\FileHandler' driver.
WARNING - 2024-04-26 08:09:58 --> Session: Sessions is enabled, and one exists. Please don't $session->start();
INFO - 2024-04-26 08:10:08 --> Session: Class initialized using 'CodeIgniter\Session\Handlers\FileHandler' driver.
WARNING - 2024-04-26 08:10:08 --> Session: Sessions is enabled, and one exists. Please don't $session->start();
INFO - 2024-04-26 08:10:13 --> Session: Class initialized using 'CodeIgniter\Session\Handlers\FileHandler' driver.
WARNING - 2024-04-26 08:10:13 --> Session: Sessions is enabled, and one exists. Please don't $session->start();
INFO - 2024-04-26 08:10:21 --> Session: Class initialized using 'CodeIgniter\Session\Handlers\FileHandler' driver.
WARNING - 2024-04-26 08:10:21 --> Session: Sessions is enabled, and one exists. Please don't $session->start();
INFO - 2024-04-26 08:10:37 --> Session: Class initialized using 'CodeIgniter\Session\Handlers\FileHandler' driver.
WARNING - 2024-04-26 08:10:37 --> Session: Sessions is enabled, and one exists. Please don't $session->start();
INFO - 2024-04-26 08:11:11 --> Session: Class initialized using 'CodeIgniter\Session\Handlers\FileHandler' driver.
WARNING - 2024-04-26 08:11:11 --> Session: Sessions is enabled, and one exists. Please don't $session->start();
INFO - 2024-04-26 08:11:55 --> Session: Class initialized using 'CodeIgniter\Session\Handlers\FileHandler' driver.
WARNING - 2024-04-26 08:11:55 --> Session: Sessions is enabled, and one exists. Please don't $session->start();
INFO - 2024-04-26 08:12:08 --> Session: Class initialized using 'CodeIgniter\Session\Handlers\FileHandler' driver.
WARNING - 2024-04-26 08:12:08 --> Session: Sessions is enabled, and one exists. Please don't $session->start();
INFO - 2024-04-26 08:16:58 --> Session: Class initialized using 'CodeIgniter\Session\Handlers\FileHandler' driver.
WARNING - 2024-04-26 08:16:58 --> Session: Sessions is enabled, and one exists. Please don't $session->start();
INFO - 2024-04-26 08:27:03 --> Session: Class initialized using 'CodeIgniter\Session\Handlers\FileHandler' driver.
WARNING - 2024-04-26 08:27:03 --> Session: Sessions is enabled, and one exists. Please don't $session->start();
INFO - 2024-04-26 08:27:12 --> Session: Class initialized using 'CodeIgniter\Session\Handlers\FileHandler' driver.
WARNING - 2024-04-26 08:27:12 --> Session: Sessions is enabled, and one exists. Please don't $session->start();
INFO - 2024-04-26 08:34:36 --> Session: Class initialized using 'CodeIgniter\Session\Handlers\FileHandler' driver.
WARNING - 2024-04-26 08:34:36 --> Session: Sessions is enabled, and one exists. Please don't $session->start();
INFO - 2024-04-26 08:34:50 --> Session: Class initialized using 'CodeIgniter\Session\Handlers\FileHandler' driver.
WARNING - 2024-04-26 08:34:50 --> Session: Sessions is enabled, and one exists. Please don't $session->start();
CRITICAL - 2024-04-26 08:34:50 --> Unsupported operand types: stdClass + int
in APPPATH\Models\Mtruycap.php on line 50.
 1 APPPATH\Controllers\Client\CHome.php(24): App\Models\Mtruycap->increaseCurrentAccess()
 2 SYSTEMPATH\CodeIgniter.php(942): App\Controllers\Client\CHome->index()
 3 SYSTEMPATH\CodeIgniter.php(502): CodeIgniter\CodeIgniter->runController(Object(App\Controllers\Client\CHome))
 4 SYSTEMPATH\CodeIgniter.php(361): CodeIgniter\CodeIgniter->handleRequest(null, Object(Config\Cache), false)
 5 FCPATH\index.php(79): CodeIgniter\CodeIgniter->run()
 6 SYSTEMPATH\Commands\Server\rewrite.php(47): require_once('C:\\Users\\ADMIN\\Desktop\\dakdrinh\\public\\index.php')
INFO - 2024-04-26 08:39:34 --> Session: Class initialized using 'CodeIgniter\Session\Handlers\FileHandler' driver.
WARNING - 2024-04-26 08:39:34 --> Session: Sessions is enabled, and one exists. Please don't $session->start();
INFO - 2024-04-26 08:39:35 --> Session: Class initialized using 'CodeIgniter\Session\Handlers\FileHandler' driver.
INFO - 2024-04-26 08:39:38 --> Session: Class initialized using 'CodeIgniter\Session\Handlers\FileHandler' driver.
WARNING - 2024-04-26 08:39:38 --> Session: Sessions is enabled, and one exists. Please don't $session->start();
INFO - 2024-04-26 08:39:50 --> Session: Class initialized using 'CodeIgniter\Session\Handlers\FileHandler' driver.
WARNING - 2024-04-26 08:39:50 --> Session: Sessions is enabled, and one exists. Please don't $session->start();
INFO - 2024-04-26 08:40:37 --> Session: Class initialized using 'CodeIgniter\Session\Handlers\FileHandler' driver.
WARNING - 2024-04-26 08:40:37 --> Session: Sessions is enabled, and one exists. Please don't $session->start();
INFO - 2024-04-26 08:41:30 --> Session: Class initialized using 'CodeIgniter\Session\Handlers\FileHandler' driver.
WARNING - 2024-04-26 08:41:30 --> Session: Sessions is enabled, and one exists. Please don't $session->start();
INFO - 2024-04-26 08:44:56 --> Session: Class initialized using 'CodeIgniter\Session\Handlers\FileHandler' driver.
WARNING - 2024-04-26 08:44:56 --> Session: Sessions is enabled, and one exists. Please don't $session->start();
INFO - 2024-04-26 08:45:40 --> Session: Class initialized using 'CodeIgniter\Session\Handlers\FileHandler' driver.
WARNING - 2024-04-26 08:45:40 --> Session: Sessions is enabled, and one exists. Please don't $session->start();
INFO - 2024-04-26 08:46:12 --> Session: Class initialized using 'CodeIgniter\Session\Handlers\FileHandler' driver.
WARNING - 2024-04-26 08:46:12 --> Session: Sessions is enabled, and one exists. Please don't $session->start();
INFO - 2024-04-26 08:47:46 --> Session: Class initialized using 'CodeIgniter\Session\Handlers\FileHandler' driver.
WARNING - 2024-04-26 08:47:46 --> Session: Sessions is enabled, and one exists. Please don't $session->start();
INFO - 2024-04-26 08:48:12 --> Session: Class initialized using 'CodeIgniter\Session\Handlers\FileHandler' driver.
WARNING - 2024-04-26 08:48:12 --> Session: Sessions is enabled, and one exists. Please don't $session->start();
INFO - 2024-04-26 08:49:27 --> Session: Class initialized using 'CodeIgniter\Session\Handlers\FileHandler' driver.
WARNING - 2024-04-26 08:49:27 --> Session: Sessions is enabled, and one exists. Please don't $session->start();
INFO - 2024-04-26 08:50:28 --> Session: Class initialized using 'CodeIgniter\Session\Handlers\FileHandler' driver.
WARNING - 2024-04-26 08:50:28 --> Session: Sessions is enabled, and one exists. Please don't $session->start();
INFO - 2024-04-26 08:50:42 --> Session: Class initialized using 'CodeIgniter\Session\Handlers\FileHandler' driver.
WARNING - 2024-04-26 08:50:42 --> Session: Sessions is enabled, and one exists. Please don't $session->start();
INFO - 2024-04-26 08:50:53 --> Session: Class initialized using 'CodeIgniter\Session\Handlers\FileHandler' driver.
WARNING - 2024-04-26 08:50:53 --> Session: Sessions is enabled, and one exists. Please don't $session->start();
INFO - 2024-04-26 08:50:56 --> Session: Class initialized using 'CodeIgniter\Session\Handlers\FileHandler' driver.
WARNING - 2024-04-26 08:50:56 --> Session: Sessions is enabled, and one exists. Please don't $session->start();
INFO - 2024-04-26 08:51:00 --> Session: Class initialized using 'CodeIgniter\Session\Handlers\FileHandler' driver.
WARNING - 2024-04-26 08:51:00 --> Session: Sessions is enabled, and one exists. Please don't $session->start();
INFO - 2024-04-26 08:51:08 --> Session: Class initialized using 'CodeIgniter\Session\Handlers\FileHandler' driver.
WARNING - 2024-04-26 08:51:08 --> Session: Sessions is enabled, and one exists. Please don't $session->start();
INFO - 2024-04-26 08:57:45 --> Session: Class initialized using 'CodeIgniter\Session\Handlers\FileHandler' driver.
WARNING - 2024-04-26 08:57:45 --> Session: Sessions is enabled, and one exists. Please don't $session->start();
INFO - 2024-04-26 09:02:26 --> Session: Class initialized using 'CodeIgniter\Session\Handlers\FileHandler' driver.
WARNING - 2024-04-26 09:02:26 --> Session: Sessions is enabled, and one exists. Please don't $session->start();
INFO - 2024-04-26 09:03:28 --> Session: Class initialized using 'CodeIgniter\Session\Handlers\FileHandler' driver.
WARNING - 2024-04-26 09:03:28 --> Session: Sessions is enabled, and one exists. Please don't $session->start();
INFO - 2024-04-26 09:03:45 --> Session: Class initialized using 'CodeIgniter\Session\Handlers\FileHandler' driver.
WARNING - 2024-04-26 09:03:45 --> Session: Sessions is enabled, and one exists. Please don't $session->start();
INFO - 2024-04-26 09:03:51 --> Session: Class initialized using 'CodeIgniter\Session\Handlers\FileHandler' driver.
WARNING - 2024-04-26 09:03:51 --> Session: Sessions is enabled, and one exists. Please don't $session->start();
INFO - 2024-04-26 09:03:58 --> Session: Class initialized using 'CodeIgniter\Session\Handlers\FileHandler' driver.
WARNING - 2024-04-26 09:03:58 --> Session: Sessions is enabled, and one exists. Please don't $session->start();
