INFO - 2024-03-22 02:55:52 --> Session: Class initialized using 'CodeIgniter\Session\Handlers\FileHandler' driver.
INFO - 2024-03-22 02:56:00 --> Session: Class initialized using 'CodeIgniter\Session\Handlers\FileHandler' driver.
INFO - 2024-03-22 02:56:06 --> Session: Class initialized using 'CodeIgniter\Session\Handlers\FileHandler' driver.
INFO - 2024-03-22 02:56:06 --> Session: Class initialized using 'CodeIgniter\Session\Handlers\FileHandler' driver.
INFO - 2024-03-22 02:56:09 --> Session: Class initialized using 'CodeIgniter\Session\Handlers\FileHandler' driver.
INFO - 2024-03-22 02:56:15 --> Session: Class initialized using 'CodeIgniter\Session\Handlers\FileHandler' driver.
INFO - 2024-03-22 02:56:16 --> Session: Class initialized using 'CodeIgniter\Session\Handlers\FileHandler' driver.
INFO - 2024-03-22 02:56:16 --> Session: Class initialized using 'CodeIgniter\Session\Handlers\FileHandler' driver.
INFO - 2024-03-22 02:56:18 --> Session: Class initialized using 'CodeIgniter\Session\Handlers\FileHandler' driver.
INFO - 2024-03-22 02:58:15 --> Session: Class initialized using 'CodeIgniter\Session\Handlers\FileHandler' driver.
INFO - 2024-03-22 02:58:16 --> Session: Class initialized using 'CodeIgniter\Session\Handlers\FileHandler' driver.
INFO - 2024-03-22 02:59:07 --> Session: Class initialized using 'CodeIgniter\Session\Handlers\FileHandler' driver.
INFO - 2024-03-22 03:35:38 --> Session: Class initialized using 'CodeIgniter\Session\Handlers\FileHandler' driver.
INFO - 2024-03-22 03:35:47 --> Session: Class initialized using 'CodeIgniter\Session\Handlers\FileHandler' driver.
INFO - 2024-03-22 03:35:54 --> Session: Class initialized using 'CodeIgniter\Session\Handlers\FileHandler' driver.
INFO - 2024-03-22 03:36:05 --> Session: Class initialized using 'CodeIgniter\Session\Handlers\FileHandler' driver.
INFO - 2024-03-22 03:36:19 --> Session: Class initialized using 'CodeIgniter\Session\Handlers\FileHandler' driver.
INFO - 2024-03-22 03:36:30 --> Session: Class initialized using 'CodeIgniter\Session\Handlers\FileHandler' driver.
INFO - 2024-03-22 03:36:38 --> Session: Class initialized using 'CodeIgniter\Session\Handlers\FileHandler' driver.
CRITICAL - 2024-03-22 05:35:28 --> Undefined variable $baivietmoinhat
in APPPATH\Views\Client\HoatDongSKKD\chienluocmuctieu.php on line 74.
 1 APPPATH\Views\Client\HoatDongSKKD\chienluocmuctieu.php(74): CodeIgniter\Debug\Exceptions->errorHandler(2, 'Undefined variable $baivietmoinhat', 'C:\\Users\\ADMIN\\Desktop\\dakdrinh\\app\\Views\\Client\\HoatDongSKKD\\chienluocmuctieu.php', 74)
 2 SYSTEMPATH\View\View.php(228): include('C:\\Users\\ADMIN\\Desktop\\dakdrinh\\app\\Views\\Client\\HoatDongSKKD\\chienluocmuctieu.php')
 3 SYSTEMPATH\View\View.php(231): CodeIgniter\View\View->CodeIgniter\View\{closure}()
 4 SYSTEMPATH\Common.php(1190): CodeIgniter\View\View->render('Client/HoatDongSKKD/chienluocmuctieu', [], true)
 5 APPPATH\Controllers\Client\HoatDongSXKD\CChienLuocMucTieu.php(25): view('Client/HoatDongSKKD/chienluocmuctieu', [...])
 6 SYSTEMPATH\CodeIgniter.php(942): App\Controllers\Client\HoatDongSXKD\CChienLuocMucTieu->index()
 7 SYSTEMPATH\CodeIgniter.php(502): CodeIgniter\CodeIgniter->runController(Object(App\Controllers\Client\HoatDongSXKD\CChienLuocMucTieu))
 8 SYSTEMPATH\CodeIgniter.php(361): CodeIgniter\CodeIgniter->handleRequest(null, Object(Config\Cache), false)
 9 FCPATH\index.php(79): CodeIgniter\CodeIgniter->run()
10 SYSTEMPATH\Commands\Server\rewrite.php(47): require_once('C:\\Users\\ADMIN\\Desktop\\dakdrinh\\public\\index.php')
CRITICAL - 2024-03-22 07:09:54 --> Undefined variable $data
in APPPATH\Views\Client\TinTucSuKien\HoatDongCongDong.php on line 3.
 1 APPPATH\Views\Client\TinTucSuKien\HoatDongCongDong.php(3): CodeIgniter\Debug\Exceptions->errorHandler(2, 'Undefined variable $data', 'C:\\Users\\ADMIN\\Desktop\\dakdrinh\\app\\Views\\Client\\TinTucSuKien\\HoatDongCongDong.php', 3)
 2 SYSTEMPATH\View\View.php(228): include('C:\\Users\\ADMIN\\Desktop\\dakdrinh\\app\\Views\\Client\\TinTucSuKien\\HoatDongCongDong.php')
 3 SYSTEMPATH\View\View.php(231): CodeIgniter\View\View->CodeIgniter\View\{closure}()
 4 SYSTEMPATH\Common.php(1190): CodeIgniter\View\View->render('Client/TinTucSuKien/HoatDongCongDong', [], true)
 5 APPPATH\Controllers\Client\TinTucSuKien\CHoatDongCongDong.php(23): view('Client/TinTucSuKien/HoatDongCongDong', [...])
 6 SYSTEMPATH\CodeIgniter.php(942): App\Controllers\Client\TinTucSuKien\CHoatDongCongDong->index()
 7 SYSTEMPATH\CodeIgniter.php(502): CodeIgniter\CodeIgniter->runController(Object(App\Controllers\Client\TinTucSuKien\CHoatDongCongDong))
 8 SYSTEMPATH\CodeIgniter.php(361): CodeIgniter\CodeIgniter->handleRequest(null, Object(Config\Cache), false)
 9 FCPATH\index.php(79): CodeIgniter\CodeIgniter->run()
10 SYSTEMPATH\Commands\Server\rewrite.php(47): require_once('C:\\Users\\ADMIN\\Desktop\\dakdrinh\\public\\index.php')
CRITICAL - 2024-03-22 07:11:36 --> Undefined variable $baivietmoinhat
in APPPATH\Views\Client\TinTucSuKien\HoatDongCongDong.php on line 77.
 1 APPPATH\Views\Client\TinTucSuKien\HoatDongCongDong.php(77): CodeIgniter\Debug\Exceptions->errorHandler(2, 'Undefined variable $baivietmoinhat', 'C:\\Users\\ADMIN\\Desktop\\dakdrinh\\app\\Views\\Client\\TinTucSuKien\\HoatDongCongDong.php', 77)
 2 SYSTEMPATH\View\View.php(228): include('C:\\Users\\ADMIN\\Desktop\\dakdrinh\\app\\Views\\Client\\TinTucSuKien\\HoatDongCongDong.php')
 3 SYSTEMPATH\View\View.php(231): CodeIgniter\View\View->CodeIgniter\View\{closure}()
 4 SYSTEMPATH\Common.php(1190): CodeIgniter\View\View->render('Client/TinTucSuKien/HoatDongCongDong', [], true)
 5 APPPATH\Controllers\Client\TinTucSuKien\CHoatDongCongDong.php(23): view('Client/TinTucSuKien/HoatDongCongDong', [...])
 6 SYSTEMPATH\CodeIgniter.php(942): App\Controllers\Client\TinTucSuKien\CHoatDongCongDong->index()
 7 SYSTEMPATH\CodeIgniter.php(502): CodeIgniter\CodeIgniter->runController(Object(App\Controllers\Client\TinTucSuKien\CHoatDongCongDong))
 8 SYSTEMPATH\CodeIgniter.php(361): CodeIgniter\CodeIgniter->handleRequest(null, Object(Config\Cache), false)
 9 FCPATH\index.php(79): CodeIgniter\CodeIgniter->run()
10 SYSTEMPATH\Commands\Server\rewrite.php(47): require_once('C:\\Users\\ADMIN\\Desktop\\dakdrinh\\public\\index.php')
CRITICAL - 2024-03-22 07:12:08 --> Undefined variable $baivietmoinhat
in APPPATH\Views\Client\TinTucSuKien\HoatDongCongDong.php on line 77.
 1 APPPATH\Views\Client\TinTucSuKien\HoatDongCongDong.php(77): CodeIgniter\Debug\Exceptions->errorHandler(2, 'Undefined variable $baivietmoinhat', 'C:\\Users\\ADMIN\\Desktop\\dakdrinh\\app\\Views\\Client\\TinTucSuKien\\HoatDongCongDong.php', 77)
 2 SYSTEMPATH\View\View.php(228): include('C:\\Users\\ADMIN\\Desktop\\dakdrinh\\app\\Views\\Client\\TinTucSuKien\\HoatDongCongDong.php')
 3 SYSTEMPATH\View\View.php(231): CodeIgniter\View\View->CodeIgniter\View\{closure}()
 4 SYSTEMPATH\Common.php(1190): CodeIgniter\View\View->render('Client/TinTucSuKien/HoatDongCongDong', [], true)
 5 APPPATH\Controllers\Client\TinTucSuKien\CHoatDongCongDong.php(23): view('Client/TinTucSuKien/HoatDongCongDong', [...])
 6 SYSTEMPATH\CodeIgniter.php(942): App\Controllers\Client\TinTucSuKien\CHoatDongCongDong->index()
 7 SYSTEMPATH\CodeIgniter.php(502): CodeIgniter\CodeIgniter->runController(Object(App\Controllers\Client\TinTucSuKien\CHoatDongCongDong))
 8 SYSTEMPATH\CodeIgniter.php(361): CodeIgniter\CodeIgniter->handleRequest(null, Object(Config\Cache), false)
 9 FCPATH\index.php(79): CodeIgniter\CodeIgniter->run()
10 SYSTEMPATH\Commands\Server\rewrite.php(47): require_once('C:\\Users\\ADMIN\\Desktop\\dakdrinh\\public\\index.php')
CRITICAL - 2024-03-22 07:13:02 --> Undefined variable $baivietmoinhat
in APPPATH\Views\Client\TinTucSuKien\HoatDongCongDong.php on line 77.
 1 APPPATH\Views\Client\TinTucSuKien\HoatDongCongDong.php(77): CodeIgniter\Debug\Exceptions->errorHandler(2, 'Undefined variable $baivietmoinhat', 'C:\\Users\\ADMIN\\Desktop\\dakdrinh\\app\\Views\\Client\\TinTucSuKien\\HoatDongCongDong.php', 77)
 2 SYSTEMPATH\View\View.php(228): include('C:\\Users\\ADMIN\\Desktop\\dakdrinh\\app\\Views\\Client\\TinTucSuKien\\HoatDongCongDong.php')
 3 SYSTEMPATH\View\View.php(231): CodeIgniter\View\View->CodeIgniter\View\{closure}()
 4 SYSTEMPATH\Common.php(1190): CodeIgniter\View\View->render('Client/TinTucSuKien/HoatDongCongDong', [], true)
 5 APPPATH\Controllers\Client\TinTucSuKien\CHoatDongCongDong.php(23): view('Client/TinTucSuKien/HoatDongCongDong', [...])
 6 SYSTEMPATH\CodeIgniter.php(942): App\Controllers\Client\TinTucSuKien\CHoatDongCongDong->index()
 7 SYSTEMPATH\CodeIgniter.php(502): CodeIgniter\CodeIgniter->runController(Object(App\Controllers\Client\TinTucSuKien\CHoatDongCongDong))
 8 SYSTEMPATH\CodeIgniter.php(361): CodeIgniter\CodeIgniter->handleRequest(null, Object(Config\Cache), false)
 9 FCPATH\index.php(79): CodeIgniter\CodeIgniter->run()
10 SYSTEMPATH\Commands\Server\rewrite.php(47): require_once('C:\\Users\\ADMIN\\Desktop\\dakdrinh\\public\\index.php')
INFO - 2024-03-22 08:11:43 --> Session: Class initialized using 'CodeIgniter\Session\Handlers\FileHandler' driver.
INFO - 2024-03-22 08:11:43 --> Session: Class initialized using 'CodeIgniter\Session\Handlers\FileHandler' driver.
INFO - 2024-03-22 08:16:36 --> Session: Class initialized using 'CodeIgniter\Session\Handlers\FileHandler' driver.
INFO - 2024-03-22 08:16:37 --> Session: Class initialized using 'CodeIgniter\Session\Handlers\FileHandler' driver.
INFO - 2024-03-22 08:16:38 --> Session: Class initialized using 'CodeIgniter\Session\Handlers\FileHandler' driver.
INFO - 2024-03-22 08:19:35 --> Session: Class initialized using 'CodeIgniter\Session\Handlers\FileHandler' driver.
INFO - 2024-03-22 08:19:36 --> Session: Class initialized using 'CodeIgniter\Session\Handlers\FileHandler' driver.
INFO - 2024-03-22 09:30:26 --> Session: Class initialized using 'CodeIgniter\Session\Handlers\FileHandler' driver.
INFO - 2024-03-22 09:30:28 --> Session: Class initialized using 'CodeIgniter\Session\Handlers\FileHandler' driver.
INFO - 2024-03-22 09:30:39 --> Session: Class initialized using 'CodeIgniter\Session\Handlers\FileHandler' driver.
INFO - 2024-03-22 09:30:40 --> Session: Class initialized using 'CodeIgniter\Session\Handlers\FileHandler' driver.
INFO - 2024-03-22 15:49:54 --> Session: Class initialized using 'CodeIgniter\Session\Handlers\FileHandler' driver.
INFO - 2024-03-22 15:50:00 --> Session: Class initialized using 'CodeIgniter\Session\Handlers\FileHandler' driver.
INFO - 2024-03-22 15:50:00 --> Session: Class initialized using 'CodeIgniter\Session\Handlers\FileHandler' driver.
INFO - 2024-03-22 15:50:02 --> Session: Class initialized using 'CodeIgniter\Session\Handlers\FileHandler' driver.
INFO - 2024-03-22 15:50:08 --> Session: Class initialized using 'CodeIgniter\Session\Handlers\FileHandler' driver.
INFO - 2024-03-22 15:50:09 --> Session: Class initialized using 'CodeIgniter\Session\Handlers\FileHandler' driver.
INFO - 2024-03-22 15:51:58 --> Session: Class initialized using 'CodeIgniter\Session\Handlers\FileHandler' driver.
CRITICAL - 2024-03-22 15:51:58 --> Call to a member function isValid() on null
in APPPATH\Controllers\Admin\CBieuDo.php on line 22.
 1 SYSTEMPATH\CodeIgniter.php(942): App\Controllers\Admin\CBieuDo->import()
 2 SYSTEMPATH\CodeIgniter.php(502): CodeIgniter\CodeIgniter->runController(Object(App\Controllers\Admin\CBieuDo))
 3 SYSTEMPATH\CodeIgniter.php(361): CodeIgniter\CodeIgniter->handleRequest(null, Object(Config\Cache), false)
 4 FCPATH\index.php(79): CodeIgniter\CodeIgniter->run()
 5 SYSTEMPATH\Commands\Server\rewrite.php(47): require_once('C:\\Users\\ADMIN\\Desktop\\dakdrinh\\public\\index.php')
INFO - 2024-03-22 15:52:02 --> Session: Class initialized using 'CodeIgniter\Session\Handlers\FileHandler' driver.
INFO - 2024-03-22 15:52:05 --> Session: Class initialized using 'CodeIgniter\Session\Handlers\FileHandler' driver.
INFO - 2024-03-22 15:52:33 --> Session: Class initialized using 'CodeIgniter\Session\Handlers\FileHandler' driver.
INFO - 2024-03-22 15:52:34 --> Session: Class initialized using 'CodeIgniter\Session\Handlers\FileHandler' driver.
INFO - 2024-03-22 15:53:37 --> Session: Class initialized using 'CodeIgniter\Session\Handlers\FileHandler' driver.
INFO - 2024-03-22 15:53:39 --> Session: Class initialized using 'CodeIgniter\Session\Handlers\FileHandler' driver.
INFO - 2024-03-22 15:53:40 --> Session: Class initialized using 'CodeIgniter\Session\Handlers\FileHandler' driver.
INFO - 2024-03-22 15:53:59 --> Session: Class initialized using 'CodeIgniter\Session\Handlers\FileHandler' driver.
INFO - 2024-03-22 15:54:00 --> Session: Class initialized using 'CodeIgniter\Session\Handlers\FileHandler' driver.
INFO - 2024-03-22 15:54:47 --> Session: Class initialized using 'CodeIgniter\Session\Handlers\FileHandler' driver.
INFO - 2024-03-22 15:54:49 --> Session: Class initialized using 'CodeIgniter\Session\Handlers\FileHandler' driver.
INFO - 2024-03-22 15:55:32 --> Session: Class initialized using 'CodeIgniter\Session\Handlers\FileHandler' driver.
INFO - 2024-03-22 15:55:33 --> Session: Class initialized using 'CodeIgniter\Session\Handlers\FileHandler' driver.
INFO - 2024-03-22 15:55:34 --> Session: Class initialized using 'CodeIgniter\Session\Handlers\FileHandler' driver.
INFO - 2024-03-22 15:55:50 --> Session: Class initialized using 'CodeIgniter\Session\Handlers\FileHandler' driver.
INFO - 2024-03-22 15:55:51 --> Session: Class initialized using 'CodeIgniter\Session\Handlers\FileHandler' driver.
INFO - 2024-03-22 15:56:40 --> Session: Class initialized using 'CodeIgniter\Session\Handlers\FileHandler' driver.
INFO - 2024-03-22 15:56:41 --> Session: Class initialized using 'CodeIgniter\Session\Handlers\FileHandler' driver.
INFO - 2024-03-22 15:56:42 --> Session: Class initialized using 'CodeIgniter\Session\Handlers\FileHandler' driver.
INFO - 2024-03-22 15:56:42 --> Session: Class initialized using 'CodeIgniter\Session\Handlers\FileHandler' driver.
INFO - 2024-03-22 15:56:43 --> Session: Class initialized using 'CodeIgniter\Session\Handlers\FileHandler' driver.
INFO - 2024-03-22 15:56:44 --> Session: Class initialized using 'CodeIgniter\Session\Handlers\FileHandler' driver.
INFO - 2024-03-22 15:56:51 --> Session: Class initialized using 'CodeIgniter\Session\Handlers\FileHandler' driver.
INFO - 2024-03-22 15:56:52 --> Session: Class initialized using 'CodeIgniter\Session\Handlers\FileHandler' driver.
INFO - 2024-03-22 15:56:58 --> Session: Class initialized using 'CodeIgniter\Session\Handlers\FileHandler' driver.
INFO - 2024-03-22 15:56:59 --> Session: Class initialized using 'CodeIgniter\Session\Handlers\FileHandler' driver.
INFO - 2024-03-22 15:57:01 --> Session: Class initialized using 'CodeIgniter\Session\Handlers\FileHandler' driver.
INFO - 2024-03-22 15:57:02 --> Session: Class initialized using 'CodeIgniter\Session\Handlers\FileHandler' driver.
INFO - 2024-03-22 15:57:03 --> Session: Class initialized using 'CodeIgniter\Session\Handlers\FileHandler' driver.
INFO - 2024-03-22 15:57:04 --> Session: Class initialized using 'CodeIgniter\Session\Handlers\FileHandler' driver.
CRITICAL - 2024-03-22 15:57:05 --> Trying to access array offset on value of type null
in APPPATH\Views\Admin\SuaHinhAnh.php on line 3.
 1 APPPATH\Views\Admin\SuaHinhAnh.php(3): CodeIgniter\Debug\Exceptions->errorHandler(2, 'Trying to access array offset on value of type null', 'C:\\Users\\ADMIN\\Desktop\\dakdrinh\\app\\Views\\Admin\\SuaHinhAnh.php', 3)
 2 SYSTEMPATH\View\View.php(228): include('C:\\Users\\ADMIN\\Desktop\\dakdrinh\\app\\Views\\Admin\\SuaHinhAnh.php')
 3 SYSTEMPATH\View\View.php(231): CodeIgniter\View\View->CodeIgniter\View\{closure}()
 4 SYSTEMPATH\Common.php(1190): CodeIgniter\View\View->render('Admin/SuaHinhAnh', [], true)
 5 APPPATH\Controllers\Admin\CThuVienAnh.php(45): view('Admin/SuaHinhAnh', [...])
 6 SYSTEMPATH\CodeIgniter.php(942): App\Controllers\Admin\CThuVienAnh->EditHinhAnh('1')
 7 SYSTEMPATH\CodeIgniter.php(502): CodeIgniter\CodeIgniter->runController(Object(App\Controllers\Admin\CThuVienAnh))
 8 SYSTEMPATH\CodeIgniter.php(361): CodeIgniter\CodeIgniter->handleRequest(null, Object(Config\Cache), false)
 9 FCPATH\index.php(79): CodeIgniter\CodeIgniter->run()
10 SYSTEMPATH\Commands\Server\rewrite.php(47): require_once('C:\\Users\\ADMIN\\Desktop\\dakdrinh\\public\\index.php')
INFO - 2024-03-22 15:57:07 --> Session: Class initialized using 'CodeIgniter\Session\Handlers\FileHandler' driver.
INFO - 2024-03-22 15:57:07 --> Session: Class initialized using 'CodeIgniter\Session\Handlers\FileHandler' driver.
INFO - 2024-03-22 15:57:08 --> Session: Class initialized using 'CodeIgniter\Session\Handlers\FileHandler' driver.
INFO - 2024-03-22 15:57:09 --> Session: Class initialized using 'CodeIgniter\Session\Handlers\FileHandler' driver.
