INFO - 2024-04-23 01:37:20 --> Session: Class initialized using 'CodeIgniter\Session\Handlers\FileHandler' driver.
INFO - 2024-04-23 01:37:25 --> Session: Class initialized using 'CodeIgniter\Session\Handlers\FileHandler' driver.
INFO - 2024-04-23 01:37:25 --> Session: Class initialized using 'CodeIgniter\Session\Handlers\FileHandler' driver.
INFO - 2024-04-23 01:37:27 --> Session: Class initialized using 'CodeIgniter\Session\Handlers\FileHandler' driver.
INFO - 2024-04-23 01:37:30 --> Session: Class initialized using 'CodeIgniter\Session\Handlers\FileHandler' driver.
INFO - 2024-04-23 01:37:31 --> Session: Class initialized using 'CodeIgniter\Session\Handlers\FileHandler' driver.
INFO - 2024-04-23 01:40:48 --> Session: Class initialized using 'CodeIgniter\Session\Handlers\FileHandler' driver.
CRITICAL - 2024-04-23 01:47:11 --> Trying to access array offset on value of type null
in APPPATH\Views\Client\baivietchitiet.php on line 6.
 1 APPPATH\Views\Client\baivietchitiet.php(6): CodeIgniter\Debug\Exceptions->errorHandler(2, 'Trying to access array offset on value of type null', 'C:\\Users\\ADMIN\\Desktop\\dakdrinh\\app\\Views\\Client\\baivietchitiet.php', 6)
 2 SYSTEMPATH\View\View.php(228): include('C:\\Users\\ADMIN\\Desktop\\dakdrinh\\app\\Views\\Client\\baivietchitiet.php')
 3 SYSTEMPATH\View\View.php(231): CodeIgniter\View\View->CodeIgniter\View\{closure}()
 4 SYSTEMPATH\Common.php(1190): CodeIgniter\View\View->render('Client/baivietchitiet', [], true)
 5 APPPATH\Controllers\Client\GioiThieu\CGioiThieuChung.php(34): view('Client/baivietchitiet', [...])
 6 SYSTEMPATH\CodeIgniter.php(942): App\Controllers\Client\GioiThieu\CGioiThieuChung->index('106')
 7 SYSTEMPATH\CodeIgniter.php(502): CodeIgniter\CodeIgniter->runController(Object(App\Controllers\Client\GioiThieu\CGioiThieuChung))
 8 SYSTEMPATH\CodeIgniter.php(361): CodeIgniter\CodeIgniter->handleRequest(null, Object(Config\Cache), false)
 9 FCPATH\index.php(79): CodeIgniter\CodeIgniter->run()
10 SYSTEMPATH\Commands\Server\rewrite.php(47): require_once('C:\\Users\\ADMIN\\Desktop\\dakdrinh\\public\\index.php')
CRITICAL - 2024-04-23 01:48:03 --> Undefined variable $menuhome
in APPPATH\Views\Client\Layout\Header.php on line 43.
 1 APPPATH\Views\Client\Layout\Header.php(43): CodeIgniter\Debug\Exceptions->errorHandler(2, 'Undefined variable $menuhome', 'C:\\Users\\ADMIN\\Desktop\\dakdrinh\\app\\Views\\Client\\Layout\\Header.php', 43)
 2 SYSTEMPATH\View\View.php(228): include('C:\\Users\\ADMIN\\Desktop\\dakdrinh\\app\\Views\\Client\\Layout\\Header.php')
 3 SYSTEMPATH\View\View.php(231): CodeIgniter\View\View->CodeIgniter\View\{closure}()
 4 SYSTEMPATH\View\View.php(469): CodeIgniter\View\View->render('Client/Layout/Header', null, true)
 5 APPPATH\Views\Client\Layout\Base.php(61): CodeIgniter\View\View->include('Client/Layout/Header')
 6 SYSTEMPATH\View\View.php(228): include('C:\\Users\\ADMIN\\Desktop\\dakdrinh\\app\\Views\\Client\\Layout\\Base.php')
 7 SYSTEMPATH\View\View.php(231): CodeIgniter\View\View->CodeIgniter\View\{closure}()
 8 SYSTEMPATH\View\View.php(244): CodeIgniter\View\View->render('Client/Layout/Base', [], true)
 9 SYSTEMPATH\Common.php(1190): CodeIgniter\View\View->render('Client/GioiThieu/BanLanhDao', [], true)
10 APPPATH\Controllers\Client\GioiThieu\CBanLanhDao.php(11): view('Client/GioiThieu/BanLanhDao', [...])
11 SYSTEMPATH\CodeIgniter.php(942): App\Controllers\Client\GioiThieu\CBanLanhDao->index()
12 SYSTEMPATH\CodeIgniter.php(502): CodeIgniter\CodeIgniter->runController(Object(App\Controllers\Client\GioiThieu\CBanLanhDao))
13 SYSTEMPATH\CodeIgniter.php(361): CodeIgniter\CodeIgniter->handleRequest(null, Object(Config\Cache), false)
14 FCPATH\index.php(79): CodeIgniter\CodeIgniter->run()
15 SYSTEMPATH\Commands\Server\rewrite.php(47): require_once('C:\\Users\\ADMIN\\Desktop\\dakdrinh\\public\\index.php')
CRITICAL - 2024-04-23 01:54:38 --> Undefined variable $menuhome
in APPPATH\Views\Client\Layout\Header.php on line 43.
 1 APPPATH\Views\Client\Layout\Header.php(43): CodeIgniter\Debug\Exceptions->errorHandler(2, 'Undefined variable $menuhome', 'C:\\Users\\ADMIN\\Desktop\\dakdrinh\\app\\Views\\Client\\Layout\\Header.php', 43)
 2 SYSTEMPATH\View\View.php(228): include('C:\\Users\\ADMIN\\Desktop\\dakdrinh\\app\\Views\\Client\\Layout\\Header.php')
 3 SYSTEMPATH\View\View.php(231): CodeIgniter\View\View->CodeIgniter\View\{closure}()
 4 SYSTEMPATH\View\View.php(469): CodeIgniter\View\View->render('Client/Layout/Header', null, true)
 5 APPPATH\Views\Client\Layout\Base.php(61): CodeIgniter\View\View->include('Client/Layout/Header')
 6 SYSTEMPATH\View\View.php(228): include('C:\\Users\\ADMIN\\Desktop\\dakdrinh\\app\\Views\\Client\\Layout\\Base.php')
 7 SYSTEMPATH\View\View.php(231): CodeIgniter\View\View->CodeIgniter\View\{closure}()
 8 SYSTEMPATH\View\View.php(244): CodeIgniter\View\View->render('Client/Layout/Base', [], true)
 9 SYSTEMPATH\Common.php(1190): CodeIgniter\View\View->render('Client/duanchitiet', [], true)
10 APPPATH\Controllers\Client\CBaivietchitiet.php(48): view('Client/duanchitiet', [...])
11 SYSTEMPATH\CodeIgniter.php(942): App\Controllers\Client\CBaivietchitiet->thongtinduan('1')
12 SYSTEMPATH\CodeIgniter.php(502): CodeIgniter\CodeIgniter->runController(Object(App\Controllers\Client\CBaivietchitiet))
13 SYSTEMPATH\CodeIgniter.php(361): CodeIgniter\CodeIgniter->handleRequest(null, Object(Config\Cache), false)
14 FCPATH\index.php(79): CodeIgniter\CodeIgniter->run()
15 SYSTEMPATH\Commands\Server\rewrite.php(47): require_once('C:\\Users\\ADMIN\\Desktop\\dakdrinh\\public\\index.php')
CRITICAL - 2024-04-23 01:55:27 --> Undefined variable $menuhome
in APPPATH\Views\Client\Layout\Header.php on line 43.
 1 APPPATH\Views\Client\Layout\Header.php(43): CodeIgniter\Debug\Exceptions->errorHandler(2, 'Undefined variable $menuhome', 'C:\\Users\\ADMIN\\Desktop\\dakdrinh\\app\\Views\\Client\\Layout\\Header.php', 43)
 2 SYSTEMPATH\View\View.php(228): include('C:\\Users\\ADMIN\\Desktop\\dakdrinh\\app\\Views\\Client\\Layout\\Header.php')
 3 SYSTEMPATH\View\View.php(231): CodeIgniter\View\View->CodeIgniter\View\{closure}()
 4 SYSTEMPATH\View\View.php(469): CodeIgniter\View\View->render('Client/Layout/Header', null, true)
 5 APPPATH\Views\Client\Layout\Base.php(61): CodeIgniter\View\View->include('Client/Layout/Header')
 6 SYSTEMPATH\View\View.php(228): include('C:\\Users\\ADMIN\\Desktop\\dakdrinh\\app\\Views\\Client\\Layout\\Base.php')
 7 SYSTEMPATH\View\View.php(231): CodeIgniter\View\View->CodeIgniter\View\{closure}()
 8 SYSTEMPATH\View\View.php(244): CodeIgniter\View\View->render('Client/Layout/Base', [], true)
 9 SYSTEMPATH\Common.php(1190): CodeIgniter\View\View->render('Client/duanchitiet', [], true)
10 APPPATH\Controllers\Client\CBaivietchitiet.php(48): view('Client/duanchitiet', [...])
11 SYSTEMPATH\CodeIgniter.php(942): App\Controllers\Client\CBaivietchitiet->thongtinduan('1')
12 SYSTEMPATH\CodeIgniter.php(502): CodeIgniter\CodeIgniter->runController(Object(App\Controllers\Client\CBaivietchitiet))
13 SYSTEMPATH\CodeIgniter.php(361): CodeIgniter\CodeIgniter->handleRequest(null, Object(Config\Cache), false)
14 FCPATH\index.php(79): CodeIgniter\CodeIgniter->run()
15 SYSTEMPATH\Commands\Server\rewrite.php(47): require_once('C:\\Users\\ADMIN\\Desktop\\dakdrinh\\public\\index.php')
INFO - 2024-04-23 02:01:06 --> Session: Class initialized using 'CodeIgniter\Session\Handlers\FileHandler' driver.
INFO - 2024-04-23 02:01:08 --> Session: Class initialized using 'CodeIgniter\Session\Handlers\FileHandler' driver.
INFO - 2024-04-23 02:02:28 --> Session: Class initialized using 'CodeIgniter\Session\Handlers\FileHandler' driver.
INFO - 2024-04-23 02:02:29 --> Session: Class initialized using 'CodeIgniter\Session\Handlers\FileHandler' driver.
INFO - 2024-04-23 02:02:31 --> Session: Class initialized using 'CodeIgniter\Session\Handlers\FileHandler' driver.
INFO - 2024-04-23 02:02:37 --> Session: Class initialized using 'CodeIgniter\Session\Handlers\FileHandler' driver.
INFO - 2024-04-23 02:02:38 --> Session: Class initialized using 'CodeIgniter\Session\Handlers\FileHandler' driver.
INFO - 2024-04-23 02:02:39 --> Session: Class initialized using 'CodeIgniter\Session\Handlers\FileHandler' driver.
INFO - 2024-04-23 02:02:42 --> Session: Class initialized using 'CodeIgniter\Session\Handlers\FileHandler' driver.
ERROR - 2024-04-23 06:49:54 --> mysqli_sql_exception: MySQL server has gone away in C:\Users\ADMIN\Desktop\dakdrinh\system\Database\MySQLi\Connection.php:306
Stack trace:
#0 C:\Users\ADMIN\Desktop\dakdrinh\system\Database\MySQLi\Connection.php(306): mysqli->query('SELECT * FROM t...', 0)
#1 C:\Users\ADMIN\Desktop\dakdrinh\system\Database\BaseConnection.php(693): CodeIgniter\Database\MySQLi\Connection->execute('SELECT * FROM t...')
#2 C:\Users\ADMIN\Desktop\dakdrinh\system\Database\BaseConnection.php(607): CodeIgniter\Database\BaseConnection->simpleQuery('SELECT * FROM t...')
#3 C:\Users\ADMIN\Desktop\dakdrinh\system\Model.php(867): CodeIgniter\Database\BaseConnection->query('SELECT * FROM t...', Array)
#4 C:\Users\ADMIN\Desktop\dakdrinh\app\Models\Mbaiviet.php(53): CodeIgniter\Model->__call('query', Array)
#5 C:\Users\ADMIN\Desktop\dakdrinh\app\Controllers\Client\CHome.php(19): App\Models\Mbaiviet->getTinMoiNhat(4)
#6 C:\Users\ADMIN\Desktop\dakdrinh\system\CodeIgniter.php(942): App\Controllers\Client\CHome->index()
#7 C:\Users\ADMIN\Desktop\dakdrinh\system\CodeIgniter.php(502): CodeIgniter\CodeIgniter->runController(Object(App\Controllers\Client\CHome))
#8 C:\Users\ADMIN\Desktop\dakdrinh\system\CodeIgniter.php(361): CodeIgniter\CodeIgniter->handleRequest(NULL, Object(Config\Cache), false)
#9 C:\Users\ADMIN\Desktop\dakdrinh\public\index.php(79): CodeIgniter\CodeIgniter->run()
#10 C:\Users\ADMIN\Desktop\dakdrinh\system\Commands\Server\rewrite.php(47): require_once('C:\\Users\\ADMIN\\...')
#11 {main}
CRITICAL - 2024-04-23 06:49:54 --> MySQL server has gone away
in SYSTEMPATH\Database\BaseConnection.php on line 647.
 1 SYSTEMPATH\Model.php(867): CodeIgniter\Database\BaseConnection->query('SELECT * FROM tbbaiviet WHERE tinnoibat = ? ORDER BY ngaytao DESC LIMIT ?', [...])
 2 APPPATH\Models\Mbaiviet.php(53): CodeIgniter\Model->__call('query', [...])
 3 APPPATH\Controllers\Client\CHome.php(19): App\Models\Mbaiviet->getTinMoiNhat(4)
 4 SYSTEMPATH\CodeIgniter.php(942): App\Controllers\Client\CHome->index()
 5 SYSTEMPATH\CodeIgniter.php(502): CodeIgniter\CodeIgniter->runController(Object(App\Controllers\Client\CHome))
 6 SYSTEMPATH\CodeIgniter.php(361): CodeIgniter\CodeIgniter->handleRequest(null, Object(Config\Cache), false)
 7 FCPATH\index.php(79): CodeIgniter\CodeIgniter->run()
 8 SYSTEMPATH\Commands\Server\rewrite.php(47): require_once('C:\\Users\\ADMIN\\Desktop\\dakdrinh\\public\\index.php')
ERROR - 2024-04-23 06:49:58 --> Error connecting to the database: mysqli_sql_exception: No connection could be made because the target machine actively refused it in C:\Users\ADMIN\Desktop\dakdrinh\system\Database\MySQLi\Connection.php:184
Stack trace:
#0 C:\Users\ADMIN\Desktop\dakdrinh\system\Database\MySQLi\Connection.php(184): mysqli->real_connect('localhost', 'root', Object(SensitiveParameterValue), 'dakdrinh', 3306, '', 0)
#1 C:\Users\ADMIN\Desktop\dakdrinh\system\Database\BaseConnection.php(392): CodeIgniter\Database\MySQLi\Connection->connect(false)
#2 C:\Users\ADMIN\Desktop\dakdrinh\system\Database\BaseConnection.php(575): CodeIgniter\Database\BaseConnection->initialize()
#3 C:\Users\ADMIN\Desktop\dakdrinh\system\Model.php(867): CodeIgniter\Database\BaseConnection->query('SELECT * FROM t...', Array)
#4 C:\Users\ADMIN\Desktop\dakdrinh\app\Models\Mbaiviet.php(53): CodeIgniter\Model->__call('query', Array)
#5 C:\Users\ADMIN\Desktop\dakdrinh\app\Controllers\Client\CHome.php(19): App\Models\Mbaiviet->getTinMoiNhat(4)
#6 C:\Users\ADMIN\Desktop\dakdrinh\system\CodeIgniter.php(942): App\Controllers\Client\CHome->index()
#7 C:\Users\ADMIN\Desktop\dakdrinh\system\CodeIgniter.php(502): CodeIgniter\CodeIgniter->runController(Object(App\Controllers\Client\CHome))
#8 C:\Users\ADMIN\Desktop\dakdrinh\system\CodeIgniter.php(361): CodeIgniter\CodeIgniter->handleRequest(NULL, Object(Config\Cache), false)
#9 C:\Users\ADMIN\Desktop\dakdrinh\public\index.php(79): CodeIgniter\CodeIgniter->run()
#10 C:\Users\ADMIN\Desktop\dakdrinh\system\Commands\Server\rewrite.php(47): require_once('C:\\Users\\ADMIN\\...')
#11 {main}

Next CodeIgniter\Database\Exceptions\DatabaseException: No connection could be made because the target machine actively refused it in C:\Users\ADMIN\Desktop\dakdrinh\system\Database\MySQLi\Connection.php:229
Stack trace:
#0 C:\Users\ADMIN\Desktop\dakdrinh\system\Database\BaseConnection.php(392): CodeIgniter\Database\MySQLi\Connection->connect(false)
#1 C:\Users\ADMIN\Desktop\dakdrinh\system\Database\BaseConnection.php(575): CodeIgniter\Database\BaseConnection->initialize()
#2 C:\Users\ADMIN\Desktop\dakdrinh\system\Model.php(867): CodeIgniter\Database\BaseConnection->query('SELECT * FROM t...', Array)
#3 C:\Users\ADMIN\Desktop\dakdrinh\app\Models\Mbaiviet.php(53): CodeIgniter\Model->__call('query', Array)
#4 C:\Users\ADMIN\Desktop\dakdrinh\app\Controllers\Client\CHome.php(19): App\Models\Mbaiviet->getTinMoiNhat(4)
#5 C:\Users\ADMIN\Desktop\dakdrinh\system\CodeIgniter.php(942): App\Controllers\Client\CHome->index()
#6 C:\Users\ADMIN\Desktop\dakdrinh\system\CodeIgniter.php(502): CodeIgniter\CodeIgniter->runController(Object(App\Controllers\Client\CHome))
#7 C:\Users\ADMIN\Desktop\dakdrinh\system\CodeIgniter.php(361): CodeIgniter\CodeIgniter->handleRequest(NULL, Object(Config\Cache), false)
#8 C:\Users\ADMIN\Desktop\dakdrinh\public\index.php(79): CodeIgniter\CodeIgniter->run()
#9 C:\Users\ADMIN\Desktop\dakdrinh\system\Commands\Server\rewrite.php(47): require_once('C:\\Users\\ADMIN\\...')
#10 {main}
CRITICAL - 2024-04-23 06:49:58 --> Unable to connect to the database.
Main connection [MySQLi]: No connection could be made because the target machine actively refused it
in SYSTEMPATH\Database\BaseConnection.php on line 428.
 1 SYSTEMPATH\Database\BaseConnection.php(575): CodeIgniter\Database\BaseConnection->initialize()
 2 SYSTEMPATH\Model.php(867): CodeIgniter\Database\BaseConnection->query('SELECT * FROM tbbaiviet WHERE tinnoibat = ? ORDER BY ngaytao DESC LIMIT ?', [...])
 3 APPPATH\Models\Mbaiviet.php(53): CodeIgniter\Model->__call('query', [...])
 4 APPPATH\Controllers\Client\CHome.php(19): App\Models\Mbaiviet->getTinMoiNhat(4)
 5 SYSTEMPATH\CodeIgniter.php(942): App\Controllers\Client\CHome->index()
 6 SYSTEMPATH\CodeIgniter.php(502): CodeIgniter\CodeIgniter->runController(Object(App\Controllers\Client\CHome))
 7 SYSTEMPATH\CodeIgniter.php(361): CodeIgniter\CodeIgniter->handleRequest(null, Object(Config\Cache), false)
 8 FCPATH\index.php(79): CodeIgniter\CodeIgniter->run()
 9 SYSTEMPATH\Commands\Server\rewrite.php(47): require_once('C:\\Users\\ADMIN\\Desktop\\dakdrinh\\public\\index.php')
INFO - 2024-04-23 09:16:45 --> Session: Class initialized using 'CodeIgniter\Session\Handlers\FileHandler' driver.
