CRITICAL - 2024-03-24 02:37:30 --> Maximum execution time of 60 seconds exceeded
in SYSTEMPATH\Debug\Exceptions.php on line 194.
 1 [internal function]: CodeIgniter\Debug\Exceptions->shutdownHandler()
ERROR - 2024-03-24 02:37:36 --> Error connecting to the database: mysqli_sql_exception: No connection could be made because the target machine actively refused it in C:\Users\ADMIN\Desktop\dakdrinh\system\Database\MySQLi\Connection.php:184
Stack trace:
#0 C:\Users\ADMIN\Desktop\dakdrinh\system\Database\MySQLi\Connection.php(184): mysqli->real_connect('localhost', 'root', Object(SensitiveParameterValue), 'dakdrinh', 3306, '', 0)
#1 C:\Users\ADMIN\Desktop\dakdrinh\system\Database\BaseConnection.php(392): CodeIgniter\Database\MySQLi\Connection->connect(false)
#2 C:\Users\ADMIN\Desktop\dakdrinh\system\Database\BaseConnection.php(575): CodeIgniter\Database\BaseConnection->initialize()
#3 C:\Users\ADMIN\Desktop\dakdrinh\system\Model.php(867): CodeIgniter\Database\BaseConnection->query('SELECT * FROM t...', Array)
#4 C:\Users\ADMIN\Desktop\dakdrinh\app\Models\Mbaiviet.php(49): CodeIgniter\Model->__call('query', Array)
#5 C:\Users\ADMIN\Desktop\dakdrinh\app\Controllers\Client\CHome.php(12): App\Models\Mbaiviet->getTinMoiNhat(4)
#6 C:\Users\ADMIN\Desktop\dakdrinh\system\CodeIgniter.php(942): App\Controllers\Client\CHome->index()
#7 C:\Users\ADMIN\Desktop\dakdrinh\system\CodeIgniter.php(502): CodeIgniter\CodeIgniter->runController(Object(App\Controllers\Client\CHome))
#8 C:\Users\ADMIN\Desktop\dakdrinh\system\CodeIgniter.php(361): CodeIgniter\CodeIgniter->handleRequest(NULL, Object(Config\Cache), false)
#9 C:\Users\ADMIN\Desktop\dakdrinh\public\index.php(79): CodeIgniter\CodeIgniter->run()
#10 C:\Users\ADMIN\Desktop\dakdrinh\system\Commands\Server\rewrite.php(47): require_once('C:\\Users\\ADMIN\\...')
#11 {main}

Next CodeIgniter\Database\Exceptions\DatabaseException: No connection could be made because the target machine actively refused it in C:\Users\ADMIN\Desktop\dakdrinh\system\Database\MySQLi\Connection.php:229
Stack trace:
#0 C:\Users\ADMIN\Desktop\dakdrinh\system\Database\BaseConnection.php(392): CodeIgniter\Database\MySQLi\Connection->connect(false)
#1 C:\Users\ADMIN\Desktop\dakdrinh\system\Database\BaseConnection.php(575): CodeIgniter\Database\BaseConnection->initialize()
#2 C:\Users\ADMIN\Desktop\dakdrinh\system\Model.php(867): CodeIgniter\Database\BaseConnection->query('SELECT * FROM t...', Array)
#3 C:\Users\ADMIN\Desktop\dakdrinh\app\Models\Mbaiviet.php(49): CodeIgniter\Model->__call('query', Array)
#4 C:\Users\ADMIN\Desktop\dakdrinh\app\Controllers\Client\CHome.php(12): App\Models\Mbaiviet->getTinMoiNhat(4)
#5 C:\Users\ADMIN\Desktop\dakdrinh\system\CodeIgniter.php(942): App\Controllers\Client\CHome->index()
#6 C:\Users\ADMIN\Desktop\dakdrinh\system\CodeIgniter.php(502): CodeIgniter\CodeIgniter->runController(Object(App\Controllers\Client\CHome))
#7 C:\Users\ADMIN\Desktop\dakdrinh\system\CodeIgniter.php(361): CodeIgniter\CodeIgniter->handleRequest(NULL, Object(Config\Cache), false)
#8 C:\Users\ADMIN\Desktop\dakdrinh\public\index.php(79): CodeIgniter\CodeIgniter->run()
#9 C:\Users\ADMIN\Desktop\dakdrinh\system\Commands\Server\rewrite.php(47): require_once('C:\\Users\\ADMIN\\...')
#10 {main}
CRITICAL - 2024-03-24 02:37:36 --> Unable to connect to the database.
Main connection [MySQLi]: No connection could be made because the target machine actively refused it
in SYSTEMPATH\Database\BaseConnection.php on line 428.
 1 SYSTEMPATH\Database\BaseConnection.php(575): CodeIgniter\Database\BaseConnection->initialize()
 2 SYSTEMPATH\Model.php(867): CodeIgniter\Database\BaseConnection->query('SELECT * FROM tbbaiviet ORDER BY ngaytao DESC LIMIT ?', [...])
 3 APPPATH\Models\Mbaiviet.php(49): CodeIgniter\Model->__call('query', [...])
 4 APPPATH\Controllers\Client\CHome.php(12): App\Models\Mbaiviet->getTinMoiNhat(4)
 5 SYSTEMPATH\CodeIgniter.php(942): App\Controllers\Client\CHome->index()
 6 SYSTEMPATH\CodeIgniter.php(502): CodeIgniter\CodeIgniter->runController(Object(App\Controllers\Client\CHome))
 7 SYSTEMPATH\CodeIgniter.php(361): CodeIgniter\CodeIgniter->handleRequest(null, Object(Config\Cache), false)
 8 FCPATH\index.php(79): CodeIgniter\CodeIgniter->run()
 9 SYSTEMPATH\Commands\Server\rewrite.php(47): require_once('C:\\Users\\ADMIN\\Desktop\\dakdrinh\\public\\index.php')
ERROR - 2024-03-24 02:37:54 --> Error connecting to the database: mysqli_sql_exception: No connection could be made because the target machine actively refused it in C:\Users\ADMIN\Desktop\dakdrinh\system\Database\MySQLi\Connection.php:184
Stack trace:
#0 C:\Users\ADMIN\Desktop\dakdrinh\system\Database\MySQLi\Connection.php(184): mysqli->real_connect('localhost', 'root', Object(SensitiveParameterValue), 'dakdrinh', 3306, '', 0)
#1 C:\Users\ADMIN\Desktop\dakdrinh\system\Database\BaseConnection.php(392): CodeIgniter\Database\MySQLi\Connection->connect(false)
#2 C:\Users\ADMIN\Desktop\dakdrinh\system\Database\BaseConnection.php(575): CodeIgniter\Database\BaseConnection->initialize()
#3 C:\Users\ADMIN\Desktop\dakdrinh\system\Model.php(867): CodeIgniter\Database\BaseConnection->query('SELECT * FROM t...', Array)
#4 C:\Users\ADMIN\Desktop\dakdrinh\app\Models\Mbaiviet.php(49): CodeIgniter\Model->__call('query', Array)
#5 C:\Users\ADMIN\Desktop\dakdrinh\app\Controllers\Client\CHome.php(12): App\Models\Mbaiviet->getTinMoiNhat(4)
#6 C:\Users\ADMIN\Desktop\dakdrinh\system\CodeIgniter.php(942): App\Controllers\Client\CHome->index()
#7 C:\Users\ADMIN\Desktop\dakdrinh\system\CodeIgniter.php(502): CodeIgniter\CodeIgniter->runController(Object(App\Controllers\Client\CHome))
#8 C:\Users\ADMIN\Desktop\dakdrinh\system\CodeIgniter.php(361): CodeIgniter\CodeIgniter->handleRequest(NULL, Object(Config\Cache), false)
#9 C:\Users\ADMIN\Desktop\dakdrinh\public\index.php(79): CodeIgniter\CodeIgniter->run()
#10 C:\Users\ADMIN\Desktop\dakdrinh\system\Commands\Server\rewrite.php(47): require_once('C:\\Users\\ADMIN\\...')
#11 {main}

Next CodeIgniter\Database\Exceptions\DatabaseException: No connection could be made because the target machine actively refused it in C:\Users\ADMIN\Desktop\dakdrinh\system\Database\MySQLi\Connection.php:229
Stack trace:
#0 C:\Users\ADMIN\Desktop\dakdrinh\system\Database\BaseConnection.php(392): CodeIgniter\Database\MySQLi\Connection->connect(false)
#1 C:\Users\ADMIN\Desktop\dakdrinh\system\Database\BaseConnection.php(575): CodeIgniter\Database\BaseConnection->initialize()
#2 C:\Users\ADMIN\Desktop\dakdrinh\system\Model.php(867): CodeIgniter\Database\BaseConnection->query('SELECT * FROM t...', Array)
#3 C:\Users\ADMIN\Desktop\dakdrinh\app\Models\Mbaiviet.php(49): CodeIgniter\Model->__call('query', Array)
#4 C:\Users\ADMIN\Desktop\dakdrinh\app\Controllers\Client\CHome.php(12): App\Models\Mbaiviet->getTinMoiNhat(4)
#5 C:\Users\ADMIN\Desktop\dakdrinh\system\CodeIgniter.php(942): App\Controllers\Client\CHome->index()
#6 C:\Users\ADMIN\Desktop\dakdrinh\system\CodeIgniter.php(502): CodeIgniter\CodeIgniter->runController(Object(App\Controllers\Client\CHome))
#7 C:\Users\ADMIN\Desktop\dakdrinh\system\CodeIgniter.php(361): CodeIgniter\CodeIgniter->handleRequest(NULL, Object(Config\Cache), false)
#8 C:\Users\ADMIN\Desktop\dakdrinh\public\index.php(79): CodeIgniter\CodeIgniter->run()
#9 C:\Users\ADMIN\Desktop\dakdrinh\system\Commands\Server\rewrite.php(47): require_once('C:\\Users\\ADMIN\\...')
#10 {main}
CRITICAL - 2024-03-24 02:37:54 --> Unable to connect to the database.
Main connection [MySQLi]: No connection could be made because the target machine actively refused it
in SYSTEMPATH\Database\BaseConnection.php on line 428.
 1 SYSTEMPATH\Database\BaseConnection.php(575): CodeIgniter\Database\BaseConnection->initialize()
 2 SYSTEMPATH\Model.php(867): CodeIgniter\Database\BaseConnection->query('SELECT * FROM tbbaiviet ORDER BY ngaytao DESC LIMIT ?', [...])
 3 APPPATH\Models\Mbaiviet.php(49): CodeIgniter\Model->__call('query', [...])
 4 APPPATH\Controllers\Client\CHome.php(12): App\Models\Mbaiviet->getTinMoiNhat(4)
 5 SYSTEMPATH\CodeIgniter.php(942): App\Controllers\Client\CHome->index()
 6 SYSTEMPATH\CodeIgniter.php(502): CodeIgniter\CodeIgniter->runController(Object(App\Controllers\Client\CHome))
 7 SYSTEMPATH\CodeIgniter.php(361): CodeIgniter\CodeIgniter->handleRequest(null, Object(Config\Cache), false)
 8 FCPATH\index.php(79): CodeIgniter\CodeIgniter->run()
 9 SYSTEMPATH\Commands\Server\rewrite.php(47): require_once('C:\\Users\\ADMIN\\Desktop\\dakdrinh\\public\\index.php')
ERROR - 2024-03-24 02:38:39 --> Error connecting to the database: mysqli_sql_exception: No connection could be made because the target machine actively refused it in C:\Users\ADMIN\Desktop\dakdrinh\system\Database\MySQLi\Connection.php:184
Stack trace:
#0 C:\Users\ADMIN\Desktop\dakdrinh\system\Database\MySQLi\Connection.php(184): mysqli->real_connect('localhost', 'root', Object(SensitiveParameterValue), 'dakdrinh', 3306, '', 0)
#1 C:\Users\ADMIN\Desktop\dakdrinh\system\Database\BaseConnection.php(392): CodeIgniter\Database\MySQLi\Connection->connect(false)
#2 C:\Users\ADMIN\Desktop\dakdrinh\system\Database\BaseConnection.php(575): CodeIgniter\Database\BaseConnection->initialize()
#3 C:\Users\ADMIN\Desktop\dakdrinh\system\Model.php(867): CodeIgniter\Database\BaseConnection->query('SELECT * FROM t...', Array)
#4 C:\Users\ADMIN\Desktop\dakdrinh\app\Models\Mbaiviet.php(49): CodeIgniter\Model->__call('query', Array)
#5 C:\Users\ADMIN\Desktop\dakdrinh\app\Controllers\Client\CHome.php(12): App\Models\Mbaiviet->getTinMoiNhat(4)
#6 C:\Users\ADMIN\Desktop\dakdrinh\system\CodeIgniter.php(942): App\Controllers\Client\CHome->index()
#7 C:\Users\ADMIN\Desktop\dakdrinh\system\CodeIgniter.php(502): CodeIgniter\CodeIgniter->runController(Object(App\Controllers\Client\CHome))
#8 C:\Users\ADMIN\Desktop\dakdrinh\system\CodeIgniter.php(361): CodeIgniter\CodeIgniter->handleRequest(NULL, Object(Config\Cache), false)
#9 C:\Users\ADMIN\Desktop\dakdrinh\public\index.php(79): CodeIgniter\CodeIgniter->run()
#10 C:\Users\ADMIN\Desktop\dakdrinh\system\Commands\Server\rewrite.php(47): require_once('C:\\Users\\ADMIN\\...')
#11 {main}

Next CodeIgniter\Database\Exceptions\DatabaseException: No connection could be made because the target machine actively refused it in C:\Users\ADMIN\Desktop\dakdrinh\system\Database\MySQLi\Connection.php:229
Stack trace:
#0 C:\Users\ADMIN\Desktop\dakdrinh\system\Database\BaseConnection.php(392): CodeIgniter\Database\MySQLi\Connection->connect(false)
#1 C:\Users\ADMIN\Desktop\dakdrinh\system\Database\BaseConnection.php(575): CodeIgniter\Database\BaseConnection->initialize()
#2 C:\Users\ADMIN\Desktop\dakdrinh\system\Model.php(867): CodeIgniter\Database\BaseConnection->query('SELECT * FROM t...', Array)
#3 C:\Users\ADMIN\Desktop\dakdrinh\app\Models\Mbaiviet.php(49): CodeIgniter\Model->__call('query', Array)
#4 C:\Users\ADMIN\Desktop\dakdrinh\app\Controllers\Client\CHome.php(12): App\Models\Mbaiviet->getTinMoiNhat(4)
#5 C:\Users\ADMIN\Desktop\dakdrinh\system\CodeIgniter.php(942): App\Controllers\Client\CHome->index()
#6 C:\Users\ADMIN\Desktop\dakdrinh\system\CodeIgniter.php(502): CodeIgniter\CodeIgniter->runController(Object(App\Controllers\Client\CHome))
#7 C:\Users\ADMIN\Desktop\dakdrinh\system\CodeIgniter.php(361): CodeIgniter\CodeIgniter->handleRequest(NULL, Object(Config\Cache), false)
#8 C:\Users\ADMIN\Desktop\dakdrinh\public\index.php(79): CodeIgniter\CodeIgniter->run()
#9 C:\Users\ADMIN\Desktop\dakdrinh\system\Commands\Server\rewrite.php(47): require_once('C:\\Users\\ADMIN\\...')
#10 {main}
CRITICAL - 2024-03-24 02:38:39 --> Unable to connect to the database.
Main connection [MySQLi]: No connection could be made because the target machine actively refused it
in SYSTEMPATH\Database\BaseConnection.php on line 428.
 1 SYSTEMPATH\Database\BaseConnection.php(575): CodeIgniter\Database\BaseConnection->initialize()
 2 SYSTEMPATH\Model.php(867): CodeIgniter\Database\BaseConnection->query('SELECT * FROM tbbaiviet ORDER BY ngaytao DESC LIMIT ?', [...])
 3 APPPATH\Models\Mbaiviet.php(49): CodeIgniter\Model->__call('query', [...])
 4 APPPATH\Controllers\Client\CHome.php(12): App\Models\Mbaiviet->getTinMoiNhat(4)
 5 SYSTEMPATH\CodeIgniter.php(942): App\Controllers\Client\CHome->index()
 6 SYSTEMPATH\CodeIgniter.php(502): CodeIgniter\CodeIgniter->runController(Object(App\Controllers\Client\CHome))
 7 SYSTEMPATH\CodeIgniter.php(361): CodeIgniter\CodeIgniter->handleRequest(null, Object(Config\Cache), false)
 8 FCPATH\index.php(79): CodeIgniter\CodeIgniter->run()
 9 SYSTEMPATH\Commands\Server\rewrite.php(47): require_once('C:\\Users\\ADMIN\\Desktop\\dakdrinh\\public\\index.php')
INFO - 2024-03-24 03:28:07 --> Session: Class initialized using 'CodeIgniter\Session\Handlers\FileHandler' driver.
INFO - 2024-03-24 03:28:13 --> Session: Class initialized using 'CodeIgniter\Session\Handlers\FileHandler' driver.
INFO - 2024-03-24 03:28:13 --> Session: Class initialized using 'CodeIgniter\Session\Handlers\FileHandler' driver.
INFO - 2024-03-24 03:28:16 --> Session: Class initialized using 'CodeIgniter\Session\Handlers\FileHandler' driver.
INFO - 2024-03-24 03:28:19 --> Session: Class initialized using 'CodeIgniter\Session\Handlers\FileHandler' driver.
INFO - 2024-03-24 03:28:20 --> Session: Class initialized using 'CodeIgniter\Session\Handlers\FileHandler' driver.
INFO - 2024-03-24 03:28:27 --> Session: Class initialized using 'CodeIgniter\Session\Handlers\FileHandler' driver.
INFO - 2024-03-24 03:28:30 --> Session: Class initialized using 'CodeIgniter\Session\Handlers\FileHandler' driver.
INFO - 2024-03-24 03:28:31 --> Session: Class initialized using 'CodeIgniter\Session\Handlers\FileHandler' driver.
INFO - 2024-03-24 03:30:50 --> Session: Class initialized using 'CodeIgniter\Session\Handlers\FileHandler' driver.
INFO - 2024-03-24 03:30:51 --> Session: Class initialized using 'CodeIgniter\Session\Handlers\FileHandler' driver.
INFO - 2024-03-24 03:56:35 --> Session: Class initialized using 'CodeIgniter\Session\Handlers\FileHandler' driver.
INFO - 2024-03-24 03:56:37 --> Session: Class initialized using 'CodeIgniter\Session\Handlers\FileHandler' driver.
INFO - 2024-03-24 03:56:46 --> Session: Class initialized using 'CodeIgniter\Session\Handlers\FileHandler' driver.
INFO - 2024-03-24 03:56:48 --> Session: Class initialized using 'CodeIgniter\Session\Handlers\FileHandler' driver.
INFO - 2024-03-24 03:56:51 --> Session: Class initialized using 'CodeIgniter\Session\Handlers\FileHandler' driver.
INFO - 2024-03-24 03:56:52 --> Session: Class initialized using 'CodeIgniter\Session\Handlers\FileHandler' driver.
CRITICAL - 2024-03-24 03:57:02 --> Trying to access array offset on value of type null
in APPPATH\Views\Admin\SuaHinhAnh.php on line 3.
 1 APPPATH\Views\Admin\SuaHinhAnh.php(3): CodeIgniter\Debug\Exceptions->errorHandler(2, 'Trying to access array offset on value of type null', 'C:\\Users\\ADMIN\\Desktop\\dakdrinh\\app\\Views\\Admin\\SuaHinhAnh.php', 3)
 2 SYSTEMPATH\View\View.php(228): include('C:\\Users\\ADMIN\\Desktop\\dakdrinh\\app\\Views\\Admin\\SuaHinhAnh.php')
 3 SYSTEMPATH\View\View.php(231): CodeIgniter\View\View->CodeIgniter\View\{closure}()
 4 SYSTEMPATH\Common.php(1190): CodeIgniter\View\View->render('Admin/SuaHinhAnh', [], true)
 5 APPPATH\Controllers\Admin\CThuVienAnh.php(45): view('Admin/SuaHinhAnh', [...])
 6 SYSTEMPATH\CodeIgniter.php(942): App\Controllers\Admin\CThuVienAnh->EditHinhAnh('1')
 7 SYSTEMPATH\CodeIgniter.php(502): CodeIgniter\CodeIgniter->runController(Object(App\Controllers\Admin\CThuVienAnh))
 8 SYSTEMPATH\CodeIgniter.php(361): CodeIgniter\CodeIgniter->handleRequest(null, Object(Config\Cache), false)
 9 FCPATH\index.php(79): CodeIgniter\CodeIgniter->run()
10 SYSTEMPATH\Commands\Server\rewrite.php(47): require_once('C:\\Users\\ADMIN\\Desktop\\dakdrinh\\public\\index.php')
INFO - 2024-03-24 03:57:05 --> Session: Class initialized using 'CodeIgniter\Session\Handlers\FileHandler' driver.
INFO - 2024-03-24 03:57:06 --> Session: Class initialized using 'CodeIgniter\Session\Handlers\FileHandler' driver.
INFO - 2024-03-24 03:57:10 --> Session: Class initialized using 'CodeIgniter\Session\Handlers\FileHandler' driver.
INFO - 2024-03-24 03:57:12 --> Session: Class initialized using 'CodeIgniter\Session\Handlers\FileHandler' driver.
INFO - 2024-03-24 03:57:13 --> Session: Class initialized using 'CodeIgniter\Session\Handlers\FileHandler' driver.
INFO - 2024-03-24 03:57:14 --> Session: Class initialized using 'CodeIgniter\Session\Handlers\FileHandler' driver.
INFO - 2024-03-24 04:13:47 --> Session: Class initialized using 'CodeIgniter\Session\Handlers\FileHandler' driver.
INFO - 2024-03-24 04:13:49 --> Session: Class initialized using 'CodeIgniter\Session\Handlers\FileHandler' driver.
CRITICAL - 2024-03-24 04:14:56 --> Trying to access array offset on value of type null
in APPPATH\Views\Admin\SuaHinhAnh.php on line 3.
 1 APPPATH\Views\Admin\SuaHinhAnh.php(3): CodeIgniter\Debug\Exceptions->errorHandler(2, 'Trying to access array offset on value of type null', 'C:\\Users\\ADMIN\\Desktop\\dakdrinh\\app\\Views\\Admin\\SuaHinhAnh.php', 3)
 2 SYSTEMPATH\View\View.php(228): include('C:\\Users\\ADMIN\\Desktop\\dakdrinh\\app\\Views\\Admin\\SuaHinhAnh.php')
 3 SYSTEMPATH\View\View.php(231): CodeIgniter\View\View->CodeIgniter\View\{closure}()
 4 SYSTEMPATH\Common.php(1190): CodeIgniter\View\View->render('Admin/SuaHinhAnh', [], true)
 5 APPPATH\Controllers\Admin\CThuVienAnh.php(45): view('Admin/SuaHinhAnh', [...])
 6 SYSTEMPATH\CodeIgniter.php(942): App\Controllers\Admin\CThuVienAnh->EditHinhAnh('1')
 7 SYSTEMPATH\CodeIgniter.php(502): CodeIgniter\CodeIgniter->runController(Object(App\Controllers\Admin\CThuVienAnh))
 8 SYSTEMPATH\CodeIgniter.php(361): CodeIgniter\CodeIgniter->handleRequest(null, Object(Config\Cache), false)
 9 FCPATH\index.php(79): CodeIgniter\CodeIgniter->run()
10 SYSTEMPATH\Commands\Server\rewrite.php(47): require_once('C:\\Users\\ADMIN\\Desktop\\dakdrinh\\public\\index.php')
INFO - 2024-03-24 04:14:58 --> Session: Class initialized using 'CodeIgniter\Session\Handlers\FileHandler' driver.
INFO - 2024-03-24 04:14:59 --> Session: Class initialized using 'CodeIgniter\Session\Handlers\FileHandler' driver.
INFO - 2024-03-24 04:15:41 --> Session: Class initialized using 'CodeIgniter\Session\Handlers\FileHandler' driver.
INFO - 2024-03-24 04:15:42 --> Session: Class initialized using 'CodeIgniter\Session\Handlers\FileHandler' driver.
CRITICAL - 2024-03-24 04:15:43 --> Trying to access array offset on value of type null
in APPPATH\Views\Admin\SuaHinhAnh.php on line 3.
 1 APPPATH\Views\Admin\SuaHinhAnh.php(3): CodeIgniter\Debug\Exceptions->errorHandler(2, 'Trying to access array offset on value of type null', 'C:\\Users\\ADMIN\\Desktop\\dakdrinh\\app\\Views\\Admin\\SuaHinhAnh.php', 3)
 2 SYSTEMPATH\View\View.php(228): include('C:\\Users\\ADMIN\\Desktop\\dakdrinh\\app\\Views\\Admin\\SuaHinhAnh.php')
 3 SYSTEMPATH\View\View.php(231): CodeIgniter\View\View->CodeIgniter\View\{closure}()
 4 SYSTEMPATH\Common.php(1190): CodeIgniter\View\View->render('Admin/SuaHinhAnh', [], true)
 5 APPPATH\Controllers\Admin\CThuVienAnh.php(45): view('Admin/SuaHinhAnh', [...])
 6 SYSTEMPATH\CodeIgniter.php(942): App\Controllers\Admin\CThuVienAnh->EditHinhAnh('1')
 7 SYSTEMPATH\CodeIgniter.php(502): CodeIgniter\CodeIgniter->runController(Object(App\Controllers\Admin\CThuVienAnh))
 8 SYSTEMPATH\CodeIgniter.php(361): CodeIgniter\CodeIgniter->handleRequest(null, Object(Config\Cache), false)
 9 FCPATH\index.php(79): CodeIgniter\CodeIgniter->run()
10 SYSTEMPATH\Commands\Server\rewrite.php(47): require_once('C:\\Users\\ADMIN\\Desktop\\dakdrinh\\public\\index.php')
INFO - 2024-03-24 04:17:15 --> Session: Class initialized using 'CodeIgniter\Session\Handlers\FileHandler' driver.
INFO - 2024-03-24 04:19:55 --> Session: Class initialized using 'CodeIgniter\Session\Handlers\FileHandler' driver.
INFO - 2024-03-24 04:19:56 --> Session: Class initialized using 'CodeIgniter\Session\Handlers\FileHandler' driver.
INFO - 2024-03-24 04:19:59 --> Session: Class initialized using 'CodeIgniter\Session\Handlers\FileHandler' driver.
INFO - 2024-03-24 05:33:42 --> Session: Class initialized using 'CodeIgniter\Session\Handlers\FileHandler' driver.
INFO - 2024-03-24 05:33:49 --> Session: Class initialized using 'CodeIgniter\Session\Handlers\FileHandler' driver.
INFO - 2024-03-24 05:33:50 --> Session: Class initialized using 'CodeIgniter\Session\Handlers\FileHandler' driver.
INFO - 2024-03-24 05:33:51 --> Session: Class initialized using 'CodeIgniter\Session\Handlers\FileHandler' driver.
INFO - 2024-03-24 05:39:01 --> Session: Class initialized using 'CodeIgniter\Session\Handlers\FileHandler' driver.
INFO - 2024-03-24 05:39:02 --> Session: Class initialized using 'CodeIgniter\Session\Handlers\FileHandler' driver.
ERROR - 2024-03-24 06:18:58 --> mysqli_sql_exception: MySQL server has gone away in C:\Users\ADMIN\Desktop\dakdrinh\system\Database\MySQLi\Connection.php:306
Stack trace:
#0 C:\Users\ADMIN\Desktop\dakdrinh\system\Database\MySQLi\Connection.php(306): mysqli->query('SELECT * FROM t...', 0)
#1 C:\Users\ADMIN\Desktop\dakdrinh\system\Database\BaseConnection.php(693): CodeIgniter\Database\MySQLi\Connection->execute('SELECT * FROM t...')
#2 C:\Users\ADMIN\Desktop\dakdrinh\system\Database\BaseConnection.php(607): CodeIgniter\Database\BaseConnection->simpleQuery('SELECT * FROM t...')
#3 C:\Users\ADMIN\Desktop\dakdrinh\system\Model.php(867): CodeIgniter\Database\BaseConnection->query('SELECT * FROM t...', Array)
#4 C:\Users\ADMIN\Desktop\dakdrinh\app\Models\Mbaiviet.php(49): CodeIgniter\Model->__call('query', Array)
#5 C:\Users\ADMIN\Desktop\dakdrinh\app\Controllers\Client\CHome.php(12): App\Models\Mbaiviet->getTinMoiNhat(4)
#6 C:\Users\ADMIN\Desktop\dakdrinh\system\CodeIgniter.php(942): App\Controllers\Client\CHome->index()
#7 C:\Users\ADMIN\Desktop\dakdrinh\system\CodeIgniter.php(502): CodeIgniter\CodeIgniter->runController(Object(App\Controllers\Client\CHome))
#8 C:\Users\ADMIN\Desktop\dakdrinh\system\CodeIgniter.php(361): CodeIgniter\CodeIgniter->handleRequest(NULL, Object(Config\Cache), false)
#9 C:\Users\ADMIN\Desktop\dakdrinh\public\index.php(79): CodeIgniter\CodeIgniter->run()
#10 C:\Users\ADMIN\Desktop\dakdrinh\system\Commands\Server\rewrite.php(47): require_once('C:\\Users\\ADMIN\\...')
#11 {main}
CRITICAL - 2024-03-24 06:18:59 --> MySQL server has gone away
in SYSTEMPATH\Database\BaseConnection.php on line 647.
 1 SYSTEMPATH\Model.php(867): CodeIgniter\Database\BaseConnection->query('SELECT * FROM tbbaiviet ORDER BY ngaytao DESC LIMIT ?', [...])
 2 APPPATH\Models\Mbaiviet.php(49): CodeIgniter\Model->__call('query', [...])
 3 APPPATH\Controllers\Client\CHome.php(12): App\Models\Mbaiviet->getTinMoiNhat(4)
 4 SYSTEMPATH\CodeIgniter.php(942): App\Controllers\Client\CHome->index()
 5 SYSTEMPATH\CodeIgniter.php(502): CodeIgniter\CodeIgniter->runController(Object(App\Controllers\Client\CHome))
 6 SYSTEMPATH\CodeIgniter.php(361): CodeIgniter\CodeIgniter->handleRequest(null, Object(Config\Cache), false)
 7 FCPATH\index.php(79): CodeIgniter\CodeIgniter->run()
 8 SYSTEMPATH\Commands\Server\rewrite.php(47): require_once('C:\\Users\\ADMIN\\Desktop\\dakdrinh\\public\\index.php')
ERROR - 2024-03-24 06:19:24 --> Error connecting to the database: mysqli_sql_exception: No connection could be made because the target machine actively refused it in C:\Users\ADMIN\Desktop\dakdrinh\system\Database\MySQLi\Connection.php:184
Stack trace:
#0 C:\Users\ADMIN\Desktop\dakdrinh\system\Database\MySQLi\Connection.php(184): mysqli->real_connect('localhost', 'root', Object(SensitiveParameterValue), 'dakdrinh', 3306, '', 0)
#1 C:\Users\ADMIN\Desktop\dakdrinh\system\Database\BaseConnection.php(392): CodeIgniter\Database\MySQLi\Connection->connect(false)
#2 C:\Users\ADMIN\Desktop\dakdrinh\system\Database\BaseConnection.php(575): CodeIgniter\Database\BaseConnection->initialize()
#3 C:\Users\ADMIN\Desktop\dakdrinh\system\Model.php(867): CodeIgniter\Database\BaseConnection->query('SELECT * FROM t...', Array)
#4 C:\Users\ADMIN\Desktop\dakdrinh\app\Models\Mbaiviet.php(49): CodeIgniter\Model->__call('query', Array)
#5 C:\Users\ADMIN\Desktop\dakdrinh\app\Controllers\Client\CHome.php(12): App\Models\Mbaiviet->getTinMoiNhat(4)
#6 C:\Users\ADMIN\Desktop\dakdrinh\system\CodeIgniter.php(942): App\Controllers\Client\CHome->index()
#7 C:\Users\ADMIN\Desktop\dakdrinh\system\CodeIgniter.php(502): CodeIgniter\CodeIgniter->runController(Object(App\Controllers\Client\CHome))
#8 C:\Users\ADMIN\Desktop\dakdrinh\system\CodeIgniter.php(361): CodeIgniter\CodeIgniter->handleRequest(NULL, Object(Config\Cache), false)
#9 C:\Users\ADMIN\Desktop\dakdrinh\public\index.php(79): CodeIgniter\CodeIgniter->run()
#10 C:\Users\ADMIN\Desktop\dakdrinh\system\Commands\Server\rewrite.php(47): require_once('C:\\Users\\ADMIN\\...')
#11 {main}

Next CodeIgniter\Database\Exceptions\DatabaseException: No connection could be made because the target machine actively refused it in C:\Users\ADMIN\Desktop\dakdrinh\system\Database\MySQLi\Connection.php:229
Stack trace:
#0 C:\Users\ADMIN\Desktop\dakdrinh\system\Database\BaseConnection.php(392): CodeIgniter\Database\MySQLi\Connection->connect(false)
#1 C:\Users\ADMIN\Desktop\dakdrinh\system\Database\BaseConnection.php(575): CodeIgniter\Database\BaseConnection->initialize()
#2 C:\Users\ADMIN\Desktop\dakdrinh\system\Model.php(867): CodeIgniter\Database\BaseConnection->query('SELECT * FROM t...', Array)
#3 C:\Users\ADMIN\Desktop\dakdrinh\app\Models\Mbaiviet.php(49): CodeIgniter\Model->__call('query', Array)
#4 C:\Users\ADMIN\Desktop\dakdrinh\app\Controllers\Client\CHome.php(12): App\Models\Mbaiviet->getTinMoiNhat(4)
#5 C:\Users\ADMIN\Desktop\dakdrinh\system\CodeIgniter.php(942): App\Controllers\Client\CHome->index()
#6 C:\Users\ADMIN\Desktop\dakdrinh\system\CodeIgniter.php(502): CodeIgniter\CodeIgniter->runController(Object(App\Controllers\Client\CHome))
#7 C:\Users\ADMIN\Desktop\dakdrinh\system\CodeIgniter.php(361): CodeIgniter\CodeIgniter->handleRequest(NULL, Object(Config\Cache), false)
#8 C:\Users\ADMIN\Desktop\dakdrinh\public\index.php(79): CodeIgniter\CodeIgniter->run()
#9 C:\Users\ADMIN\Desktop\dakdrinh\system\Commands\Server\rewrite.php(47): require_once('C:\\Users\\ADMIN\\...')
#10 {main}
CRITICAL - 2024-03-24 06:19:24 --> Unable to connect to the database.
Main connection [MySQLi]: No connection could be made because the target machine actively refused it
in SYSTEMPATH\Database\BaseConnection.php on line 428.
 1 SYSTEMPATH\Database\BaseConnection.php(575): CodeIgniter\Database\BaseConnection->initialize()
 2 SYSTEMPATH\Model.php(867): CodeIgniter\Database\BaseConnection->query('SELECT * FROM tbbaiviet ORDER BY ngaytao DESC LIMIT ?', [...])
 3 APPPATH\Models\Mbaiviet.php(49): CodeIgniter\Model->__call('query', [...])
 4 APPPATH\Controllers\Client\CHome.php(12): App\Models\Mbaiviet->getTinMoiNhat(4)
 5 SYSTEMPATH\CodeIgniter.php(942): App\Controllers\Client\CHome->index()
 6 SYSTEMPATH\CodeIgniter.php(502): CodeIgniter\CodeIgniter->runController(Object(App\Controllers\Client\CHome))
 7 SYSTEMPATH\CodeIgniter.php(361): CodeIgniter\CodeIgniter->handleRequest(null, Object(Config\Cache), false)
 8 FCPATH\index.php(79): CodeIgniter\CodeIgniter->run()
 9 SYSTEMPATH\Commands\Server\rewrite.php(47): require_once('C:\\Users\\ADMIN\\Desktop\\dakdrinh\\public\\index.php')
INFO - 2024-03-24 06:28:44 --> Session: Class initialized using 'CodeIgniter\Session\Handlers\FileHandler' driver.
INFO - 2024-03-24 06:28:47 --> Session: Class initialized using 'CodeIgniter\Session\Handlers\FileHandler' driver.
INFO - 2024-03-24 07:10:25 --> Session: Class initialized using 'CodeIgniter\Session\Handlers\FileHandler' driver.
INFO - 2024-03-24 07:10:27 --> Session: Class initialized using 'CodeIgniter\Session\Handlers\FileHandler' driver.
INFO - 2024-03-24 07:10:28 --> Session: Class initialized using 'CodeIgniter\Session\Handlers\FileHandler' driver.
INFO - 2024-03-24 07:10:29 --> Session: Class initialized using 'CodeIgniter\Session\Handlers\FileHandler' driver.
INFO - 2024-03-24 07:13:07 --> Session: Class initialized using 'CodeIgniter\Session\Handlers\FileHandler' driver.
INFO - 2024-03-24 07:13:11 --> Session: Class initialized using 'CodeIgniter\Session\Handlers\FileHandler' driver.
INFO - 2024-03-24 07:13:12 --> Session: Class initialized using 'CodeIgniter\Session\Handlers\FileHandler' driver.
