ERROR - 2024-03-01 02:17:32 --> Error connecting to the database: mysqli_sql_exception: No connection could be made because the target machine actively refused it in C:\Users\ADMIN\Desktop\dakdrinh\system\Database\MySQLi\Connection.php:184
Stack trace:
#0 C:\Users\ADMIN\Desktop\dakdrinh\system\Database\MySQLi\Connection.php(184): mysqli->real_connect('localhost', 'root', Object(SensitiveParameterValue), 'dakdrinh', 3306, '', 0)
#1 C:\Users\ADMIN\Desktop\dakdrinh\system\Database\BaseConnection.php(392): CodeIgniter\Database\MySQLi\Connection->connect(false)
#2 C:\Users\ADMIN\Desktop\dakdrinh\system\Database\BaseConnection.php(575): CodeIgniter\Database\BaseConnection->initialize()
#3 C:\Users\ADMIN\Desktop\dakdrinh\system\Database\BaseBuilder.php(1615): CodeIgniter\Database\BaseConnection->query('SELECT *\nFROM `...', Array, false)
#4 C:\Users\ADMIN\Desktop\dakdrinh\system\Model.php(264): CodeIgniter\Database\BaseBuilder->get()
#5 C:\Users\ADMIN\Desktop\dakdrinh\system\BaseModel.php(662): CodeIgniter\Model->doFirst()
#6 C:\Users\ADMIN\Desktop\dakdrinh\app\Controllers\Admin\CBieuDo.php(57): CodeIgniter\BaseModel->first()
#7 C:\Users\ADMIN\Desktop\dakdrinh\system\CodeIgniter.php(942): App\Controllers\Admin\CBieuDo->getdata()
#8 C:\Users\ADMIN\Desktop\dakdrinh\system\CodeIgniter.php(502): CodeIgniter\CodeIgniter->runController(Object(App\Controllers\Admin\CBieuDo))
#9 C:\Users\ADMIN\Desktop\dakdrinh\system\CodeIgniter.php(361): CodeIgniter\CodeIgniter->handleRequest(NULL, Object(Config\Cache), false)
#10 C:\Users\ADMIN\Desktop\dakdrinh\public\index.php(79): CodeIgniter\CodeIgniter->run()
#11 C:\Users\ADMIN\Desktop\dakdrinh\system\Commands\Server\rewrite.php(47): require_once('C:\\Users\\ADMIN\\...')
#12 {main}

Next CodeIgniter\Database\Exceptions\DatabaseException: No connection could be made because the target machine actively refused it in C:\Users\ADMIN\Desktop\dakdrinh\system\Database\MySQLi\Connection.php:229
Stack trace:
#0 C:\Users\ADMIN\Desktop\dakdrinh\system\Database\BaseConnection.php(392): CodeIgniter\Database\MySQLi\Connection->connect(false)
#1 C:\Users\ADMIN\Desktop\dakdrinh\system\Database\BaseConnection.php(575): CodeIgniter\Database\BaseConnection->initialize()
#2 C:\Users\ADMIN\Desktop\dakdrinh\system\Database\BaseBuilder.php(1615): CodeIgniter\Database\BaseConnection->query('SELECT *\nFROM `...', Array, false)
#3 C:\Users\ADMIN\Desktop\dakdrinh\system\Model.php(264): CodeIgniter\Database\BaseBuilder->get()
#4 C:\Users\ADMIN\Desktop\dakdrinh\system\BaseModel.php(662): CodeIgniter\Model->doFirst()
#5 C:\Users\ADMIN\Desktop\dakdrinh\app\Controllers\Admin\CBieuDo.php(57): CodeIgniter\BaseModel->first()
#6 C:\Users\ADMIN\Desktop\dakdrinh\system\CodeIgniter.php(942): App\Controllers\Admin\CBieuDo->getdata()
#7 C:\Users\ADMIN\Desktop\dakdrinh\system\CodeIgniter.php(502): CodeIgniter\CodeIgniter->runController(Object(App\Controllers\Admin\CBieuDo))
#8 C:\Users\ADMIN\Desktop\dakdrinh\system\CodeIgniter.php(361): CodeIgniter\CodeIgniter->handleRequest(NULL, Object(Config\Cache), false)
#9 C:\Users\ADMIN\Desktop\dakdrinh\public\index.php(79): CodeIgniter\CodeIgniter->run()
#10 C:\Users\ADMIN\Desktop\dakdrinh\system\Commands\Server\rewrite.php(47): require_once('C:\\Users\\ADMIN\\...')
#11 {main}
CRITICAL - 2024-03-01 02:17:32 --> Unable to connect to the database.
Main connection [MySQLi]: No connection could be made because the target machine actively refused it
in SYSTEMPATH\Database\BaseConnection.php on line 428.
 1 SYSTEMPATH\Database\BaseConnection.php(575): CodeIgniter\Database\BaseConnection->initialize()
 2 SYSTEMPATH\Database\BaseBuilder.php(1615): CodeIgniter\Database\BaseConnection->query('SELECT *
FROM `tbbieudothuydien`
ORDER BY `idbieudothuydien` DESC
 LIMIT 1', [], false)
 3 SYSTEMPATH\Model.php(264): CodeIgniter\Database\BaseBuilder->get()
 4 SYSTEMPATH\BaseModel.php(662): CodeIgniter\Model->doFirst()
 5 APPPATH\Controllers\Admin\CBieuDo.php(57): CodeIgniter\BaseModel->first()
 6 SYSTEMPATH\CodeIgniter.php(942): App\Controllers\Admin\CBieuDo->getdata()
 7 SYSTEMPATH\CodeIgniter.php(502): CodeIgniter\CodeIgniter->runController(Object(App\Controllers\Admin\CBieuDo))
 8 SYSTEMPATH\CodeIgniter.php(361): CodeIgniter\CodeIgniter->handleRequest(null, Object(Config\Cache), false)
 9 FCPATH\index.php(79): CodeIgniter\CodeIgniter->run()
10 SYSTEMPATH\Commands\Server\rewrite.php(47): require_once('C:\\Users\\ADMIN\\Desktop\\dakdrinh\\public\\index.php')
CRITICAL - 2024-03-01 07:51:13 --> Undefined variable $baivietmoinhat
in APPPATH\Views\Client\GioiThieu\ThongTinDoanhNghiep.php on line 77.
 1 APPPATH\Views\Client\GioiThieu\ThongTinDoanhNghiep.php(77): CodeIgniter\Debug\Exceptions->errorHandler(2, 'Undefined variable $baivietmoinhat', 'C:\\Users\\ADMIN\\Desktop\\dakdrinh\\app\\Views\\Client\\GioiThieu\\ThongTinDoanhNghiep.php', 77)
 2 SYSTEMPATH\View\View.php(228): include('C:\\Users\\ADMIN\\Desktop\\dakdrinh\\app\\Views\\Client\\GioiThieu\\ThongTinDoanhNghiep.php')
 3 SYSTEMPATH\View\View.php(231): CodeIgniter\View\View->CodeIgniter\View\{closure}()
 4 SYSTEMPATH\Common.php(1190): CodeIgniter\View\View->render('Client/GioiThieu/ThongTinDoanhNghiep', [], true)
 5 APPPATH\Controllers\Client\GioiThieu\CThongTinDoanhNghiep.php(24): view('Client/GioiThieu/ThongTinDoanhNghiep', [...])
 6 SYSTEMPATH\CodeIgniter.php(942): App\Controllers\Client\GioiThieu\CThongTinDoanhNghiep->index()
 7 SYSTEMPATH\CodeIgniter.php(502): CodeIgniter\CodeIgniter->runController(Object(App\Controllers\Client\GioiThieu\CThongTinDoanhNghiep))
 8 SYSTEMPATH\CodeIgniter.php(361): CodeIgniter\CodeIgniter->handleRequest(null, Object(Config\Cache), false)
 9 FCPATH\index.php(79): CodeIgniter\CodeIgniter->run()
10 SYSTEMPATH\Commands\Server\rewrite.php(47): require_once('C:\\Users\\ADMIN\\Desktop\\dakdrinh\\public\\index.php')
CRITICAL - 2024-03-01 07:51:50 --> Undefined variable $baivietmoinhat
in APPPATH\Views\Client\GioiThieu\ThongTinDoanhNghiep.php on line 77.
 1 APPPATH\Views\Client\GioiThieu\ThongTinDoanhNghiep.php(77): CodeIgniter\Debug\Exceptions->errorHandler(2, 'Undefined variable $baivietmoinhat', 'C:\\Users\\ADMIN\\Desktop\\dakdrinh\\app\\Views\\Client\\GioiThieu\\ThongTinDoanhNghiep.php', 77)
 2 SYSTEMPATH\View\View.php(228): include('C:\\Users\\ADMIN\\Desktop\\dakdrinh\\app\\Views\\Client\\GioiThieu\\ThongTinDoanhNghiep.php')
 3 SYSTEMPATH\View\View.php(231): CodeIgniter\View\View->CodeIgniter\View\{closure}()
 4 SYSTEMPATH\Common.php(1190): CodeIgniter\View\View->render('Client/GioiThieu/ThongTinDoanhNghiep', [], true)
 5 APPPATH\Controllers\Client\GioiThieu\CThongTinDoanhNghiep.php(24): view('Client/GioiThieu/ThongTinDoanhNghiep', [...])
 6 SYSTEMPATH\CodeIgniter.php(942): App\Controllers\Client\GioiThieu\CThongTinDoanhNghiep->index()
 7 SYSTEMPATH\CodeIgniter.php(502): CodeIgniter\CodeIgniter->runController(Object(App\Controllers\Client\GioiThieu\CThongTinDoanhNghiep))
 8 SYSTEMPATH\CodeIgniter.php(361): CodeIgniter\CodeIgniter->handleRequest(null, Object(Config\Cache), false)
 9 FCPATH\index.php(79): CodeIgniter\CodeIgniter->run()
10 SYSTEMPATH\Commands\Server\rewrite.php(47): require_once('C:\\Users\\ADMIN\\Desktop\\dakdrinh\\public\\index.php')
CRITICAL - 2024-03-01 07:53:09 --> Undefined variable $baivietmoinhat
in APPPATH\Views\Client\GioiThieu\ThongTinDoanhNghiep.php on line 77.
 1 APPPATH\Views\Client\GioiThieu\ThongTinDoanhNghiep.php(77): CodeIgniter\Debug\Exceptions->errorHandler(2, 'Undefined variable $baivietmoinhat', 'C:\\Users\\ADMIN\\Desktop\\dakdrinh\\app\\Views\\Client\\GioiThieu\\ThongTinDoanhNghiep.php', 77)
 2 SYSTEMPATH\View\View.php(228): include('C:\\Users\\ADMIN\\Desktop\\dakdrinh\\app\\Views\\Client\\GioiThieu\\ThongTinDoanhNghiep.php')
 3 SYSTEMPATH\View\View.php(231): CodeIgniter\View\View->CodeIgniter\View\{closure}()
 4 SYSTEMPATH\Common.php(1190): CodeIgniter\View\View->render('Client/GioiThieu/ThongTinDoanhNghiep', [], true)
 5 APPPATH\Controllers\Client\GioiThieu\CThongTinDoanhNghiep.php(25): view('Client/GioiThieu/ThongTinDoanhNghiep', [...])
 6 SYSTEMPATH\CodeIgniter.php(942): App\Controllers\Client\GioiThieu\CThongTinDoanhNghiep->index()
 7 SYSTEMPATH\CodeIgniter.php(502): CodeIgniter\CodeIgniter->runController(Object(App\Controllers\Client\GioiThieu\CThongTinDoanhNghiep))
 8 SYSTEMPATH\CodeIgniter.php(361): CodeIgniter\CodeIgniter->handleRequest(null, Object(Config\Cache), false)
 9 FCPATH\index.php(79): CodeIgniter\CodeIgniter->run()
10 SYSTEMPATH\Commands\Server\rewrite.php(47): require_once('C:\\Users\\ADMIN\\Desktop\\dakdrinh\\public\\index.php')
CRITICAL - 2024-03-01 07:54:17 --> Undefined variable $tinmoi
in APPPATH\Views\Client\GioiThieu\ThongTinDoanhNghiep.php on line 77.
 1 APPPATH\Views\Client\GioiThieu\ThongTinDoanhNghiep.php(77): CodeIgniter\Debug\Exceptions->errorHandler(2, 'Undefined variable $tinmoi', 'C:\\Users\\ADMIN\\Desktop\\dakdrinh\\app\\Views\\Client\\GioiThieu\\ThongTinDoanhNghiep.php', 77)
 2 SYSTEMPATH\View\View.php(228): include('C:\\Users\\ADMIN\\Desktop\\dakdrinh\\app\\Views\\Client\\GioiThieu\\ThongTinDoanhNghiep.php')
 3 SYSTEMPATH\View\View.php(231): CodeIgniter\View\View->CodeIgniter\View\{closure}()
 4 SYSTEMPATH\Common.php(1190): CodeIgniter\View\View->render('Client/GioiThieu/ThongTinDoanhNghiep', [], true)
 5 APPPATH\Controllers\Client\GioiThieu\CThongTinDoanhNghiep.php(25): view('Client/GioiThieu/ThongTinDoanhNghiep', [...])
 6 SYSTEMPATH\CodeIgniter.php(942): App\Controllers\Client\GioiThieu\CThongTinDoanhNghiep->index()
 7 SYSTEMPATH\CodeIgniter.php(502): CodeIgniter\CodeIgniter->runController(Object(App\Controllers\Client\GioiThieu\CThongTinDoanhNghiep))
 8 SYSTEMPATH\CodeIgniter.php(361): CodeIgniter\CodeIgniter->handleRequest(null, Object(Config\Cache), false)
 9 FCPATH\index.php(79): CodeIgniter\CodeIgniter->run()
10 SYSTEMPATH\Commands\Server\rewrite.php(47): require_once('C:\\Users\\ADMIN\\Desktop\\dakdrinh\\public\\index.php')
CRITICAL - 2024-03-01 07:55:51 --> Undefined variable $tinmoi
in APPPATH\Views\Client\GioiThieu\ThongTinDoanhNghiep.php on line 77.
 1 APPPATH\Views\Client\GioiThieu\ThongTinDoanhNghiep.php(77): CodeIgniter\Debug\Exceptions->errorHandler(2, 'Undefined variable $tinmoi', 'C:\\Users\\ADMIN\\Desktop\\dakdrinh\\app\\Views\\Client\\GioiThieu\\ThongTinDoanhNghiep.php', 77)
 2 SYSTEMPATH\View\View.php(228): include('C:\\Users\\ADMIN\\Desktop\\dakdrinh\\app\\Views\\Client\\GioiThieu\\ThongTinDoanhNghiep.php')
 3 SYSTEMPATH\View\View.php(231): CodeIgniter\View\View->CodeIgniter\View\{closure}()
 4 SYSTEMPATH\Common.php(1190): CodeIgniter\View\View->render('Client/GioiThieu/ThongTinDoanhNghiep', [], true)
 5 APPPATH\Controllers\Client\GioiThieu\CThongTinDoanhNghiep.php(25): view('Client/GioiThieu/ThongTinDoanhNghiep', [...])
 6 SYSTEMPATH\CodeIgniter.php(942): App\Controllers\Client\GioiThieu\CThongTinDoanhNghiep->index()
 7 SYSTEMPATH\CodeIgniter.php(502): CodeIgniter\CodeIgniter->runController(Object(App\Controllers\Client\GioiThieu\CThongTinDoanhNghiep))
 8 SYSTEMPATH\CodeIgniter.php(361): CodeIgniter\CodeIgniter->handleRequest(null, Object(Config\Cache), false)
 9 FCPATH\index.php(79): CodeIgniter\CodeIgniter->run()
10 SYSTEMPATH\Commands\Server\rewrite.php(47): require_once('C:\\Users\\ADMIN\\Desktop\\dakdrinh\\public\\index.php')
CRITICAL - 2024-03-01 07:56:51 --> Undefined variable $baivietmoinhat
in APPPATH\Views\Client\GioiThieu\ThongTinDoanhNghiep.php on line 77.
 1 APPPATH\Views\Client\GioiThieu\ThongTinDoanhNghiep.php(77): CodeIgniter\Debug\Exceptions->errorHandler(2, 'Undefined variable $baivietmoinhat', 'C:\\Users\\ADMIN\\Desktop\\dakdrinh\\app\\Views\\Client\\GioiThieu\\ThongTinDoanhNghiep.php', 77)
 2 SYSTEMPATH\View\View.php(228): include('C:\\Users\\ADMIN\\Desktop\\dakdrinh\\app\\Views\\Client\\GioiThieu\\ThongTinDoanhNghiep.php')
 3 SYSTEMPATH\View\View.php(231): CodeIgniter\View\View->CodeIgniter\View\{closure}()
 4 SYSTEMPATH\Common.php(1190): CodeIgniter\View\View->render('Client/GioiThieu/ThongTinDoanhNghiep', [], true)
 5 APPPATH\Controllers\Client\GioiThieu\CThongTinDoanhNghiep.php(25): view('Client/GioiThieu/ThongTinDoanhNghiep', [...])
 6 SYSTEMPATH\CodeIgniter.php(942): App\Controllers\Client\GioiThieu\CThongTinDoanhNghiep->index()
 7 SYSTEMPATH\CodeIgniter.php(502): CodeIgniter\CodeIgniter->runController(Object(App\Controllers\Client\GioiThieu\CThongTinDoanhNghiep))
 8 SYSTEMPATH\CodeIgniter.php(361): CodeIgniter\CodeIgniter->handleRequest(null, Object(Config\Cache), false)
 9 FCPATH\index.php(79): CodeIgniter\CodeIgniter->run()
10 SYSTEMPATH\Commands\Server\rewrite.php(47): require_once('C:\\Users\\ADMIN\\Desktop\\dakdrinh\\public\\index.php')
CRITICAL - 2024-03-01 07:57:20 --> Undefined variable $data
in APPPATH\Views\Client\GioiThieu\ThongTinDoanhNghiep.php on line 3.
 1 APPPATH\Views\Client\GioiThieu\ThongTinDoanhNghiep.php(3): CodeIgniter\Debug\Exceptions->errorHandler(2, 'Undefined variable $data', 'C:\\Users\\ADMIN\\Desktop\\dakdrinh\\app\\Views\\Client\\GioiThieu\\ThongTinDoanhNghiep.php', 3)
 2 SYSTEMPATH\View\View.php(228): include('C:\\Users\\ADMIN\\Desktop\\dakdrinh\\app\\Views\\Client\\GioiThieu\\ThongTinDoanhNghiep.php')
 3 SYSTEMPATH\View\View.php(231): CodeIgniter\View\View->CodeIgniter\View\{closure}()
 4 SYSTEMPATH\Common.php(1190): CodeIgniter\View\View->render('Client/GioiThieu/ThongTinDoanhNghiep', [], true)
 5 APPPATH\Controllers\Client\GioiThieu\CThongTinDoanhNghiep.php(25): view('Client/GioiThieu/ThongTinDoanhNghiep', [...])
 6 SYSTEMPATH\CodeIgniter.php(942): App\Controllers\Client\GioiThieu\CThongTinDoanhNghiep->index()
 7 SYSTEMPATH\CodeIgniter.php(502): CodeIgniter\CodeIgniter->runController(Object(App\Controllers\Client\GioiThieu\CThongTinDoanhNghiep))
 8 SYSTEMPATH\CodeIgniter.php(361): CodeIgniter\CodeIgniter->handleRequest(null, Object(Config\Cache), false)
 9 FCPATH\index.php(79): CodeIgniter\CodeIgniter->run()
10 SYSTEMPATH\Commands\Server\rewrite.php(47): require_once('C:\\Users\\ADMIN\\Desktop\\dakdrinh\\public\\index.php')
CRITICAL - 2024-03-01 07:57:42 --> Undefined variable $baivietmoinhat
in APPPATH\Views\Client\GioiThieu\ThongTinDoanhNghiep.php on line 77.
 1 APPPATH\Views\Client\GioiThieu\ThongTinDoanhNghiep.php(77): CodeIgniter\Debug\Exceptions->errorHandler(2, 'Undefined variable $baivietmoinhat', 'C:\\Users\\ADMIN\\Desktop\\dakdrinh\\app\\Views\\Client\\GioiThieu\\ThongTinDoanhNghiep.php', 77)
 2 SYSTEMPATH\View\View.php(228): include('C:\\Users\\ADMIN\\Desktop\\dakdrinh\\app\\Views\\Client\\GioiThieu\\ThongTinDoanhNghiep.php')
 3 SYSTEMPATH\View\View.php(231): CodeIgniter\View\View->CodeIgniter\View\{closure}()
 4 SYSTEMPATH\Common.php(1190): CodeIgniter\View\View->render('Client/GioiThieu/ThongTinDoanhNghiep', [], true)
 5 APPPATH\Controllers\Client\GioiThieu\CThongTinDoanhNghiep.php(25): view('Client/GioiThieu/ThongTinDoanhNghiep', [...])
 6 SYSTEMPATH\CodeIgniter.php(942): App\Controllers\Client\GioiThieu\CThongTinDoanhNghiep->index()
 7 SYSTEMPATH\CodeIgniter.php(502): CodeIgniter\CodeIgniter->runController(Object(App\Controllers\Client\GioiThieu\CThongTinDoanhNghiep))
 8 SYSTEMPATH\CodeIgniter.php(361): CodeIgniter\CodeIgniter->handleRequest(null, Object(Config\Cache), false)
 9 FCPATH\index.php(79): CodeIgniter\CodeIgniter->run()
10 SYSTEMPATH\Commands\Server\rewrite.php(47): require_once('C:\\Users\\ADMIN\\Desktop\\dakdrinh\\public\\index.php')
CRITICAL - 2024-03-01 07:58:01 --> Undefined variable $baivietmoinhat
in APPPATH\Views\Client\GioiThieu\ThongTinDoanhNghiep.php on line 77.
 1 APPPATH\Views\Client\GioiThieu\ThongTinDoanhNghiep.php(77): CodeIgniter\Debug\Exceptions->errorHandler(2, 'Undefined variable $baivietmoinhat', 'C:\\Users\\ADMIN\\Desktop\\dakdrinh\\app\\Views\\Client\\GioiThieu\\ThongTinDoanhNghiep.php', 77)
 2 SYSTEMPATH\View\View.php(228): include('C:\\Users\\ADMIN\\Desktop\\dakdrinh\\app\\Views\\Client\\GioiThieu\\ThongTinDoanhNghiep.php')
 3 SYSTEMPATH\View\View.php(231): CodeIgniter\View\View->CodeIgniter\View\{closure}()
 4 SYSTEMPATH\Common.php(1190): CodeIgniter\View\View->render('Client/GioiThieu/ThongTinDoanhNghiep', [], true)
 5 APPPATH\Controllers\Client\GioiThieu\CThongTinDoanhNghiep.php(25): view('Client/GioiThieu/ThongTinDoanhNghiep', [...])
 6 SYSTEMPATH\CodeIgniter.php(942): App\Controllers\Client\GioiThieu\CThongTinDoanhNghiep->index()
 7 SYSTEMPATH\CodeIgniter.php(502): CodeIgniter\CodeIgniter->runController(Object(App\Controllers\Client\GioiThieu\CThongTinDoanhNghiep))
 8 SYSTEMPATH\CodeIgniter.php(361): CodeIgniter\CodeIgniter->handleRequest(null, Object(Config\Cache), false)
 9 FCPATH\index.php(79): CodeIgniter\CodeIgniter->run()
10 SYSTEMPATH\Commands\Server\rewrite.php(47): require_once('C:\\Users\\ADMIN\\Desktop\\dakdrinh\\public\\index.php')
CRITICAL - 2024-03-01 07:59:53 --> Undefined variable $data
in APPPATH\Views\Client\GioiThieu\ThongTinDoanhNghiep.php on line 3.
 1 APPPATH\Views\Client\GioiThieu\ThongTinDoanhNghiep.php(3): CodeIgniter\Debug\Exceptions->errorHandler(2, 'Undefined variable $data', 'C:\\Users\\ADMIN\\Desktop\\dakdrinh\\app\\Views\\Client\\GioiThieu\\ThongTinDoanhNghiep.php', 3)
 2 SYSTEMPATH\View\View.php(228): include('C:\\Users\\ADMIN\\Desktop\\dakdrinh\\app\\Views\\Client\\GioiThieu\\ThongTinDoanhNghiep.php')
 3 SYSTEMPATH\View\View.php(231): CodeIgniter\View\View->CodeIgniter\View\{closure}()
 4 SYSTEMPATH\Common.php(1190): CodeIgniter\View\View->render('Client/GioiThieu/ThongTinDoanhNghiep', [], true)
 5 APPPATH\Controllers\Client\GioiThieu\CThongTinDoanhNghiep.php(25): view('Client/GioiThieu/ThongTinDoanhNghiep', [...])
 6 SYSTEMPATH\CodeIgniter.php(942): App\Controllers\Client\GioiThieu\CThongTinDoanhNghiep->index()
 7 SYSTEMPATH\CodeIgniter.php(502): CodeIgniter\CodeIgniter->runController(Object(App\Controllers\Client\GioiThieu\CThongTinDoanhNghiep))
 8 SYSTEMPATH\CodeIgniter.php(361): CodeIgniter\CodeIgniter->handleRequest(null, Object(Config\Cache), false)
 9 FCPATH\index.php(79): CodeIgniter\CodeIgniter->run()
10 SYSTEMPATH\Commands\Server\rewrite.php(47): require_once('C:\\Users\\ADMIN\\Desktop\\dakdrinh\\public\\index.php')
CRITICAL - 2024-03-01 08:02:37 --> Undefined variable $data
in APPPATH\Views\Client\GioiThieu\ThongTinDoanhNghiep.php on line 3.
 1 APPPATH\Views\Client\GioiThieu\ThongTinDoanhNghiep.php(3): CodeIgniter\Debug\Exceptions->errorHandler(2, 'Undefined variable $data', 'C:\\Users\\ADMIN\\Desktop\\dakdrinh\\app\\Views\\Client\\GioiThieu\\ThongTinDoanhNghiep.php', 3)
 2 SYSTEMPATH\View\View.php(228): include('C:\\Users\\ADMIN\\Desktop\\dakdrinh\\app\\Views\\Client\\GioiThieu\\ThongTinDoanhNghiep.php')
 3 SYSTEMPATH\View\View.php(231): CodeIgniter\View\View->CodeIgniter\View\{closure}()
 4 SYSTEMPATH\Common.php(1190): CodeIgniter\View\View->render('Client/GioiThieu/ThongTinDoanhNghiep', [], true)
 5 APPPATH\Controllers\Client\GioiThieu\CThongTinDoanhNghiep.php(27): view('Client/GioiThieu/ThongTinDoanhNghiep', [...])
 6 SYSTEMPATH\CodeIgniter.php(942): App\Controllers\Client\GioiThieu\CThongTinDoanhNghiep->index()
 7 SYSTEMPATH\CodeIgniter.php(502): CodeIgniter\CodeIgniter->runController(Object(App\Controllers\Client\GioiThieu\CThongTinDoanhNghiep))
 8 SYSTEMPATH\CodeIgniter.php(361): CodeIgniter\CodeIgniter->handleRequest(null, Object(Config\Cache), false)
 9 FCPATH\index.php(79): CodeIgniter\CodeIgniter->run()
10 SYSTEMPATH\Commands\Server\rewrite.php(47): require_once('C:\\Users\\ADMIN\\Desktop\\dakdrinh\\public\\index.php')
CRITICAL - 2024-03-01 08:03:58 --> Cannot use object of type CodeIgniter\Pager\Pager as array
in APPPATH\Views\Client\GioiThieu\ThongTinDoanhNghiep.php on line 79.
 1 SYSTEMPATH\View\View.php(228): include()
 2 SYSTEMPATH\View\View.php(231): CodeIgniter\View\View->CodeIgniter\View\{closure}()
 3 SYSTEMPATH\Common.php(1190): CodeIgniter\View\View->render('Client/GioiThieu/ThongTinDoanhNghiep', [], true)
 4 APPPATH\Controllers\Client\GioiThieu\CThongTinDoanhNghiep.php(27): view('Client/GioiThieu/ThongTinDoanhNghiep', [...])
 5 SYSTEMPATH\CodeIgniter.php(942): App\Controllers\Client\GioiThieu\CThongTinDoanhNghiep->index()
 6 SYSTEMPATH\CodeIgniter.php(502): CodeIgniter\CodeIgniter->runController(Object(App\Controllers\Client\GioiThieu\CThongTinDoanhNghiep))
 7 SYSTEMPATH\CodeIgniter.php(361): CodeIgniter\CodeIgniter->handleRequest(null, Object(Config\Cache), false)
 8 FCPATH\index.php(79): CodeIgniter\CodeIgniter->run()
 9 SYSTEMPATH\Commands\Server\rewrite.php(47): require_once('C:\\Users\\ADMIN\\Desktop\\dakdrinh\\public\\index.php')
CRITICAL - 2024-03-01 08:18:15 --> Undefined variable $baivietmoinhat
in APPPATH\Views\Client\GioiThieu\ThongTinDoanhNghiep.php on line 77.
 1 APPPATH\Views\Client\GioiThieu\ThongTinDoanhNghiep.php(77): CodeIgniter\Debug\Exceptions->errorHandler(2, 'Undefined variable $baivietmoinhat', 'C:\\Users\\ADMIN\\Desktop\\dakdrinh\\app\\Views\\Client\\GioiThieu\\ThongTinDoanhNghiep.php', 77)
 2 SYSTEMPATH\View\View.php(228): include('C:\\Users\\ADMIN\\Desktop\\dakdrinh\\app\\Views\\Client\\GioiThieu\\ThongTinDoanhNghiep.php')
 3 SYSTEMPATH\View\View.php(231): CodeIgniter\View\View->CodeIgniter\View\{closure}()
 4 SYSTEMPATH\Common.php(1190): CodeIgniter\View\View->render('Client/GioiThieu/ThongTinDoanhNghiep', [], true)
 5 APPPATH\Controllers\Client\GioiThieu\CThongTinDoanhNghiep.php(26): view('Client/GioiThieu/ThongTinDoanhNghiep', [...])
 6 SYSTEMPATH\CodeIgniter.php(942): App\Controllers\Client\GioiThieu\CThongTinDoanhNghiep->index()
 7 SYSTEMPATH\CodeIgniter.php(502): CodeIgniter\CodeIgniter->runController(Object(App\Controllers\Client\GioiThieu\CThongTinDoanhNghiep))
 8 SYSTEMPATH\CodeIgniter.php(361): CodeIgniter\CodeIgniter->handleRequest(null, Object(Config\Cache), false)
 9 FCPATH\index.php(79): CodeIgniter\CodeIgniter->run()
10 SYSTEMPATH\Commands\Server\rewrite.php(47): require_once('C:\\Users\\ADMIN\\Desktop\\dakdrinh\\public\\index.php')
CRITICAL - 2024-03-01 08:19:42 --> Undefined variable $baivietmoinhat
in APPPATH\Views\Client\GioiThieu\ThongTinDoanhNghiep.php on line 77.
 1 APPPATH\Views\Client\GioiThieu\ThongTinDoanhNghiep.php(77): CodeIgniter\Debug\Exceptions->errorHandler(2, 'Undefined variable $baivietmoinhat', 'C:\\Users\\ADMIN\\Desktop\\dakdrinh\\app\\Views\\Client\\GioiThieu\\ThongTinDoanhNghiep.php', 77)
 2 SYSTEMPATH\View\View.php(228): include('C:\\Users\\ADMIN\\Desktop\\dakdrinh\\app\\Views\\Client\\GioiThieu\\ThongTinDoanhNghiep.php')
 3 SYSTEMPATH\View\View.php(231): CodeIgniter\View\View->CodeIgniter\View\{closure}()
 4 SYSTEMPATH\Common.php(1190): CodeIgniter\View\View->render('Client/GioiThieu/ThongTinDoanhNghiep', [], true)
 5 APPPATH\Controllers\Client\GioiThieu\CThongTinDoanhNghiep.php(27): view('Client/GioiThieu/ThongTinDoanhNghiep', [...])
 6 SYSTEMPATH\CodeIgniter.php(942): App\Controllers\Client\GioiThieu\CThongTinDoanhNghiep->index()
 7 SYSTEMPATH\CodeIgniter.php(502): CodeIgniter\CodeIgniter->runController(Object(App\Controllers\Client\GioiThieu\CThongTinDoanhNghiep))
 8 SYSTEMPATH\CodeIgniter.php(361): CodeIgniter\CodeIgniter->handleRequest(null, Object(Config\Cache), false)
 9 FCPATH\index.php(79): CodeIgniter\CodeIgniter->run()
10 SYSTEMPATH\Commands\Server\rewrite.php(47): require_once('C:\\Users\\ADMIN\\Desktop\\dakdrinh\\public\\index.php')
CRITICAL - 2024-03-01 08:20:13 --> Cannot use object of type CodeIgniter\Pager\Pager as array
in APPPATH\Views\Client\GioiThieu\ThongTinDoanhNghiep.php on line 79.
 1 SYSTEMPATH\View\View.php(228): include()
 2 SYSTEMPATH\View\View.php(231): CodeIgniter\View\View->CodeIgniter\View\{closure}()
 3 SYSTEMPATH\Common.php(1190): CodeIgniter\View\View->render('Client/GioiThieu/ThongTinDoanhNghiep', [], true)
 4 APPPATH\Controllers\Client\GioiThieu\CThongTinDoanhNghiep.php(27): view('Client/GioiThieu/ThongTinDoanhNghiep', [...])
 5 SYSTEMPATH\CodeIgniter.php(942): App\Controllers\Client\GioiThieu\CThongTinDoanhNghiep->index()
 6 SYSTEMPATH\CodeIgniter.php(502): CodeIgniter\CodeIgniter->runController(Object(App\Controllers\Client\GioiThieu\CThongTinDoanhNghiep))
 7 SYSTEMPATH\CodeIgniter.php(361): CodeIgniter\CodeIgniter->handleRequest(null, Object(Config\Cache), false)
 8 FCPATH\index.php(79): CodeIgniter\CodeIgniter->run()
 9 SYSTEMPATH\Commands\Server\rewrite.php(47): require_once('C:\\Users\\ADMIN\\Desktop\\dakdrinh\\public\\index.php')
CRITICAL - 2024-03-01 08:23:16 --> Cannot use object of type stdClass as array
in APPPATH\Views\Client\GioiThieu\ThongTinDoanhNghiep.php on line 79.
 1 SYSTEMPATH\View\View.php(228): include()
 2 SYSTEMPATH\View\View.php(231): CodeIgniter\View\View->CodeIgniter\View\{closure}()
 3 SYSTEMPATH\Common.php(1190): CodeIgniter\View\View->render('Client/GioiThieu/ThongTinDoanhNghiep', [], true)
 4 APPPATH\Controllers\Client\GioiThieu\CThongTinDoanhNghiep.php(27): view('Client/GioiThieu/ThongTinDoanhNghiep', [...])
 5 SYSTEMPATH\CodeIgniter.php(942): App\Controllers\Client\GioiThieu\CThongTinDoanhNghiep->index()
 6 SYSTEMPATH\CodeIgniter.php(502): CodeIgniter\CodeIgniter->runController(Object(App\Controllers\Client\GioiThieu\CThongTinDoanhNghiep))
 7 SYSTEMPATH\CodeIgniter.php(361): CodeIgniter\CodeIgniter->handleRequest(null, Object(Config\Cache), false)
 8 FCPATH\index.php(79): CodeIgniter\CodeIgniter->run()
 9 SYSTEMPATH\Commands\Server\rewrite.php(47): require_once('C:\\Users\\ADMIN\\Desktop\\dakdrinh\\public\\index.php')
ERROR - 2024-03-01 08:24:33 --> mysqli_sql_exception: Undeclared variable: $sobaiviet in C:\Users\ADMIN\Desktop\dakdrinh\system\Database\MySQLi\Connection.php:306
Stack trace:
#0 C:\Users\ADMIN\Desktop\dakdrinh\system\Database\MySQLi\Connection.php(306): mysqli->query('SELECT * FROM t...', 0)
#1 C:\Users\ADMIN\Desktop\dakdrinh\system\Database\BaseConnection.php(693): CodeIgniter\Database\MySQLi\Connection->execute('SELECT * FROM t...')
#2 C:\Users\ADMIN\Desktop\dakdrinh\system\Database\BaseConnection.php(607): CodeIgniter\Database\BaseConnection->simpleQuery('SELECT * FROM t...')
#3 C:\Users\ADMIN\Desktop\dakdrinh\system\Model.php(867): CodeIgniter\Database\BaseConnection->query('SELECT * FROM t...')
#4 C:\Users\ADMIN\Desktop\dakdrinh\app\Models\Mbaiviet.php(49): CodeIgniter\Model->__call('query', Array)
#5 C:\Users\ADMIN\Desktop\dakdrinh\app\Controllers\Client\GioiThieu\CThongTinDoanhNghiep.php(17): App\Models\Mbaiviet->getTinMoiNhat(5)
#6 C:\Users\ADMIN\Desktop\dakdrinh\system\CodeIgniter.php(942): App\Controllers\Client\GioiThieu\CThongTinDoanhNghiep->index()
#7 C:\Users\ADMIN\Desktop\dakdrinh\system\CodeIgniter.php(502): CodeIgniter\CodeIgniter->runController(Object(App\Controllers\Client\GioiThieu\CThongTinDoanhNghiep))
#8 C:\Users\ADMIN\Desktop\dakdrinh\system\CodeIgniter.php(361): CodeIgniter\CodeIgniter->handleRequest(NULL, Object(Config\Cache), false)
#9 C:\Users\ADMIN\Desktop\dakdrinh\public\index.php(79): CodeIgniter\CodeIgniter->run()
#10 C:\Users\ADMIN\Desktop\dakdrinh\system\Commands\Server\rewrite.php(47): require_once('C:\\Users\\ADMIN\\...')
#11 {main}
CRITICAL - 2024-03-01 08:24:33 --> Undeclared variable: $sobaiviet
in SYSTEMPATH\Database\BaseConnection.php on line 647.
 1 SYSTEMPATH\Model.php(867): CodeIgniter\Database\BaseConnection->query('SELECT * FROM tbbaiviet ORDER BY ngaytao DESC LIMIT $sobaiviet')
 2 APPPATH\Models\Mbaiviet.php(49): CodeIgniter\Model->__call('query', [...])
 3 APPPATH\Controllers\Client\GioiThieu\CThongTinDoanhNghiep.php(17): App\Models\Mbaiviet->getTinMoiNhat(5)
 4 SYSTEMPATH\CodeIgniter.php(942): App\Controllers\Client\GioiThieu\CThongTinDoanhNghiep->index()
 5 SYSTEMPATH\CodeIgniter.php(502): CodeIgniter\CodeIgniter->runController(Object(App\Controllers\Client\GioiThieu\CThongTinDoanhNghiep))
 6 SYSTEMPATH\CodeIgniter.php(361): CodeIgniter\CodeIgniter->handleRequest(null, Object(Config\Cache), false)
 7 FCPATH\index.php(79): CodeIgniter\CodeIgniter->run()
 8 SYSTEMPATH\Commands\Server\rewrite.php(47): require_once('C:\\Users\\ADMIN\\Desktop\\dakdrinh\\public\\index.php')
CRITICAL - 2024-03-01 08:25:46 --> Cannot use object of type stdClass as array
in APPPATH\Views\Client\GioiThieu\ThongTinDoanhNghiep.php on line 79.
 1 SYSTEMPATH\View\View.php(228): include()
 2 SYSTEMPATH\View\View.php(231): CodeIgniter\View\View->CodeIgniter\View\{closure}()
 3 SYSTEMPATH\Common.php(1190): CodeIgniter\View\View->render('Client/GioiThieu/ThongTinDoanhNghiep', [], true)
 4 APPPATH\Controllers\Client\GioiThieu\CThongTinDoanhNghiep.php(27): view('Client/GioiThieu/ThongTinDoanhNghiep', [...])
 5 SYSTEMPATH\CodeIgniter.php(942): App\Controllers\Client\GioiThieu\CThongTinDoanhNghiep->index()
 6 SYSTEMPATH\CodeIgniter.php(502): CodeIgniter\CodeIgniter->runController(Object(App\Controllers\Client\GioiThieu\CThongTinDoanhNghiep))
 7 SYSTEMPATH\CodeIgniter.php(361): CodeIgniter\CodeIgniter->handleRequest(null, Object(Config\Cache), false)
 8 FCPATH\index.php(79): CodeIgniter\CodeIgniter->run()
 9 SYSTEMPATH\Commands\Server\rewrite.php(47): require_once('C:\\Users\\ADMIN\\Desktop\\dakdrinh\\public\\index.php')
ERROR - 2024-03-01 23:12:30 --> Error connecting to the database: mysqli_sql_exception: No connection could be made because the target machine actively refused it in C:\Users\ADMIN\Desktop\dakdrinh\system\Database\MySQLi\Connection.php:184
Stack trace:
#0 C:\Users\ADMIN\Desktop\dakdrinh\system\Database\MySQLi\Connection.php(184): mysqli->real_connect('localhost', 'root', Object(SensitiveParameterValue), 'dakdrinh', 3306, '', 0)
#1 C:\Users\ADMIN\Desktop\dakdrinh\system\Database\BaseConnection.php(392): CodeIgniter\Database\MySQLi\Connection->connect(false)
#2 C:\Users\ADMIN\Desktop\dakdrinh\system\Database\BaseConnection.php(575): CodeIgniter\Database\BaseConnection->initialize()
#3 C:\Users\ADMIN\Desktop\dakdrinh\system\Database\BaseBuilder.php(1615): CodeIgniter\Database\BaseConnection->query('SELECT *\nFROM `...', Array, false)
#4 C:\Users\ADMIN\Desktop\dakdrinh\system\Model.php(264): CodeIgniter\Database\BaseBuilder->get()
#5 C:\Users\ADMIN\Desktop\dakdrinh\system\BaseModel.php(662): CodeIgniter\Model->doFirst()
#6 C:\Users\ADMIN\Desktop\dakdrinh\app\Controllers\Admin\CBieuDo.php(57): CodeIgniter\BaseModel->first()
#7 C:\Users\ADMIN\Desktop\dakdrinh\system\CodeIgniter.php(942): App\Controllers\Admin\CBieuDo->getdata()
#8 C:\Users\ADMIN\Desktop\dakdrinh\system\CodeIgniter.php(502): CodeIgniter\CodeIgniter->runController(Object(App\Controllers\Admin\CBieuDo))
#9 C:\Users\ADMIN\Desktop\dakdrinh\system\CodeIgniter.php(361): CodeIgniter\CodeIgniter->handleRequest(NULL, Object(Config\Cache), false)
#10 C:\Users\ADMIN\Desktop\dakdrinh\public\index.php(79): CodeIgniter\CodeIgniter->run()
#11 C:\Users\ADMIN\Desktop\dakdrinh\system\Commands\Server\rewrite.php(47): require_once('C:\\Users\\ADMIN\\...')
#12 {main}

Next CodeIgniter\Database\Exceptions\DatabaseException: No connection could be made because the target machine actively refused it in C:\Users\ADMIN\Desktop\dakdrinh\system\Database\MySQLi\Connection.php:229
Stack trace:
#0 C:\Users\ADMIN\Desktop\dakdrinh\system\Database\BaseConnection.php(392): CodeIgniter\Database\MySQLi\Connection->connect(false)
#1 C:\Users\ADMIN\Desktop\dakdrinh\system\Database\BaseConnection.php(575): CodeIgniter\Database\BaseConnection->initialize()
#2 C:\Users\ADMIN\Desktop\dakdrinh\system\Database\BaseBuilder.php(1615): CodeIgniter\Database\BaseConnection->query('SELECT *\nFROM `...', Array, false)
#3 C:\Users\ADMIN\Desktop\dakdrinh\system\Model.php(264): CodeIgniter\Database\BaseBuilder->get()
#4 C:\Users\ADMIN\Desktop\dakdrinh\system\BaseModel.php(662): CodeIgniter\Model->doFirst()
#5 C:\Users\ADMIN\Desktop\dakdrinh\app\Controllers\Admin\CBieuDo.php(57): CodeIgniter\BaseModel->first()
#6 C:\Users\ADMIN\Desktop\dakdrinh\system\CodeIgniter.php(942): App\Controllers\Admin\CBieuDo->getdata()
#7 C:\Users\ADMIN\Desktop\dakdrinh\system\CodeIgniter.php(502): CodeIgniter\CodeIgniter->runController(Object(App\Controllers\Admin\CBieuDo))
#8 C:\Users\ADMIN\Desktop\dakdrinh\system\CodeIgniter.php(361): CodeIgniter\CodeIgniter->handleRequest(NULL, Object(Config\Cache), false)
#9 C:\Users\ADMIN\Desktop\dakdrinh\public\index.php(79): CodeIgniter\CodeIgniter->run()
#10 C:\Users\ADMIN\Desktop\dakdrinh\system\Commands\Server\rewrite.php(47): require_once('C:\\Users\\ADMIN\\...')
#11 {main}
CRITICAL - 2024-03-01 23:12:30 --> Unable to connect to the database.
Main connection [MySQLi]: No connection could be made because the target machine actively refused it
in SYSTEMPATH\Database\BaseConnection.php on line 428.
 1 SYSTEMPATH\Database\BaseConnection.php(575): CodeIgniter\Database\BaseConnection->initialize()
 2 SYSTEMPATH\Database\BaseBuilder.php(1615): CodeIgniter\Database\BaseConnection->query('SELECT *
FROM `tbbieudothuydien`
ORDER BY `idbieudothuydien` DESC
 LIMIT 1', [], false)
 3 SYSTEMPATH\Model.php(264): CodeIgniter\Database\BaseBuilder->get()
 4 SYSTEMPATH\BaseModel.php(662): CodeIgniter\Model->doFirst()
 5 APPPATH\Controllers\Admin\CBieuDo.php(57): CodeIgniter\BaseModel->first()
 6 SYSTEMPATH\CodeIgniter.php(942): App\Controllers\Admin\CBieuDo->getdata()
 7 SYSTEMPATH\CodeIgniter.php(502): CodeIgniter\CodeIgniter->runController(Object(App\Controllers\Admin\CBieuDo))
 8 SYSTEMPATH\CodeIgniter.php(361): CodeIgniter\CodeIgniter->handleRequest(null, Object(Config\Cache), false)
 9 FCPATH\index.php(79): CodeIgniter\CodeIgniter->run()
10 SYSTEMPATH\Commands\Server\rewrite.php(47): require_once('C:\\Users\\ADMIN\\Desktop\\dakdrinh\\public\\index.php')
ERROR - 2024-03-01 23:12:35 --> Error connecting to the database: mysqli_sql_exception: No connection could be made because the target machine actively refused it in C:\Users\ADMIN\Desktop\dakdrinh\system\Database\MySQLi\Connection.php:184
Stack trace:
#0 C:\Users\ADMIN\Desktop\dakdrinh\system\Database\MySQLi\Connection.php(184): mysqli->real_connect('localhost', 'root', Object(SensitiveParameterValue), 'dakdrinh', 3306, '', 0)
#1 C:\Users\ADMIN\Desktop\dakdrinh\system\Database\BaseConnection.php(392): CodeIgniter\Database\MySQLi\Connection->connect(false)
#2 C:\Users\ADMIN\Desktop\dakdrinh\system\Database\BaseConnection.php(575): CodeIgniter\Database\BaseConnection->initialize()
#3 C:\Users\ADMIN\Desktop\dakdrinh\system\Model.php(867): CodeIgniter\Database\BaseConnection->query('SELECT * FROM t...', Array)
#4 C:\Users\ADMIN\Desktop\dakdrinh\app\Models\Mbaiviet.php(49): CodeIgniter\Model->__call('query', Array)
#5 C:\Users\ADMIN\Desktop\dakdrinh\app\Controllers\Client\CHome.php(15): App\Models\Mbaiviet->getTinMoiNhat(5)
#6 C:\Users\ADMIN\Desktop\dakdrinh\system\CodeIgniter.php(942): App\Controllers\Client\CHome->tinmoinhat()
#7 C:\Users\ADMIN\Desktop\dakdrinh\system\CodeIgniter.php(502): CodeIgniter\CodeIgniter->runController(Object(App\Controllers\Client\CHome))
#8 C:\Users\ADMIN\Desktop\dakdrinh\system\CodeIgniter.php(361): CodeIgniter\CodeIgniter->handleRequest(NULL, Object(Config\Cache), false)
#9 C:\Users\ADMIN\Desktop\dakdrinh\public\index.php(79): CodeIgniter\CodeIgniter->run()
#10 C:\Users\ADMIN\Desktop\dakdrinh\system\Commands\Server\rewrite.php(47): require_once('C:\\Users\\ADMIN\\...')
#11 {main}

Next CodeIgniter\Database\Exceptions\DatabaseException: No connection could be made because the target machine actively refused it in C:\Users\ADMIN\Desktop\dakdrinh\system\Database\MySQLi\Connection.php:229
Stack trace:
#0 C:\Users\ADMIN\Desktop\dakdrinh\system\Database\BaseConnection.php(392): CodeIgniter\Database\MySQLi\Connection->connect(false)
#1 C:\Users\ADMIN\Desktop\dakdrinh\system\Database\BaseConnection.php(575): CodeIgniter\Database\BaseConnection->initialize()
#2 C:\Users\ADMIN\Desktop\dakdrinh\system\Model.php(867): CodeIgniter\Database\BaseConnection->query('SELECT * FROM t...', Array)
#3 C:\Users\ADMIN\Desktop\dakdrinh\app\Models\Mbaiviet.php(49): CodeIgniter\Model->__call('query', Array)
#4 C:\Users\ADMIN\Desktop\dakdrinh\app\Controllers\Client\CHome.php(15): App\Models\Mbaiviet->getTinMoiNhat(5)
#5 C:\Users\ADMIN\Desktop\dakdrinh\system\CodeIgniter.php(942): App\Controllers\Client\CHome->tinmoinhat()
#6 C:\Users\ADMIN\Desktop\dakdrinh\system\CodeIgniter.php(502): CodeIgniter\CodeIgniter->runController(Object(App\Controllers\Client\CHome))
#7 C:\Users\ADMIN\Desktop\dakdrinh\system\CodeIgniter.php(361): CodeIgniter\CodeIgniter->handleRequest(NULL, Object(Config\Cache), false)
#8 C:\Users\ADMIN\Desktop\dakdrinh\public\index.php(79): CodeIgniter\CodeIgniter->run()
#9 C:\Users\ADMIN\Desktop\dakdrinh\system\Commands\Server\rewrite.php(47): require_once('C:\\Users\\ADMIN\\...')
#10 {main}
CRITICAL - 2024-03-01 23:12:35 --> Unable to connect to the database.
Main connection [MySQLi]: No connection could be made because the target machine actively refused it
in SYSTEMPATH\Database\BaseConnection.php on line 428.
 1 SYSTEMPATH\Database\BaseConnection.php(575): CodeIgniter\Database\BaseConnection->initialize()
 2 SYSTEMPATH\Model.php(867): CodeIgniter\Database\BaseConnection->query('SELECT * FROM tbbaiviet ORDER BY ngaytao DESC LIMIT ?', [...])
 3 APPPATH\Models\Mbaiviet.php(49): CodeIgniter\Model->__call('query', [...])
 4 APPPATH\Controllers\Client\CHome.php(15): App\Models\Mbaiviet->getTinMoiNhat(5)
 5 SYSTEMPATH\CodeIgniter.php(942): App\Controllers\Client\CHome->tinmoinhat()
 6 SYSTEMPATH\CodeIgniter.php(502): CodeIgniter\CodeIgniter->runController(Object(App\Controllers\Client\CHome))
 7 SYSTEMPATH\CodeIgniter.php(361): CodeIgniter\CodeIgniter->handleRequest(null, Object(Config\Cache), false)
 8 FCPATH\index.php(79): CodeIgniter\CodeIgniter->run()
 9 SYSTEMPATH\Commands\Server\rewrite.php(47): require_once('C:\\Users\\ADMIN\\Desktop\\dakdrinh\\public\\index.php')
ERROR - 2024-03-01 23:48:16 --> Error connecting to the database: mysqli_sql_exception: No connection could be made because the target machine actively refused it in C:\Users\ADMIN\Desktop\dakdrinh\system\Database\MySQLi\Connection.php:184
Stack trace:
#0 C:\Users\ADMIN\Desktop\dakdrinh\system\Database\MySQLi\Connection.php(184): mysqli->real_connect('localhost', 'root', Object(SensitiveParameterValue), 'dakdrinh', 3306, '', 0)
#1 C:\Users\ADMIN\Desktop\dakdrinh\system\Database\BaseConnection.php(392): CodeIgniter\Database\MySQLi\Connection->connect(false)
#2 C:\Users\ADMIN\Desktop\dakdrinh\system\Database\BaseConnection.php(575): CodeIgniter\Database\BaseConnection->initialize()
#3 C:\Users\ADMIN\Desktop\dakdrinh\system\Database\BaseBuilder.php(1699): CodeIgniter\Database\BaseConnection->query('SELECT COUNT(*)...', Array, false)
#4 C:\Users\ADMIN\Desktop\dakdrinh\system\Model.php(599): CodeIgniter\Database\BaseBuilder->countAllResults(false)
#5 C:\Users\ADMIN\Desktop\dakdrinh\system\BaseModel.php(1203): CodeIgniter\Model->countAllResults(false)
#6 C:\Users\ADMIN\Desktop\dakdrinh\app\Models\Mbaiviet.php(40): CodeIgniter\BaseModel->paginate(4, 'trangbaiviet', 1)
#7 C:\Users\ADMIN\Desktop\dakdrinh\app\Controllers\Client\TinTucSuKien\CTinTucPVPowerDHC.php(15): App\Models\Mbaiviet->getBaivietByDanhMucPaginated(204, 1, 4)
#8 C:\Users\ADMIN\Desktop\dakdrinh\system\CodeIgniter.php(942): App\Controllers\Client\TinTucSuKien\CTinTucPVPowerDHC->index()
#9 C:\Users\ADMIN\Desktop\dakdrinh\system\CodeIgniter.php(502): CodeIgniter\CodeIgniter->runController(Object(App\Controllers\Client\TinTucSuKien\CTinTucPVPowerDHC))
#10 C:\Users\ADMIN\Desktop\dakdrinh\system\CodeIgniter.php(361): CodeIgniter\CodeIgniter->handleRequest(NULL, Object(Config\Cache), false)
#11 C:\Users\ADMIN\Desktop\dakdrinh\public\index.php(79): CodeIgniter\CodeIgniter->run()
#12 C:\Users\ADMIN\Desktop\dakdrinh\system\Commands\Server\rewrite.php(47): require_once('C:\\Users\\ADMIN\\...')
#13 {main}

Next CodeIgniter\Database\Exceptions\DatabaseException: No connection could be made because the target machine actively refused it in C:\Users\ADMIN\Desktop\dakdrinh\system\Database\MySQLi\Connection.php:229
Stack trace:
#0 C:\Users\ADMIN\Desktop\dakdrinh\system\Database\BaseConnection.php(392): CodeIgniter\Database\MySQLi\Connection->connect(false)
#1 C:\Users\ADMIN\Desktop\dakdrinh\system\Database\BaseConnection.php(575): CodeIgniter\Database\BaseConnection->initialize()
#2 C:\Users\ADMIN\Desktop\dakdrinh\system\Database\BaseBuilder.php(1699): CodeIgniter\Database\BaseConnection->query('SELECT COUNT(*)...', Array, false)
#3 C:\Users\ADMIN\Desktop\dakdrinh\system\Model.php(599): CodeIgniter\Database\BaseBuilder->countAllResults(false)
#4 C:\Users\ADMIN\Desktop\dakdrinh\system\BaseModel.php(1203): CodeIgniter\Model->countAllResults(false)
#5 C:\Users\ADMIN\Desktop\dakdrinh\app\Models\Mbaiviet.php(40): CodeIgniter\BaseModel->paginate(4, 'trangbaiviet', 1)
#6 C:\Users\ADMIN\Desktop\dakdrinh\app\Controllers\Client\TinTucSuKien\CTinTucPVPowerDHC.php(15): App\Models\Mbaiviet->getBaivietByDanhMucPaginated(204, 1, 4)
#7 C:\Users\ADMIN\Desktop\dakdrinh\system\CodeIgniter.php(942): App\Controllers\Client\TinTucSuKien\CTinTucPVPowerDHC->index()
#8 C:\Users\ADMIN\Desktop\dakdrinh\system\CodeIgniter.php(502): CodeIgniter\CodeIgniter->runController(Object(App\Controllers\Client\TinTucSuKien\CTinTucPVPowerDHC))
#9 C:\Users\ADMIN\Desktop\dakdrinh\system\CodeIgniter.php(361): CodeIgniter\CodeIgniter->handleRequest(NULL, Object(Config\Cache), false)
#10 C:\Users\ADMIN\Desktop\dakdrinh\public\index.php(79): CodeIgniter\CodeIgniter->run()
#11 C:\Users\ADMIN\Desktop\dakdrinh\system\Commands\Server\rewrite.php(47): require_once('C:\\Users\\ADMIN\\...')
#12 {main}
CRITICAL - 2024-03-01 23:48:16 --> Unable to connect to the database.
Main connection [MySQLi]: No connection could be made because the target machine actively refused it
in SYSTEMPATH\Database\BaseConnection.php on line 428.
 1 SYSTEMPATH\Database\BaseConnection.php(575): CodeIgniter\Database\BaseConnection->initialize()
 2 SYSTEMPATH\Database\BaseBuilder.php(1699): CodeIgniter\Database\BaseConnection->query('SELECT COUNT(*) AS `numrows`
FROM `tbbaiviet`
WHERE `iddanhmuc` = :iddanhmuc:', [...], false)
 3 SYSTEMPATH\Model.php(599): CodeIgniter\Database\BaseBuilder->countAllResults(false)
 4 SYSTEMPATH\BaseModel.php(1203): CodeIgniter\Model->countAllResults(false)
 5 APPPATH\Models\Mbaiviet.php(40): CodeIgniter\BaseModel->paginate(4, 'trangbaiviet', 1)
 6 APPPATH\Controllers\Client\TinTucSuKien\CTinTucPVPowerDHC.php(15): App\Models\Mbaiviet->getBaivietByDanhMucPaginated(204, 1, 4)
 7 SYSTEMPATH\CodeIgniter.php(942): App\Controllers\Client\TinTucSuKien\CTinTucPVPowerDHC->index()
 8 SYSTEMPATH\CodeIgniter.php(502): CodeIgniter\CodeIgniter->runController(Object(App\Controllers\Client\TinTucSuKien\CTinTucPVPowerDHC))
 9 SYSTEMPATH\CodeIgniter.php(361): CodeIgniter\CodeIgniter->handleRequest(null, Object(Config\Cache), false)
10 FCPATH\index.php(79): CodeIgniter\CodeIgniter->run()
11 SYSTEMPATH\Commands\Server\rewrite.php(47): require_once('C:\\Users\\ADMIN\\Desktop\\dakdrinh\\public\\index.php')
