INFO - 2024-01-15 01:17:03 --> Session: Class initialized using 'CodeIgniter\Session\Handlers\FileHandler' driver.
INFO - 2024-01-15 01:17:03 --> Session: Class initialized using 'CodeIgniter\Session\Handlers\FileHandler' driver.
INFO - 2024-01-15 01:17:10 --> Session: Class initialized using 'CodeIgniter\Session\Handlers\FileHandler' driver.
INFO - 2024-01-15 01:17:10 --> Session: Class initialized using 'CodeIgniter\Session\Handlers\FileHandler' driver.
INFO - 2024-01-15 01:17:15 --> Session: Class initialized using 'CodeIgniter\Session\Handlers\FileHandler' driver.
INFO - 2024-01-15 02:03:27 --> Session: Class initialized using 'CodeIgniter\Session\Handlers\FileHandler' driver.
INFO - 2024-01-15 02:03:31 --> Session: Class initialized using 'CodeIgniter\Session\Handlers\FileHandler' driver.
INFO - 2024-01-15 02:04:55 --> Session: Class initialized using 'CodeIgniter\Session\Handlers\FileHandler' driver.
INFO - 2024-01-15 17:43:42 --> Session: Class initialized using 'CodeIgniter\Session\Handlers\FileHandler' driver.
INFO - 2024-01-15 17:43:48 --> Session: Class initialized using 'CodeIgniter\Session\Handlers\FileHandler' driver.
ERROR - 2024-01-15 17:43:52 --> Error connecting to the database: mysqli_sql_exception: No connection could be made because the target machine actively refused it in C:\Users\ADMIN\Desktop\dakdrinh\system\Database\MySQLi\Connection.php:184
Stack trace:
#0 C:\Users\ADMIN\Desktop\dakdrinh\system\Database\MySQLi\Connection.php(184): mysqli->real_connect('localhost', 'root', Object(SensitiveParameterValue), 'dakdrinh', 3306, '', 0)
#1 C:\Users\ADMIN\Desktop\dakdrinh\system\Database\BaseConnection.php(392): CodeIgniter\Database\MySQLi\Connection->connect(false)
#2 C:\Users\ADMIN\Desktop\dakdrinh\system\Database\BaseConnection.php(575): CodeIgniter\Database\BaseConnection->initialize()
#3 C:\Users\ADMIN\Desktop\dakdrinh\system\Database\BaseBuilder.php(1615): CodeIgniter\Database\BaseConnection->query('SELECT *\nFROM `...', Array, false)
#4 C:\Users\ADMIN\Desktop\dakdrinh\system\Model.php(264): CodeIgniter\Database\BaseBuilder->get()
#5 C:\Users\ADMIN\Desktop\dakdrinh\system\BaseModel.php(662): CodeIgniter\Model->doFirst()
#6 C:\Users\ADMIN\Desktop\dakdrinh\app\Controllers\Admin\CAuth.php(25): CodeIgniter\BaseModel->first()
#7 C:\Users\ADMIN\Desktop\dakdrinh\system\CodeIgniter.php(942): App\Controllers\Admin\CAuth->loginAuth()
#8 C:\Users\ADMIN\Desktop\dakdrinh\system\CodeIgniter.php(502): CodeIgniter\CodeIgniter->runController(Object(App\Controllers\Admin\CAuth))
#9 C:\Users\ADMIN\Desktop\dakdrinh\system\CodeIgniter.php(361): CodeIgniter\CodeIgniter->handleRequest(NULL, Object(Config\Cache), false)
#10 C:\Users\ADMIN\Desktop\dakdrinh\public\index.php(79): CodeIgniter\CodeIgniter->run()
#11 C:\Users\ADMIN\Desktop\dakdrinh\system\Commands\Server\rewrite.php(47): require_once('C:\\Users\\ADMIN\\...')
#12 {main}

Next CodeIgniter\Database\Exceptions\DatabaseException: No connection could be made because the target machine actively refused it in C:\Users\ADMIN\Desktop\dakdrinh\system\Database\MySQLi\Connection.php:229
Stack trace:
#0 C:\Users\ADMIN\Desktop\dakdrinh\system\Database\BaseConnection.php(392): CodeIgniter\Database\MySQLi\Connection->connect(false)
#1 C:\Users\ADMIN\Desktop\dakdrinh\system\Database\BaseConnection.php(575): CodeIgniter\Database\BaseConnection->initialize()
#2 C:\Users\ADMIN\Desktop\dakdrinh\system\Database\BaseBuilder.php(1615): CodeIgniter\Database\BaseConnection->query('SELECT *\nFROM `...', Array, false)
#3 C:\Users\ADMIN\Desktop\dakdrinh\system\Model.php(264): CodeIgniter\Database\BaseBuilder->get()
#4 C:\Users\ADMIN\Desktop\dakdrinh\system\BaseModel.php(662): CodeIgniter\Model->doFirst()
#5 C:\Users\ADMIN\Desktop\dakdrinh\app\Controllers\Admin\CAuth.php(25): CodeIgniter\BaseModel->first()
#6 C:\Users\ADMIN\Desktop\dakdrinh\system\CodeIgniter.php(942): App\Controllers\Admin\CAuth->loginAuth()
#7 C:\Users\ADMIN\Desktop\dakdrinh\system\CodeIgniter.php(502): CodeIgniter\CodeIgniter->runController(Object(App\Controllers\Admin\CAuth))
#8 C:\Users\ADMIN\Desktop\dakdrinh\system\CodeIgniter.php(361): CodeIgniter\CodeIgniter->handleRequest(NULL, Object(Config\Cache), false)
#9 C:\Users\ADMIN\Desktop\dakdrinh\public\index.php(79): CodeIgniter\CodeIgniter->run()
#10 C:\Users\ADMIN\Desktop\dakdrinh\system\Commands\Server\rewrite.php(47): require_once('C:\\Users\\ADMIN\\...')
#11 {main}
CRITICAL - 2024-01-15 17:43:52 --> Unable to connect to the database.
Main connection [MySQLi]: No connection could be made because the target machine actively refused it
in SYSTEMPATH\Database\BaseConnection.php on line 428.
 1 SYSTEMPATH\Database\BaseConnection.php(575): CodeIgniter\Database\BaseConnection->initialize()
 2 SYSTEMPATH\Database\BaseBuilder.php(1615): CodeIgniter\Database\BaseConnection->query('SELECT *
FROM `tbuser`
WHERE `tentaikhoan` = :tentaikhoan:
 LIMIT 1', [...], false)
 3 SYSTEMPATH\Model.php(264): CodeIgniter\Database\BaseBuilder->get()
 4 SYSTEMPATH\BaseModel.php(662): CodeIgniter\Model->doFirst()
 5 APPPATH\Controllers\Admin\CAuth.php(25): CodeIgniter\BaseModel->first()
 6 SYSTEMPATH\CodeIgniter.php(942): App\Controllers\Admin\CAuth->loginAuth()
 7 SYSTEMPATH\CodeIgniter.php(502): CodeIgniter\CodeIgniter->runController(Object(App\Controllers\Admin\CAuth))
 8 SYSTEMPATH\CodeIgniter.php(361): CodeIgniter\CodeIgniter->handleRequest(null, Object(Config\Cache), false)
 9 FCPATH\index.php(79): CodeIgniter\CodeIgniter->run()
10 SYSTEMPATH\Commands\Server\rewrite.php(47): require_once('C:\\Users\\ADMIN\\Desktop\\dakdrinh\\public\\index.php')
INFO - 2024-01-15 17:44:08 --> Session: Class initialized using 'CodeIgniter\Session\Handlers\FileHandler' driver.
INFO - 2024-01-15 17:44:08 --> Session: Class initialized using 'CodeIgniter\Session\Handlers\FileHandler' driver.
INFO - 2024-01-15 17:49:23 --> Session: Class initialized using 'CodeIgniter\Session\Handlers\FileHandler' driver.
INFO - 2024-01-15 17:52:50 --> Session: Class initialized using 'CodeIgniter\Session\Handlers\FileHandler' driver.
INFO - 2024-01-15 17:54:00 --> Session: Class initialized using 'CodeIgniter\Session\Handlers\FileHandler' driver.
INFO - 2024-01-15 17:54:11 --> Session: Class initialized using 'CodeIgniter\Session\Handlers\FileHandler' driver.
INFO - 2024-01-15 17:55:37 --> Session: Class initialized using 'CodeIgniter\Session\Handlers\FileHandler' driver.
INFO - 2024-01-15 17:56:22 --> Session: Class initialized using 'CodeIgniter\Session\Handlers\FileHandler' driver.
INFO - 2024-01-15 17:56:53 --> Session: Class initialized using 'CodeIgniter\Session\Handlers\FileHandler' driver.
INFO - 2024-01-15 17:57:08 --> Session: Class initialized using 'CodeIgniter\Session\Handlers\FileHandler' driver.
INFO - 2024-01-15 17:58:43 --> Session: Class initialized using 'CodeIgniter\Session\Handlers\FileHandler' driver.
